/mmfs1/data/mossea/Documents/bianchi-maass-forms/cmake-build-release
c121
Fri Oct 18 11:16:00 EDT 2024
mode = coarse
d = 163
symClass = C
D = 0
leftEndpoint = -0.4
rightEndpoint = 5
Range already complete.
mode = medium
d = 163
symClass = C
D = 0
D = 3
[5.175727679507785, 5.178291013910179]
nanosecondsPerTerm is 4.337138960660703
nanosecondsPerTerm is 4.319204644399338
nanosecondsPerTerm is 4.333179040030368
nanosecondsPerTerm is 4.306979127349105
143848.7966784682 52218.78121437927 100683.7910224754 53153.42325309878
1682/1930
[5.178291013910179, 5.180854348312574]
nanosecondsPerTerm is 4.324399804705447
nanosecondsPerTerm is 4.313795017080631
nanosecondsPerTerm is 4.329331588118942
nanosecondsPerTerm is 4.330385761339079
40282.75848047659 671212.6842250568 50903.33692967271 118130.2961874322
131/1930
[5.175727679507785, 5.177009346708982]
nanosecondsPerTerm is 4.324027235601798
nanosecondsPerTerm is 4.327100008153834
nanosecondsPerTerm is 4.343616786960069
nanosecondsPerTerm is 4.347616980601093
23858.96931434407 54628.84493558489 30059.22462095466 124934.3936687207
115/1930
[5.177009346708982, 5.178291013910179]
nanosecondsPerTerm is 4.346513180147266
nanosecondsPerTerm is 4.358641474266777
nanosecondsPerTerm is 4.35388663376574
nanosecondsPerTerm is 4.325240997937322
9085.398477138166 489394.627272097 8785.429555577763 100683.7910224754
67/1930
D = 3
[5.196173797335217, 5.198717028380287]
nanosecondsPerTerm is 4.310182722181922
nanosecondsPerTerm is 4.322659321848612
nanosecondsPerTerm is 4.300400828271496
nanosecondsPerTerm is 4.299039815231803
124133.2850948994 85221.2354737133 122017.3848896719 121823.2578022044
61/1937
[5.198717028380287, 5.201260259425355]
nanosecondsPerTerm is 4.306890677446151
nanosecondsPerTerm is 4.307731545106062
nanosecondsPerTerm is 4.312747608514778
nanosecondsPerTerm is 4.306910579773711
102322.8145898259 71477.95801908562 203306.7363506466 160216.2274230635
587/1938
[5.198717028380287, 5.199988643902821]
nanosecondsPerTerm is 4.300398027107246
nanosecondsPerTerm is 4.302188744675569
nanosecondsPerTerm is 4.316726171525729
nanosecondsPerTerm is 4.313758496147683
128639.8825114634 108032.8088514439 124790.2112380527 143343.3013718294
40/1938
[5.199988643902821, 5.201260259425355]
nanosecondsPerTerm is 4.3092017120556
nanosecondsPerTerm is 4.31826199958542
nanosecondsPerTerm is 4.3085191957221
nanosecondsPerTerm is 4.302744319291994
5092590.77143223 94480.04126707649 350351.4470067124 144361.2695232823
35/1938
D = 3
[5.23157220119298, 5.234081181583366]
nanosecondsPerTerm is 4.335942907132339
nanosecondsPerTerm is 4.324640169861246
nanosecondsPerTerm is 4.333149795300277
nanosecondsPerTerm is 4.324811729680843
176025.1635721882 45987.41730024369 190271.8490433313 140590.6741902302
1824/1947
[5.234081181583366, 5.236590161973751]
nanosecondsPerTerm is 4.327221352365711
nanosecondsPerTerm is 4.320642484088223
nanosecondsPerTerm is 4.331155698709139
nanosecondsPerTerm is 4.32754641436925
146636.580248519 201038.4427397007 105751.6555861533 104812.8116842113
768/1947
[5.23157220119298, 5.232826691388173]
nanosecondsPerTerm is 4.324662599643046
nanosecondsPerTerm is 4.320939970549138
nanosecondsPerTerm is 4.327973866068466
nanosecondsPerTerm is 4.325874841355443
180980.7138054372 46145.36481866152 15463399.84816771 69689.95388903734
51/1946
[5.232826691388173, 5.234081181583366]
nanosecondsPerTerm is 4.320177874251915
nanosecondsPerTerm is 4.323765827368634
nanosecondsPerTerm is 4.316275531082664
nanosecondsPerTerm is 4.315824207712218
69641.22991390286 41007.83793402728 140590.6741902302 63413.68631044491
87/1947
[5.234081181583366, 5.235335671778559]
nanosecondsPerTerm is 4.317219388115412
nanosecondsPerTerm is 4.324382322238813
nanosecondsPerTerm is 4.329898903892055
nanosecondsPerTerm is 4.330002167307446
121822.6837308439 46577.21047344939 939008.4943254896 76608.23812501572
70/1947
[5.235335671778559, 5.236590161973751]
nanosecondsPerTerm is 4.355915307545986
nanosecondsPerTerm is 4.326141637435498
nanosecondsPerTerm is 4.33355151356028
nanosecondsPerTerm is 4.320461396410646
221363.4494187106 53798.91105631108 81810.22595664304 64801.56476092359
119/1947
D = 3
[5.236590161973751, 5.23909434309828]
nanosecondsPerTerm is 4.333432017447438
nanosecondsPerTerm is 4.321520090447741
nanosecondsPerTerm is 4.327534167651781
nanosecondsPerTerm is 4.317320525126192
89261.69286427797 40811.19233868936 188856.281831873 58445.32720354288
211/1949
[5.23909434309828, 5.241598524222808]
nanosecondsPerTerm is 4.311330603297549
nanosecondsPerTerm is 4.306886556881075
nanosecondsPerTerm is 4.321234702756813
nanosecondsPerTerm is 4.315411983167545
40071.0613264554 72208.23554008968 64551.02426981789 107246.4651230063
259/1952
D = 3
[5.241598524222808, 5.244097928966347]
nanosecondsPerTerm is 4.321682587623841
nanosecondsPerTerm is 4.316850390111136
nanosecondsPerTerm is 4.319577377218627
nanosecondsPerTerm is 4.316281502683905
57541.92131450932 33241.48611826624 89085.69498920749 51080.55460603122
1815/1952
[5.244097928966347, 5.246597333709888]
nanosecondsPerTerm is 4.324308496215224
nanosecondsPerTerm is 4.329924083948968
nanosecondsPerTerm is 4.321345205431285
nanosecondsPerTerm is 4.320079388435168
128645.8241300599 114104.422247743 331542.4670035929 349342.9748904484
267/1954
[5.241598524222808, 5.242848226594578]
nanosecondsPerTerm is 4.314878507174353
nanosecondsPerTerm is 4.312946496081135
nanosecondsPerTerm is 4.320180366897634
nanosecondsPerTerm is 4.314958878908625
59178.65501144618 39225.32818086858 72434.98809260542 42662.32627068774
62/1952
[5.242848226594578, 5.244097928966347]
nanosecondsPerTerm is 4.313815117747867
nanosecondsPerTerm is 4.314702021960487
nanosecondsPerTerm is 4.313783909895411
nanosecondsPerTerm is 4.312610485702538
39097.68465678338 57752.63612357315 51080.55460603122 89886.14014516011
454/1952
D = 3
[5.256566475739692, 5.259051686917529]
nanosecondsPerTerm is 4.338260229042216
nanosecondsPerTerm is 4.320795724010817
nanosecondsPerTerm is 4.338956325570445
nanosecondsPerTerm is 4.320267990251955
9734.582033870009 6921.385289095671 10154.15356717755 6901.695863641731
1707/1959
[5.259051686917529, 5.261536898095364]
nanosecondsPerTerm is 4.330898477607584
nanosecondsPerTerm is 4.310446164410737
nanosecondsPerTerm is 4.349515911471658
nanosecondsPerTerm is 4.312802867378526
7538.205271562294 71022.91108811586 7745.991828067758 548731.0956484063
604/1959
[5.256566475739692, 5.25780908132861]
nanosecondsPerTerm is 4.333829669614764
nanosecondsPerTerm is 4.32358589808901
nanosecondsPerTerm is 4.331720324273315
nanosecondsPerTerm is 4.311247668565826
9956.936162514219 51349.17698005723 10113.57810595253 64983.98799662584
344/1959
[5.25780908132861, 5.259051686917529]
nanosecondsPerTerm is 4.346335935361413
nanosecondsPerTerm is 4.306032653607916
nanosecondsPerTerm is 4.337682373464036
nanosecondsPerTerm is 4.311477532344003
8874.880043200576 82511.60683496707 9091.347752333491 130860.2187172257
521/1959
[5.259051686917529, 5.260294292506446]
nanosecondsPerTerm is 4.325037818277689
nanosecondsPerTerm is 4.31486324396219
nanosecondsPerTerm is 4.356494515105672
nanosecondsPerTerm is 4.336231121581493
7594.120446678555 5995.16447926111 7658.99811749107 5935.990510733139
71/1959
[5.260294292506446, 5.261536898095364]
nanosecondsPerTerm is 4.331811509915425
nanosecondsPerTerm is 4.334096160498572
nanosecondsPerTerm is 4.330028011590626
nanosecondsPerTerm is 4.338379321637722
7592.426944000385 7079.091949176786 7745.991828067758 7130.10535399506
68/1959
D = 3
[5.276392102316358, 5.278858698770645]
nanosecondsPerTerm is 4.34041931931873
nanosecondsPerTerm is 4.341472866011672
nanosecondsPerTerm is 4.33998830315012
nanosecondsPerTerm is 4.336034531748486
130769.2413190184 18984.24588640112 17601.08832729281 11116.42782951053
298/1965
[5.278858698770645, 5.281325295224933]
nanosecondsPerTerm is 4.333514041945478
nanosecondsPerTerm is 4.370177373337528
nanosecondsPerTerm is 4.345924761902968
nanosecondsPerTerm is 4.34181331633473
10027.16959967513 10296.84919411657 8242.590437892921 8132.215825235696
1884/1967
[5.278858698770645, 5.28009199699779]
nanosecondsPerTerm is 4.334663697160739
nanosecondsPerTerm is 4.334440736176009
nanosecondsPerTerm is 4.358226238093204
nanosecondsPerTerm is 4.380507526381365
12163.89471386364 10315.2691373971 11611.66111363032 8843.833232769155
47/1967
[5.28009199699779, 5.281325295224933]
nanosecondsPerTerm is 4.341379141368426
nanosecondsPerTerm is 4.336443480678512
nanosecondsPerTerm is 4.343366318056801
nanosecondsPerTerm is 4.332228759214813
8483.437153795972 8446.617477070875 8242.590437892921 8132.215825235696
1881/1967
[5.28009199699779, 5.280708646111361]
nanosecondsPerTerm is 4.338909582739917
nanosecondsPerTerm is 4.336265557539602
nanosecondsPerTerm is 4.342260651743537
nanosecondsPerTerm is 4.340441622949625
8463.173999125238 8425.335819154696 8229.30058092511 8134.830775260302
1780/1967
[5.280708646111361, 5.281325295224933]
nanosecondsPerTerm is 4.333421633573092
nanosecondsPerTerm is 4.33424053592843
nanosecondsPerTerm is 4.334547789950285
nanosecondsPerTerm is 4.332121622747062
8252.145515429007 8151.464177984937 8242.590437892921 8132.215825235696
127/1967
[5.28009199699779, 5.280400321554575]
nanosecondsPerTerm is 4.33170083289987
nanosecondsPerTerm is 4.329078242824574
nanosecondsPerTerm is 4.338295751494231
nanosecondsPerTerm is 4.334818872094861
8528.145804644424 8425.097055243852 8392.681070697352 8236.056174052221
197/1967
[5.280400321554575, 5.280708646111361]
nanosecondsPerTerm is 4.330521154064646
nanosecondsPerTerm is 4.332626082083322
nanosecondsPerTerm is 4.334326229872536
nanosecondsPerTerm is 4.332260982591925
8311.152804499921 8234.909284771566 8229.30058092511 8134.830775260302
1638/1967
[5.280400321554575, 5.280554483832969]
nanosecondsPerTerm is 4.331857281907403
nanosecondsPerTerm is 4.334304003346303
nanosecondsPerTerm is 4.345093961552129
nanosecondsPerTerm is 4.3513189529265
8391.276500690778 8234.717747151386 8359.300959863458 8175.039170142177
1015/1967
[5.280554483832969, 5.280708646111361]
nanosecondsPerTerm is 4.34311296915791
nanosecondsPerTerm is 4.340218763230427
nanosecondsPerTerm is 4.328240517411132
nanosecondsPerTerm is 4.32576244689113
8262.436671155254 8174.892741924522 8229.30058092511 8134.830775260302
492/1967
[5.280400321554575, 5.280477402693772]
nanosecondsPerTerm is 4.328682584395019
nanosecondsPerTerm is 4.325057190535211
nanosecondsPerTerm is 4.341994266769506
nanosecondsPerTerm is 4.354515578302258
8392.929718728376 8238.649905289463 8374.598143061494 8206.240899956611
289/1967
[5.280477402693772, 5.280554483832969]
nanosecondsPerTerm is 4.333605147455247
nanosecondsPerTerm is 4.331687530524563
nanosecondsPerTerm is 4.333645953539262
nanosecondsPerTerm is 4.332449290984357
8372.689026314221 8202.208186744938 8359.300959863458 8175.039170142177
732/1967
[5.280477402693772, 5.280515943263371]
nanosecondsPerTerm is 4.334783670091749
nanosecondsPerTerm is 4.337962506455315
nanosecondsPerTerm is 4.338909400844472
nanosecondsPerTerm is 4.334978859406689
8376.714758643444 8205.232402608764 8369.411808270459 8191.0232069491
318/1967
[5.280515943263371, 5.280554483832969]
nanosecondsPerTerm is 4.335169287983306
nanosecondsPerTerm is 4.335292207932585
nanosecondsPerTerm is 4.33578397072516
nanosecondsPerTerm is 4.330809730836672
8365.376408765605 8187.97818936513 8359.300959863458 8175.039170142177
406/1967
D = 3
[5.281325295224933, 5.28378729225911]
nanosecondsPerTerm is 4.327030689221453
nanosecondsPerTerm is 4.33112569314144
nanosecondsPerTerm is 4.32514306951441
nanosecondsPerTerm is 4.312135005116486
20360.1509507275 21665.03714403806 21145.46125567769 25643.50739177212
106/1967
[5.28378729225911, 5.286249289293287]
nanosecondsPerTerm is 4.323290998832001
nanosecondsPerTerm is 4.322722961684363
nanosecondsPerTerm is 4.353164010545308
nanosecondsPerTerm is 4.320674644172664
30453.42519716595 12791.8190690349 91101.23044904078 14143.73870540782
138/1967
D = 3
[5.300966504501612, 5.303410316091119]
nanosecondsPerTerm is 4.321191941968923
nanosecondsPerTerm is 4.321412405422719
nanosecondsPerTerm is 4.325618084437451
nanosecondsPerTerm is 4.320027700109957
18270.04876399606 18693.21104679376 17980.9714831513 17715.96663110499
94/1973
[5.303410316091119, 5.305854127680625]
nanosecondsPerTerm is 4.321592997539219
nanosecondsPerTerm is 4.319507179182051
nanosecondsPerTerm is 4.325756971856684
nanosecondsPerTerm is 4.325737784945265
24448.97146929843 60090.94350512067 24577.23829189518 281785.769803519
212/1974
D = 3
[5.305854127680625, 5.308293445186957]
nanosecondsPerTerm is 4.318899352637093
nanosecondsPerTerm is 4.317824038406807
nanosecondsPerTerm is 4.326302076222727
nanosecondsPerTerm is 4.320877350361291
134004.2417896902 194255.3856946407 105643.8764044041 45871.26284902365
1885/1974
[5.308293445186957, 5.310732762693287]
nanosecondsPerTerm is 4.318725052750648
nanosecondsPerTerm is 4.32653631007926
nanosecondsPerTerm is 4.341924550444557
nanosecondsPerTerm is 4.320028004591769
45956.28838185601 44948.03638443727 25309.02768358185 20945.24722771802
1786/1974
[5.305854127680625, 5.307073786433791]
nanosecondsPerTerm is 4.320879474165773
nanosecondsPerTerm is 4.31767854079403
nanosecondsPerTerm is 4.33663265083355
nanosecondsPerTerm is 4.320152508779521
158712.4361853615 187084.214863699 651358.731626382 73629.55982566129
1917/1974
[5.307073786433791, 5.308293445186957]
nanosecondsPerTerm is 4.327171356411471
nanosecondsPerTerm is 4.318769217605814
nanosecondsPerTerm is 4.318151844694784
nanosecondsPerTerm is 4.332274222511296
2876004.596047663 75649.54708818873 105643.8764044041 45871.26284902365
35/1974
[5.305854127680625, 5.306463957057208]
nanosecondsPerTerm is 4.338899147103331
nanosecondsPerTerm is 4.31756342679423
nanosecondsPerTerm is 4.326898324463713
nanosecondsPerTerm is 4.320240579244497
24802.1332347327 149929.4932571632 25467.96023971118 345506.6600459143
45/1974
[5.306463957057208, 5.307073786433791]
nanosecondsPerTerm is 4.322612580525714
nanosecondsPerTerm is 4.321084280003767
nanosecondsPerTerm is 4.317574338213278
nanosecondsPerTerm is 4.321875571332026
393035.4642408522 106498.9468746282 651358.731626382 73629.55982566129
1948/1974
[5.306463957057208, 5.306768871745499]
nanosecondsPerTerm is 4.321850116994171
nanosecondsPerTerm is 4.317080473173393
nanosecondsPerTerm is 4.341935829452871
nanosecondsPerTerm is 4.347477532898194
345086.6220186286 105931.2331001312 1131590.925300394 86819.18006353136
12/1974
[5.306768871745499, 5.307073786433791]
nanosecondsPerTerm is 4.344157460513092
nanosecondsPerTerm is 4.360421226184499
nanosecondsPerTerm is 4.317509892226906
nanosecondsPerTerm is 4.317422467982597
1834767.544684314 87201.07438618735 651358.731626382 73629.55982566129
1959/1974
[5.306768871745499, 5.306921329089645]
nanosecondsPerTerm is 4.333143729998567
nanosecondsPerTerm is 4.331823280701919
nanosecondsPerTerm is 4.339184856543596
nanosecondsPerTerm is 4.330361902934523
1853232.752625146 87083.14737073197 2035873.259739455 79768.99495533598
1967/1974
[5.306921329089645, 5.307073786433791]
nanosecondsPerTerm is 4.326219548159609
nanosecondsPerTerm is 4.325457545935675
nanosecondsPerTerm is 4.316269292220298
nanosecondsPerTerm is 4.317465028326964
2061888.251257541 79870.68190723831 651358.731626382 73629.55982566129
8/1974
[5.306768871745499, 5.306845100417572]
nanosecondsPerTerm is 4.329787706706485
nanosecondsPerTerm is 4.341885924951426
nanosecondsPerTerm is 4.331031078917738
nanosecondsPerTerm is 4.324884734031949
1112849.516143297 86989.48829869325 2615624.278335995 83187.21680311134
2/1974
[5.306845100417572, 5.306921329089645]
nanosecondsPerTerm is 4.321178890334313
nanosecondsPerTerm is 4.326776127174531
nanosecondsPerTerm is 4.317964086131611
nanosecondsPerTerm is 4.312492199525213
37407627.94741762 83273.43526600901 2035873.259739455 79768.99495533598
1970/1974
[5.306845100417572, 5.306883214753609]
nanosecondsPerTerm is 4.319989287387726
nanosecondsPerTerm is 4.319995786531127
nanosecondsPerTerm is 4.335782178551191
nanosecondsPerTerm is 4.329200352686925
32189372.06435237 83241.12996256772 4400008.217952769 81454.22329063306
1971/1974
[5.306883214753609, 5.306921329089645]
nanosecondsPerTerm is 4.330298061815744
nanosecondsPerTerm is 4.328804479064684
nanosecondsPerTerm is 4.329102547042667
nanosecondsPerTerm is 4.320835779106781
4317852.139075791 81485.38122200797 2035873.259739455 79768.99495533598
1/1974
[5.306845100417572, 5.30686415758559]
nanosecondsPerTerm is 4.318665345046694
nanosecondsPerTerm is 4.337197778750833
nanosecondsPerTerm is 4.338704434981319
nanosecondsPerTerm is 4.331524231606449
37750837.13927183 83265.41449031036 9754499.322015222 82362.24130988061
1971/1974
[5.30686415758559, 5.306883214753609]
nanosecondsPerTerm is 4.330287626043096
nanosecondsPerTerm is 4.337458919407473
nanosecondsPerTerm is 4.322416225971588
nanosecondsPerTerm is 4.326217016502535
10209808.2695069 82338.4511627975 4400008.217952769 81454.22329063306
0/1974
Likely eigenvalue [5.306845100417572, 5.30686415758559]
[5.308293445186957, 5.309513103940121]
nanosecondsPerTerm is 4.322011152351128
nanosecondsPerTerm is 4.321439062319535
nanosecondsPerTerm is 4.328621992932599
nanosecondsPerTerm is 4.323748363677732
53588.28102458984 46971.40245245475 37217.25606565341 30700.00871115743
59/1974
[5.309513103940121, 5.310732762693287]
nanosecondsPerTerm is 4.322182063694302
nanosecondsPerTerm is 4.360315421043024
nanosecondsPerTerm is 4.325241251857718
nanosecondsPerTerm is 4.323432549781637
28623.39703692054 32918.89493721803 20945.24722771802 22502.85242322506
1849/1974
[5.309513103940121, 5.310122933316704]
nanosecondsPerTerm is 4.322271263195742
nanosecondsPerTerm is 4.323870701560823
nanosecondsPerTerm is 4.335422871027451
nanosecondsPerTerm is 4.328902598384351
32538.22488733704 29373.44753998091 28404.22840240608 24943.30639103623
1008/1974
[5.310122933316704, 5.310732762693287]
nanosecondsPerTerm is 4.321581642102899
nanosecondsPerTerm is 4.336385655108213
nanosecondsPerTerm is 4.322623928647005
nanosecondsPerTerm is 4.323557899097777
24193.31535048958 26729.66396828991 20945.24722771802 22502.85242322506
95/1974
[5.309513103940121, 5.309818018628413]
nanosecondsPerTerm is 4.313007710863991
nanosecondsPerTerm is 4.315050406019614
nanosecondsPerTerm is 4.335426131783409
nanosecondsPerTerm is 4.334343090607661
32573.31251710752 29321.7225572169 30358.67279460817 26938.81091984192
122/1974
[5.309818018628413, 5.310122933316704]
nanosecondsPerTerm is 4.337075449987213
nanosecondsPerTerm is 4.327987833942178
nanosecondsPerTerm is 4.315883429426272
nanosecondsPerTerm is 4.316038627518456
26982.84085730572 29441.37442372568 24943.30639103623 26683.09029088359
1816/1974
[5.309818018628413, 5.309970475972558]
nanosecondsPerTerm is 4.331482197954581
nanosecondsPerTerm is 4.325888039022048
nanosecondsPerTerm is 4.334788524084147
nanosecondsPerTerm is 4.328631069731919
26962.44849013464 28443.7714434847 25905.22053889753 27100.77207960302
1490/1974
[5.309970475972558, 5.310122933316704]
nanosecondsPerTerm is 4.325449568634909
nanosecondsPerTerm is 4.336552048126036
nanosecondsPerTerm is 4.317612625253568
nanosecondsPerTerm is 4.36051919093199
25924.07562151677 27994.29267134245 24943.30639103623 26683.09029088359
228/1974
[5.309818018628413, 5.309894247300486]
nanosecondsPerTerm is 4.31908849799085
nanosecondsPerTerm is 4.31890612846182
nanosecondsPerTerm is 4.333822357654474
nanosecondsPerTerm is 4.326813749468434
26955.77820594069 28446.79891157917 26417.12835715232 27756.03359086744
188/1974
[5.309894247300486, 5.309970475972558]
nanosecondsPerTerm is 4.324974866013696
nanosecondsPerTerm is 4.320398148112512
nanosecondsPerTerm is 4.315807036473311
nanosecondsPerTerm is 4.313184305989512
26423.55397852854 27755.95365281371 25905.22053889753 27100.77207960302
1297/1974
[5.309894247300486, 5.309932361636521]
nanosecondsPerTerm is 4.320335867455762
nanosecondsPerTerm is 4.32226848668946
nanosecondsPerTerm is 4.412845728240566
nanosecondsPerTerm is 4.413044035049869
26420.94481448094 27758.33005492146 26159.33503352244 27426.71033476426
548/1974
[5.309932361636521, 5.309970475972558]
nanosecondsPerTerm is 4.407683100121442
nanosecondsPerTerm is 4.42963007544752
nanosecondsPerTerm is 4.31385425213791
nanosecondsPerTerm is 4.313273346502428
26161.88918643247 27424.430763959 25905.22053889753 27100.77207960302
769/1974
[5.309932361636521, 5.309951418804539]
nanosecondsPerTerm is 4.409156479457548
nanosecondsPerTerm is 4.407374686475779
nanosecondsPerTerm is 4.315721492503444
nanosecondsPerTerm is 4.322112910397304
26153.46125437181 27465.97770128545 26024.59958764154 27302.89379434066
509/1974
[5.309951418804539, 5.309970475972558]
nanosecondsPerTerm is 4.354706706917678
nanosecondsPerTerm is 4.342780416980379
nanosecondsPerTerm is 4.316059687073989
nanosecondsPerTerm is 4.313734715309113
26032.93905128335 27261.63604642319 25905.22053889753 27100.77207960302
256/1974
D = 3
[5.35903368271266, 5.361424892762572]
nanosecondsPerTerm is 4.328545396558452
nanosecondsPerTerm is 4.325067477669361
nanosecondsPerTerm is 4.329659524544402
nanosecondsPerTerm is 4.328384172291262
13791.0937723699 10355.78890608219 19765.83565521441 12163.89139119058
1810/1996
[5.361424892762572, 5.363816102812484]
nanosecondsPerTerm is 4.323957311537047
nanosecondsPerTerm is 4.335515292456128
nanosecondsPerTerm is 4.344755804926309
nanosecondsPerTerm is 4.334493467389897
14431.69742550637 39607.56550329149 18998.69276114913 18691.64201918228
1266/1996
[5.35903368271266, 5.360229287737615]
nanosecondsPerTerm is 4.331287281608739
nanosecondsPerTerm is 4.323473733973154
nanosecondsPerTerm is 4.328597433389731
nanosecondsPerTerm is 4.328058100838993
12201.20905593314 9545.990641232947 14058.23479237974 10188.50390942208
146/1996
[5.360229287737615, 5.361424892762572]
nanosecondsPerTerm is 4.325183806917399
nanosecondsPerTerm is 4.334237625041327
nanosecondsPerTerm is 4.31915915337315
nanosecondsPerTerm is 4.321093466388416
11111.86149701039 9938.408624154303 12163.89139119058 10599.17710269686
1147/1996
[5.360229287737615, 5.360827090250094]
nanosecondsPerTerm is 4.325066122264291
nanosecondsPerTerm is 4.327733903389394
nanosecondsPerTerm is 4.335020683314653
nanosecondsPerTerm is 4.333958970576282
10162.04687858233 10223.56801700916 10569.77208522593 10561.02624000747
1062/1996
[5.360827090250094, 5.361424892762572]
nanosecondsPerTerm is 4.328065216236885
nanosecondsPerTerm is 4.333044125996581
nanosecondsPerTerm is 4.322329442564214
nanosecondsPerTerm is 4.319806622028194
11595.01063780053 10239.47321464557 12163.89139119058 10599.17710269686
105/1996
[5.360229287737615, 5.360528188993855]
nanosecondsPerTerm is 4.31990087443891
nanosecondsPerTerm is 4.320885908793478
nanosecondsPerTerm is 4.331453333204082
nanosecondsPerTerm is 4.327908199774213
10173.18436115465 10237.64063026436 10369.5724927997 10400.32330347946
790/1996
[5.360528188993855, 5.360827090250094]
nanosecondsPerTerm is 4.324651097581185
nanosecondsPerTerm is 4.325440100634338
nanosecondsPerTerm is 4.325334636986026
nanosecondsPerTerm is 4.322158852789294
10357.57902797626 10384.980634438 10569.77208522593 10561.02624000747
272/1996
[5.360229287737615, 5.360378738365736]
nanosecondsPerTerm is 4.320058514874521
nanosecondsPerTerm is 4.321111322016981
nanosecondsPerTerm is 4.335972681627783
nanosecondsPerTerm is 4.326641313029923
14031.12185076352 10184.38310012946 14312.09502272148 10280.81959909652
54/1996
[5.360378738365736, 5.360528188993855]
nanosecondsPerTerm is 4.326222474784611
nanosecondsPerTerm is 4.328850626334564
nanosecondsPerTerm is 4.324000144105703
nanosecondsPerTerm is 4.318480230996348
10269.36398583793 10317.20709365843 10369.5724927997 10400.32330347946
375/1996
[5.361424892762572, 5.362620497787528]
nanosecondsPerTerm is 4.324989886389323
nanosecondsPerTerm is 4.320279129211638
nanosecondsPerTerm is 4.336662543834508
nanosecondsPerTerm is 4.332707658374537
12139.77208171443 13868.33657720013 13592.51816821508 15514.33880357653
275/1996
[5.362620497787528, 5.363816102812484]
nanosecondsPerTerm is 4.328042464625685
nanosecondsPerTerm is 4.3280653330847
nanosecondsPerTerm is 4.322943567274574
nanosecondsPerTerm is 4.325724674527946
16268.23026041667 25126.13521754328 18998.69276114913 18691.64201918228
115/1996
D = 3
[5.363816102812484, 5.366203056406289]
nanosecondsPerTerm is 4.326270010213489
nanosecondsPerTerm is 4.328556908762035
nanosecondsPerTerm is 4.328895098444355
nanosecondsPerTerm is 4.328480491023392
18389.83325218 42709.79704406953 28322.41622585808 19177.85834016173
70/1996
[5.366203056406289, 5.368590010000094]
nanosecondsPerTerm is 4.327207531920283
nanosecondsPerTerm is 4.349258552495554
nanosecondsPerTerm is 4.326037152311073
nanosecondsPerTerm is 4.326392276804677
72491.24332864999 1641246.220240436 25337.2202631969 35229.0849218825
115/1997
D = 3
[5.373355442058009, 5.375733939279582]
nanosecondsPerTerm is 4.325006827090419
nanosecondsPerTerm is 4.327487034919768
nanosecondsPerTerm is 4.326292848895513
nanosecondsPerTerm is 4.328189433242157
147947.7415670057 705089.5376903197 40818.11215262349 58086.20681969737
1713/1998
[5.375733939279582, 5.378112436501155]
nanosecondsPerTerm is 4.325401442422285
nanosecondsPerTerm is 4.325762647323702
nanosecondsPerTerm is 4.327554306037065
nanosecondsPerTerm is 4.330675700577378
59664.43522675052 18616708.89977632 31756.12497239549 81422.93530479925
1532/1998
[5.373355442058009, 5.374544690668795]
nanosecondsPerTerm is 4.322100874651681
nanosecondsPerTerm is 4.325459831688327
nanosecondsPerTerm is 4.328137209215948
nanosecondsPerTerm is 4.327126735805788
56509.51397628785 218636.7919575087 37540.75810778082 68452.776605958
62/1998
[5.374544690668795, 5.375733939279582]
nanosecondsPerTerm is 4.322876117421774
nanosecondsPerTerm is 4.326294294289789
nanosecondsPerTerm is 4.316506255495463
nanosecondsPerTerm is 4.318223845215231
109232.1381959578 200908.7031084461 54627.1947235377 68659.28106268063
196/1998
[5.375733939279582, 5.376923187890369]
nanosecondsPerTerm is 4.318166590043369
nanosecondsPerTerm is 4.316832137424539
nanosecondsPerTerm is 4.326279987268502
nanosecondsPerTerm is 4.32589140668412
62464.43569886803 2469367.009699643 41663.8834295197 150523.6442799802
211/1998
[5.376923187890369, 5.378112436501155]
nanosecondsPerTerm is 4.328448292010862
nanosecondsPerTerm is 4.345000905384878
nanosecondsPerTerm is 4.314282584961552
nanosecondsPerTerm is 4.314628387562729
163286.8501849234 24556.66442027358 81422.93530479925 29913.02430451118
40/1998
D = 3
[5.406479281017841, 5.408828760826859]
nanosecondsPerTerm is 4.328639701134214
nanosecondsPerTerm is 4.322640412269571
nanosecondsPerTerm is 4.333418838413039
nanosecondsPerTerm is 4.31673762975787
22944.39199990941 151951.5413888651 12569.09171414509 25427.27115261291
172/2009
[5.408828760826859, 5.411178240635877]
nanosecondsPerTerm is 4.323384918662344
nanosecondsPerTerm is 4.317328887083567
nanosecondsPerTerm is 4.331699406870468
nanosecondsPerTerm is 4.323787455363756
52500.25130753683 60607.73661744472 83706.85876205396 82236.82498893121
1851/2009
[5.408828760826859, 5.410003500731368]
nanosecondsPerTerm is 4.317260420033092
nanosecondsPerTerm is 4.317224800455771
nanosecondsPerTerm is 4.338657608580033
nanosecondsPerTerm is 4.328514206063476
25584.67601606452 67772.49099175143 17547.77295038832 11120490.37721211
1925/2009
[5.410003500731368, 5.411178240635877]
nanosecondsPerTerm is 4.320747987502735
nanosecondsPerTerm is 4.322100389313575
nanosecondsPerTerm is 4.322242414584016
nanosecondsPerTerm is 4.322525388104294
240423.3316938774 388637.6598661598 83706.85876205396 82236.82498893121
1554/2009
[5.408828760826859, 5.409416130779114]
nanosecondsPerTerm is 4.315082924284466
nanosecondsPerTerm is 4.316170796653184
nanosecondsPerTerm is 4.325664261425786
nanosecondsPerTerm is 4.320122469164499
25867.88983770718 68214.54424567039 21060.20541254476 136155.4107530368
37/2009
[5.409416130779114, 5.410003500731368]
nanosecondsPerTerm is 4.322891025814983
nanosecondsPerTerm is 4.354823573929057
nanosecondsPerTerm is 4.310925485311503
nanosecondsPerTerm is 4.318524995207659
20871.37351807283 133721.1693761706 17547.77295038832 11120490.37721211
1958/2009
[5.409416130779114, 5.409709815755241]
nanosecondsPerTerm is 4.319761888214016
nanosecondsPerTerm is 4.320859914732183
slurmstepd: error: *** JOB 2692404 ON c121 CANCELLED AT 2024-10-22T11:16:01 DUE TO TIME LIMIT ***
