/mmfs1/data/mossea/Documents/bianchi-maass-forms/cmake-build-release
c129
Sat Jan  4 10:05:34 EST 2025
mode = coarse
d = 163
symClass = C
D = 0
leftEndpoint = -0.4
rightEndpoint = 5
Range already complete.
mode = medium
d = 163
symClass = C
D = 0
D = 3
[5.406479281017841, 5.408828760826859]
nanosecondsPerTerm is 4.366208041101074
nanosecondsPerTerm is 4.358004074106911
nanosecondsPerTerm is 4.338808213900603
nanosecondsPerTerm is 4.340590349640903
22944.39199990941 151951.5413888651 12569.09171414215 25427.27115262085
172/2009
[5.408828760826859, 5.411178240635877]
nanosecondsPerTerm is 4.33481147445729
nanosecondsPerTerm is 4.348478287029082
nanosecondsPerTerm is 4.343722230554597
nanosecondsPerTerm is 4.349487263776316
52500.25130758538 60607.73661749641 83706.85876205396 82236.82498893121
1851/2009
[5.408828760826859, 5.410003500731368]
nanosecondsPerTerm is 4.328804932506939
nanosecondsPerTerm is 4.344288663237547
nanosecondsPerTerm is 4.342325853980471
nanosecondsPerTerm is 4.356441969031186
25584.67601606187 67772.4909918121 17547.77295038948 11120490.37454367
1925/2009
[5.410003500731368, 5.411178240635877]
nanosecondsPerTerm is 4.354750639991805
nanosecondsPerTerm is 4.357422664005872
nanosecondsPerTerm is 4.323336334760494
nanosecondsPerTerm is 4.336925828368247
240423.3316949518 388637.6598620904 83706.85876205396 82236.82498893121
1554/2009
[5.408828760826859, 5.409416130779114]
nanosecondsPerTerm is 4.32552482718442
nanosecondsPerTerm is 4.338612962635083
nanosecondsPerTerm is 4.337877001281243
nanosecondsPerTerm is 4.347181298008555
25867.88983772001 68214.54424555427 21060.20541255067 136155.4107535369
37/2009
[5.409416130779114, 5.410003500731368]
nanosecondsPerTerm is 4.336521331290706
nanosecondsPerTerm is 4.351029370989085
nanosecondsPerTerm is 4.32757474243903
nanosecondsPerTerm is 4.340343011899402
20871.37351807401 133721.1693759864 17547.77295038948 11120490.37454367
1958/2009
[5.409416130779114, 5.409709815755241]
nanosecondsPerTerm is 4.350856264705746
nanosecondsPerTerm is 4.345562744804296
nanosecondsPerTerm is 4.341142546260298
nanosecondsPerTerm is 4.348673452622509
20794.03414351403 139390.9163754817 19011.3741925701 292600.8021683299
27/2009
[5.409709815755241, 5.410003500731368]
nanosecondsPerTerm is 4.341269211146355
nanosecondsPerTerm is 4.350689278309087
nanosecondsPerTerm is 4.328781080453122
nanosecondsPerTerm is 4.347810419540488
268052.0696197221 192840.3642126811 11120490.37454367 619777.0213096504
1952/2009
[5.409709815755241, 5.409856658243305]
nanosecondsPerTerm is 4.336717619950979
nanosecondsPerTerm is 4.350475853273907
nanosecondsPerTerm is 4.340641343546896
nanosecondsPerTerm is 4.335890875370774
19159.89524032449 278070.2554321411 18359.57696813612 590977.0835733534
10/2009
[5.409856658243305, 5.410003500731368]
nanosecondsPerTerm is 4.334037789142633
nanosecondsPerTerm is 4.331755202075325
nanosecondsPerTerm is 4.3237881207771
nanosecondsPerTerm is 4.325730662414476
546608.1055990463 293607.7353932244 11120490.37454367 619777.0213096504
1977/2009
[5.409856658243305, 5.409930079487337]
nanosecondsPerTerm is 4.330936412359669
nanosecondsPerTerm is 4.33289293224177
nanosecondsPerTerm is 4.334469413024557
nanosecondsPerTerm is 4.332130004493005
553058.6819709489 297716.3478601653 1176397.042529416 406075.1590002868
12/2009
[5.409930079487337, 5.410003500731368]
nanosecondsPerTerm is 4.329586420904085
nanosecondsPerTerm is 4.329614161909162
nanosecondsPerTerm is 4.323996139040442
nanosecondsPerTerm is 4.326556118703083
1146724.007480775 398203.9719001971 11120490.37454367 619777.0213096504
1988/2009
[5.409930079487337, 5.409966790109353]
nanosecondsPerTerm is 4.33063022521321
nanosecondsPerTerm is 4.330015042149675
nanosecondsPerTerm is 4.334289481464225
nanosecondsPerTerm is 4.336153395380967
1130262.01466113 391586.1360114603 2474844.059702399 475092.036887488
10/2009
[5.409966790109353, 5.410003500731368]
nanosecondsPerTerm is 4.334213454453412
nanosecondsPerTerm is 4.333777267027731
nanosecondsPerTerm is 4.331605501427985
nanosecondsPerTerm is 4.325758570349721
2553414.366605815 484783.965154823 11120490.37454367 619777.0213096504
1999/2009
[5.409966790109353, 5.409985145420361]
nanosecondsPerTerm is 4.341521375818124
nanosecondsPerTerm is 4.329483580183272
nanosecondsPerTerm is 4.382372356760706
nanosecondsPerTerm is 4.335188396306258
4663324.137597255 504604.7431652418 37651475.3253573 569202.8612310889
2003/2009
[5.409985145420361, 5.410003500731368]
nanosecondsPerTerm is 4.331885474719575
nanosecondsPerTerm is 4.332545920787834
nanosecondsPerTerm is 4.341165207231252
nanosecondsPerTerm is 4.32411795678203
6622663.681206899 544002.2649901252 11120490.37454367 619777.0213096504
2003/2009
Likely eigenvalue [5.409966790109353, 5.409985145420361]
Likely eigenvalue [5.409985145420361, 5.410003500731368]
[5.410003500731368, 5.410590870683622]
nanosecondsPerTerm is 4.325704419417052
nanosecondsPerTerm is 4.324880905748181
nanosecondsPerTerm is 4.336996321553702
nanosecondsPerTerm is 4.34001752345226
282554.193783279 503515.1104538675 227941.2366311234 188685.5211901249
757/2009
[5.410590870683622, 5.411178240635877]
nanosecondsPerTerm is 4.332420791980343
nanosecondsPerTerm is 4.336628615624377
nanosecondsPerTerm is 4.326426414413921
nanosecondsPerTerm is 4.325367054048961
267181.3783954444 212991.8742623419 83706.85876205396 82236.82498893121
73/2009
[5.410003500731368, 5.410297185707496]
nanosecondsPerTerm is 4.325921656158161
nanosecondsPerTerm is 4.326238588782118
nanosecondsPerTerm is 4.337537412050192
nanosecondsPerTerm is 4.337603442060661
287430.7796369214 556911.4783899753 2245847.037427241 546881.4919946535
385/2009
[5.410297185707496, 5.410590870683622]
nanosecondsPerTerm is 4.335353497866699
nanosecondsPerTerm is 4.334533633588245
nanosecondsPerTerm is 4.325342006648738
nanosecondsPerTerm is 4.329760488139397
2590503.513935362 612733.3298461621 227941.2366311234 188685.5211901249
52/2009
D = 3
[5.411178240635877, 5.413523647033244]
nanosecondsPerTerm is 4.324305269069964
nanosecondsPerTerm is 4.324243033628278
nanosecondsPerTerm is 4.33160905040168
nanosecondsPerTerm is 4.340555790109157
93285.49754748188 401825.4584007844 23451.6587271053 37407.30976960626
1868/2011
[5.413523647033244, 5.415869053430611]
nanosecondsPerTerm is 4.342689482557192
nanosecondsPerTerm is 4.346097842903703
nanosecondsPerTerm is 4.346728298535812
nanosecondsPerTerm is 4.345614255984026
38756.92024507186 16802.32129796819 17465.7702733627 32926.94586528043
189/2013
[5.411178240635877, 5.412350943834561]
nanosecondsPerTerm is 4.323027763535433
nanosecondsPerTerm is 4.330220911961682
nanosecondsPerTerm is 4.329866282016201
nanosecondsPerTerm is 4.329044323395022
84955.48100597633 84345.95315214987 34514.18594760943 36341.81366153456
110/2011
[5.412350943834561, 5.413523647033244]
nanosecondsPerTerm is 4.326471428230315
nanosecondsPerTerm is 4.328677797277833
nanosecondsPerTerm is 4.324737873552342
nanosecondsPerTerm is 4.323452827759978
38000.51744358301 84369.44036190987 23451.6587271053 37407.30976960626
80/2011
D = 3
[5.415869053430611, 5.418210404026242]
nanosecondsPerTerm is 4.338662218193048
nanosecondsPerTerm is 4.343862642795249
nanosecondsPerTerm is 4.34855807035391
nanosecondsPerTerm is 4.34111034213087
20133.58379546548 15529.26465947676 12895.53207624437 29274.48323561132
242/2014
[5.418210404026242, 5.420551754621872]
nanosecondsPerTerm is 4.337537221292262
nanosecondsPerTerm is 4.352634293603063
nanosecondsPerTerm is 4.343422949768869
nanosecondsPerTerm is 4.348951307121285
19627.68154960333 13328.32898983952 44779.61482567125 22489.41770247029
166/2014
D = 3
[5.420551754621872, 5.422889066904188]
nanosecondsPerTerm is 4.340117876561671
nanosecondsPerTerm is 4.356152317465615
nanosecondsPerTerm is 4.335057571894297
nanosecondsPerTerm is 4.346669260213856
19591.1993886109 21636.83602793724 44570.25829182659 38149.89454615339
323/2016
[5.422889066904188, 5.425226379186503]
nanosecondsPerTerm is 4.342458789157233
nanosecondsPerTerm is 4.349673103021899
nanosecondsPerTerm is 4.335103153137314
nanosecondsPerTerm is 4.350170811034052
14441.41822346037 14226.31647482257 18526.28993785884 17329.12135611226
112/2016
D = 3
[5.425226379186503, 5.427559670523581]
nanosecondsPerTerm is 4.341625279903977
nanosecondsPerTerm is 4.355368333241334
nanosecondsPerTerm is 4.343194622309281
nanosecondsPerTerm is 4.34778265304766
15045.5698920862 14328.18157521404 18676.79212157964 18046.47578108116
1765/2016
[5.427559670523581, 5.429892961860659]
nanosecondsPerTerm is 4.3381913637556
nanosecondsPerTerm is 4.349454746917819
nanosecondsPerTerm is 4.34981667494231
nanosecondsPerTerm is 4.350896492405893
12899.72640993771 9977.534092854017 17139.61175909775 11503.97502595343
71/2017
[5.425226379186503, 5.426393024855042]
nanosecondsPerTerm is 4.33328243185414
nanosecondsPerTerm is 4.346742150885507
nanosecondsPerTerm is 4.337805037646025
nanosecondsPerTerm is 4.352830472467254
18282.67645286555 11794.25975050563 20623.92710674128 12820.03366675562
435/2016
[5.426393024855042, 5.427559670523581]
nanosecondsPerTerm is 4.337052743045013
nanosecondsPerTerm is 4.354350823697414
nanosecondsPerTerm is 4.333234539804493
nanosecondsPerTerm is 4.347739061650671
19614.0364056899 11203.51266676556 23321.15112858806 12168.74042350175
216/2016
D = 3
[5.44384480233905, 5.446162181208555]
nanosecondsPerTerm is 4.366084437649385
nanosecondsPerTerm is 4.331907047051594
nanosecondsPerTerm is 4.373996718139644
nanosecondsPerTerm is 4.332892703932853
14144.16802045866 30157.06874908855 14059.29206954286 60490.67933926937
125/2022
[5.446162181208555, 5.448479560078061]
nanosecondsPerTerm is 4.372942465575097
nanosecondsPerTerm is 4.365384781535875
nanosecondsPerTerm is 4.370959747899247
nanosecondsPerTerm is 4.348291603161926
16260.28256119772 9312.59378060469 15670.09924768662 10905.87156794328
115/2025
D = 3
[5.466940205883009, 5.469238070971377]
nanosecondsPerTerm is 4.324277917246383
nanosecondsPerTerm is 4.327520873688624
nanosecondsPerTerm is 4.323548079012365
nanosecondsPerTerm is 4.329034713567098
7940.542553253079 9467.155893364845 9196.725389049765 10409.62899474097
1573/2029
[5.469238070971377, 5.471535936059744]
nanosecondsPerTerm is 4.334067307038612
nanosecondsPerTerm is 4.346354955547702
nanosecondsPerTerm is 4.331043240734596
nanosecondsPerTerm is 4.349267019858877
10733.04752277132 10560.6283864675 12972.02269866556 12242.96785691977
719/2030
[5.466940205883009, 5.468089138427193]
nanosecondsPerTerm is 4.371388286925495
nanosecondsPerTerm is 4.346255797727358
slurmstepd: error: *** JOB 3242965 ON c129 CANCELLED AT 2025-01-08T10:05:56 DUE TO TIME LIMIT ***
