/mmfs1/data/mossea/Documents/bianchi-maass-forms/cmake-build-release
c098
Tue Aug 13 23:38:03 EDT 2024
mode = coarse
d = 163
symClass = C
D = 0
leftEndpoint = -0.4
rightEndpoint = 7
D = 3
[5.221507299194191, 5.226544595758872]
nanosecondsPerTerm is 4.328828701285124
nanosecondsPerTerm is 4.331379652251478
nanosecondsPerTerm is 4.303329049837921
nanosecondsPerTerm is 4.302545504169021
45492.96228359485 52262.36291760084 25368.21692727329 32850.39900081681
356/1944
[5.226544595758872, 5.23157220119298]
nanosecondsPerTerm is 4.303769683434996
nanosecondsPerTerm is 4.306036708940281
nanosecondsPerTerm is 4.316529539140843
nanosecondsPerTerm is 4.332439741116981
59873.67764794432 41528.48078301564 37055.02591254314 36366.53482188778
177/1946
[5.23157220119298, 5.236590161973751]
nanosecondsPerTerm is 4.322771823105207
nanosecondsPerTerm is 4.308708449791449
nanosecondsPerTerm is 4.422951592006801
nanosecondsPerTerm is 4.401815124710673
43951.60684930623 48026.82663101971 118882.4354108076 24284.67470250381
1613/1947
[5.236590161973751, 5.241598524222808]
nanosecondsPerTerm is 4.401779054468767
nanosecondsPerTerm is 4.403960287927098
nanosecondsPerTerm is 4.328899165359077
nanosecondsPerTerm is 4.316917523223482
45601.34253950589 31699.45159284308 128127.33058342 64551.02426981789
1867/1952
[5.241598524222808, 5.246597333709888]
nanosecondsPerTerm is 4.356201502737926
nanosecondsPerTerm is 4.324398460691731
nanosecondsPerTerm is 4.332309641098715
nanosecondsPerTerm is 4.324746322222489
33241.1778062679 51890.55898055918 113733.2516016966 331542.4670032953
1826/1954
[5.246597333709888, 5.251586635856527]
nanosecondsPerTerm is 4.299630070343414
nanosecondsPerTerm is 4.300142292444105
nanosecondsPerTerm is 4.301097810268633
nanosecondsPerTerm is 4.297740449276724
55827.02325701276 91519.16536475818 92402.95229953234 90147.36707425183
391/1956
[5.251586635856527, 5.256566475739692]
nanosecondsPerTerm is 4.312819565265969
nanosecondsPerTerm is 4.315845687881014
nanosecondsPerTerm is 4.307055083291576
nanosecondsPerTerm is 4.306594208264637
66020.87397712427 81650.20068291052 73997.81402885528 52913.2853292461
273/1959
[5.256566475739692, 5.261536898095364]
nanosecondsPerTerm is 4.329154543648608
nanosecondsPerTerm is 4.308891598970369
nanosecondsPerTerm is 4.336803633199892
nanosecondsPerTerm is 4.311717097491783
7449.456104189228 74112.81944011147 7363.919345572455 19158.77137803001
1337/1959
[5.261536898095364, 5.266497947322071]
nanosecondsPerTerm is 4.329023048381385
nanosecondsPerTerm is 4.33041193325161
nanosecondsPerTerm is 4.336333154802866
nanosecondsPerTerm is 4.33354382186589
6003.663497939743 6766.997703520127 6912.735210116401 9907.221732458918
224/1961
[5.266497947322071, 5.271449667484384]
nanosecondsPerTerm is 4.342839469667878
nanosecondsPerTerm is 4.345153684858738
nanosecondsPerTerm is 4.341565784900125
nanosecondsPerTerm is 4.340101168257869
9450.933050134827 9671.356914835787 32846.32538393149 35786.61301361932
367/1964
[5.271449667484384, 5.276392102316358]
nanosecondsPerTerm is 4.34237669051437
nanosecondsPerTerm is 4.343277390711746
nanosecondsPerTerm is 4.345787997172196
nanosecondsPerTerm is 4.349644744593965
10653.75801529901 11981.51090554813 770145.100194208 59143.12407123319
470/1965
[5.276392102316358, 5.281325295224933]
nanosecondsPerTerm is 4.337137223868088
nanosecondsPerTerm is 4.335058106833266
nanosecondsPerTerm is 4.343695795635373
nanosecondsPerTerm is 4.336252693998382
19756.2611683969 23212.15867148224 9810.144185383197 8131.108363507309
1607/1967
[5.281325295224933, 5.286249289293287]
nanosecondsPerTerm is 4.321944965251312
nanosecondsPerTerm is 4.321481533148714
nanosecondsPerTerm is 4.329929587329636
nanosecondsPerTerm is 4.332301227975857
14501.93518594232 16617.6104733572 9876.293809716251 19810.08777382527
592/1967
[5.286249289293287, 5.291164127284147]
nanosecondsPerTerm is 4.327340332438206
nanosecondsPerTerm is 4.32844575970169
nanosecondsPerTerm is 4.323645178144568
nanosecondsPerTerm is 4.323600987974508
14563.6684227476 35796.24963398813 17496.78141973942 83415.76573148735
416/1970
[5.291164127284147, 5.296069851643058]
nanosecondsPerTerm is 4.34087109657374
nanosecondsPerTerm is 4.347236468124382
nanosecondsPerTerm is 4.326925494521404
nanosecondsPerTerm is 4.32569004217478
322691.2417250031 24123.74990876791 44876.67918290065 22868.87489415155
114/1970
[5.296069851643058, 5.300966504501612]
nanosecondsPerTerm is 4.322991212220649
nanosecondsPerTerm is 4.318137057506976
nanosecondsPerTerm is 4.324381678061657
nanosecondsPerTerm is 4.325560164416165
17356.07080779522 19365.00824996043 16012.630314211 16655.79583914406
231/1973
[5.300966504501612, 5.305854127680625]
nanosecondsPerTerm is 4.32074184130515
nanosecondsPerTerm is 4.319640724507439
nanosecondsPerTerm is 4.355914272227129
nanosecondsPerTerm is 4.319577752071234
22712.0553809058 19148.68800133494 22479.28369907986 19587.26448022742
761/1974
[5.305854127680625, 5.310732762693287]
nanosecondsPerTerm is 4.317397244728711
nanosecondsPerTerm is 4.322598841668995
nanosecondsPerTerm is 4.325647925572627
nanosecondsPerTerm is 4.323228750526826
1240701.734553818 1661794.640867641 32025.35203709951 24352.15625740655
1366/1974
[5.310732762693287, 5.315602450748262]
nanosecondsPerTerm is 4.323535481371463
nanosecondsPerTerm is 4.319838004034241
nanosecondsPerTerm is 4.338537958753439
nanosecondsPerTerm is 4.325787658519247
22367.36700363491 34275.5937945267 14149.73722496078 15373.0124614542
339/1976
[5.315602450748262, 5.320463232752751]
nanosecondsPerTerm is 4.320857218464214
nanosecondsPerTerm is 4.321862405168543
nanosecondsPerTerm is 4.346615513445727
nanosecondsPerTerm is 4.327909888617644
11774.63777015326 10882.47838167163 10852.82417027917 12729.8505283757
199/1978
[5.320463232752751, 5.325315149315518]
nanosecondsPerTerm is 4.319593249380958
nanosecondsPerTerm is 4.319310247952503
nanosecondsPerTerm is 4.321706823256032
nanosecondsPerTerm is 4.323153580502752
127497.4181552299 56258.02469234534 179152.1516887974 82179.97031460199
93/1982
[5.325315149315518, 5.330158240749872]
nanosecondsPerTerm is 4.333720136874767
nanosecondsPerTerm is 4.325529197215395
nanosecondsPerTerm is 4.354590791537982
nanosecondsPerTerm is 4.325573812430194
38800.96237608088 32467.24557014575 37833.93476328637 27234.96470058555
357/1984
[5.330158240749872, 5.334992547076617]
nanosecondsPerTerm is 4.323659852601899
nanosecondsPerTerm is 4.321629207447345
nanosecondsPerTerm is 4.324291334086069
nanosecondsPerTerm is 4.32272361573358
32654.22076241382 29540.31933922273 31225.04960775648 23494.13163177998
83/1985
[5.334992547076617, 5.339818108026964]
nanosecondsPerTerm is 4.317372140039203
nanosecondsPerTerm is 4.321842082295142
nanosecondsPerTerm is 4.316267189752454
nanosecondsPerTerm is 4.315238895052969
47222.76824714086 40366.71176196984 63299.51858467486 44765.87677632058
122/1986
[5.339818108026964, 5.344634963045401]
nanosecondsPerTerm is 4.321863481217618
nanosecondsPerTerm is 4.314139218494116
nanosecondsPerTerm is 4.320435335299392
nanosecondsPerTerm is 4.324910910367319
32248.06367989489 180955.2146933501 35233.43808071897 59513.87763518696
148/1986
[5.344634963045401, 5.349443151292534]
nanosecondsPerTerm is 4.339245237482817
nanosecondsPerTerm is 4.335069352306244
nanosecondsPerTerm is 4.357023614488053
nanosecondsPerTerm is 4.327678321884044
119597.4546776097 32402.50254162469 30369.8592422344 19603.18833539481
234/1989
[5.349443151292534, 5.354242711647885]
nanosecondsPerTerm is 4.331660000511643
nanosecondsPerTerm is 4.328306151420692
nanosecondsPerTerm is 4.334520996513924
nanosecondsPerTerm is 4.338443730413068
55079.8530474743 98298.7660925473 29165.90120778504 35629.99986700597
284/1993
[5.354242711647885, 5.35903368271266]
nanosecondsPerTerm is 4.338591442834949
nanosecondsPerTerm is 4.333373864376564
nanosecondsPerTerm is 4.326983756863361
nanosecondsPerTerm is 4.332357231214736
23489.44944063467 11398.72187442345 57867.06166530999 16496.11280962632
183/1995
[5.35903368271266, 5.363816102812484]
nanosecondsPerTerm is 4.324572975031472
nanosecondsPerTerm is 4.325140281270758
nanosecondsPerTerm is 4.333906431649257
nanosecondsPerTerm is 4.322838679051078
9330.121325554255 11290.78685664784 13318.18926008758 15430.1779153788
847/1996
[5.363816102812484, 5.368590010000094]
nanosecondsPerTerm is 4.326683198847909
nanosecondsPerTerm is 4.324206370540015
nanosecondsPerTerm is 4.330143765260522
nanosecondsPerTerm is 4.32168129238054
36155.19758907182 59391.68395115294 13303.407484248 25337.2202631969
1687/1997
[5.368590010000094, 5.373355442058009]
nanosecondsPerTerm is 4.323159283377358
nanosecondsPerTerm is 4.319150778868222
nanosecondsPerTerm is 4.342590786398802
nanosecondsPerTerm is 4.31939056069542
160958.4134855849 33340.60663176883 25637.25100829654 59413.82322006948
77/1998
[5.373355442058009, 5.378112436501155]
nanosecondsPerTerm is 4.320587699903401
nanosecondsPerTerm is 4.338941791889267
nanosecondsPerTerm is 4.330273461130042
nanosecondsPerTerm is 4.321770371059518
455076.9211145011 84244.49751383503 31756.12497239549 81422.93530479925
853/1998
[5.378112436501155, 5.38286103057947]
nanosecondsPerTerm is 4.319566138760293
nanosecondsPerTerm is 4.329111831650642
nanosecondsPerTerm is 4.327332538613163
nanosecondsPerTerm is 4.319893370210422
11592.33677123907 12009.41811171554 21922.36140407073 23125.94954087053
255/2000
[5.38286103057947, 5.387601261280467]
nanosecondsPerTerm is 4.31575206740993
nanosecondsPerTerm is 4.314462277511576
nanosecondsPerTerm is 4.323191892851922
nanosecondsPerTerm is 4.316070814674612
9307.153501244407 9551.730143566987 18839.73922094499 16979.14901965141
190/2000
[5.387601261280467, 5.392333165331772]
nanosecondsPerTerm is 4.346069973945863
nanosecondsPerTerm is 4.314280964646416
nanosecondsPerTerm is 4.346695472998461
nanosecondsPerTerm is 4.31747128437482
4534.664340666291 29610.53244108799 3809.512790116472 24319.21422879409
173/2003
[5.392333165331772, 5.397056779203626]
nanosecondsPerTerm is 4.336702227630553
nanosecondsPerTerm is 4.313642835361974
nanosecondsPerTerm is 4.334153521480394
nanosecondsPerTerm is 4.3198948033505
18158.23647217224 58937.76361352821 15398.98210838708 91644.85686421875
159/2003
[5.397056779203626, 5.401772139111361]
nanosecondsPerTerm is 4.333721216374657
nanosecondsPerTerm is 4.334084336120009
nanosecondsPerTerm is 4.33353594363912
nanosecondsPerTerm is 4.31221255119195
48517.43928494826 28961.572149862 25726.65075162811 49986.58692955996
505/2005
[5.401772139111361, 5.406479281017841]
nanosecondsPerTerm is 4.322325429794508
nanosecondsPerTerm is 4.319823491265868
nanosecondsPerTerm is 4.324701089208846
nanosecondsPerTerm is 4.324499334505479
49929.8378672719 50810.86133107083 32011.12877246245 18366.62256099926
591/2007
[5.406479281017841, 5.411178240635877]
nanosecondsPerTerm is 4.320302622178164
nanosecondsPerTerm is 4.321853880103479
nanosecondsPerTerm is 4.320918228084643
nanosecondsPerTerm is 4.318850919990599
26339.3138674209 203383.7925310784 8874.417352741571 16384.29073309393
1776/2009
[5.411178240635877, 5.415869053430611]
nanosecondsPerTerm is 4.330340288716387
nanosecondsPerTerm is 4.336548419433178
nanosecondsPerTerm is 4.33728867210692
nanosecondsPerTerm is 4.334112341413689
54679.42011010146 248184.3866433345 11362.72603254733 17586.67859217472
1505/2013
[5.415869053430611, 5.420551754621872]
nanosecondsPerTerm is 4.335434829766469
nanosecondsPerTerm is 4.332107134827827
nanosecondsPerTerm is 4.337143516499919
nanosecondsPerTerm is 4.332130402355602
14972.49580814459 10476.53176896463 121884.3815369228 29196.10416968586
798/2014
[5.420551754621872, 5.425226379186503]
nanosecondsPerTerm is 4.363263869330041
nanosecondsPerTerm is 4.32758799246647
nanosecondsPerTerm is 4.336735389258945
nanosecondsPerTerm is 4.325574121121699
21176.29818049327 12192.35731263963 136492.7279881326 18612.60600013758
1827/2016
[5.425226379186503, 5.429892961860659]
nanosecondsPerTerm is 4.358628112193396
nanosecondsPerTerm is 4.326409640636796
nanosecondsPerTerm is 4.331089606858143
nanosecondsPerTerm is 4.330878281164041
15024.41260543847 9782.07958311187 27668.88369651739 13032.78674331925
1761/2017
[5.429892961860659, 5.434551537142083]
nanosecondsPerTerm is 4.348153355305108
nanosecondsPerTerm is 4.335913303411541
nanosecondsPerTerm is 4.33138397624257
nanosecondsPerTerm is 4.335899290151856
8231.479376791807 8967.254531176459 8300.124552827143 9183.616808048899
181/2020
[5.434551537142083, 5.439202139292341]
nanosecondsPerTerm is 4.366875645300015
nanosecondsPerTerm is 4.321525244754376
nanosecondsPerTerm is 4.357257320928184
nanosecondsPerTerm is 4.318962437651257
35556.72549415827 12225.35852964935 28056.94717745238 12099.7436981767
188/2021
[5.439202139292341, 5.44384480233905]
nanosecondsPerTerm is 4.353450689982261
nanosecondsPerTerm is 4.313854603155317
nanosecondsPerTerm is 4.376497337534159
nanosecondsPerTerm is 4.350257219445288
15870.34416659622 34521.35729137197 15328.44059114498 99407.53397127427
571/2021
[5.44384480233905, 5.448479560078061]
nanosecondsPerTerm is 4.361074801711755
nanosecondsPerTerm is 4.326273746599157
nanosecondsPerTerm is 4.359116539637206
nanosecondsPerTerm is 4.320172100261847
14547.15228421894 39161.80358778713 15123.48141747954 177314.2075779637
757/2025
[5.448479560078061, 5.45310644607563]
nanosecondsPerTerm is 4.359621782522539
nanosecondsPerTerm is 4.321166524761771
nanosecondsPerTerm is 4.367611274562596
nanosecondsPerTerm is 4.319895964013496
19989.58139615662 10020.64811199712 22749.3069950856 16243.76484017704
241/2025
[5.45310644607563, 5.457725493670552]
nanosecondsPerTerm is 4.356593613680595
nanosecondsPerTerm is 4.325644476921552
nanosecondsPerTerm is 4.373552988864553
nanosecondsPerTerm is 4.320750690206421
6853.572123167317 6349.959454610038 8229.460844533412 9032.33249897834
196/2026
[5.457725493670552, 5.46233673597628]
nanosecondsPerTerm is 4.361286212948602
nanosecondsPerTerm is 4.321330778093779
nanosecondsPerTerm is 4.359816392495053
nanosecondsPerTerm is 4.320021840507303
26799.84618383104 9101.884166493404 36690.6941869482 7817.468069046368
250/2026
[5.46233673597628, 5.466940205883009]
nanosecondsPerTerm is 4.31294321826439
nanosecondsPerTerm is 4.312502973422717
nanosecondsPerTerm is 4.321880314604103
nanosecondsPerTerm is 4.318404136306447
6693.601761103187 7255.471082724283 6803.811322362563 7504.855356270376
128/2028
[5.466940205883009, 5.471535936059744]
nanosecondsPerTerm is 4.338746818977481
nanosecondsPerTerm is 4.3290953422678
nanosecondsPerTerm is 4.318591488976936
nanosecondsPerTerm is 4.314929589443975
9825.854466358458 10226.7165443653 12972.02269866556 12242.96785691977
1861/2030
[5.471535936059744, 5.476123958956338]
nanosecondsPerTerm is 4.316655996436166
nanosecondsPerTerm is 4.339936698039933
nanosecondsPerTerm is 4.338068648100828
nanosecondsPerTerm is 4.347437736158541
13326.17546513117 28474.95254733711 26866.89475792945 76838.7613208666
176/2030
[5.476123958956338, 5.480704306805512]
nanosecondsPerTerm is 4.324681415255701
nanosecondsPerTerm is 4.362169267747555
nanosecondsPerTerm is 4.323152134144216
nanosecondsPerTerm is 4.317332731274077
35257.5268655295 34541.43975251092 94250.05218477502 52076.61602138161
546/2031
[5.480704306805512, 5.485277011624843]
nanosecondsPerTerm is 4.316828301387048
nanosecondsPerTerm is 4.313916707318257
nanosecondsPerTerm is 4.312300483308386
nanosecondsPerTerm is 4.313789881283143
24909.06578648315 24982.21772164376 1907399.476453493 96127.21585341098
158/2032
[5.485277011624843, 5.489842105218736]
nanosecondsPerTerm is 4.359215634582772
nanosecondsPerTerm is 4.307693329745168
nanosecondsPerTerm is 4.315391784022902
nanosecondsPerTerm is 4.314008556688994
187280.3822518721 152625.3441971058 55609.37795657884 91403.70876107211
867/2034
[5.489842105218736, 5.494399619180373]
nanosecondsPerTerm is 4.301803673593429
nanosecondsPerTerm is 4.298583525940129
nanosecondsPerTerm is 4.308721562671984
nanosecondsPerTerm is 4.304419385792923
464838.2980483054 97587.30496432741 32751269.47389301 34754.35563518215
1902/2038
[5.494399619180373, 5.498949584893632]
nanosecondsPerTerm is 4.32872172496512
nanosecondsPerTerm is 4.332378679102479
nanosecondsPerTerm is 4.329797804246779
nanosecondsPerTerm is 4.317351789429717
25384.29714774311 41657.47352375335 31889.2627813593 35496.66325037988
128/2040
[5.498949584893632, 5.503492033534992]
nanosecondsPerTerm is 4.33802113829996
nanosecondsPerTerm is 4.314455487550735
nanosecondsPerTerm is 4.328709647595467
nanosecondsPerTerm is 4.31664041524945
19857.39366719416 50397.93257567759 24471.67623283987 41961.6976083759
140/2043
[5.503492033534992, 5.508026996075412]
nanosecondsPerTerm is 4.327179496781518
nanosecondsPerTerm is 4.316209128995616
nanosecondsPerTerm is 4.323137679330344
nanosecondsPerTerm is 4.314703019183935
10007.25198165926 29549.88558693353 14135.58956129099 50218.2399815331
308/2044
[5.508026996075412, 5.512554503282192]
nanosecondsPerTerm is 4.319495514497596
nanosecondsPerTerm is 4.346581812028563
nanosecondsPerTerm is 4.325794206874154
nanosecondsPerTerm is 4.370903495776148
13700.29782584026 28143.54619823053 20492.02055468349 27327.43729263075
190/2044
[5.512554503282192, 5.517074585720803]
nanosecondsPerTerm is 4.321569638264093
nanosecondsPerTerm is 4.314331612383003
nanosecondsPerTerm is 4.33788599898513
nanosecondsPerTerm is 4.320615283122529
70814.42604839911 135845.6222633911 65326.98351464769 129899.3168778411
509/2045
[5.517074585720803, 5.521587273756714]
nanosecondsPerTerm is 4.31157525419273
nanosecondsPerTerm is 4.304745970986931
nanosecondsPerTerm is 4.319298871956793
nanosecondsPerTerm is 4.338071247027726
86732.90554250701 36543.54748823673 356217.7102522282 60572.89621977089
651/2049
[5.521587273756714, 5.526092597557176]
nanosecondsPerTerm is 4.320906943390591
nanosecondsPerTerm is 4.321305704599592
nanosecondsPerTerm is 4.318028859045336
nanosecondsPerTerm is 4.323764862220133
122457.1260201161 94146.09761116347 1157326.153806806 118976.161423694
252/2050
[5.526092597557176, 5.530590587093]
nanosecondsPerTerm is 4.311148051483765
nanosecondsPerTerm is 4.314063049572695
nanosecondsPerTerm is 4.311967843739102
nanosecondsPerTerm is 4.316408140667106
177839.3226035383 2553649.327347992 79356249.59093881 351585.3234380921
169/2050
[5.530590587093, 5.535081272140317]
nanosecondsPerTerm is 4.337790259078165
nanosecondsPerTerm is 4.325124753059266
nanosecondsPerTerm is 4.32429648537665
nanosecondsPerTerm is 4.312896123927671
290488.7511581904 880235.2925574557 470374.2081224959 298121.283278775
1457/2050
[5.535081272140317, 5.539564682282307]
nanosecondsPerTerm is 4.350908485471927
nanosecondsPerTerm is 4.326895986127386
nanosecondsPerTerm is 4.327697806340838
nanosecondsPerTerm is 4.322471450665165
40681.98782412498 77298.06206069769 29383.33112834479 62793.76322346071
108/2052
[5.539564682282307, 5.544040846910916]
nanosecondsPerTerm is 4.334254027240606
nanosecondsPerTerm is 4.321426743107861
nanosecondsPerTerm is 4.325581322889852
nanosecondsPerTerm is 4.31928148374452
24883.04555708427 43360.19103503077 24509.52910590952 44718.69471470423
1002/2053
[5.544040846910916, 5.54850979522855]
nanosecondsPerTerm is 4.320983280310982
nanosecondsPerTerm is 4.334065180509315
nanosecondsPerTerm is 4.321056323586958
nanosecondsPerTerm is 4.332658820215875
7524.31225562147 7768.228955402829 7562.125002398921 7965.06080353957
90/2056
[5.54850979522855, 5.552971556249752]
nanosecondsPerTerm is 4.3336574639569
nanosecondsPerTerm is 4.321406942419123
nanosecondsPerTerm is 4.320842447880452
nanosecondsPerTerm is 4.316321628629979
8960.457373263765 21894.36668238355 9424.150715360594 21203.73349028783
112/2056
[5.552971556249752, 5.557426158802865]
nanosecondsPerTerm is 4.372215643479389
nanosecondsPerTerm is 4.312347182665436
nanosecondsPerTerm is 4.368162491605843
nanosecondsPerTerm is 4.317718729207986
26560.95621109845 89004.74353642142 923942.2897524147 206094.9208303968
1709/2057
[5.557426158802865, 5.56187363153166]
nanosecondsPerTerm is 4.383594657231254
nanosecondsPerTerm is 4.315604380954925
nanosecondsPerTerm is 4.361162552298445
nanosecondsPerTerm is 4.33209431412607
42616.16299889836 54640.2872756714 18528.21178572251 46173.06156570065
1802/2057
[5.56187363153166, 5.56631400289697]
nanosecondsPerTerm is 4.363357687773505
nanosecondsPerTerm is 4.353377376460412
nanosecondsPerTerm is 4.351806723576665
nanosecondsPerTerm is 4.354435634820351
349230.0768176674 33622.56070115628 17646.34861033218 66901.52570153908
221/2057
[5.56631400289697, 5.570747301178281]
nanosecondsPerTerm is 4.36704203822434
nanosecondsPerTerm is 4.353120012897074
nanosecondsPerTerm is 4.371227326955393
nanosecondsPerTerm is 4.371345978445846
48656.44595938136 82951.47037391605 38387.22248297037 56905.1756213677
63/2064
[5.570747301178281, 5.575173554475327]
nanosecondsPerTerm is 4.36717164302897
nanosecondsPerTerm is 4.353724103766407
nanosecondsPerTerm is 4.364627467150967
nanosecondsPerTerm is 4.362604649705521
67752.24525688498 82494.09466566461 64919.79453975621 93250.37725580616
85/2064
[5.575173554475327, 5.579592790709651]
nanosecondsPerTerm is 4.346837103401635
nanosecondsPerTerm is 4.354272872722841
nanosecondsPerTerm is 4.377133939405907
nanosecondsPerTerm is 4.345530337321259
17822.97617697991 31538.60285243577 15174.77999332909 19294.82416418478
96/2070
[5.579592790709651, 5.584005037626153]
nanosecondsPerTerm is 4.364663762402008
nanosecondsPerTerm is 4.363272679625545
nanosecondsPerTerm is 4.357540017675806
nanosecondsPerTerm is 4.36432595383982
25247.69598830614 183217.826189295 20649.05088830578 809179.5836467383
126/2073
[5.584005037626153, 5.588410322794632]
nanosecondsPerTerm is 4.358026606010659
nanosecondsPerTerm is 4.363702192626555
nanosecondsPerTerm is 4.35695114557451
nanosecondsPerTerm is 4.360448366132057
14911.79733921285 14525.59721484952 13337.91307983401 13008.35482340782
191/2074
[5.588410322794632, 5.592808673611294]
nanosecondsPerTerm is 4.349298521418421
nanosecondsPerTerm is 4.354078140801207
nanosecondsPerTerm is 4.351404066060079
nanosecondsPerTerm is 4.350691179678937
74272.310231739 25360.47812339149 19342.93588051118 35904.14604085685
471/2077
[5.592808673611294, 5.597200117300252]
nanosecondsPerTerm is 4.348791654694465
nanosecondsPerTerm is 4.349075009682529
nanosecondsPerTerm is 4.355808198784187
nanosecondsPerTerm is 4.349235940309534
27119.77064363976 16315.28746687391 145769.6063520939 24692.49511977348
379/2080
[5.597200117300252, 5.601584680915015]
nanosecondsPerTerm is 4.356066217302825
nanosecondsPerTerm is 4.363770572803277
nanosecondsPerTerm is 4.356431827449136
nanosecondsPerTerm is 4.351941588939142
31908.21069408457 21943.84001449565 28361.21037914759 13822.31904597948
293/2083
[5.601584680915015, 5.605962391339946]
nanosecondsPerTerm is 4.312787008243854
nanosecondsPerTerm is 4.326007983872589
nanosecondsPerTerm is 4.320650456522256
nanosecondsPerTerm is 4.312711134269721
15157.46516010771 25932.92610612991 12341.31325405577 14783.84615489288
149/2084
[5.605962391339946, 5.610333275291721]
nanosecondsPerTerm is 4.359703801706769
nanosecondsPerTerm is 4.405503948904723
nanosecondsPerTerm is 4.364464814451546
nanosecondsPerTerm is 4.355523354341067
10734.00161336576 15051.01441122125 50070.75380580086 15832.50794731077
607/2087
[5.610333275291721, 5.614697359320756]
nanosecondsPerTerm is 4.356942286032681
nanosecondsPerTerm is 4.35521545373077
nanosecondsPerTerm is 4.373556147394424
nanosecondsPerTerm is 4.374489339131713
6209.199896214335 8431.607762167509 14679.95511804181 9078.33354064141
216/2088
[5.614697359320756, 5.619054669812633]
nanosecondsPerTerm is 4.367107724217053
nanosecondsPerTerm is 4.35810632050693
nanosecondsPerTerm is 4.376572691532995
nanosecondsPerTerm is 4.349599677421963
8267.231542603195 312317.5906240842 11697.37524135185 80259.13219706748
70/2090
[5.619054669812633, 5.623405232989501]
nanosecondsPerTerm is 4.338472474718849
nanosecondsPerTerm is 4.344922925314826
nanosecondsPerTerm is 4.335895607146451
nanosecondsPerTerm is 4.333869686521181
49174.94209483567 64374.44015334775 18646.16690011947 25468.60720910415
636/2091
[5.623405232989501, 5.627749074911462]
nanosecondsPerTerm is 4.333472921336556
nanosecondsPerTerm is 4.335390067972124
nanosecondsPerTerm is 4.337461768623382
nanosecondsPerTerm is 4.35709877799856
77848.60035961354 39129.25446857198 102622.6302530056 677406.2197145635
155/2092
[5.627749074911462, 5.63208622147795]
nanosecondsPerTerm is 4.351114503000643
nanosecondsPerTerm is 4.354411795426277
nanosecondsPerTerm is 4.368271485988768
nanosecondsPerTerm is 4.343922935908639
37028.3991043311 28340.96792472452 40502.35890940834 39517.70818076535
270/2094
[5.63208622147795, 5.636416698429087]
nanosecondsPerTerm is 4.337475151317445
nanosecondsPerTerm is 4.322700124607435
nanosecondsPerTerm is 4.342108411060758
nanosecondsPerTerm is 4.354055817560291
48795.63461889974 50391.52111168546 304229.2537561329 158216.2035922938
217/2096
[5.636416698429087, 5.640740531347027]
nanosecondsPerTerm is 4.381035042134886
nanosecondsPerTerm is 4.328426730831186
nanosecondsPerTerm is 4.337585411794142
nanosecondsPerTerm is 4.324290966151128
210528.6193703933 29957.69135025571 40400.87699850909 51784.19337096275
197/2099
[5.640740531347027, 5.645057745657288]
nanosecondsPerTerm is 4.322115554703688
nanosecondsPerTerm is 4.321114000288728
nanosecondsPerTerm is 4.323172305400818
nanosecondsPerTerm is 4.322655358425641
178087.6148549696 86489.15696700408 86266.29502215164 38439.09089596093
130/2100
[5.645057745657288, 5.649368366630065]
nanosecondsPerTerm is 4.322488927807293
nanosecondsPerTerm is 4.323357041009293
nanosecondsPerTerm is 4.319802845917354
nanosecondsPerTerm is 4.324697638677557
4947930.54249702 78816.40877865272 157094.3905290105 327312.673461467
86/2100
[5.649368366630065, 5.653672419381532]
nanosecondsPerTerm is 4.308912107747974
nanosecondsPerTerm is 4.313858178988283
nanosecondsPerTerm is 4.31404952581662
nanosecondsPerTerm is 4.315958172720254
51176.29897463734 122293.7120895017 379999.5316047262 924264.0422198928
276/2105
[5.653672419381532, 5.657969928875135]
nanosecondsPerTerm is 4.316013210832739
nanosecondsPerTerm is 4.317124781766263
nanosecondsPerTerm is 4.357434446179043
nanosecondsPerTerm is 4.319671860812401
39482.63245603264 31599.05657189865 75534.07310360186 60186.1591695257
1886/2107
[5.657969928875135, 5.662260919922856]
nanosecondsPerTerm is 4.317378412853902
nanosecondsPerTerm is 4.34113836844691
nanosecondsPerTerm is 4.325663418631449
nanosecondsPerTerm is 4.31527258576216
73867.88429588455 66075.97651621515 49347.86359984392 44953.83987761253
287/2109
[5.662260919922856, 5.666545417186485]
nanosecondsPerTerm is 4.314630157661655
nanosecondsPerTerm is 4.309631533454583
nanosecondsPerTerm is 4.312362126283703
nanosecondsPerTerm is 4.311439306617053
26721.59778144628 27193.93073520657 19754.68418591009 21093.45421010767
684/2110
[5.666545417186485, 5.67082344517886]
nanosecondsPerTerm is 4.325006025683483
nanosecondsPerTerm is 4.330455868975984
nanosecondsPerTerm is 4.333279662572844
nanosecondsPerTerm is 4.318049261869128
35452.53677776706 30303.38905409117 62204.59193612071 45847.42737887167
253/2111
[5.67082344517886, 5.675095028265101]
nanosecondsPerTerm is 4.327648947857188
nanosecondsPerTerm is 4.334304766227572
nanosecondsPerTerm is 4.356266501922591
nanosecondsPerTerm is 4.330596425576005
41584.33817918822 25692.75199280166 47822.2702936103 27953.80649586593
266/2113
[5.675095028265101, 5.679360190663838]
nanosecondsPerTerm is 4.323203221200716
nanosecondsPerTerm is 4.323178570443628
nanosecondsPerTerm is 4.325224221207059
nanosecondsPerTerm is 4.329064760060381
7862.807745096011 7895.266287838916 6983.522146720608 7248.79382941366
252/2115
[5.679360190663838, 5.683618956448412]
nanosecondsPerTerm is 4.332230618887928
nanosecondsPerTerm is 4.338049464603761
nanosecondsPerTerm is 4.320138297439936
nanosecondsPerTerm is 4.329608410151659
8511.772684164302 9404.522788934657 9191.477741563325 9993.777712860472
180/2116
[5.683618956448412, 5.687871349548073]
nanosecondsPerTerm is 4.323459801016332
nanosecondsPerTerm is 4.316211605270875
nanosecondsPerTerm is 4.326148810566689
nanosecondsPerTerm is 4.320684401129887
15233.43942022602 389601.9772316296 22077.89284864047 694170.5714467512
121/2119
[5.687871349548073, 5.692117393749163]
nanosecondsPerTerm is 4.32737974771119
nanosecondsPerTerm is 4.325978874412525
nanosecondsPerTerm is 4.328476653642423
nanosecondsPerTerm is 4.327511782996973
18346.30163914278 16811.2032096402 50539.73462168899 38033.82566342323
479/2122
[5.692117393749163, 5.69635711269629]
nanosecondsPerTerm is 4.326150728917048
nanosecondsPerTerm is 4.321974100542364
nanosecondsPerTerm is 4.339239763602289
nanosecondsPerTerm is 4.329874136555165
29353.4179769792 741045.6666928483 179746.948980784 74544.67068855505
499/2123
[5.69635711269629, 5.700590529893483]
nanosecondsPerTerm is 4.326144830743471
nanosecondsPerTerm is 4.324858116667436
nanosecondsPerTerm is 4.331044916008052
nanosecondsPerTerm is 4.328965715109676
176675.8233496567 574180.8360984084 36368.72734519644 27543.50419177377
986/2124
[5.700590529893483, 5.704817668705339]
nanosecondsPerTerm is 4.328716446698195
nanosecondsPerTerm is 4.320123216196137
nanosecondsPerTerm is 4.32034471801591
nanosecondsPerTerm is 4.328277556833479
35315.17649612095 84793.72522028824 39756.47703312378 92950.17096605878
1182/2125
[5.704817668705339, 5.709038552358161]
nanosecondsPerTerm is 4.315911486844662
nanosecondsPerTerm is 4.319298947312358
nanosecondsPerTerm is 4.317911052911846
nanosecondsPerTerm is 4.318209820993531
178510.8003319146 146151.4113358541 569306.72390436 336431.0772888645
1040/2128
[5.709038552358161, 5.713253203941076]
nanosecondsPerTerm is 4.316223484137073
nanosecondsPerTerm is 4.316896345337638
nanosecondsPerTerm is 4.31864578362761
nanosecondsPerTerm is 4.312513887291554
19760.0117528573 19017.95746201563 14413.37285547095 13881.88757699392
84/2130
[5.713253203941076, 5.717461646407152]
nanosecondsPerTerm is 4.308235629120792
nanosecondsPerTerm is 4.316578599786952
nanosecondsPerTerm is 4.315394538298455
nanosecondsPerTerm is 4.317030521870518
15823.0375651634 28105.69728792173 24031.04861069993 36523.15203722119
86/2130
[5.717461646407152, 5.721663902574492]
nanosecondsPerTerm is 4.316762086283166
nanosecondsPerTerm is 4.316294260060008
nanosecondsPerTerm is 4.324317066089064
nanosecondsPerTerm is 4.316648151808792
86484.72591254859 322128.9653725504 288140.0305313629 106965.9441427657
729/2130
[5.721663902574492, 5.725859995127329]
nanosecondsPerTerm is 4.316869642421765
nanosecondsPerTerm is 4.311516522858335
nanosecondsPerTerm is 4.341541009911874
nanosecondsPerTerm is 4.309751422188647
48866.40525351948 8387.523644003873 48102.94387747531 9160.502229603027
141/2131
[5.725859995127329, 5.730049946617099]
nanosecondsPerTerm is 4.306339366749265
nanosecondsPerTerm is 4.304076310674249
nanosecondsPerTerm is 4.343664812815824
nanosecondsPerTerm is 4.313753462643106
11679.03980232641 13638.42577245815 13776.39569580537 16553.22673439471
243/2133
[5.730049946617099, 5.734233779463509]
nanosecondsPerTerm is 4.315141467133414
nanosecondsPerTerm is 4.332492746690855
nanosecondsPerTerm is 4.325612669613863
nanosecondsPerTerm is 4.319057500296707
31760.28457580818 296616.4365878272 94851.10581162652 38020.31759410496
215/2135
[5.734233779463509, 5.738411515955595]
nanosecondsPerTerm is 4.298178776290545
nanosecondsPerTerm is 4.299864343037108
nanosecondsPerTerm is 4.3178561323993
nanosecondsPerTerm is 4.298856879768374
18885.05944028931 8477.502967907056 13307.66833806718 7211.655341309819
123/2138
[5.738411515955595, 5.742583178252763]
nanosecondsPerTerm is 4.313902853233377
nanosecondsPerTerm is 4.321989385549846
slurmstepd: error: *** JOB 2494016 ON c098 CANCELLED AT 2024-08-17T23:38:06 DUE TO TIME LIMIT ***
