/mmfs1/data/mossea/Documents/bianchi-maass-forms/cmake-build-release
c117
Wed Jan  8 15:34:37 EST 2025
mode = coarse
d = 163
symClass = C
D = 0
leftEndpoint = -0.4
rightEndpoint = 5
Range already complete.
mode = medium
d = 163
symClass = C
D = 0
D = 3
[5.466940205883009, 5.469238070971377]
nanosecondsPerTerm is 4.905543635657345
nanosecondsPerTerm is 4.843881718007763
nanosecondsPerTerm is 4.828951688858418
nanosecondsPerTerm is 4.824183354974291
7940.542553253079 9467.155893364845 9196.725389049765 10409.62899474097
1573/2029
[5.469238070971377, 5.471535936059744]
nanosecondsPerTerm is 4.829693167789194
nanosecondsPerTerm is 4.828922275635825
nanosecondsPerTerm is 4.853244629729029
nanosecondsPerTerm is 4.861244193525351
10733.04752277132 10560.6283864675 12972.02269866556 12242.96785691977
719/2030
[5.466940205883009, 5.468089138427193]
nanosecondsPerTerm is 4.890489502877782
nanosecondsPerTerm is 4.835041973441588
nanosecondsPerTerm is 4.893432034439743
nanosecondsPerTerm is 4.859494164558598
296645.334022608 6842.457918812599 164821.4757682274 7308.016804516466
23/2028
[5.468089138427193, 5.469238070971377]
nanosecondsPerTerm is 4.890136297689889
nanosecondsPerTerm is 4.838613583049804
nanosecondsPerTerm is 4.879880683788271
nanosecondsPerTerm is 4.82498806123308
942629.9285742915 8434.683821306442 820159.865768082 9196.725389049765
60/2029
[5.469238070971377, 5.47038700351556]
nanosecondsPerTerm is 4.879898817397647
nanosecondsPerTerm is 4.82563277228389
nanosecondsPerTerm is 4.893944244021331
nanosecondsPerTerm is 4.842251784812456
619053.5146515479 9931.286214042546 672279.7929417047 10979.47546830254
1720/2030
[5.47038700351556, 5.471535936059744]
nanosecondsPerTerm is 4.885551828741807
nanosecondsPerTerm is 4.835119390785988
nanosecondsPerTerm is 4.888721523712587
nanosecondsPerTerm is 4.829864485898002
62805.10361157108 11635.11930634894 106761.6493028407 12972.02269866556
93/2030
[5.469238070971377, 5.469812537243468]
nanosecondsPerTerm is 4.900662144737422
nanosecondsPerTerm is 4.822447351755463
nanosecondsPerTerm is 4.911783895496582
nanosecondsPerTerm is 4.842914380234515
25792161.52478348 9864.03567750259 22876484.31155212 10333.47749311876
21/2030
[5.469812537243468, 5.47038700351556]
nanosecondsPerTerm is 4.890062793845837
nanosecondsPerTerm is 4.83931466096013
nanosecondsPerTerm is 4.88946490337426
nanosecondsPerTerm is 4.833473541658484
641858.7673414245 10403.75485024223 672279.7929417047 10979.47546830254
1254/2030
[5.469812537243468, 5.470099770379514]
nanosecondsPerTerm is 4.888692342438302
nanosecondsPerTerm is 4.83765862288643
nanosecondsPerTerm is 4.893424048945098
nanosecondsPerTerm is 4.839093903964353
1352954.357401586 10329.80265663115 1330862.037221806 10601.78089459179
745/2030
[5.470099770379514, 5.47038700351556]
nanosecondsPerTerm is 4.887269042145298
nanosecondsPerTerm is 4.888288817276464
nanosecondsPerTerm is 4.886357999725922
nanosecondsPerTerm is 4.884201379359006
655914.5536038737 54749.90796572522 672279.7929417047 59929.6349035562
189/2030
[5.469812537243468, 5.469956153811491]
nanosecondsPerTerm is 4.886602404459793
nanosecondsPerTerm is 4.83343240500836
nanosecondsPerTerm is 4.893270772800176
nanosecondsPerTerm is 4.845205375117453
3178021.228004203 10342.24873062681 3111927.381657553 10474.82263194529
1356/2030
[5.469956153811491, 5.470099770379514]
nanosecondsPerTerm is 4.891268277612173
nanosecondsPerTerm is 4.897432507707207
nanosecondsPerTerm is 4.887034426566336
nanosecondsPerTerm is 4.884691078700932
1343202.767965151 53563.51018871016 1330862.037221806 55837.9644023963
109/2030
[5.469812537243468, 5.46988434552748]
nanosecondsPerTerm is 4.886347584752671
nanosecondsPerTerm is 4.83277408983448
nanosecondsPerTerm is 4.8865883560804
nanosecondsPerTerm is 4.840120898331173
887620.1278150479 10329.86730195247 896331.9755595602 10395.36640008024
561/2030
[5.46988434552748, 5.469956153811491]
nanosecondsPerTerm is 4.886164197981334
nanosecondsPerTerm is 4.88894012571212
nanosecondsPerTerm is 4.890509623134105
nanosecondsPerTerm is 4.889785389730867
3146308.137329656 47107.35200143277 3111927.381657553 48000.69347638718
187/2030
D = 3
[5.485277011624843, 5.48755955842179]
nanosecondsPerTerm is 4.828117857684288
nanosecondsPerTerm is 4.833307511285951
nanosecondsPerTerm is 4.831972974416475
nanosecondsPerTerm is 4.832218866128128
111459.4414654607 1010996.989721712 72636.47887588311 38673.71455544034
125/2034
[5.48755955842179, 5.489842105218736]
nanosecondsPerTerm is 4.831068220149512
nanosecondsPerTerm is 4.833717822954991
nanosecondsPerTerm is 4.829810015274573
nanosecondsPerTerm is 4.830685690503991
68954.49114101235 93206.17368073795 55609.37795657884 91403.70876107211
168/2034
D = 3
[5.489842105218736, 5.492120862199554]
nanosecondsPerTerm is 4.820602238308649
nanosecondsPerTerm is 4.831790098927224
nanosecondsPerTerm is 4.833563311283186
nanosecondsPerTerm is 4.821901425453034
86078.98537166059 227536.9259375595 153245.6687303367 64597.15191654247
296/2036
[5.492120862199554, 5.494399619180373]
nanosecondsPerTerm is 4.814575956412505
nanosecondsPerTerm is 4.81595570243713
nanosecondsPerTerm is 4.819137067433912
nanosecondsPerTerm is 4.81931213260487
341400.1602699019 42411.43719084269 32751269.46504534 34754.35563515899
2006/2038
[5.492120862199554, 5.493260240689963]
nanosecondsPerTerm is 4.827956171820219
nanosecondsPerTerm is 4.816142226500049
nanosecondsPerTerm is 4.830414047514584
nanosecondsPerTerm is 4.818810653744173
296452.9172289172 42337.98066541455 475059.0933190372 36666.00025008998
18/2038
[5.493260240689963, 5.494399619180373]
nanosecondsPerTerm is 4.817401192978348
nanosecondsPerTerm is 4.81910006601153
nanosecondsPerTerm is 4.820995474695181
nanosecondsPerTerm is 4.819744118805767
482440.4882311416 36600.03311200221 2817933.970110775 34832.90943423108
17/2038
D = 3
[5.517074585720803, 5.519330929738759]
nanosecondsPerTerm is 4.82737814675963
nanosecondsPerTerm is 4.818210370138036
nanosecondsPerTerm is 4.836727050992325
nanosecondsPerTerm is 4.828286474855495
19803.53639740067 106575.2314239945 24915.44001517344 378423.6123682671
765/2048
[5.519330929738759, 5.521587273756714]
nanosecondsPerTerm is 4.829377274664211
nanosecondsPerTerm is 4.822433770535331
nanosecondsPerTerm is 4.823475767533345
nanosecondsPerTerm is 4.822667348346267
202217.1707925842 41096.49283270584 356217.7102522282 60572.89621977089
1951/2049
[5.517074585720803, 5.518202757729781]
nanosecondsPerTerm is 4.825318744263507
nanosecondsPerTerm is 4.826658295091052
nanosecondsPerTerm is 4.843747903843402
nanosecondsPerTerm is 4.83429957851662
24194.25498565746 19483.86916223229 26874.90668394653 21303.81588202548
49/2048
[5.518202757729781, 5.519330929738759]
nanosecondsPerTerm is 4.830164211418424
nanosecondsPerTerm is 4.839692975976767
nanosecondsPerTerm is 4.826675009611368
nanosecondsPerTerm is 4.831080027102302
21616.06964630074 17092.63379514113 24915.44001517344 19368.83668273236
65/2048
[5.519330929738759, 5.520459101747736]
nanosecondsPerTerm is 4.818067873795307
nanosecondsPerTerm is 4.819327505181923
nanosecondsPerTerm is 4.819429807211313
nanosecondsPerTerm is 4.820335944281261
178745.5494124026 41099.06955591466 624934.6952928487 47698.64683555432
45/2048
[5.520459101747736, 5.521587273756714]
nanosecondsPerTerm is 4.8168167300441
nanosecondsPerTerm is 4.814533247874782
nanosecondsPerTerm is 4.810478675540968
nanosecondsPerTerm is 4.813114952249228
858848.4223148515 47577.30667657376 356217.7102522282 60572.89621977089
2003/2049
[5.520459101747736, 5.521023187752226]
nanosecondsPerTerm is 4.816214093805463
nanosecondsPerTerm is 4.816417664142181
nanosecondsPerTerm is 4.829551690515159
nanosecondsPerTerm is 4.818435102317769
571219.057459755 47569.47066698261 3031562.188890339 52926.33278399522
2027/2048
[5.521023187752226, 5.521587273756714]
nanosecondsPerTerm is 4.813400531146652
nanosecondsPerTerm is 4.817318201107431
nanosecondsPerTerm is 4.814801155326923
nanosecondsPerTerm is 4.812098066695428
1245026.720816357 52895.55707249796 356217.7102522282 60572.89621977089
26/2049
[5.520459101747736, 5.520741144749981]
nanosecondsPerTerm is 4.82034406675949
nanosecondsPerTerm is 4.811532450642228
nanosecondsPerTerm is 4.829699084093643
nanosecondsPerTerm is 4.826871754557539
29385.90019835584 580346.8238349578 31376.93036884733 1455244.808604314
107/2048
[5.520741144749981, 5.521023187752226]
nanosecondsPerTerm is 4.818289448956087
nanosecondsPerTerm is 4.818268761917308
nanosecondsPerTerm is 4.81409351553032
nanosecondsPerTerm is 4.814652176892711
1395763.797691253 50013.47959093015 3031562.188890339 52926.33278399522
2039/2048
[5.520741144749981, 5.520882166251104]
nanosecondsPerTerm is 4.838955030965646
nanosecondsPerTerm is 4.832742633944854
nanosecondsPerTerm is 4.840232790085851
nanosecondsPerTerm is 4.824701226185737
1437307.682491715 50145.08377480356 5745151.242754393 51546.99258587594
9/2048
[5.520882166251104, 5.521023187752226]
nanosecondsPerTerm is 4.816268830851882
nanosecondsPerTerm is 4.815788692455484
nanosecondsPerTerm is 4.809266040577563
nanosecondsPerTerm is 4.806821137621243
5135281.548593099 51404.90840663591 3031562.188890339 52926.33278399522
2047/2048
[5.520882166251104, 5.520952677001665]
nanosecondsPerTerm is 4.816545172546218
nanosecondsPerTerm is 4.822675841142892
nanosecondsPerTerm is 4.822983483127459
nanosecondsPerTerm is 4.821450166843198
5257599.174904897 51545.99972404885 13943892.15299968 52294.32008390928
2046/2048
[5.520952677001665, 5.521023187752226]
nanosecondsPerTerm is 4.818066921121067
nanosecondsPerTerm is 4.834304770979927
nanosecondsPerTerm is 4.818306967994883
nanosecondsPerTerm is 4.809258931947694
14877263.64903631 52148.46305986886 3031562.188890339 52926.33278399522
0/2048
[5.520882166251104, 5.520917421626384]
nanosecondsPerTerm is 4.810170189467487
nanosecondsPerTerm is 4.811821821638113
nanosecondsPerTerm is 4.923563897000925
nanosecondsPerTerm is 4.924202516723044
5960954.428921354 51643.10391042607 27155185.8036743 52014.43846572977
0/2048
[5.520917421626384, 5.520952677001665]
nanosecondsPerTerm is 4.919544064273982
nanosecondsPerTerm is 4.923171519963266
nanosecondsPerTerm is 4.814684197583261
nanosecondsPerTerm is 4.81547878542395
16854692.04326849 51915.9558458082 13943892.15299968 52294.32008390928
2046/2048
[5.520917421626384, 5.520935049314025]
nanosecondsPerTerm is 4.920520555313659
nanosecondsPerTerm is 4.921899996954653
nanosecondsPerTerm is 4.83716870846133
nanosecondsPerTerm is 4.828223642391305
14209424.30319181 51633.81323075801 207907797.337546 51821.25656303338
0/2048
[5.520935049314025, 5.520952677001665]
nanosecondsPerTerm is 4.824995341322078
nanosecondsPerTerm is 4.823183790704014
nanosecondsPerTerm is 4.822022757840314
nanosecondsPerTerm is 4.815984728800615
162054479.4929586 52104.07227961334 13943892.15299968 52294.32008390928
0/2048
D = 3
[5.530590587093, 5.532835929616659]
nanosecondsPerTerm is 4.843269014762684
nanosecondsPerTerm is 4.8650519503254
nanosecondsPerTerm is 4.835364215997
nanosecondsPerTerm is 4.828495562692594
14529.01334376851 14042.49563100496 12856.1497538441 12079.12329253394
243/2050
[5.532835929616659, 5.535081272140317]
nanosecondsPerTerm is 4.826626834819463
nanosecondsPerTerm is 4.836406122523812
nanosecondsPerTerm is 4.838645161857449
nanosecondsPerTerm is 4.83184484773134
18702.90359553397 219402.6614016622 18363.46526078552 108132.2849885273
45/2050
D = 3
[5.539564682282307, 5.541802764596611]
nanosecondsPerTerm is 4.8353919643739
nanosecondsPerTerm is 4.834684293339184
nanosecondsPerTerm is 4.829694128133222
nanosecondsPerTerm is 4.833734464945805
26231.85770046697 43885.86427703092 25991.42686855196 44675.54066064944
1063/2052
[5.541802764596611, 5.544040846910916]
nanosecondsPerTerm is 4.838231035926787
nanosecondsPerTerm is 4.857781961930083
nanosecondsPerTerm is 4.831643336000348
nanosecondsPerTerm is 4.834576628522727
44127.03925782794 37927.87956643535 44718.69471470423 36766.25598774147
55/2053
[5.539564682282307, 5.540683723439459]
nanosecondsPerTerm is 4.83317041100997
nanosecondsPerTerm is 4.83170340911862
nanosecondsPerTerm is 4.837556341672195
nanosecondsPerTerm is 4.834538157614375
48187.91820460599 26548.6843719528 46272.31587433736 26407.95210506772
15/2052
[5.540683723439459, 5.541802764596611]
nanosecondsPerTerm is 4.834528529633674
nanosecondsPerTerm is 4.840579519164192
nanosecondsPerTerm is 4.826429626734508
nanosecondsPerTerm is 4.831751145298957
26081.22067692666 44311.06055712783 25991.42686855196 44675.54066064944
221/2052
D = 3
[5.552971556249752, 5.555198857526308]
nanosecondsPerTerm is 4.828558092453198
nanosecondsPerTerm is 4.834268006519174
nanosecondsPerTerm is 4.829578109389805
nanosecondsPerTerm is 4.825552489410261
28812.98602377377 222781.6204288247 28491.23059745487 5444028.116584615
2002/2057
[5.555198857526308, 5.557426158802865]
nanosecondsPerTerm is 4.843869601129744
nanosecondsPerTerm is 4.821427113416546
nanosecondsPerTerm is 4.826758258499736
nanosecondsPerTerm is 4.827330345935939
145567.6147961504 888518.3925902253 206094.9208303968 94873.78167195967
1542/2057
[5.552971556249752, 5.554085206888031]
nanosecondsPerTerm is 4.825186838457444
nanosecondsPerTerm is 4.830511242801962
nanosecondsPerTerm is 4.826540596504583
nanosecondsPerTerm is 4.828074264425732
22394.9443353415 29404.35195194657 23113.54863506058 29036.08612796169
254/2056
[5.554085206888031, 5.555198857526308]
nanosecondsPerTerm is 4.826712525350137
nanosecondsPerTerm is 4.821660333254951
nanosecondsPerTerm is 4.816079238557136
nanosecondsPerTerm is 4.831493235640677
28274.66913739704 553193.0984640877 28411.58430152737 3574151.095291336
2030/2057
[5.554085206888031, 5.55464203220717]
nanosecondsPerTerm is 4.825362256268091
nanosecondsPerTerm is 4.821023865766205
nanosecondsPerTerm is 4.827607742045251
nanosecondsPerTerm is 4.824945651016206
27562.24224618303 606689.3817384201 27489.27596071597 1850592.690981343
14/2057
[5.55464203220717, 5.555198857526308]
nanosecondsPerTerm is 4.825718071252714
nanosecondsPerTerm is 4.827389064955512
nanosecondsPerTerm is 4.816206332176526
nanosecondsPerTerm is 4.820280719830146
28264.84168005946 1442122.994759195 28411.58430152737 3574151.095291336
2044/2057
[5.55464203220717, 5.554920444866739]
nanosecondsPerTerm is 4.825231398486456
nanosecondsPerTerm is 4.827041289630277
nanosecondsPerTerm is 4.832531525808668
nanosecondsPerTerm is 4.820831881149688
28337.92134382771 1430297.343178562 28379.27328725081 5112238.785221287
3/2057
[5.554920444866739, 5.555198857526308]
nanosecondsPerTerm is 4.825552506282906
nanosecondsPerTerm is 4.831809397773084
nanosecondsPerTerm is 4.840625083612681
nanosecondsPerTerm is 4.821109783256355
28317.84335863649 5312436.827268957 28411.58430152737 3574151.095291336
2047/2057
[5.554920444866739, 5.555059651196524]
nanosecondsPerTerm is 4.823440092405505
nanosecondsPerTerm is 4.823131176501536
nanosecondsPerTerm is 4.828889962081264
nanosecondsPerTerm is 4.82779270139208
28258.947888972 3914255.30705517 28300.99163428159 56060277.67744369
6/2057
[5.555059651196524, 5.555198857526308]
nanosecondsPerTerm is 4.825437067026837
nanosecondsPerTerm is 4.826454168745236
nanosecondsPerTerm is 4.820428852180437
nanosecondsPerTerm is 4.827524960784134
28359.50373521471 19787479.41222866 28411.58430152737 3574151.095291336
3/2057
[5.555198857526308, 5.556312508164586]
nanosecondsPerTerm is 4.859102242227361
nanosecondsPerTerm is 4.816973967299505
nanosecondsPerTerm is 4.870707720391479
nanosecondsPerTerm is 4.827900495048357
15443.04925060334 156644.9684293809 21025.64854105476 197049.6814901667
26/2057
[5.556312508164586, 5.557426158802865]
nanosecondsPerTerm is 4.827645003408261
nanosecondsPerTerm is 4.831728345868705
nanosecondsPerTerm is 4.815074848398285
nanosecondsPerTerm is 4.822060290641945
181489.4118073292 157954.7901416069 206094.9208303968 94873.78167195967
123/2057
D = 3
[5.557426158802865, 5.559649895167262]
nanosecondsPerTerm is 4.880965272015527
nanosecondsPerTerm is 4.823820704348502
nanosecondsPerTerm is 4.872727080494077
nanosecondsPerTerm is 4.831136466151224
53650.63961583349 51367.9153366661 30713.98935547895 38275.31975072157
1748/2057
[5.559649895167262, 5.56187363153166]
nanosecondsPerTerm is 4.877256921592459
nanosecondsPerTerm is 4.831197463122182
nanosecondsPerTerm is 4.868869071033918
nanosecondsPerTerm is 4.824148937633
311881.085867646 50855.46954046362 47691.12861201776 46173.06156570065
1741/2057
[5.557426158802865, 5.558538026985063]
nanosecondsPerTerm is 4.886875741479123
nanosecondsPerTerm is 4.822457447441345
nanosecondsPerTerm is 4.878964251277964
nanosecondsPerTerm is 4.830595042494622
20246.90521329204 44450.08763063767 16015.98549596777 37959.82941484397
1496/2057
[5.558538026985063, 5.559649895167262]
nanosecondsPerTerm is 4.863598826322515
nanosecondsPerTerm is 4.826104708527273
nanosecondsPerTerm is 4.873990021027704
nanosecondsPerTerm is 4.826162430091
40362.63360976702 42399.02438067903 30713.98935547895 38275.31975072157
198/2057
[5.557426158802865, 5.557982092893964]
nanosecondsPerTerm is 4.860460632586269
nanosecondsPerTerm is 4.821050727512628
nanosecondsPerTerm is 4.864869721087191
nanosecondsPerTerm is 4.828149473599088
18737.41352829775 93561.78880623734 16669.03499447203 80343.73752631205
548/2057
[5.557982092893964, 5.558538026985063]
nanosecondsPerTerm is 4.866365129397279
nanosecondsPerTerm is 4.838827176496618
nanosecondsPerTerm is 4.864762055143154
nanosecondsPerTerm is 4.820878466840938
17897.86868512335 40276.50879016075 16015.98549596777 37959.82941484397
1219/2057
[5.557982092893964, 5.558260059939514]
nanosecondsPerTerm is 4.822782448946178
nanosecondsPerTerm is 4.82729206828001
nanosecondsPerTerm is 4.846465943895295
nanosecondsPerTerm is 4.831424301876783
81543.98305368227 40870.19612836032 76618.79454558031 39515.46215076284
126/2057
[5.558260059939514, 5.558538026985063]
nanosecondsPerTerm is 4.870156523684587
nanosecondsPerTerm is 4.852758535517579
nanosecondsPerTerm is 4.864185112754029
nanosecondsPerTerm is 4.822792508857142
38723.38494549346 38944.20121509708 36513.10839351212 37959.82941484397
221/2057
[5.559649895167262, 5.560761763349461]
nanosecondsPerTerm is 4.880994376899932
nanosecondsPerTerm is 4.835662659262734
nanosecondsPerTerm is 4.862530424402559
nanosecondsPerTerm is 4.827921921252005
8470645.554526299 50665.1535239861 107814.1979505676 48512.08499998994
1910/2057
[5.560761763349461, 5.56187363153166]
nanosecondsPerTerm is 4.879981142277898
nanosecondsPerTerm is 4.871243854552732
nanosecondsPerTerm is 4.869074259555845
nanosecondsPerTerm is 4.86250404815317
128295.2585948327 119239.3346030412 47691.12861201776 76840.98355353576
1001/2057
[5.559649895167262, 5.560205829258361]
nanosecondsPerTerm is 4.877517668524546
nanosecondsPerTerm is 4.826875600960435
nanosecondsPerTerm is 4.869951416626604
nanosecondsPerTerm is 4.843363348943782
2265039.727274921 51285.11041920404 226220.5577138795 50268.49682018672
1982/2057
[5.560205829258361, 5.560761763349461]
nanosecondsPerTerm is 4.867561661965727
nanosecondsPerTerm is 4.829779921887568
nanosecondsPerTerm is 4.856562749646568
nanosecondsPerTerm is 4.817804021635926
234388.4931879731 49679.25662748636 107814.1979505676 48512.08499998994
72/2057
[5.559649895167262, 5.559927862212811]
nanosecondsPerTerm is 4.871332065231788
nanosecondsPerTerm is 4.830728543571919
nanosecondsPerTerm is 4.878601943001977
nanosecondsPerTerm is 4.830694734714535
110110.8429834437 51283.62710107492 87538.14749673485 50785.88578822566
30/2057
[5.559927862212811, 5.560205829258361]
nanosecondsPerTerm is 4.868472039924492
nanosecondsPerTerm is 4.836961433377421
nanosecondsPerTerm is 4.858112973420292
nanosecondsPerTerm is 4.82125543044478
523618.7973025409 50799.52660610031 226220.5577138795 50268.49682018672
32/2057
[5.560761763349461, 5.561317697440561]
nanosecondsPerTerm is 4.859640102417777
nanosecondsPerTerm is 4.859782839927627
nanosecondsPerTerm is 4.86689690396472
nanosecondsPerTerm is 4.869740593831834
136173.5473996473 237190.7479968318 73964.54522326341 154647.7688961304
54/2057
[5.561317697440561, 5.56187363153166]
nanosecondsPerTerm is 4.861395192967684
nanosecondsPerTerm is 4.829462690003133
nanosecondsPerTerm is 4.871472999716944
nanosecondsPerTerm is 4.827837520441187
97039.97096513366 243902.3924861482 76840.98355353576 205266.3446613456
65/2057
D = 3
[5.619054669812633, 5.621229951401067]
nanosecondsPerTerm is 4.844834265281396
nanosecondsPerTerm is 4.850510812858636
nanosecondsPerTerm is 4.857910163914218
nanosecondsPerTerm is 4.848346965278039
56049.51221212207 45620.76745609518 21350.1475253562 21657.89743366251
1116/2090
[5.621229951401067, 5.623405232989501]
nanosecondsPerTerm is 4.843753498844369
nanosecondsPerTerm is 4.843848416091938
nanosecondsPerTerm is 4.850469695616715
nanosecondsPerTerm is 4.850798592804486
33798.10493442425 46136.36390302587 22711.22046718161 32965.49224061694
110/2091
[5.619054669812633, 5.62014231060685]
nanosecondsPerTerm is 4.892031210745932
nanosecondsPerTerm is 4.844547823390712
nanosecondsPerTerm is 4.870911069757989
nanosecondsPerTerm is 4.846745507790102
31571.98350349076 55812.91691848456 42384.34381728232 29834.25960526293
175/2090
[5.62014231060685, 5.621229951401067]
nanosecondsPerTerm is 4.868196811090634
nanosecondsPerTerm is 4.854716988693983
nanosecondsPerTerm is 4.873284908616987
nanosecondsPerTerm is 4.841811387808177
58268.7940649197 46962.79663900026 85946.82197464265 29678.646431469
94/2090
D = 3
[5.653672419381532, 5.655821174128334]
nanosecondsPerTerm is 4.830879100882726
nanosecondsPerTerm is 4.819716061109678
nanosecondsPerTerm is 4.825854578944125
nanosecondsPerTerm is 4.820599977957475
2317141.943025984 39249.87315939343 578777.8155097442 59637.01371565126
208/2107
[5.655821174128334, 5.657969928875135]
nanosecondsPerTerm is 4.819709269457769
nanosecondsPerTerm is 4.824844611737997
nanosecondsPerTerm is 4.824290698225173
nanosecondsPerTerm is 4.821584622024798
46314.52602903959 60228.28510328682 60186.1591695257 83552.81302516803
121/2107
D = 3
[5.662260919922856, 5.664403168554671]
nanosecondsPerTerm is 4.819641962579227
nanosecondsPerTerm is 4.819594573546183
nanosecondsPerTerm is 4.826428752426677
nanosecondsPerTerm is 4.812489531733675
42439.14326619774 29182.97209909988 32790.75852438521 23897.21705786707
90/2110
[5.664403168554671, 5.666545417186485]
nanosecondsPerTerm is 4.809926352612898
nanosecondsPerTerm is 4.813897124545569
nanosecondsPerTerm is 4.821093953626389
nanosecondsPerTerm is 4.826784983900267
22600.60772229241 23289.7186319429 19754.68418590909 21093.45421011413
476/2110
D = 3
[5.69635711269629, 5.698473821294886]
nanosecondsPerTerm is 4.904951738178832
nanosecondsPerTerm is 4.85756014793095
nanosecondsPerTerm is 4.824527361665817
nanosecondsPerTerm is 4.836001843336949
80954.18669961613 174985.2790925846 53051.90233403527 55994.16696645326
132/2124
[5.698473821294886, 5.700590529893483]
nanosecondsPerTerm is 4.823224234324905
nanosecondsPerTerm is 4.834730291322261
nanosecondsPerTerm is 4.831594300997656
nanosecondsPerTerm is 4.827252063083795
50519.01571008025 38561.75830710029 27543.5041917671 38165.19942595274
240/2124
D = 3
[5.700590529893483, 5.702704099299411]
nanosecondsPerTerm is 4.845808209408372
nanosecondsPerTerm is 4.833594766020175
nanosecondsPerTerm is 4.829863959622526
nanosecondsPerTerm is 4.831172631774753
27186.43167720079 67995.98543118154 20745.30253283634 71889.82422217488
207/2125
[5.702704099299411, 5.704817668705339]
nanosecondsPerTerm is 4.833824490394279
nanosecondsPerTerm is 4.832404943450509
nanosecondsPerTerm is 4.827004466054658
nanosecondsPerTerm is 4.8278431080589
93452.05990448369 117297.1971332785 92950.17096605878 218134.4266169382
76/2125
D = 3
[5.704817668705339, 5.70692811053175]
nanosecondsPerTerm is 4.82307624880923
nanosecondsPerTerm is 4.867464108331179
nanosecondsPerTerm is 4.878943955322712
nanosecondsPerTerm is 4.879654530617017
188988.0875274079 47178.68795073226 543595.6280223959 28208.759849221
125/2127
[5.70692811053175, 5.709038552358161]
nanosecondsPerTerm is 4.821404157677545
nanosecondsPerTerm is 4.861113500463606
nanosecondsPerTerm is 4.828206276787247
nanosecondsPerTerm is 4.824469647183004
569957.9387773514 28748.51441802444 336431.0772900652 20679.85965648642
1988/2128
[5.70692811053175, 5.707983331444956]
nanosecondsPerTerm is 4.82001881797343
nanosecondsPerTerm is 4.822576828702381
nanosecondsPerTerm is 4.82513177661111
nanosecondsPerTerm is 4.820593709478483
494630.7734001908 28840.23933120375 2968641.472835103 24146.38445034927
2060/2128
[5.707983331444956, 5.709038552358161]
nanosecondsPerTerm is 4.824554686914069
nanosecondsPerTerm is 4.825542704017388
nanosecondsPerTerm is 4.817008097029233
nanosecondsPerTerm is 4.817929249029189
1656467.432590761 24084.61444793818 336431.0772900652 20679.85965648642
72/2128
[5.70692811053175, 5.707455720988353]
nanosecondsPerTerm is 4.823461013210389
nanosecondsPerTerm is 4.821931165527096
nanosecondsPerTerm is 4.845930014692035
nanosecondsPerTerm is 4.823687198369269
625578.1017802276 642123.6102277876 1260574.870738367 2517568.591800912
204/2127
[5.707455720988353, 5.707983331444956]
nanosecondsPerTerm is 4.845091659785986
nanosecondsPerTerm is 4.824304231261846
nanosecondsPerTerm is 4.820094305541634
nanosecondsPerTerm is 4.822424793175648
1193657.458739802 26303.77163731891 2968641.472835103 24146.38445034927
2098/2128
[5.707455720988353, 5.707719526216654]
nanosecondsPerTerm is 4.838766994748322
nanosecondsPerTerm is 4.81929572813777
nanosecondsPerTerm is 4.821736343044488
nanosecondsPerTerm is 4.831528267567668
948276.6847743721 26091.71132658413 2229976.680646264 24985.27350047759
11/2128
[5.707719526216654, 5.707983331444956]
nanosecondsPerTerm is 4.820880725693371
nanosecondsPerTerm is 4.831244092779891
nanosecondsPerTerm is 4.81912507292069
nanosecondsPerTerm is 4.818056384939376
3996207.341621311 25182.19305618919 2968641.472835103 24146.38445034927
2113/2128
[5.707719526216654, 5.707851428830805]
nanosecondsPerTerm is 4.850233637831344
nanosecondsPerTerm is 4.827393474944128
nanosecondsPerTerm is 4.821068477774056
nanosecondsPerTerm is 4.82413119533243
4335543.600918456 25103.85330317868 16193383.56710186 24579.81942446464
2121/2128
[5.707851428830805, 5.707983331444956]
nanosecondsPerTerm is 4.825482573964976
nanosecondsPerTerm is 4.823733191684584
nanosecondsPerTerm is 4.818916620813593
nanosecondsPerTerm is 4.853342202184217
23128410.47149808 24654.06379733592 2968641.472835103 24146.38445034927
8/2128
[5.707719526216654, 5.70778547752373]
nanosecondsPerTerm is 4.816073259918195
nanosecondsPerTerm is 4.813702853486067
nanosecondsPerTerm is 4.822315596776529
nanosecondsPerTerm is 4.827481307171935
8534720.316653177 25077.8589521565 35463996.98211112 24813.67554955467
2125/2128
[5.70778547752373, 5.707851428830805]
nanosecondsPerTerm is 4.819682770709965
nanosecondsPerTerm is 4.822130926281877
nanosecondsPerTerm is 4.884129902727356
nanosecondsPerTerm is 4.82094279654399
11841357.77133931 24839.26045797955 16193383.56710186 24579.81942446464
2124/2128
[5.707719526216654, 5.707752501870193]
nanosecondsPerTerm is 4.847908093083963
nanosecondsPerTerm is 4.816560357115806
nanosecondsPerTerm is 4.856850133508138
nanosecondsPerTerm is 4.823219731165624
4097273.98743555 25106.51515687632 5848932.758596721 24973.48319702342
3/2128
[5.707752501870193, 5.70778547752373]
nanosecondsPerTerm is 4.918533071550935
nanosecondsPerTerm is 4.897859030605856
nanosecondsPerTerm is 4.856300035559943
nanosecondsPerTerm is 4.818795853900484
22481250.53776833 24945.11680388618 35463996.98211112 24813.67554955467
2127/2128
[5.707752501870193, 5.707768989696961]
nanosecondsPerTerm is 4.825200651071287
nanosecondsPerTerm is 4.821044934108639
nanosecondsPerTerm is 4.835602452316794
nanosecondsPerTerm is 4.8369755671439
4855676.754386676 24961.2077719515 5899235.435816831 24895.31213146077
1/2128
[5.707768989696961, 5.70778547752373]
nanosecondsPerTerm is 4.831057052272583
nanosecondsPerTerm is 4.833252758154748
nanosecondsPerTerm is 4.813920218355962
nanosecondsPerTerm is 4.815295490583607
122831654.6731204 24879.2345118214 35463996.98211112 24813.67554955467
2127/2128
Likely eigenvalue [5.707768989696961, 5.70778547752373]
[5.70778547752373, 5.707818453177268]
nanosecondsPerTerm is 4.812132246268778
nanosecondsPerTerm is 4.813053724168814
nanosecondsPerTerm is 4.821708776591682
nanosecondsPerTerm is 4.823689779170897
1280541.233263653 24736.51642748962 1420689.514056187 24606.90739243449
0/2128
[5.707818453177268, 5.707851428830805]
nanosecondsPerTerm is 4.824896812174681
nanosecondsPerTerm is 4.824510243546655
nanosecondsPerTerm is 4.814622763877749
nanosecondsPerTerm is 4.81631319901483
88103608.11717078 24708.90340965182 16193383.56710186 24579.81942446464
2125/2128
[5.707818453177268, 5.707834941004037]
nanosecondsPerTerm is 4.835820700738256
nanosecondsPerTerm is 4.845687468207133
nanosecondsPerTerm is 4.828240551680871
nanosecondsPerTerm is 4.828731284180384
9405217.197724586 24680.71467939096 14345202.87805608 24616.07648946789
1/2128
[5.707834941004037, 5.707851428830805]
nanosecondsPerTerm is 4.821522195334955
nanosecondsPerTerm is 4.824340181016691
nanosecondsPerTerm is 4.818929472418191
nanosecondsPerTerm is 4.819769445199181
39681165.49717569 24644.20320114895 16193383.56710186 24579.81942446464
1/2128
D = 3
[5.717461646407152, 5.719562774490822]
nanosecondsPerTerm is 4.831644631419262
nanosecondsPerTerm is 4.831570936155988
nanosecondsPerTerm is 4.828422562380064
nanosecondsPerTerm is 4.855279497444949
41863.69255340498 265029.5466955596 53037.90099503082 399874.8168351941
49/2130
[5.719562774490822, 5.721663902574492]
nanosecondsPerTerm is 4.825335875452823
nanosecondsPerTerm is 4.840073424590516
nanosecondsPerTerm is 4.821252362585474
nanosecondsPerTerm is 4.824035347812561
154343.4372730209 127293.1939644365 288140.0305304687 106965.9441427124
420/2130
memory leak= { -6957 -38233 0 0 1042510 -6308451 }
mode = fine
d = 163
symClass = C
D = 0
D = 5.03906
[2.44350402866784, 2.443593441530669]
nanosecondsPerTerm is 5.274965978522929
nanosecondsPerTerm is 5.257276108910835
nanosecondsPerTerm is 5.261248221267556
nanosecondsPerTerm is 5.258933103356685
6182.254519031585 5202.64514486911 6228.069275076178 5235.357395015578
2.44350402866784
2.443593441530669
nanosecondsPerTerm is 5.241792621259628
nanosecondsPerTerm is 5.254595099526814
2.44357500784005
43/2191, 40/2191
Sign changes no longer useful, stopping.
D = 5.0390625
[2.443593441530669, 2.443682854393497]
nanosecondsPerTerm is 5.260705676401456
nanosecondsPerTerm is 5.251088585605655
nanosecondsPerTerm is 5.250379297574002
nanosecondsPerTerm is 5.244951614761346
5237.865711125273 4886.703965056917 5270.954250204113 4916.457831914337
2.443593441530669
2.443682854393497
nanosecondsPerTerm is 5.252080132434385
nanosecondsPerTerm is 5.256481757601121
2.443620257022089
968/2191, 986/2191
Sign changes no longer useful, stopping.
D = 5.0390625
[2.600793902244871, 2.600873251376743]
nanosecondsPerTerm is 5.342231930079392
nanosecondsPerTerm is 5.340397630556976
nanosecondsPerTerm is 5.24364640104303
nanosecondsPerTerm is 5.248902203172272
17161.355602581 13451.59455302394 17384.61835344308 13334.28000017365
2.600793902244871
2.600873251376743
nanosecondsPerTerm is 5.241644807902559
nanosecondsPerTerm is 5.248559068625442
2.600828083830749
1/2255, 2/2255
Sign changes no longer useful, stopping.
D = 4.7578125
[2.701263873728298, 2.701337574586333]
nanosecondsPerTerm is 5.230445273480377
nanosecondsPerTerm is 5.235094393632961
nanosecondsPerTerm is 5.236780930996083
nanosecondsPerTerm is 5.242105258961552
7982.268865894222 8008.02631879066 7988.2722972965 8004.532774760631
2.701263873728298
2.701337574586333
nanosecondsPerTerm is 5.237424238160304
nanosecondsPerTerm is 5.242763143984242
2.701273090849039
22/2119, 23/2119
Sign changes no longer useful, stopping.
D = 4.7578125
[3.144993085069967, 3.145047251028107]
nanosecondsPerTerm is 5.245860043942187
nanosecondsPerTerm is 5.260888731834831
nanosecondsPerTerm is 5.242678681848691
nanosecondsPerTerm is 5.246853709601856
60315.66828626076 57925.12563924032 58817.08004727949 56620.55853719135
3.144993085069967
3.145047251028107
nanosecondsPerTerm is 5.234235530518091
nanosecondsPerTerm is 5.233235562584911
3.14502001154539
12/2313, 13/2313
Sign changes no longer useful, stopping.
D = 4.7578125
[3.213627876682156, 3.213679781204893]
nanosecondsPerTerm is 5.198021208147395
nanosecondsPerTerm is 5.220460918946647
nanosecondsPerTerm is 5.200354476136639
nanosecondsPerTerm is 5.192057250433296
4915.022472954877 40168.75575010103 4908.771617350566 40292.98065324858
3.213627876682156
3.213679781204893
nanosecondsPerTerm is 5.199450352606972
nanosecondsPerTerm is 5.171272453877314
3.213645490779557
1182/2345, 1085/2345
Sign changes no longer useful, stopping.
D = 4.546875
[3.464088858387706, 3.464133639308074]
nanosecondsPerTerm is 5.143573543734471
nanosecondsPerTerm is 5.142912441684834
nanosecondsPerTerm is 5.246827587216566
nanosecondsPerTerm is 5.235304986551122
648308.0160274579 89642.10123656775 833018.4888653419 91640.97866976267
3.464088858387706
3.464133639308074
nanosecondsPerTerm is 5.146591503191195
nanosecondsPerTerm is 5.134484167131537
3.464110746977388
0/2306, 1/2306
Sign changes no longer useful, stopping.
D = 4.40625
[3.668073076211358, 3.668112982813628]
nanosecondsPerTerm is 5.144889075539408
nanosecondsPerTerm is 5.14563084530448
nanosecondsPerTerm is 5.149072576690117
nanosecondsPerTerm is 5.141671317347759
26529.4898042465 8694.549749513684 26574.88563532244 8681.124996246834
3.668073076211358
3.668112982813628
nanosecondsPerTerm is 5.153080477968223
nanosecondsPerTerm is 5.159056152377453
3.668087664970853
2/2292, 2/2292
Sign changes no longer useful, stopping.
D = 4.3359375
[4.289090950980526, 4.289120103952712]
nanosecondsPerTerm is 5.165902009136964
nanosecondsPerTerm is 5.170284664530296
nanosecondsPerTerm is 5.173730037238542
nanosecondsPerTerm is 5.175927460243091
8965.606072770985 14250.07336281538 8960.539447873563 14138.6361067812
4.289090950980526
4.289120103952712
nanosecondsPerTerm is 5.177756561311825
nanosecondsPerTerm is 5.177664511113263
4.28909432624795
2/2517, 1/2517
Sign changes no longer useful, stopping.
D = 3.9140625
[4.410083232642869, 4.410110868440567]
nanosecondsPerTerm is 4.958209604261908
nanosecondsPerTerm is 4.953095553125205
nanosecondsPerTerm is 4.955065559523876
nanosecondsPerTerm is 4.933165670185272
7427.877878396358 8956.248247372774 7422.767566155987 8956.091614520457
4.410083232642869
4.410110868440567
nanosecondsPerTerm is 4.952620268324897
nanosecondsPerTerm is 4.933195781325868
4.410103703952508
1/2251, 0/2251
Sign changes no longer useful, stopping.
D = 4.125
[4.411878675949769, 4.411906223393117]
nanosecondsPerTerm is 5.054500164433303
nanosecondsPerTerm is 5.028743084757416
nanosecondsPerTerm is 5.012442783640721
nanosecondsPerTerm is 5.062846065949608
37473.48257389963 22429.30430615097 37452.58777121928 22408.39911200269
4.411878675949769
4.411906223393117
nanosecondsPerTerm is 5.024422513864144
nanosecondsPerTerm is 5.000963110403783
4.411893075042783
1/2414, 1/2414
Sign changes no longer useful, stopping.
D = 4.125
[4.477546866299183, 4.477573649143766]
nanosecondsPerTerm is 5.137646446497898
nanosecondsPerTerm is 4.950828385994162
nanosecondsPerTerm is 5.145652820522287
nanosecondsPerTerm is 4.950023622013981
341861.2238569256 78350.17333718408 310859.4365070522 78658.96628542017
4.477546866299183
4.477573649143766
nanosecondsPerTerm is 5.139261985356809
nanosecondsPerTerm is 4.946646455139005
4.47756482813864
1958/2439, 408/2439
nanosecondsPerTerm is 5.13484766708815
nanosecondsPerTerm is 4.99239790092173
4.477564143260058
1086/2439, 872/2439
Sign changes no longer useful, stopping.
D = 3.984375
[4.557457943824023, 4.557483785514433]
nanosecondsPerTerm is 4.940817123709983
nanosecondsPerTerm is 4.93101777256352
nanosecondsPerTerm is 4.926738443636119
nanosecondsPerTerm is 4.970075438001214
17060.70785751134 15485.89455829753 17060.65567144644 15483.90456159233
4.557457943824023
4.557483785514433
Segmentation fault (core dumped)
