/mmfs1/data/mossea/Documents/bianchi-maass-forms/cmake-build-release
c116
Mon Oct 14 04:03:06 EDT 2024
mode = coarse
d = 163
symClass = C
D = 0
leftEndpoint = -0.4
rightEndpoint = 5
Range already complete.
mode = medium
d = 163
symClass = C
D = 0
D = 3
[4.614071598972965, 4.617295656405832]
nanosecondsPerTerm is 4.356224574649972
nanosecondsPerTerm is 4.34285951076196
nanosecondsPerTerm is 4.325994239016406
nanosecondsPerTerm is 4.325832836210553
17964.49291109285 18195.01038524673 19966.10054669863 21894.00281862227
1322/1729
[4.617295656405832, 4.6205197138387]
nanosecondsPerTerm is 4.324575091512491
nanosecondsPerTerm is 4.346149723254213
nanosecondsPerTerm is 4.355241934359932
nanosecondsPerTerm is 4.339188077327443
14467.81938245623 13347.85963925352 19446.33361821388 14651.71977010176
178/1729
[4.614071598972965, 4.615683627689398]
nanosecondsPerTerm is 4.340607629524682
nanosecondsPerTerm is 4.339209610993815
nanosecondsPerTerm is 4.361439464310537
nanosecondsPerTerm is 4.333972750126248
6406.376331915846 24962.90866721662 6221.787066243798 26595.27302879341
142/1729
[4.615683627689398, 4.617295656405832]
nanosecondsPerTerm is 4.347111787012731
nanosecondsPerTerm is 4.329564895695643
nanosecondsPerTerm is 4.328616505918235
nanosecondsPerTerm is 4.31606443594421
18766.51282872511 19698.95131626448 19966.10054669863 21894.00281862227
1551/1729
[4.615683627689398, 4.616489642047615]
nanosecondsPerTerm is 4.327328948694613
nanosecondsPerTerm is 4.362536238016348
nanosecondsPerTerm is 4.341941445664136
nanosecondsPerTerm is 4.333992563487491
18441.95865402023 19683.07601221287 19024.11859978093 20657.59450509246
1566/1729
[4.616489642047615, 4.617295656405832]
nanosecondsPerTerm is 4.336386176893808
nanosecondsPerTerm is 4.328704211962642
nanosecondsPerTerm is 4.316259749338583
nanosecondsPerTerm is 4.315844277294285
22806.61361236964 18542.6215251359 24268.41179213057 19576.40611714576
54/1729
[4.615683627689398, 4.616086634868506]
nanosecondsPerTerm is 4.341669993362337
nanosecondsPerTerm is 4.318302688812327
nanosecondsPerTerm is 4.353746023985972
nanosecondsPerTerm is 4.329246817132015
6043.721623699185 18416.31030583372 6034.683821979744 18692.00691350138
544/1729
[4.616086634868506, 4.616489642047615]
nanosecondsPerTerm is 4.343915031544666
nanosecondsPerTerm is 4.323959103408935
nanosecondsPerTerm is 4.343390961762505
nanosecondsPerTerm is 4.321534700286642
5352.025000380942 18717.98837136288 5394.779840607469 19024.11859978093
720/1729
[4.615683627689398, 4.615885131278953]
nanosecondsPerTerm is 4.342371670304276
nanosecondsPerTerm is 4.338799339176646
nanosecondsPerTerm is 4.359729919322142
nanosecondsPerTerm is 4.348644643468851
6224.526438908476 6042.542562979496 6200.646875014693 6037.903095358579
37/1729
[4.615885131278953, 4.616086634868506]
nanosecondsPerTerm is 4.349403279365024
nanosecondsPerTerm is 4.324513980426787
nanosecondsPerTerm is 4.33866491705641
nanosecondsPerTerm is 4.316724309516517
6039.09833388576 18550.67981035676 6034.683821979744 18692.00691350138
433/1729
[4.616086634868506, 4.61628813845806]
nanosecondsPerTerm is 4.345336007260456
nanosecondsPerTerm is 4.344387630026462
nanosecondsPerTerm is 4.352841065496094
nanosecondsPerTerm is 4.352651181342729
6035.493638985184 5352.000603449942 6031.399928201323 5372.766707558611
1550/1729
[4.61628813845806, 4.616489642047615]
nanosecondsPerTerm is 4.348779902613596
nanosecondsPerTerm is 4.325935807580012
nanosecondsPerTerm is 4.348318954907047
nanosecondsPerTerm is 4.319093779167035
5372.770436274718 18866.99655808065 5394.779840607469 19024.11859978093
178/1729
[4.616086634868506, 4.616187386663283]
nanosecondsPerTerm is 4.337627401644094
nanosecondsPerTerm is 4.339578876871229
nanosecondsPerTerm is 4.349552590728065
nanosecondsPerTerm is 4.349704156632122
6035.505357706173 5349.253433635216 6033.401490546209 5359.48982197128
164/1729
[4.616187386663283, 4.61628813845806]
nanosecondsPerTerm is 4.346822605345525
nanosecondsPerTerm is 4.351027943233842
nanosecondsPerTerm is 4.347810300044447
nanosecondsPerTerm is 4.346428354330623
6033.39681774274 5362.229278867053 6031.399928201323 5372.766707558611
1386/1729
[4.616187386663283, 4.616237762560671]
nanosecondsPerTerm is 4.346435828015377
nanosecondsPerTerm is 4.346599555152812
nanosecondsPerTerm is 4.352731261267173
nanosecondsPerTerm is 4.351124576233902
6033.958771748569 5361.626854809629 6032.942416019489 5366.8665913419
1149/1729
[4.616237762560671, 4.61628813845806]
nanosecondsPerTerm is 4.359719496887406
nanosecondsPerTerm is 4.35221953449644
nanosecondsPerTerm is 4.342293229552831
nanosecondsPerTerm is 4.344246057124111
6032.384806767599 5367.458937865241 6031.399928201323 5372.766707558611
236/1729
[4.616187386663283, 4.616212574611977]
nanosecondsPerTerm is 4.339647732846559
nanosecondsPerTerm is 4.33743385092882
nanosecondsPerTerm is 4.36445033250197
nanosecondsPerTerm is 4.357937867460964
6033.126010247078 5359.978360888187 6032.617684970967 5362.584902726469
427/1729
[4.616212574611977, 4.616237762560671]
nanosecondsPerTerm is 4.348531931918434
nanosecondsPerTerm is 4.355316522645999
nanosecondsPerTerm is 4.34621990366314
nanosecondsPerTerm is 4.350428459868423
6033.447341186849 5364.23701992051 6032.942416019489 5366.8665913419
702/1729
Likely eigenvalue [4.616212574611977, 4.616237762560671]
D = 3
[4.6205197138387, 4.62373479770512]
nanosecondsPerTerm is 4.322429082190598
nanosecondsPerTerm is 4.323533623736068
nanosecondsPerTerm is 4.328066353202568
nanosecondsPerTerm is 4.324555185749946
14137.05466364727 13290.84952656172 18102.73226858063 15463.82301615038
232/1730
[4.62373479770512, 4.62694988157154]
nanosecondsPerTerm is 4.334973543223645
nanosecondsPerTerm is 4.333773112888578
nanosecondsPerTerm is 4.336165478185651
nanosecondsPerTerm is 4.335125315017259
19090.86086879599 38690.62474995836 23695.74351394853 21486.7479952009
145/1731
D = 3
[4.633362226533814, 4.636559549124282]
nanosecondsPerTerm is 4.345090774309067
nanosecondsPerTerm is 4.346424770851137
nanosecondsPerTerm is 4.343295132096747
nanosecondsPerTerm is 4.346312163840888
61417.55759697306 61415.56816347891 13383.9628547411 13046.41366976579
110/1733
[4.636559549124282, 4.63975687171475]
nanosecondsPerTerm is 4.341907794811564
nanosecondsPerTerm is 4.331511514928196
nanosecondsPerTerm is 4.341210187435932
nanosecondsPerTerm is 4.329074640314032
157200.1300823542 29417.18219038685 546895.0543759844 10835.3525907208
1590/1735
[4.636559549124282, 4.638158210419516]
nanosecondsPerTerm is 4.334193547254079
nanosecondsPerTerm is 4.344591531819533
nanosecondsPerTerm is 4.343138375444271
nanosecondsPerTerm is 4.344178224507646
40382.27611948221 113627.1753074632 37075.26618619607 79321.82245625698
67/1735
[4.638158210419516, 4.63975687171475]
nanosecondsPerTerm is 4.340320907556452
nanosecondsPerTerm is 4.326141334749507
nanosecondsPerTerm is 4.330156676333414
nanosecondsPerTerm is 4.316212541355142
1670507.536065349 22052.94565703562 546895.0543759844 14204.72125216861
1701/1735
[4.638158210419516, 4.638957541067134]
nanosecondsPerTerm is 4.337955803767902
nanosecondsPerTerm is 4.34033253195977
nanosecondsPerTerm is 4.355986562196786
nanosecondsPerTerm is 4.350648359670578
71706.11347284469 924961.009154102 77073.54056352978 998790.8051497452
19/1735
[4.638957541067134, 4.63975687171475]
nanosecondsPerTerm is 4.345938764527997
nanosecondsPerTerm is 4.32764864064675
nanosecondsPerTerm is 4.328919182781211
nanosecondsPerTerm is 4.315632932180717
2075949.749483379 17226.5359868694 546895.0543759844 14204.72125216861
1723/1735
[4.638957541067134, 4.639357206390942]
nanosecondsPerTerm is 4.339616820372076
nanosecondsPerTerm is 4.328115334579391
nanosecondsPerTerm is 4.346076862748383
nanosecondsPerTerm is 4.332212694990286
1200996.089667804 17211.39779685666 741664.3329300563 15543.75700742723
1706/1735
[4.639357206390942, 4.63975687171475]
nanosecondsPerTerm is 4.338991122923192
nanosecondsPerTerm is 4.329891431647692
nanosecondsPerTerm is 4.327177119483114
nanosecondsPerTerm is 4.317569074347103
12286.48811581464 15556.3700397564 12162.77495737561 14204.72125216861
851/1735
[4.638957541067134, 4.639157373729038]
nanosecondsPerTerm is 4.334523742873445
nanosecondsPerTerm is 4.320337573086746
nanosecondsPerTerm is 4.344712537051588
nanosecondsPerTerm is 4.327861798427314
1332663.554953002 17204.63754112768 1034744.952922592 16325.83537336849
5/1735
[4.639157373729038, 4.639357206390942]
nanosecondsPerTerm is 4.339880284845342
nanosecondsPerTerm is 4.326331460499097
nanosecondsPerTerm is 4.333195055773637
nanosecondsPerTerm is 4.322566076337058
955136.4706586787 16331.67820651162 741664.3329300563 15543.75700742723
1701/1735
[4.639157373729038, 4.63925729005999]
nanosecondsPerTerm is 4.341515367257903
nanosecondsPerTerm is 4.327897888386289
nanosecondsPerTerm is 4.351483485117271
nanosecondsPerTerm is 4.334008651162754
1010494.170440031 16323.91288070113 885023.1304887764 15919.75457154164
6/1735
[4.63925729005999, 4.639357206390942]
nanosecondsPerTerm is 4.341137644544596
nanosecondsPerTerm is 4.33120322222813
nanosecondsPerTerm is 4.333702188089921
nanosecondsPerTerm is 4.317236504839289
842451.890983437 15927.10858387302 741664.3329300563 15543.75700742723
1696/1735
[4.63925729005999, 4.639307248225466]
nanosecondsPerTerm is 4.340118868762994
nanosecondsPerTerm is 4.328095835776648
nanosecondsPerTerm is 4.340631504001379
nanosecondsPerTerm is 4.327875304045022
887658.5740021024 15913.70229516064 830063.2068178508 15719.74334140842
78/1735
[4.639307248225466, 4.639357206390942]
nanosecondsPerTerm is 4.335336309134238
nanosecondsPerTerm is 4.324705203571302
nanosecondsPerTerm is 4.336772688295983
nanosecondsPerTerm is 4.319166416657252
790490.9560676876 15732.87941961355 741664.3329300563 15543.75700742723
1612/1735
[4.639307248225466, 4.639332227308204]
nanosecondsPerTerm is 4.333825560544692
nanosecondsPerTerm is 4.322228103008859
nanosecondsPerTerm is 4.339139670512834
nanosecondsPerTerm is 4.328106691862614
858423.733816364 15721.85912087693 829244.8517047758 15626.78844676814
1573/1735
[4.639332227308204, 4.639357206390942]
nanosecondsPerTerm is 4.334885167407211
nanosecondsPerTerm is 4.325045127636522
nanosecondsPerTerm is 4.331794158269428
nanosecondsPerTerm is 4.318372974584939
765682.543329548 15637.69169889262 741664.3329300563 15543.75700742723
59/1735
Likely eigenvalue [4.639307248225466, 4.639332227308204]
[4.639357206390942, 4.639557039052846]
nanosecondsPerTerm is 4.331772691059101
nanosecondsPerTerm is 4.32261443399095
nanosecondsPerTerm is 4.339889036449189
nanosecondsPerTerm is 4.329308595181913
213486.8042756923 15551.82945551688 194076.6045593267 14842.13425411646
88/1735
[4.639557039052846, 4.63975687171475]
nanosecondsPerTerm is 4.340918035036997
nanosecondsPerTerm is 4.323378460014452
nanosecondsPerTerm is 4.325273056853673
nanosecondsPerTerm is 4.31504804115565
12224.97315299252 14846.32645879391 12162.77495737561 14204.72125216861
383/1735
D = 3
[4.652493547948202, 4.655664683123375]
nanosecondsPerTerm is 4.318827940568039
nanosecondsPerTerm is 4.361170967840394
nanosecondsPerTerm is 4.336183212590923
nanosecondsPerTerm is 4.317080544187915
66787.30205746973 11000.45630440124 46418.4960293179 16483.28394150491
459/1742
[4.655664683123375, 4.658835818298546]
nanosecondsPerTerm is 4.31357929570926
nanosecondsPerTerm is 4.31330923803003
nanosecondsPerTerm is 4.31019570777706
nanosecondsPerTerm is 4.306713089040915
12578.94805323138 12236.00387209548 20071.93542091585 18814.43635710822
66/1743
D = 3
[4.658835818298546, 4.661998342900661]
nanosecondsPerTerm is 4.316507263348008
nanosecondsPerTerm is 4.299387740212112
nanosecondsPerTerm is 4.308394196194858
nanosecondsPerTerm is 4.297824461417703
8115.153913083842 85051.70949099657 9498.863754974262 35334.05104366334
43/1744
[4.661998342900661, 4.665160867502776]
nanosecondsPerTerm is 4.305710160169999
nanosecondsPerTerm is 4.310783265503956
nanosecondsPerTerm is 4.31224519680973
nanosecondsPerTerm is 4.313473834798779
9271.371382036868 10335.55221176457 10885.70064762164 12513.9385682247
250/1745
D = 3
[4.665160867502776, 4.668314839745491]
nanosecondsPerTerm is 4.3072736956509
nanosecondsPerTerm is 4.305331632611403
nanosecondsPerTerm is 4.31730770498128
nanosecondsPerTerm is 4.313136774721005
27804.6411121498 29569.21467394788 37995.83399013249 47117.2253884837
76/1746
[4.668314839745491, 4.671468811988208]
nanosecondsPerTerm is 4.310321460646143
nanosecondsPerTerm is 4.308272143513675
nanosecondsPerTerm is 4.308349028699331
nanosecondsPerTerm is 4.308163291147066
41063.18990763538 47662.24216398341 49061.2884046584 93333.83271822768
1674/1746
[4.668314839745491, 4.66989182586685]
nanosecondsPerTerm is 4.307589017169297
nanosecondsPerTerm is 4.307404561554666
nanosecondsPerTerm is 4.315896875107536
nanosecondsPerTerm is 4.312530839649293
61508.98370609857 41451.40717297487 86913.00778176521 48689.93655232899
50/1746
[4.66989182586685, 4.671468811988208]
nanosecondsPerTerm is 4.311723394637319
nanosecondsPerTerm is 4.321512672817703
nanosecondsPerTerm is 4.302915496589886
nanosecondsPerTerm is 4.300072108429403
71339.59614947866 113658.346481669 93333.83271822768 59741.10759449384
1718/1746
[4.66989182586685, 4.670680318927529]
nanosecondsPerTerm is 4.313327133512023
nanosecondsPerTerm is 4.309114217679383
nanosecondsPerTerm is 4.33117949370876
nanosecondsPerTerm is 4.315093800803357
48709.19628406048 71511.46182206656 49937.43482902775 82211.78865513607
1581/1746
[4.670680318927529, 4.671468811988208]
nanosecondsPerTerm is 4.313601240735507
nanosecondsPerTerm is 4.314563943375354
nanosecondsPerTerm is 4.30024041892738
nanosecondsPerTerm is 4.305215815364326
83969.60170406566 74935.8007125592 93333.83271822768 59741.10759449384
839/1746
[4.66989182586685, 4.67028607239719]
nanosecondsPerTerm is 4.300704284155628
nanosecondsPerTerm is 4.308589319042508
nanosecondsPerTerm is 4.320921373617349
nanosecondsPerTerm is 4.318141505850121
84178.61440984237 48649.41281815128 88855.74679966838 49498.09198704673
15/1746
[4.67028607239719, 4.670680318927529]
nanosecondsPerTerm is 4.31591873320162
nanosecondsPerTerm is 4.319561105690223
nanosecondsPerTerm is 4.307939687304521
nanosecondsPerTerm is 4.306137984153351
49581.42054394073 77174.25095869465 49937.43482902775 82211.78865513607
1581/1746
[4.67028607239719, 4.670483195662359]
nanosecondsPerTerm is 4.31713361776933
nanosecondsPerTerm is 4.314217771883976
nanosecondsPerTerm is 4.310938054752715
nanosecondsPerTerm is 4.308989048589328
49516.36689453154 77128.70124275933 49754.47403465192 79730.11460882377
10/1746
[4.670483195662359, 4.670680318927529]
nanosecondsPerTerm is 4.313034208729271
nanosecondsPerTerm is 4.306802742836753
nanosecondsPerTerm is 4.307204243832671
nanosecondsPerTerm is 4.305576637085009
49825.53177437827 79797.0454864756 49937.43482902775 82211.78865513607
1570/1746
[4.670483195662359, 4.670581757294944]
nanosecondsPerTerm is 4.310106684603564
nanosecondsPerTerm is 4.308059364723422
nanosecondsPerTerm is 4.315880833154734
nanosecondsPerTerm is 4.320440730216911
49833.69207341885 79592.4527742043 49904.50135722038 80819.20308429343
37/1746
[4.670581757294944, 4.670680318927529]
nanosecondsPerTerm is 4.307865162966447
nanosecondsPerTerm is 4.308460775023879
nanosecondsPerTerm is 4.308780060462627
nanosecondsPerTerm is 4.307669693343869
49898.08659076417 81033.73395649795 49937.43482902775 82211.78865513607
1534/1746
[4.670581757294944, 4.670631038111236]
nanosecondsPerTerm is 4.307018644316457
nanosecondsPerTerm is 4.305531040694531
nanosecondsPerTerm is 4.321420221101569
nanosecondsPerTerm is 4.334164273350111
49903.73185395451 81035.58757323505 49927.02570686596 81630.84659456878
145/1746
[4.670631038111236, 4.670680318927529]
nanosecondsPerTerm is 4.308997760152691
nanosecondsPerTerm is 4.311988120615173
nanosecondsPerTerm is 4.305064374481358
nanosecondsPerTerm is 4.307161701398312
49921.91352054634 81630.50336242263 49937.43482902775 82211.78865513607
1397/1746
[4.670631038111236, 4.670655678519383]
nanosecondsPerTerm is 4.311660198853691
nanosecondsPerTerm is 4.307562194413826
nanosecondsPerTerm is 4.337693768627178
nanosecondsPerTerm is 4.311173444287365
50028.35379942436 81641.89277307242 50036.83693340068 81934.3189200068
990/1746
[4.670655678519383, 4.670680318927529]
nanosecondsPerTerm is 4.308750746144235
nanosecondsPerTerm is 4.307339106844006
nanosecondsPerTerm is 4.302568189914125
nanosecondsPerTerm is 4.305279593426881
49930.71214610124 81923.13286307518 49937.43482902775 82211.78865513607
402/1746
Likely eigenvalue [4.670631038111236, 4.670655678519383]
[4.670680318927529, 4.671074565457868]
nanosecondsPerTerm is 4.302775298326564
nanosecondsPerTerm is 4.304660063146276
nanosecondsPerTerm is 4.315404651808281
nanosecondsPerTerm is 4.317512360386536
50022.00212520723 82221.60246085518 49871.03070947005 86290.60747233871
133/1746
[4.671074565457868, 4.671468811988208]
nanosecondsPerTerm is 4.341307817452111
nanosecondsPerTerm is 4.313882354821544
nanosecondsPerTerm is 4.303172210620215
nanosecondsPerTerm is 4.305472147148328
89298.01579119854 65832.65090418744 93333.83271822768 59741.10759449384
22/1746
D = 3
[4.671468811988208, 4.674614289458022]
nanosecondsPerTerm is 4.301214961668189
nanosecondsPerTerm is 4.30026391261112
nanosecondsPerTerm is 4.312681390379436
nanosecondsPerTerm is 4.303614690966048
7311928.883091602 723331.1000671148 561216.1673204359 523002.947451744
78/1747
[4.674614289458022, 4.677759766927835]
nanosecondsPerTerm is 4.320648896049623
nanosecondsPerTerm is 4.315217929449356
nanosecondsPerTerm is 4.315055937099866
nanosecondsPerTerm is 4.31729148223743
148417.9413813692 120095.8923396502 226669.5608352724 71949.00838531434
63/1750
D = 3
[4.696531827773121, 4.699643889793274]
nanosecondsPerTerm is 4.310682732185441
nanosecondsPerTerm is 4.316598241255329
nanosecondsPerTerm is 4.311207250241382
nanosecondsPerTerm is 4.312025882535927
37463.75340386881 106590.4020054354 73654.80516365985 243241.4835536995
1707/1757
[4.699643889793274, 4.702755951813425]
nanosecondsPerTerm is 4.319623860265152
nanosecondsPerTerm is 4.32283324258838
nanosecondsPerTerm is 4.33582492098104
nanosecondsPerTerm is 4.313427281107394
4767.958229432633 50855.55765607921 6918.46462749037 26880.38932206902
59/1757
[4.696531827773121, 4.698087858783198]
nanosecondsPerTerm is 4.305614868377563
nanosecondsPerTerm is 4.307890585672813
nanosecondsPerTerm is 4.315605097666755
nanosecondsPerTerm is 4.314514865771094
30586.62578067738 38220.08836744018 40261.84235049217 51696.78110800108
21/1757
[4.698087858783198, 4.699643889793274]
nanosecondsPerTerm is 4.315557393020351
nanosecondsPerTerm is 4.309955477537224
nanosecondsPerTerm is 4.304175150771702
nanosecondsPerTerm is 4.306848479022096
55320.02942167333 201828.4729062585 82265.25563081155 586125.5174805138
1718/1757
[4.698087858783198, 4.698865874288236]
nanosecondsPerTerm is 4.310365158908028
nanosecondsPerTerm is 4.312822485245047
nanosecondsPerTerm is 4.314220822588569
nanosecondsPerTerm is 4.308384728198089
51702.60240262176 206313.8148614768 61953.52540174812 698810.3472483658
19/1757
[4.698865874288236, 4.699643889793274]
nanosecondsPerTerm is 4.309703299669102
nanosecondsPerTerm is 4.30788511011021
nanosecondsPerTerm is 4.306134082380153
nanosecondsPerTerm is 4.306347210609615
66614.08196261128 653031.8175853286 82265.25563081155 586125.5174805138
1742/1757
[4.698865874288236, 4.699254882040755]
nanosecondsPerTerm is 4.31040802867557
nanosecondsPerTerm is 4.307647969877872
nanosecondsPerTerm is 4.316142469641673
nanosecondsPerTerm is 4.31477148212891
66827.68917372602 666440.4685922342 74021.66421003193 6955122.346399671
1745/1757
[4.699254882040755, 4.699643889793274]
nanosecondsPerTerm is 4.323981569626331
nanosecondsPerTerm is 4.31198422567365
nanosecondsPerTerm is 4.319351925882832
nanosecondsPerTerm is 4.307544065610701
5280.356101022243 8821876.223650783 5504.265569966481 586125.5174805138
4/1757
[4.698865874288236, 4.699060378164496]
nanosecondsPerTerm is 4.302526007555483
nanosecondsPerTerm is 4.306865793124881
nanosecondsPerTerm is 4.313435788265044
nanosecondsPerTerm is 4.310352706094331
67552.56111222402 712177.5651748716 71072.52711979333 1736513.913221099
4/1757
[4.699060378164496, 4.699254882040755]
nanosecondsPerTerm is 4.308566714607376
nanosecondsPerTerm is 4.307003454689037
nanosecondsPerTerm is 4.305301022400237
nanosecondsPerTerm is 4.304821997920447
70275.00773188076 1487677.231466651 74021.66421003193 6955122.346399671
1749/1757
[4.699060378164496, 4.699157630102626]
nanosecondsPerTerm is 4.308839980253465
nanosecondsPerTerm is 4.308197691069238
nanosecondsPerTerm is 4.313742995372272
nanosecondsPerTerm is 4.315504612265983
70488.48040584655 1557218.37423672 72328.61482324866 4293278.08750453
3/1757
[4.699157630102626, 4.699254882040755]
nanosecondsPerTerm is 4.306697074944962
nanosecondsPerTerm is 4.309530105506402
nanosecondsPerTerm is 4.305673968564078
nanosecondsPerTerm is 4.299430380371094
72108.87620830281 3807814.092062015 74021.66421003193 6955122.346399671
1752/1757
[4.699157630102626, 4.69920625607169]
nanosecondsPerTerm is 4.308110518307884
nanosecondsPerTerm is 4.312115130071915
nanosecondsPerTerm is 4.314214134277903
nanosecondsPerTerm is 4.322406268730302
72391.87956410971 5300198.700609522 73344.86057401085 66837966.26778926
1754/1757
[4.69920625607169, 4.699254882040755]
nanosecondsPerTerm is 4.313362561438273
nanosecondsPerTerm is 4.313356837257994
nanosecondsPerTerm is 4.305429907831188
nanosecondsPerTerm is 4.305227309027969
73055.135259969 16944188.6218439 74021.66421003193 6955122.346399671
1753/1757
[4.699157630102626, 4.699181943087158]
nanosecondsPerTerm is 4.300573843331166
nanosecondsPerTerm is 4.299538168906261
nanosecondsPerTerm is 4.315318833159863
nanosecondsPerTerm is 4.314764337455861
72127.50297771732 4570768.735506242 72597.76553263866 8548712.107540783
0/1757
[4.699181943087158, 4.69920625607169]
nanosecondsPerTerm is 4.30754506078882
nanosecondsPerTerm is 4.313969260644602
nanosecondsPerTerm is 4.299628978732771
nanosecondsPerTerm is 4.297077543256269
72865.84467408058 11526717.77417438 73344.86057401085 66837966.26778926
1754/1757
Likely eigenvalue [4.699181943087158, 4.69920625607169]
[4.69920625607169, 4.699230569056223]
nanosecondsPerTerm is 4.302894063976364
nanosecondsPerTerm is 4.304651369400982
nanosecondsPerTerm is 4.340219627012184
nanosecondsPerTerm is 4.314323297402357
73216.79832582618 93365874.40300091 73699.19002347263 11015749.94528376
1756/1757
[4.699230569056223, 4.699254882040755]
nanosecondsPerTerm is 4.313715274383542
nanosecondsPerTerm is 4.314478516106242
nanosecondsPerTerm is 4.301742933169278
nanosecondsPerTerm is 4.301145921641898
73535.8312766163 23539356.57778805 74021.66421003193 6955122.346399671
3/1757
Likely eigenvalue [4.69920625607169, 4.699230569056223]
D = 3
[4.733632237712255, 4.736695803134257]
nanosecondsPerTerm is 4.329264986148856
nanosecondsPerTerm is 4.327707442371324
nanosecondsPerTerm is 4.328098255141438
nanosecondsPerTerm is 4.328412511644573
9623.52698700904 8637.424308836444 7360.715652184782 8100.775925038837
1651/1767
[4.736695803134257, 4.739759368556259]
nanosecondsPerTerm is 4.320053616661695
nanosecondsPerTerm is 4.320424064504948
nanosecondsPerTerm is 4.321212759152362
nanosecondsPerTerm is 4.32087937866051
5214.463904905145 5664.339748171068 5013.666041290589 5454.467850008392
170/1770
[4.733632237712255, 4.735164020423256]
nanosecondsPerTerm is 4.323968879943895
nanosecondsPerTerm is 4.321982295186219
nanosecondsPerTerm is 4.341612150175082
nanosecondsPerTerm is 4.332175532778539
7719.794686596187 9613.208185195863 7036.348360718091 8268.583372386754
75/1766
[4.735164020423256, 4.736695803134257]
nanosecondsPerTerm is 4.326119744217613
nanosecondsPerTerm is 4.326514864084878
nanosecondsPerTerm is 4.324194096031856
nanosecondsPerTerm is 4.324483054760496
8125.426556155141 5697.843512967772 7926.872419638715 5556.279556799287
1001/1767
[4.735164020423256, 4.735929911778756]
nanosecondsPerTerm is 4.326933084304028
nanosecondsPerTerm is 4.325024967502729
nanosecondsPerTerm is 4.42283420727845
nanosecondsPerTerm is 4.420223446211996
8260.148233933973 8140.370775765256 7786.204951207121 8034.692124829921
394/1766
[4.735929911778756, 4.736695803134257]
nanosecondsPerTerm is 4.416813143147102
nanosecondsPerTerm is 4.421554298355333
nanosecondsPerTerm is 4.331597428931325
nanosecondsPerTerm is 4.326477614265932
8301.228269556148 5317.182920840975 8183.079149539668 5248.926582646998
762/1767
[4.735929911778756, 4.736312857456507]
nanosecondsPerTerm is 4.418569665277402
nanosecondsPerTerm is 4.417196882291543
nanosecondsPerTerm is 4.338992922996818
nanosecondsPerTerm is 4.333457688665428
8064.454173747128 5628.416018061311 8016.395171781297 5594.459161419885
326/1767
[4.736312857456507, 4.736695803134257]
nanosecondsPerTerm is 4.32789737178423
nanosecondsPerTerm is 4.327911963856243
nanosecondsPerTerm is 4.330709640405676
nanosecondsPerTerm is 4.324877744123102
8240.333077111245 5281.792621239974 8183.079149539668 5248.926582646998
266/1767
D = 3
[4.751966330595097, 4.755006347144114]
nanosecondsPerTerm is 4.333188964459325
nanosecondsPerTerm is 4.3164554926236
nanosecondsPerTerm is 4.340366181079593
nanosecondsPerTerm is 4.323217146286829
12030.20909034656 3816.041515858255 16032.66444686179 3696.969383590648
53/1776
[4.755006347144114, 4.758046363693131]
nanosecondsPerTerm is 4.342355250828954
nanosecondsPerTerm is 4.336070855765987
nanosecondsPerTerm is 4.334049555307846
nanosecondsPerTerm is 4.335801256402184
21363.29311589105 10531.4852161882 45497.49004352225 14604.02165315593
35/1777
D = 3
[4.764110897729196, 4.767135464415455]
nanosecondsPerTerm is 4.339777377508188
nanosecondsPerTerm is 4.316586150638234
nanosecondsPerTerm is 4.338203353640664
nanosecondsPerTerm is 4.320022530759167
47868.34856758011 14146.9967489168 120366.4987201794 14515.69408768032
87/1780
[4.767135464415455, 4.770160031101714]
nanosecondsPerTerm is 4.328885415286416
nanosecondsPerTerm is 4.307821881170582
nanosecondsPerTerm is 4.34057146312028
nanosecondsPerTerm is 4.317242454821789
72866.45293012976 15641.99107836167 177827.3418678635 16321.36375672489
70/1783
D = 3
[4.776193861213375, 4.779203172849162]
nanosecondsPerTerm is 4.359983494107437
nanosecondsPerTerm is 4.307925992339916
nanosecondsPerTerm is 4.334002185732881
nanosecondsPerTerm is 4.307689334525048
102218.5716384162 36147.06867685529 152068.6551722136 47614.93293128987
56/1783
[4.779203172849162, 4.782212484484948]
nanosecondsPerTerm is 4.318855940735864
nanosecondsPerTerm is 4.318905426821778
nanosecondsPerTerm is 4.329907041283508
nanosecondsPerTerm is 4.323744657309997
16595.33133570783 14870.59450771512 16575.24150932396 14037.25335551386
80/1784
D = 3
[4.847440322022281, 4.850361983227357]
nanosecondsPerTerm is 4.315545604489153
nanosecondsPerTerm is 4.325115085426924
nanosecondsPerTerm is 4.322215648802515
nanosecondsPerTerm is 4.318698918352651
54988.90314743036 63365.09763526842 156576.3133638115 164830.6596173826
654/1808
[4.850361983227357, 4.853283644432433]
nanosecondsPerTerm is 4.323646688095765
nanosecondsPerTerm is 4.321866585636102
nanosecondsPerTerm is 4.330526940989677
nanosecondsPerTerm is 4.320906035011583
159565.4986453246 182153.1391037571 205875.7251071691 370388.9505001392
1638/1809
[4.847440322022281, 4.848901152624819]
nanosecondsPerTerm is 4.318669065185812
nanosecondsPerTerm is 4.314804293085566
nanosecondsPerTerm is 4.334471899748157
nanosecondsPerTerm is 4.325567560597798
46867.8948824609 55969.99625972741 229437.4657722879 342330.8000572949
305/1808
[4.848901152624819, 4.850361983227357]
nanosecondsPerTerm is 4.319391731979169
nanosecondsPerTerm is 4.321631779588958
nanosecondsPerTerm is 4.318343486480734
nanosecondsPerTerm is 4.314360673585906
315910.7784856494 375462.4935113079 156576.3133638115 164830.6596173826
45/1808
[4.850361983227357, 4.851822813829894]
nanosecondsPerTerm is 4.317692612302571
nanosecondsPerTerm is 4.314858687531991
nanosecondsPerTerm is 4.330087287844584
nanosecondsPerTerm is 4.324366426544085
166827.9028511895 158598.346808749 125963.4049347777 139683.2441909445
553/1808
[4.851822813829894, 4.853283644432433]
nanosecondsPerTerm is 4.318705041177443
nanosecondsPerTerm is 4.319718868487956
nanosecondsPerTerm is 4.317877845982291
nanosecondsPerTerm is 4.312867959559657
143861.4914538336 192919.1775202019 205875.7251071691 370388.9505001392
1756/1809
[4.850361983227357, 4.851092398528626]
nanosecondsPerTerm is 4.316185534509611
nanosecondsPerTerm is 4.315190703622044
nanosecondsPerTerm is 4.323088772034363
nanosecondsPerTerm is 4.324709346992233
166151.5820102376 158304.4241486969 130822.320316423 138036.1072375153
120/1808
[4.851092398528626, 4.851822813829894]
nanosecondsPerTerm is 4.320106302678016
nanosecondsPerTerm is 4.322591530906997
nanosecondsPerTerm is 4.319431097694741
nanosecondsPerTerm is 4.314299651952288
131247.7754655114 137982.3908234674 125963.4049347777 139683.2441909445
446/1808
[4.851822813829894, 4.852553229131164]
nanosecondsPerTerm is 4.319532006084953
nanosecondsPerTerm is 4.320571482691984
nanosecondsPerTerm is 4.319743909807464
nanosecondsPerTerm is 4.320805838504375
144650.5499226731 192351.729474327 165295.6368455156 241034.1804505593
1749/1809
[4.852553229131164, 4.853283644432433]
nanosecondsPerTerm is 4.316266738499716
nanosecondsPerTerm is 4.314645129415681
nanosecondsPerTerm is 4.321321158172939
nanosecondsPerTerm is 4.313566530362409
163033.1158767326 241739.9918968618 205875.7251071691 370388.9505001392
26/1809
[4.851822813829894, 4.852188021480529]
nanosecondsPerTerm is 4.312765998787519
nanosecondsPerTerm is 4.314002782084286
nanosecondsPerTerm is 4.322280499750596
nanosecondsPerTerm is 4.327936715335209
139764.0305143258 191796.803773864 146167.1376882986 210829.916229073
1743/1809
[4.852188021480529, 4.852553229131164]
nanosecondsPerTerm is 4.318695142482845
nanosecondsPerTerm is 4.317894546318664
nanosecondsPerTerm is 4.308028889620292
nanosecondsPerTerm is 4.31109347460477
152700.7954999462 211467.5097906168 165295.6368455156 241034.1804505593
27/1809
[4.851822813829894, 4.852005417655212]
nanosecondsPerTerm is 4.319922998202268
nanosecondsPerTerm is 4.313430860520193
nanosecondsPerTerm is 4.322905114860053
nanosecondsPerTerm is 4.318920340356771
139672.2437245942 193366.950936338 142421.918501741 201794.93957435
1611/1809
[4.852005417655212, 4.852188021480529]
nanosecondsPerTerm is 4.315919834855997
nanosecondsPerTerm is 4.317941797316139
nanosecondsPerTerm is 4.313635695940477
nanosecondsPerTerm is 4.313097031982751
142505.3449407736 200268.0405944478 146167.1376882986 210829.916229073
61/1809
[4.851822813829894, 4.851914115742553]
nanosecondsPerTerm is 4.321696594103554
nanosecondsPerTerm is 4.328118496294598
nanosecondsPerTerm is 4.325317820164248
nanosecondsPerTerm is 4.321741626960219
139716.97456853 193309.9435704208 140984.1133895664 197288.3954405784
44/1808
[4.851914115742553, 4.852005417655212]
nanosecondsPerTerm is 4.315992105937137
nanosecondsPerTerm is 4.319698901946829
nanosecondsPerTerm is 4.309044968223973
nanosecondsPerTerm is 4.306023646674913
140934.2630419221 197343.3663043778 142421.918501741 201794.93957435
1568/1809
[4.851914115742553, 4.851959766698883]
nanosecondsPerTerm is 4.322044649584486
nanosecondsPerTerm is 4.318909598593346
nanosecondsPerTerm is 4.331723374425461
nanosecondsPerTerm is 4.319140690591196
140949.7542588698 197288.5635775244 141666.8455409163 199452.6256878198
236/1808
[4.851959766698883, 4.852005417655212]
nanosecondsPerTerm is 4.315362360718542
nanosecondsPerTerm is 4.314928377778173
nanosecondsPerTerm is 4.307341040860267
nanosecondsPerTerm is 4.304033812353571
141649.6780845986 199507.33873579 142421.918501741 201794.93957435
1324/1809
[4.851959766698883, 4.851982592177047]
nanosecondsPerTerm is 4.31443559933124
nanosecondsPerTerm is 4.317241065307218
nanosecondsPerTerm is 4.316473277196181
nanosecondsPerTerm is 4.314725234685486
141631.6826516186 199536.3411582034 142010.6995646571 200664.5657432609
1086/1809
[4.851982592177047, 4.852005417655212]
nanosecondsPerTerm is 4.309856047546027
nanosecondsPerTerm is 4.316312006995408
nanosecondsPerTerm is 4.309173231680541
nanosecondsPerTerm is 4.305823202077241
142028.6611443175 200635.3569286641 142421.918501741 201794.93957435
254/1809
Likely eigenvalue [4.851959766698883, 4.851982592177047]
D = 3
[4.853283644432433, 4.856198287204915]
nanosecondsPerTerm is 4.31350901623155
nanosecondsPerTerm is 4.312171272523647
nanosecondsPerTerm is 4.312385951777554
nanosecondsPerTerm is 4.309600595546897
262787.291375408 188226.3948282116 109310.5163580848 166765.0837714247
133/1809
[4.856198287204915, 4.859112929977397]
nanosecondsPerTerm is 4.30962097554476
nanosecondsPerTerm is 4.312171058636967
nanosecondsPerTerm is 4.314150243195283
nanosecondsPerTerm is 4.315149205058866
169568.4643684545 139780.2808005799 107022.9690264867 87003.79278070857
187/1809
D = 3
[4.86492826265324, 4.86782899415397]
nanosecondsPerTerm is 4.342449412979831
nanosecondsPerTerm is 4.313583529380692
nanosecondsPerTerm is 4.315506518890209
nanosecondsPerTerm is 4.315057954054307
25610.10004602116 31342.70106710394 40546.91052745066 43559.88858468207
203/1811
[4.86782899415397, 4.8707297256547]
nanosecondsPerTerm is 4.313564171963719
nanosecondsPerTerm is 4.323530399188743
nanosecondsPerTerm is 4.316478776823925
nanosecondsPerTerm is 4.31869878536107
49560.7113515265 76852.32779226419 60722.49828104739 74945.28954500824
377/1812
D = 3
[4.8707297256547, 4.873623563520177]
nanosecondsPerTerm is 4.311514600062631
nanosecondsPerTerm is 4.309962690222675
nanosecondsPerTerm is 4.315202018813793
nanosecondsPerTerm is 4.308696386895901
966193.3216730218 24153.18761472615 25690.49798833145 22876.08199781889
111/1815
[4.873623563520177, 4.876517401385655]
nanosecondsPerTerm is 4.310157477333907
nanosecondsPerTerm is 4.309350435161325
nanosecondsPerTerm is 4.319693839609339
nanosecondsPerTerm is 4.318898245241321
19456.01994678416 17387.59621828838 20431.77918589652 17326.42396708553
230/1817
D = 3
[4.88229137146943, 4.885171544114176]
nanosecondsPerTerm is 4.347026977429534
nanosecondsPerTerm is 4.357836805802831
nanosecondsPerTerm is 4.348806686377081
nanosecondsPerTerm is 4.353455078242235
54401.74655486905 19880.317673206 22683.46508523219 69700.765701959
272/1817
[4.885171544114176, 4.888051716758922]
nanosecondsPerTerm is 4.346168772571531
nanosecondsPerTerm is 4.348111314688359
nanosecondsPerTerm is 4.354397048147141
nanosecondsPerTerm is 4.353823069303589
91617.75927545677 11081.00764093246 19575.06454688273 33971.3116426121
1760/1818
[4.885171544114176, 4.886611630436549]
nanosecondsPerTerm is 4.346161347543277
nanosecondsPerTerm is 4.347499390711989
nanosecondsPerTerm is 4.357584296372145
nanosecondsPerTerm is 4.354850121880917
25777.50026218934 107114.4040628197 14626.26110828686 43770.33341048373
1723/1817
[4.886611630436549, 4.888051716758922]
nanosecondsPerTerm is 4.350862944893158
nanosecondsPerTerm is 4.351821701111499
nanosecondsPerTerm is 4.344393606242516
nanosecondsPerTerm is 4.345905878730338
46686.05810310541 16389.19555699344 19575.06454688273 33971.3116426121
30/1818
[4.885171544114176, 4.885891587275363]
nanosecondsPerTerm is 4.345861742308323
nanosecondsPerTerm is 4.347070772051303
nanosecondsPerTerm is 4.360159358216845
nanosecondsPerTerm is 4.36398092899424
24920.02717327049 141887.1263870721 18004.62789496641 109425.4451600648
1755/1817
[4.885891587275363, 4.886611630436549]
nanosecondsPerTerm is 4.365527821380831
nanosecondsPerTerm is 4.356586615367418
nanosecondsPerTerm is 4.347024794513941
nanosecondsPerTerm is 4.348164154045422
143938.9146926449 56029.65253239538 43770.33341048373 41017.72604223713
334/1817
[4.885171544114176, 4.88553156569477]
nanosecondsPerTerm is 4.349770288263691
nanosecondsPerTerm is 4.346158227678692
nanosecondsPerTerm is 4.352011347305489
nanosecondsPerTerm is 4.354590480388688
24668.98210126775 149825.71334231 20683.74139698563 689697.7886541418
1787/1817
[4.88553156569477, 4.885891587275363]
nanosecondsPerTerm is 4.349954559427558
nanosecondsPerTerm is 4.351784221879388
nanosecondsPerTerm is 4.355885034654516
nanosecondsPerTerm is 4.352272509341029
20851.61159107997 924618.8418917579 18004.62789496641 109425.4451600648
35/1817
[4.885171544114176, 4.885351554904473]
nanosecondsPerTerm is 4.343735842002127
nanosecondsPerTerm is 4.348891831938223
nanosecondsPerTerm is 4.353855559080119
nanosecondsPerTerm is 4.354908222055489
23546.2720587644 158375.2313172634 21511.74653403293 444860.0809179515
23/1817
[4.885351554904473, 4.88553156569477]
nanosecondsPerTerm is 4.351020256438008
nanosecondsPerTerm is 4.349877784738007
nanosecondsPerTerm is 4.342363383038628
nanosecondsPerTerm is 4.341763353870542
22487.72148016945 383858.2558657175 20683.74139698563 689697.7886541418
1804/1817
[4.885351554904473, 4.885441560299621]
nanosecondsPerTerm is 4.348433146540772
nanosecondsPerTerm is 4.349930750199515
nanosecondsPerTerm is 4.356734080297606
nanosecondsPerTerm is 4.353679295928377
22473.98746663579 398226.784447321 21532.21965111978 2070801.803236778
5/1817
[4.885441560299621, 4.88553156569477]
nanosecondsPerTerm is 4.368894240307517
nanosecondsPerTerm is 4.352654900544195
nanosecondsPerTerm is 4.344560142977768
nanosecondsPerTerm is 4.341056186950225
21544.6799628159 1737412.776867921 20683.74139698563 689697.7886541418
1811/1817
[4.885441560299621, 4.885486562997196]
nanosecondsPerTerm is 4.351159438427238
nanosecondsPerTerm is 4.352226923233426
nanosecondsPerTerm is 4.352322625936385
nanosecondsPerTerm is 4.350003436094654
21508.20473617363 1122088.979652906 21069.64038817928 6477098.498899945
1813/1817
[4.885486562997196, 4.88553156569477]
nanosecondsPerTerm is 4.352847572379978
nanosecondsPerTerm is 4.347278423162012
nanosecondsPerTerm is 4.34327521857729
nanosecondsPerTerm is 4.338760329978652
21104.59665435183 2284596.254817615 20683.74139698563 689697.7886541418
5/1817
[4.885441560299621, 4.885464061648408]
nanosecondsPerTerm is 4.340098017388536
nanosecondsPerTerm is 4.344487863775967
nanosecondsPerTerm is 4.353847509302814
nanosecondsPerTerm is 4.350191417147136
21533.93092587069 2689781.451958012 21311.68759377845 7421195.666916963
1816/1817
[4.885464061648408, 4.885486562997196]
nanosecondsPerTerm is 4.36061496529125
nanosecondsPerTerm is 4.350600412546726
nanosecondsPerTerm is 4.340552447601782
nanosecondsPerTerm is 4.34265982396011
21286.45447963664 2714578.645569295 21069.64038817928 6477098.498899945
1814/1817
Likely eigenvalue [4.885441560299621, 4.885464061648408]
Likely eigenvalue [4.885464061648408, 4.885486562997196]
D = 3
[4.888051716758922, 4.890925117052745]
nanosecondsPerTerm is 4.344255587431015
nanosecondsPerTerm is 4.347032595508285
nanosecondsPerTerm is 4.346347236805614
nanosecondsPerTerm is 4.347817152856747
57041.71772404965 311398.6145209936 18155.21405175125 30472.24126279154
1778/1821
[4.890925117052745, 4.893798517346567]
nanosecondsPerTerm is 4.341711489347985
nanosecondsPerTerm is 4.350218006425083
nanosecondsPerTerm is 4.341779071413259
nanosecondsPerTerm is 4.344697957846698
33439.84975956121 65323.75153586046 12778.67891432111 15918.23073631928
259/1822
[4.888051716758922, 4.889488416905833]
nanosecondsPerTerm is 4.339881111630243
nanosecondsPerTerm is 4.338973099018447
nanosecondsPerTerm is 4.348509855841946
nanosecondsPerTerm is 4.345157194384353
46242.55634439074 51673.21165335004 125323.068463142 26824.6094902851
1093/1820
[4.889488416905833, 4.890925117052745]
nanosecondsPerTerm is 4.351652944278942
nanosecondsPerTerm is 4.348212695493721
nanosecondsPerTerm is 4.3442608499755
nanosecondsPerTerm is 4.345010344970494
28717.98565839735 80882.0382479753 18155.21405175125 30472.24126279154
20/1821
[4.888051716758922, 4.888770066832378]
nanosecondsPerTerm is 4.352713417625263
nanosecondsPerTerm is 4.339332143251763
nanosecondsPerTerm is 4.355950943688772
nanosecondsPerTerm is 4.349907742370288
48311.66213026662 50584.72425438714 173838.3995861542 35283.4482919234
378/1820
[4.888770066832378, 4.889488416905833]
nanosecondsPerTerm is 4.347335694920869
nanosecondsPerTerm is 4.348867057374306
nanosecondsPerTerm is 4.344202524822155
nanosecondsPerTerm is 4.340859564696321
35884.02391317001 202220.7815776941 26824.6094902851 73663.96936903858
14/1820
D = 3
[4.893798517346567, 4.896665184960352]
nanosecondsPerTerm is 4.343324952309341
nanosecondsPerTerm is 4.343345368640716
nanosecondsPerTerm is 4.34154117901114
nanosecondsPerTerm is 4.346337871486058
33234.14481228999 76540.9365109583 12119.90399601491 15096.28518140529
264/1822
[4.896665184960352, 4.899531852574137]
nanosecondsPerTerm is 4.343253293781918
nanosecondsPerTerm is 4.312629336622241
nanosecondsPerTerm is 4.34170984973179
nanosecondsPerTerm is 4.312834517949538
33211.36646985215 18956.92592158942 11985.37509822108 27348.39267535264
174/1822
D = 3
[4.905251801042384, 4.908105120831451]
nanosecondsPerTerm is 4.319651657309096
nanosecondsPerTerm is 4.314651034638244
nanosecondsPerTerm is 4.324658135155526
nanosecondsPerTerm is 4.317031767293944
115178.9683320491 70005.95758504407 46847.17605020161 263665.5768686488
94/1826
[4.908105120831451, 4.910958440620519]
nanosecondsPerTerm is 4.31034579053043
nanosecondsPerTerm is 4.315421367995267
nanosecondsPerTerm is 4.320540620784158
nanosecondsPerTerm is 4.31977151631019
27461.04046164337 14792.43121645441 34026.17147916373 13702.63832500513
511/1827
D = 3
[4.910958440620519, 4.913805144538031]
nanosecondsPerTerm is 4.314762206109881
nanosecondsPerTerm is 4.314183859803554
nanosecondsPerTerm is 4.312884254028805
nanosecondsPerTerm is 4.317192820800125
14711.40701847 24661.47773791035 15395.61197891887 20310.16563319784
102/1827
[4.913805144538031, 4.916651848455543]
nanosecondsPerTerm is 4.327534165317723
nanosecondsPerTerm is 4.312165251726644
nanosecondsPerTerm is 4.314831130719618
nanosecondsPerTerm is 4.314908710852603
22051.20269486645 21936.6553417609 16707.18457970535 14108.46473857456
387/1827
D = 3
[4.922332100981428, 4.925165687454784]
nanosecondsPerTerm is 4.408164025587591
nanosecondsPerTerm is 4.397811178827273
nanosecondsPerTerm is 4.323865620981081
nanosecondsPerTerm is 4.373421993630616
12195.21751381636 19382.80241662979 12324.20854012387 20170.64560823116
242/1830
[4.925165687454784, 4.92799927392814]
nanosecondsPerTerm is 4.319850914322953
nanosecondsPerTerm is 4.317378316536387
nanosecondsPerTerm is 4.322555579501406
nanosecondsPerTerm is 4.383418491951417
23100.50899572012 36599.97090371256 28994.68502221397 191667.2773658763
365/1831
D = 3
[4.950538660376173, 4.953340103863367]
nanosecondsPerTerm is 4.301603753174441
nanosecondsPerTerm is 4.301585256237861
nanosecondsPerTerm is 4.394572535202553
nanosecondsPerTerm is 4.397622660947981
5867.31492311722 70594.76724682284 6217.532383496219 174352.9089010082
151/1841
[4.953340103863367, 4.956141547350559]
nanosecondsPerTerm is 4.395591944188539
nanosecondsPerTerm is 4.398885853524818
nanosecondsPerTerm is 4.323295432961532
nanosecondsPerTerm is 4.306037060664548
923765.0576100084 45166.80961466565 102144.518914106 93519.65246939793
1785/1841
[4.953340103863367, 4.954740825606963]
nanosecondsPerTerm is 4.393518333297117
nanosecondsPerTerm is 4.393094608941335
nanosecondsPerTerm is 4.309213128164963
nanosecondsPerTerm is 4.309227594851644
6659.081060436227 256063.021655723 7111.903272235204 832708.1440871903
1766/1841
[4.954740825606963, 4.956141547350559]
nanosecondsPerTerm is 4.302400396378341
nanosecondsPerTerm is 4.307924262569764
nanosecondsPerTerm is 4.301859660469893
nanosecondsPerTerm is 4.297754284528683
7376.751970597175 112442.5527848164 7934.83490776872 476116.9784184581
76/1841
[4.953340103863367, 4.954040464735165]
nanosecondsPerTerm is 4.394471011444697
nanosecondsPerTerm is 4.392500159845802
nanosecondsPerTerm is 4.310872559167657
nanosecondsPerTerm is 4.31503478046314
6590.218196960009 110707.9004698847 6802.32546554201 154357.0951323312
38/1841
[4.954040464735165, 4.954740825606963]
nanosecondsPerTerm is 4.303692061833033
nanosecondsPerTerm is 4.303348984622078
nanosecondsPerTerm is 4.29986473088358
nanosecondsPerTerm is 4.295662996883336
180335.8422669307 117153.3211621983 354387.7937701332 180478.1197559949
83/1841
D = 3
[4.967309473855399, 4.970092064345216]
nanosecondsPerTerm is 4.336141454668716
nanosecondsPerTerm is 4.304768397304851
nanosecondsPerTerm is 4.314765081829631
nanosecondsPerTerm is 4.305565755713825
49332.26709709649 10410.02229962401 491364.1126999733 10886.35768742771
1567/1844
[4.970092064345216, 4.972874654835032]
nanosecondsPerTerm is 4.310051790014705
nanosecondsPerTerm is 4.365495298729248
nanosecondsPerTerm is 4.31628952689127
nanosecondsPerTerm is 4.356316743798145
12994.75852203935 13751.13889705483 16135.07236190408 16307.08900666869
878/1845
[4.967309473855399, 4.968700769100307]
nanosecondsPerTerm is 4.299755944546818
nanosecondsPerTerm is 4.315253528155133
nanosecondsPerTerm is 4.325295502081453
nanosecondsPerTerm is 4.308259361725556
262221.5655566935 54233.09376724646 139598.3393607207 120549.8964658159
1813/1844
[4.968700769100307, 4.970092064345216]
nanosecondsPerTerm is 4.380431748887856
nanosecondsPerTerm is 4.307454390810042
nanosecondsPerTerm is 4.300520258314638
nanosecondsPerTerm is 4.29933835854759
106485.2816095964 10273.31616391136 491364.1126999733 10886.35768742771
1730/1844
[4.967309473855399, 4.968005121477853]
nanosecondsPerTerm is 4.30188734268793
nanosecondsPerTerm is 4.301367107857032
nanosecondsPerTerm is 4.310846656862825
nanosecondsPerTerm is 4.307483486288514
277639.9889208778 11491.94877287393 524389.3627755952 11277.39507011127
1803/1844
[4.968005121477853, 4.968700769100307]
nanosecondsPerTerm is 4.306129294411432
nanosecondsPerTerm is 4.304908476745632
nanosecondsPerTerm is 4.301463751371786
nanosecondsPerTerm is 4.301506456363628
589451.1998048546 74268.98999737251 139598.3393607207 120549.8964658159
11/1844
[4.967309473855399, 4.967657297666626]
nanosecondsPerTerm is 4.303027236599215
nanosecondsPerTerm is 4.302897816633633
nanosecondsPerTerm is 4.326669088165527
nanosecondsPerTerm is 4.306756989610277
365929.314169753 11468.85006959014 66810562.81263973 11342.41980243609
1818/1844
[4.967657297666626, 4.968005121477853]
nanosecondsPerTerm is 4.305202214003305
nanosecondsPerTerm is 4.302631461014643
nanosecondsPerTerm is 4.294125664449718
nanosecondsPerTerm is 4.297752696633306
1184887.151288057 11361.94865944984 524389.3627755952 11277.39507011127
1821/1844
[4.967309473855399, 4.967483385761012]
nanosecondsPerTerm is 4.299009709057856
nanosecondsPerTerm is 4.302014579549239
nanosecondsPerTerm is 4.325376308096009
nanosecondsPerTerm is 4.307338072179985
389733.7942328489 11466.70605369649 837565.7998780748 11398.2517379558
10/1844
[4.967483385761012, 4.967657297666626]
nanosecondsPerTerm is 4.302198313621217
nanosecondsPerTerm is 4.304371770874184
nanosecondsPerTerm is 4.289772287371675
nanosecondsPerTerm is 4.290904021463325
736281.9592901749 11400.12386247608 66810562.81263973 11342.41980243609
1830/1844
[4.967483385761012, 4.967570341713819]
nanosecondsPerTerm is 4.303566290252697
nanosecondsPerTerm is 4.301253223535505
nanosecondsPerTerm is 4.316478722837873
nanosecondsPerTerm is 4.302075101233229
707995.5080335827 11401.47962156181 1378139.809984994 11371.1853953893
5/1844
[4.967570341713819, 4.967657297666626]
nanosecondsPerTerm is 4.299891914561847
nanosecondsPerTerm is 4.300379336727218
nanosecondsPerTerm is 4.307529792495909
nanosecondsPerTerm is 4.290250042742088
1489448.739088955 11369.8711233138 66810562.81263973 11342.41980243609
1835/1844
[4.967570341713819, 4.967613819690223]
nanosecondsPerTerm is 4.299793043884129
nanosecondsPerTerm is 4.330252836841835
nanosecondsPerTerm is 4.314289014108479
nanosecondsPerTerm is 4.317709515394761
1201477.779293061 11370.8790883764 2047017.887905256 11356.71654596389
3/1844
[4.967613819690223, 4.967657297666626]
nanosecondsPerTerm is 4.323625843504172
nanosecondsPerTerm is 4.311698468772885
nanosecondsPerTerm is 4.295901415900907
nanosecondsPerTerm is 4.290269248200161
3047358.490622465 11355.79251817672 66810562.81263973 11342.41980243609
1838/1844
[4.967613819690223, 4.967635558678425]
nanosecondsPerTerm is 4.305277032980465
nanosecondsPerTerm is 4.306974689084374
nanosecondsPerTerm is 4.308497869125777
nanosecondsPerTerm is 4.308052591764309
3107066.146790698 11382.58862984101 6654041.159192896 11375.65527083298
1/1844
[4.967635558678425, 4.967657297666626]
nanosecondsPerTerm is 4.3133538488422
nanosecondsPerTerm is 4.304848345904414
nanosecondsPerTerm is 4.300170709952529
nanosecondsPerTerm is 4.290778245384087
6386604.582916402 11349.01758609073 66810562.81263973 11342.41980243609
1839/1844
Likely eigenvalue [4.967635558678425, 4.967657297666626]
[4.967657297666626, 4.96783120957224]
nanosecondsPerTerm is 4.292279311376333
nanosecondsPerTerm is 4.292844766881136
nanosecondsPerTerm is 4.305111148703624
nanosecondsPerTerm is 4.306893323027517
3767211.95190356 11346.72239576928 908738.5546990851 11299.65111514865
1831/1844
[4.96783120957224, 4.968005121477853]
nanosecondsPerTerm is 4.302686915237338
nanosecondsPerTerm is 4.306820893710983
nanosecondsPerTerm is 4.291183040226597
nanosecondsPerTerm is 4.295869634177812
1877452.077598004 11313.82614833626 524389.3627755952 11277.39507011127
9/1844
[4.967657297666626, 4.967744253619433]
nanosecondsPerTerm is 4.29513045717083
nanosecondsPerTerm is 4.293907589260725
nanosecondsPerTerm is 4.305536629090373
nanosecondsPerTerm is 4.308855594789489
49745673.86749656 11372.11174962442 1501905.772655091 11346.69795417361
1838/1844
[4.967744253619433, 4.96783120957224]
nanosecondsPerTerm is 4.304128629042941
nanosecondsPerTerm is 4.3018003379871
nanosecondsPerTerm is 4.297315677879514
nanosecondsPerTerm is 4.295758122317618
2393736.145356857 11321.74346897641 908738.5546990851 11299.65111514865
3/1844
[4.967657297666626, 4.96770077564303]
nanosecondsPerTerm is 4.294660508774331
nanosecondsPerTerm is 4.296603469625715
nanosecondsPerTerm is 4.306182346975451
nanosecondsPerTerm is 4.309427918115301
11512248.21395709 11323.03514531837 3904701.960410778 11310.46623646118
1842/1844
[4.96770077564303, 4.967744253619433]
nanosecondsPerTerm is 4.303474192883107
nanosecondsPerTerm is 4.30436337100488
nanosecondsPerTerm is 4.301658899366721
nanosecondsPerTerm is 4.294125209432494
3096695.642017174 11359.04677671042 1501905.772655091 11346.69795417361
3/1844
[4.967657297666626, 4.967679036654828]
nanosecondsPerTerm is 4.287920399230405
nanosecondsPerTerm is 4.291471228424132
nanosecondsPerTerm is 4.329463437580684
nanosecondsPerTerm is 4.317972450885331
10418740.04460594 11370.85761129635 13234788.25585092 11364.25710179531
1841/1844
[4.967679036654828, 4.96770077564303]
nanosecondsPerTerm is 4.303295418123332
nanosecondsPerTerm is 4.332806909845782
nanosecondsPerTerm is 4.298291517678755
nanosecondsPerTerm is 4.294571655324369
11815505.0965675 11316.66133340899 3904701.960410778 11310.46623646118
0/1844
Likely eigenvalue [4.967657297666626, 4.967679036654828]
[4.968700769100307, 4.969396416722761]
nanosecondsPerTerm is 4.295366813290765
nanosecondsPerTerm is 4.33064023245271
nanosecondsPerTerm is 4.310208204457527
nanosecondsPerTerm is 4.31133225880785
118429.3290531424 11104.93245624096 368687.0311453779 11217.58050400305
58/1844
[4.969396416722761, 4.970092064345216]
nanosecondsPerTerm is 4.303457930723378
nanosecondsPerTerm is 4.311604063804159
nanosecondsPerTerm is 4.297493070430956
nanosecondsPerTerm is 4.296936110498394
269489.8189588167 10501.87592899472 491364.1126999733 10886.35768742771
1792/1844
[4.969396416722761, 4.969744240533988]
nanosecondsPerTerm is 4.303203549067498
nanosecondsPerTerm is 4.318630358807092
nanosecondsPerTerm is 4.311595649458972
nanosecondsPerTerm is 4.308149540369593
366887.1904715426 11201.71147072642 6063025.236891845 11327.01603380968
1811/1844
[4.969744240533988, 4.970092064345216]
nanosecondsPerTerm is 4.316619600523756
nanosecondsPerTerm is 4.316786529885742
nanosecondsPerTerm is 4.3002300078939
nanosecondsPerTerm is 4.296148255367301
1187445.846791949 10676.96396013107 491364.1126999733 10886.35768742771
1819/1844
[4.969396416722761, 4.969570328628374]
nanosecondsPerTerm is 4.372068967752193
nanosecondsPerTerm is 4.297062527820284
nanosecondsPerTerm is 4.362016918424334
nanosecondsPerTerm is 4.327190129979304
373522.2560520632 11248.77892270587 811005.8489557363 11304.36599587017
14/1844
[4.969570328628374, 4.969744240533988]
nanosecondsPerTerm is 4.325529126677383
nanosecondsPerTerm is 4.321025882895165
nanosecondsPerTerm is 4.297625396025261
nanosecondsPerTerm is 4.294790489453886
780203.1951244135 11258.96356443095 6063025.236891845 11327.01603380968
1825/1844
[4.969570328628374, 4.969657284581182]
nanosecondsPerTerm is 4.316896120372993
nanosecondsPerTerm is 4.325035083594438
nanosecondsPerTerm is 4.309638975837446
nanosecondsPerTerm is 4.330281247403908
791746.5114885139 11272.09822057686 1852655.918710755 11304.48463630913
7/1844
[4.969657284581182, 4.969744240533988]
nanosecondsPerTerm is 4.301835963851504
nanosecondsPerTerm is 4.30149392937657
nanosecondsPerTerm is 4.29487897315047
nanosecondsPerTerm is 4.298998857807986
1789946.504194975 11291.66831272946 6063025.236891845 11327.01603380968
1832/1844
[4.969657284581182, 4.969700762557585]
nanosecondsPerTerm is 4.347183223781685
nanosecondsPerTerm is 4.301485302590549
nanosecondsPerTerm is 4.331146327105009
nanosecondsPerTerm is 4.30903432514237
1397511.151780598 11305.36323500381 2831585.217231196 11322.51488949357
3/1844
[4.969700762557585, 4.969744240533988]
nanosecondsPerTerm is 4.31762763270607
nanosecondsPerTerm is 4.310487909531053
nanosecondsPerTerm is 4.371168203048557
nanosecondsPerTerm is 4.294362766382089
5077821.512344384 11309.0153636062 6063025.236891845 11327.01603380968
1835/1844
[4.969700762557585, 4.969722501545786]
nanosecondsPerTerm is 4.316704736043634
nanosecondsPerTerm is 4.30516311300912
nanosecondsPerTerm is 4.314607181009824
nanosecondsPerTerm is 4.311456401934336
4742231.283332369 11326.06087748462 33436445.03800482 11334.87461676489
3/1844
[4.969722501545786, 4.969744240533988]
nanosecondsPerTerm is 4.304272904347108
nanosecondsPerTerm is 4.379049943563607
nanosecondsPerTerm is 4.295449060347802
nanosecondsPerTerm is 4.299012989066332
62439699.12933405 11317.93443932721 6063025.236891845 11327.01603380968
1837/1844
Likely eigenvalue [4.969722501545786, 4.969744240533988]
[4.969744240533988, 4.969918152439602]
nanosecondsPerTerm is 4.298097013849658
nanosecondsPerTerm is 4.297872331810298
nanosecondsPerTerm is 4.314828890866737
nanosecondsPerTerm is 4.320323591456964
1191061.151640311 11344.23696182319 1665352.803716324 11421.32485880842
1829/1844
[4.969918152439602, 4.970092064345216]
nanosecondsPerTerm is 4.304291857542055
nanosecondsPerTerm is 4.304462590070314
nanosecondsPerTerm is 4.306358972174818
nanosecondsPerTerm is 4.310802035608602
514558.0041059662 10682.17472304123 1703205.541331788 10759.97456909183
12/1844
[4.969744240533988, 4.969831196486795]
nanosecondsPerTerm is 4.349917268983726
nanosecondsPerTerm is 4.300077405753155
nanosecondsPerTerm is 4.304548752010833
nanosecondsPerTerm is 4.307024420407941
5811187.62148431 11342.46987841597 1116810.361608459 11379.94962088229
5/1844
[4.969831196486795, 4.969918152439602]
nanosecondsPerTerm is 4.30216990783542
nanosecondsPerTerm is 4.318586101427328
nanosecondsPerTerm is 4.294585294870267
nanosecondsPerTerm is 4.293070807394277
8349726.992962268 11381.50238346355 1665352.803716324 11421.32485880842
1835/1844
[4.969831196486795, 4.969874674463199]
nanosecondsPerTerm is 4.335392042494085
nanosecondsPerTerm is 4.321377983510557
nanosecondsPerTerm is 4.346817659632319
nanosecondsPerTerm is 4.314736211276712
11227788.77438893 11394.68022781409 3690588.540019544 11414.10010835806
1840/1844
[4.969874674463199, 4.969918152439602]
nanosecondsPerTerm is 4.309110286811594
nanosecondsPerTerm is 4.303100682549684
nanosecondsPerTerm is 4.298381371826268
nanosecondsPerTerm is 4.298766734145382
4161297.778438147 11401.09741311862 1665352.803716324 11421.32485880842
5/1844
[4.969831196486795, 4.969852935474997]
nanosecondsPerTerm is 4.295430506021145
nanosecondsPerTerm is 4.294488925684084
nanosecondsPerTerm is 4.313108620160151
nanosecondsPerTerm is 4.314469862984568
1209678.038827648 11364.72776663177 992252.7573416084 11374.57135167767
3/1844
[4.969852935474997, 4.969874674463199]
nanosecondsPerTerm is 4.310211335279791
nanosecondsPerTerm is 4.323875724493217
nanosecondsPerTerm is 4.307973035922276
nanosecondsPerTerm is 4.337107992534904
10996822.2317567 11404.31019791649 3690588.540019544 11414.10010835806
3/1844
[4.970092064345216, 4.971483359590124]
nanosecondsPerTerm is 4.338431136947976
nanosecondsPerTerm is 4.339394632586234
nanosecondsPerTerm is 4.310953278581952
nanosecondsPerTerm is 4.307611312519711
11507.93365282084 13160.81051340004 12539.33627971176 14530.51043681757
388/1844
[4.971483359590124, 4.972874654835032]
nanosecondsPerTerm is 4.315841021357648
nanosecondsPerTerm is 4.312413401272603
nanosecondsPerTerm is 4.35146343835159
nanosecondsPerTerm is 4.34024927817762
14243.17646888433 14680.22206014871 16135.07236190408 16307.08900666869
570/1845
[4.971483359590124, 4.972179007212578]
nanosecondsPerTerm is 4.312181327022433
nanosecondsPerTerm is 4.312174463598955
nanosecondsPerTerm is 4.311073157247344
nanosecondsPerTerm is 4.314444100964786
14258.09707497128 14611.79439836671 15119.84872792339 15356.97289311191
305/1845
[4.972179007212578, 4.972874654835032]
nanosecondsPerTerm is 4.309609369088574
nanosecondsPerTerm is 4.309177379389584
nanosecondsPerTerm is 4.380342298363336
nanosecondsPerTerm is 4.408923024301676
15101.3090378687 15402.4563242561 16135.07236190408 16307.08900666869
306/1845
D = 3
[4.978427407545492, 4.981197604344161]
nanosecondsPerTerm is 4.35889563916329
nanosecondsPerTerm is 4.343521042231845
nanosecondsPerTerm is 4.386036195215111
nanosecondsPerTerm is 4.420828677463305
9535.283443994394 21865.54311710007 9292.928135681816 33308.43760404647
79/1848
[4.981197604344161, 4.98396780114283]
nanosecondsPerTerm is 4.347062184676004
nanosecondsPerTerm is 4.357773239651751
nanosecondsPerTerm is 4.345851567409435
nanosecondsPerTerm is 4.362195714024027
10098.71884782265 9504.834589630393 11965.81831865814 11688.68074781505
196/1849
D = 3
[4.98396780114283, 4.986731852656137]
nanosecondsPerTerm is 4.411425048796276
nanosecondsPerTerm is 4.391476334835007
nanosecondsPerTerm is 4.394399650263165
nanosecondsPerTerm is 4.426828625570254
12549.17440838524 19146.6522921297 25193.09447709061 54117.34887676774
91/1849
[4.986731852656137, 4.989495904169442]
nanosecondsPerTerm is 4.366287209187551
nanosecondsPerTerm is 4.364024113418277
nanosecondsPerTerm is 4.377635025110498
nanosecondsPerTerm is 4.366112218201287
27662.78512140834 27050.88759184855 1195777.825423679 147055.3632455388
553/1851
D = 3
[4.995011784561534, 4.997763647109001]
nanosecondsPerTerm is 4.360044627689695
nanosecondsPerTerm is 4.349128745582426
nanosecondsPerTerm is 4.343450941708238
nanosecondsPerTerm is 4.352571057903345
58331.54820311296 40050.93934698131 136319.2503872401 54517.50573572137
131/1854
[4.997763647109001, 5.000515509656468]
nanosecondsPerTerm is 4.331514323654846
nanosecondsPerTerm is 4.341150073908723
nanosecondsPerTerm is 4.337233973745859
nanosecondsPerTerm is 4.350069559569803
66677104.0478948 64253.48786073561 147964.8915220739 36745.14863744388
1730/1855
[4.997763647109001, 4.999139578382735]
nanosecondsPerTerm is 4.332129179292783
nanosecondsPerTerm is 4.339636802162721
nanosecondsPerTerm is 4.337749782528806
nanosecondsPerTerm is 4.337810159148871
60207.68346997769 306092.108231956 70124.58999080917 5699668.577888859
59/1855
[4.999139578382735, 5.000515509656468]
nanosecondsPerTerm is 4.334934823733295
nanosecondsPerTerm is 4.375685491557129
nanosecondsPerTerm is 4.33763170913647
nanosecondsPerTerm is 4.32989569315629
266518.7073913527 45975.35592461091 147964.8915220739 36745.14863744388
54/1855
D = 3
[5.000515509656468, 5.003261327928234]
nanosecondsPerTerm is 4.327915325224641
nanosecondsPerTerm is 4.331097785713131
nanosecondsPerTerm is 4.340282908847271
nanosecondsPerTerm is 4.340199828009403
44627.73483781244 312232.7478495177 32775.47517259505 70159.8748757959
1662/1855
[5.003261327928234, 5.0060071462]
nanosecondsPerTerm is 4.360384019042684
nanosecondsPerTerm is 4.343068367647681
nanosecondsPerTerm is 4.338253143371868
nanosecondsPerTerm is 4.367421799343112
75034.12843288935 128114.3862769458 33010.57745643264 40386.87405334187
263/1855
[5.000515509656468, 5.001888418792351]
nanosecondsPerTerm is 4.332099750764918
nanosecondsPerTerm is 4.339088921119726
nanosecondsPerTerm is 4.343990766952353
nanosecondsPerTerm is 4.343102462104136
112031.7330073096 44090.73847181889 96439.46744932752 36595.67729609843
45/1855
[5.001888418792351, 5.003261327928234]
nanosecondsPerTerm is 4.342256770204322
nanosecondsPerTerm is 4.391093619791285
nanosecondsPerTerm is 4.340708060778945
nanosecondsPerTerm is 4.40481651881211
30664.41584255877 312546.8012191883 27148.46971833756 148442.889817934
38/1855
D = 3
[5.0060071462, 5.008746953276699]
nanosecondsPerTerm is 4.340512934138338
nanosecondsPerTerm is 4.344007497558981
nanosecondsPerTerm is 4.347818068375965
nanosecondsPerTerm is 4.353754579025453
175500.7758687224 50483.88445832759 391835.1404686302 105568.9247002186
1731/1855
[5.008746953276699, 5.011486760353397]
nanosecondsPerTerm is 4.348794095841398
nanosecondsPerTerm is 4.340830999219765
nanosecondsPerTerm is 4.34117046337678
nanosecondsPerTerm is 4.34302742754084
531799.8228517676 49055.28897151944 85303.97816600559 131159.8121711354
1725/1855
[5.0060071462, 5.007377049738349]
nanosecondsPerTerm is 4.332621128598528
nanosecondsPerTerm is 4.391091793539826
nanosecondsPerTerm is 4.348006846328592
nanosecondsPerTerm is 4.392632917383945
139254.9649231224 46289.34269196671 325797.980447892 58968.11891545873
56/1855
[5.007377049738349, 5.008746953276699]
nanosecondsPerTerm is 4.371525202570162
nanosecondsPerTerm is 4.341557221780484
nanosecondsPerTerm is 4.342920680758664
nanosecondsPerTerm is 4.350654113674729
662839.5885438542 68094.35605919278 391835.1404686302 105568.9247002186
1790/1855
[5.007377049738349, 5.008062001507524]
nanosecondsPerTerm is 4.338024353798037
nanosecondsPerTerm is 4.432653992456625
nanosecondsPerTerm is 4.335945255435181
nanosecondsPerTerm is 4.363098228211663
588150.2035314873 57239.23771293506 2849444.254794813 66346.65327406878
1821/1855
[5.008062001507524, 5.008746953276699]
nanosecondsPerTerm is 4.332870163698734
nanosecondsPerTerm is 4.368443668089303
nanosecondsPerTerm is 4.369019005555105
nanosecondsPerTerm is 4.342929282338998
1786899.349071483 82921.75109233658 391835.1404686302 105568.9247002186
26/1855
[5.007377049738349, 5.007719525622937]
nanosecondsPerTerm is 4.333515289394148
nanosecondsPerTerm is 4.416512993611967
nanosecondsPerTerm is 4.334482137403752
nanosecondsPerTerm is 4.331834596470012
339872.1369764502 57767.27503365912 521940.683546228 62080.61510430583
16/1855
[5.007719525622937, 5.008062001507524]
nanosecondsPerTerm is 4.369402024371305
nanosecondsPerTerm is 4.343006136647221
nanosecondsPerTerm is 4.326719476629727
nanosecondsPerTerm is 4.378238170362838
1497861.424303467 61456.89239953625 2849444.254794813 66346.65327406878
1836/1855
[5.007719525622937, 5.00789076356523]
nanosecondsPerTerm is 4.329300009554752
nanosecondsPerTerm is 4.338449093401097
nanosecondsPerTerm is 4.335861612116709
nanosecondsPerTerm is 4.324707599924532
470473.3584422108 62198.92538060808 618643.4792527766 64604.49027862029
9/1855
[5.00789076356523, 5.008062001507524]
nanosecondsPerTerm is 4.339697290200343
nanosecondsPerTerm is 4.376406238559509
nanosecondsPerTerm is 4.325179084789082
nanosecondsPerTerm is 4.363199058331239
6400021.689755369 63809.8821077356 2849444.254794813 66346.65327406878
1848/1855
[5.00789076356523, 5.007976382536377]
nanosecondsPerTerm is 4.320730652897748
nanosecondsPerTerm is 4.320414363838444
nanosecondsPerTerm is 4.366061402499456
nanosecondsPerTerm is 4.336984166837262
16673876.11257615 64043.18379883635 5146810.577921215 65295.96659161989
1851/1855
[5.007976382536377, 5.008062001507524]
nanosecondsPerTerm is 4.322855253612913
nanosecondsPerTerm is 4.33335012177325
nanosecondsPerTerm is 4.323516551677228
nanosecondsPerTerm is 4.320298770500163
10213481.22859185 65054.20191418088 2849444.254794813 66346.65327406878
2/1855
[5.00789076356523, 5.007933573050804]
nanosecondsPerTerm is 4.310844735050884
nanosecondsPerTerm is 4.332800148871755
nanosecondsPerTerm is 4.321842349323123
nanosecondsPerTerm is 4.325591724997778
762126.7911109565 63207.09080824778 843552.7056219196 63810.53183856609
1/1855
[5.007933573050804, 5.007976382536377]
nanosecondsPerTerm is 4.390991987807421
nanosecondsPerTerm is 4.332780545797843
nanosecondsPerTerm is 4.314839718601491
nanosecondsPerTerm is 4.443507533686816
14859597.04611694 64663.64541013348 5146810.577921215 65295.96659161989
1/1855
[5.008746953276699, 5.010116856815047]
nanosecondsPerTerm is 4.344736912671226
nanosecondsPerTerm is 4.344221746795964
nanosecondsPerTerm is 4.33642705838122
nanosecondsPerTerm is 4.346880925366671
83296.59058848469 190120.9182012805 142642.2530132044 582420.4283126667
1732/1855
[5.010116856815047, 5.011486760353397]
nanosecondsPerTerm is 4.330356736730964
nanosecondsPerTerm is 4.330936959580292
nanosecondsPerTerm is 4.33340898118752
nanosecondsPerTerm is 4.338643832987722
117772.5497383793 65846.28965105863 601190.5012708323 101785.8598995981
69/1855
[5.008746953276699, 5.009431905045873]
nanosecondsPerTerm is 4.343468420823315
nanosecondsPerTerm is 4.389321757416244
nanosecondsPerTerm is 4.334439362434428
nanosecondsPerTerm is 4.323073792466829
103669.43130674 171979.4788865056 140037.8599768258 432074.7562644041
102/1855
[5.009431905045873, 5.010116856815047]
nanosecondsPerTerm is 4.324233308315708
nanosecondsPerTerm is 4.333568615377308
nanosecondsPerTerm is 4.324162763926158
nanosecondsPerTerm is 4.32393816688201
105784.7129715586 586390.656145103 142642.2530132044 582420.4283126667
1794/1855
[5.009431905045873, 5.009774380930461]
nanosecondsPerTerm is 4.322038426843628
nanosecondsPerTerm is 4.325152471328693
nanosecondsPerTerm is 4.323109124600262
nanosecondsPerTerm is 4.325658097768101
108041.3013947504 444552.6571825835 124680.3309140569 1851912.232408331
30/1855
[5.009774380930461, 5.010116856815047]
nanosecondsPerTerm is 4.370641815974601
nanosecondsPerTerm is 4.325544830481372
nanosecondsPerTerm is 4.358675864137044
nanosecondsPerTerm is 4.325191044744269
121723.6854287323 36795165.85826944 142642.2530132044 582420.4283126667
26/1855
D = 3
[5.011486760353397, 5.014220589026927]
nanosecondsPerTerm is 4.340468953548385
nanosecondsPerTerm is 4.363964667590928
nanosecondsPerTerm is 4.369557368631124
nanosecondsPerTerm is 4.344389470756746
85534.92660554436 243146.0820611972 35644507.31506825 49771.53122085895
1699/1856
[5.014220589026927, 5.016954417700457]
nanosecondsPerTerm is 4.361499136035305
nanosecondsPerTerm is 4.345801884009564
nanosecondsPerTerm is 4.399317917307097
nanosecondsPerTerm is 4.360005758943897
129041.7183980456 28766.7800689796 88276.96234354381 26485.65941545859
1667/1859
[5.011486760353397, 5.012853674690161]
nanosecondsPerTerm is 4.358379801752792
nanosecondsPerTerm is 4.346509297850244
nanosecondsPerTerm is 4.357574207121549
nanosecondsPerTerm is 4.342440169128851
511621.9912296985 69767.48875170974 226788.7000246934 116392.4566671123
1815/1856
[5.012853674690161, 5.014220589026927]
nanosecondsPerTerm is 4.341844503471799
nanosecondsPerTerm is 4.349849232078611
nanosecondsPerTerm is 4.346132971197084
nanosecondsPerTerm is 4.366428520753588
179944.0538461839 79927.42230386562 35644507.31506825 49771.53122085895
1776/1856
[5.011486760353397, 5.012170217521779]
nanosecondsPerTerm is 4.336315754799102
nanosecondsPerTerm is 4.39693055607238
nanosecondsPerTerm is 4.327448035057736
nanosecondsPerTerm is 4.360066452284767
507112.9087342693 72860.97195407111 781919.4785715248 92333.42428287074
1837/1855
[5.012170217521779, 5.012853674690161]
nanosecondsPerTerm is 4.366600274313797
nanosecondsPerTerm is 4.334790874531377
nanosecondsPerTerm is 4.365008213672009
nanosecondsPerTerm is 4.37247427001687
49580.12877513587 759885.6479842487 48805.44546761175 226788.7000246934
48/1856
[5.011486760353397, 5.011828488937589]
nanosecondsPerTerm is 4.33334041003986
nanosecondsPerTerm is 4.363012041433474
nanosecondsPerTerm is 4.334844161886942
nanosecondsPerTerm is 4.334044746845363
569736.3211489383 99247.49488917814 9257429.600217979 114639.4575375895
15/1855
[5.011828488937589, 5.012170217521779]
nanosecondsPerTerm is 4.326158398856132
nanosecondsPerTerm is 4.342288161534486
nanosecondsPerTerm is 4.326230154410344
nanosecondsPerTerm is 4.334702113462776
3056610.461725925 81488.17702963832 781919.4785715248 92333.42428287074
1846/1855
[5.011828488937589, 5.011999353229684]
nanosecondsPerTerm is 4.327204147094081
nanosecondsPerTerm is 4.324705348987745
nanosecondsPerTerm is 4.34801383798859
nanosecondsPerTerm is 4.331056408345713
4137120.864778314 81879.19477482142 1761069.277432463 87020.96118234524
1850/1855
[5.011999353229684, 5.012170217521779]
nanosecondsPerTerm is 4.329306134297083
nanosecondsPerTerm is 4.325879899415246
nanosecondsPerTerm is 4.325820931262087
nanosecondsPerTerm is 4.320856668044116
2078492.945637721 86587.69149085337 781919.4785715248 92333.42428287074
4/1855
[5.011828488937589, 5.011913921083636]
nanosecondsPerTerm is 4.317944199563853
nanosecondsPerTerm is 4.318740695293434
nanosecondsPerTerm is 4.397049270467412
nanosecondsPerTerm is 4.330089907576559
8374742.822856707 80604.80856319879 3491082.993196052 83018.81219312479
1853/1855
[5.011913921083636, 5.011999353229684]
nanosecondsPerTerm is 4.32596544998043
nanosecondsPerTerm is 4.329237211244757
nanosecondsPerTerm is 4.325441551578706
nanosecondsPerTerm is 4.32034994760237
6084860.217327213 84374.98724192692 1761069.277432463 87020.96118234524
3/1855
[5.011828488937589, 5.011871205010612]
nanosecondsPerTerm is 4.321046437316712
nanosecondsPerTerm is 4.335109480113778
nanosecondsPerTerm is 4.335146935231323
nanosecondsPerTerm is 4.330270886194029
5254988.511934581 81311.12081477372 78014502.6719612 82522.62508472576
1854/1855
[5.011871205010612, 5.011913921083636]
nanosecondsPerTerm is 4.368651139176003
nanosecondsPerTerm is 4.392347374489377
nanosecondsPerTerm is 4.326682112359975
nanosecondsPerTerm is 4.31532893458813
11928382.75360938 81794.6865627341 3491082.993196052 83018.81219312479
1/1855
[5.011828488937589, 5.0118498469741]
nanosecondsPerTerm is 4.32229557064879
nanosecondsPerTerm is 4.319942467826722
nanosecondsPerTerm is 4.321751591265038
nanosecondsPerTerm is 4.326878389397547
8263667.655672165 116331.9094526207 51645286.00921378 117482.5838743707
0/1855
[5.0118498469741, 5.011871205010612]
nanosecondsPerTerm is 4.319478092689494
nanosecondsPerTerm is 4.323082898130583
nanosecondsPerTerm is 4.384964770406226
nanosecondsPerTerm is 4.341529842414035
11278965.06756071 81912.55843409816 78014502.6719612 82522.62508472576
1854/1855
Likely eigenvalue [5.0118498469741, 5.011871205010612]
[5.012853674690161, 5.013537131858544]
nanosecondsPerTerm is 4.335244512428335
nanosecondsPerTerm is 4.369513868554337
nanosecondsPerTerm is 4.347801720305503
nanosecondsPerTerm is 4.336414063076602
186487.6841271485 78446.90759020879 396543.6352191108 60049.37219523959
37/1856
[5.013537131858544, 5.014220589026927]
nanosecondsPerTerm is 4.391791970920679
nanosecondsPerTerm is 4.328429268728439
nanosecondsPerTerm is 4.34525262057549
nanosecondsPerTerm is 4.344726969808484
374942.8661971713 60812.88458426308 35644507.31506825 49771.53122085895
1812/1856
[5.013537131858544, 5.013878860442736]
nanosecondsPerTerm is 4.331191689673955
nanosecondsPerTerm is 4.33566253808388
nanosecondsPerTerm is 4.346655371839675
nanosecondsPerTerm is 4.33477514509729
407567.6272761486 60384.62860476272 917169.5495807522 54305.68503128734
16/1856
[5.013878860442736, 5.014220589026927]
nanosecondsPerTerm is 4.408026739641783
nanosecondsPerTerm is 4.335276597820651
nanosecondsPerTerm is 4.374951907420687
nanosecondsPerTerm is 4.358759673123952
53599.35895260632 773842.7029259094 53981.41003110954 35644507.31506825
1834/1856
[5.013878860442736, 5.014049724734831]
nanosecondsPerTerm is 4.361645211818161
nanosecondsPerTerm is 4.335590750070016
nanosecondsPerTerm is 4.388634228381837
nanosecondsPerTerm is 4.396657465505231
53789.8024599905 787559.750847598 54004.399614801 1650317.091200609
10/1856
[5.014049724734831, 5.014220589026927]
nanosecondsPerTerm is 4.363602150776933
nanosecondsPerTerm is 4.374141523282381
nanosecondsPerTerm is 4.372585605189128
nanosecondsPerTerm is 4.344464186698501
53819.34680723884 1600062.800884904 53981.41003110954 35644507.31506825
1841/1856
[5.014049724734831, 5.014135156880879]
nanosecondsPerTerm is 4.357611334927031
nanosecondsPerTerm is 4.327391296354794
nanosecondsPerTerm is 4.356602503172921
nanosecondsPerTerm is 4.341165621002065
53848.45384299631 1824723.60420518 53932.74985410868 4531680.438986653
6/1856
[5.014135156880879, 5.014220589026927]
nanosecondsPerTerm is 4.363770210657232
nanosecondsPerTerm is 4.380329271659885
nanosecondsPerTerm is 4.377172025997944
nanosecondsPerTerm is 4.346700243163734
53907.58045213348 3371043.918086185 53981.41003110954 35644507.31506825
1849/1856
[5.014135156880879, 5.014177872953903]
nanosecondsPerTerm is 4.401729191842076
nanosecondsPerTerm is 4.322436723052769
nanosecondsPerTerm is 4.359503998352828
nanosecondsPerTerm is 4.327319974601157
54149.40684257052 6813509.226290692 54187.60391855684 63216568.14690382
1853/1856
[5.014177872953903, 5.014220589026927]
nanosecondsPerTerm is 4.359313922799874
nanosecondsPerTerm is 4.359217446177601
nanosecondsPerTerm is 4.384161847191733
nanosecondsPerTerm is 4.345253434757903
53946.28940817706 7471815.550885815 53981.41003110954 35644507.31506825
1852/1856
[5.014135156880879, 5.014156514917391]
nanosecondsPerTerm is 4.349915402030049
nanosecondsPerTerm is 4.321972397395094
nanosecondsPerTerm is 4.364751746682018
nanosecondsPerTerm is 4.34151860384259
53858.89135997147 7131906.825976546 53877.60006057956 16995528.23600001
1/1856
[5.014156514917391, 5.014177872953903]
nanosecondsPerTerm is 4.374760480685221
nanosecondsPerTerm is 4.322967753194594
nanosecondsPerTerm is 4.356127930216285
nanosecondsPerTerm is 4.316430286493445
54168.95938988312 15299887.88592592 54187.60391855684 63216568.14690382
1853/1856
Likely eigenvalue [5.014156514917391, 5.014177872953903]
[5.014177872953903, 5.014199230990415]
nanosecondsPerTerm is 4.365999561497282
nanosecondsPerTerm is 4.316526821619998
nanosecondsPerTerm is 4.356266016097396
nanosecondsPerTerm is 4.342689601872181
54527.20285441594 17234695.46607957 54542.32670517345 43646473.96041502
1852/1856
[5.014199230990415, 5.014220589026927]
nanosecondsPerTerm is 4.420108235536983
nanosecondsPerTerm is 4.341831111109742
nanosecondsPerTerm is 4.376404179329426
nanosecondsPerTerm is 4.344668722948341
53964.29737560356 18948137.59053001 53981.41003110954 35644507.31506825
1854/1856
Likely eigenvalue [5.014177872953903, 5.014199230990415]
Likely eigenvalue [5.014199230990415, 5.014220589026927]
[5.014220589026927, 5.015587503363692]
nanosecondsPerTerm is 4.341628227168981
nanosecondsPerTerm is 4.338174019783132
nanosecondsPerTerm is 4.334402429066357
nanosecondsPerTerm is 4.351796764878793
48997.31880555175 423960.2160726598 37566.26514453442 193228.5559391838
1808/1858
[5.015587503363692, 5.016954417700457]
nanosecondsPerTerm is 4.351475074892422
nanosecondsPerTerm is 4.330513683068998
nanosecondsPerTerm is 4.365771192426807
nanosecondsPerTerm is 4.336301937664437
66185.62726588571 391384.8642818495 54407.9761116677 88276.96234354381
84/1859
[5.014220589026927, 5.014904046195309]
nanosecondsPerTerm is 4.372792933123026
nanosecondsPerTerm is 4.344062270177084
nanosecondsPerTerm is 4.355104322131803
nanosecondsPerTerm is 4.345023218155075
52487.81435590972 48127.10063728011 52640.12288387382 41592.38612744745
57/1857
[5.014904046195309, 5.015587503363692]
nanosecondsPerTerm is 4.326115989146886
nanosecondsPerTerm is 4.320865590066336
nanosecondsPerTerm is 4.314360294423864
nanosecondsPerTerm is 4.32306519521679
42187.51313210969 665441.1191772002 37566.26514453442 193228.5559391838
23/1858
D = 3
[5.022410183254415, 5.02513215235958]
nanosecondsPerTerm is 4.345734442136951
nanosecondsPerTerm is 4.346868172729173
nanosecondsPerTerm is 4.372261385365175
nanosecondsPerTerm is 4.380582899244999
547725.9951360703 492650.4833230163 725024.680364056 184759.4804675334
1238/1863
[5.02513215235958, 5.027854121464746]
nanosecondsPerTerm is 4.344595631302798
nanosecondsPerTerm is 4.334380462070521
nanosecondsPerTerm is 4.399328448926084
nanosecondsPerTerm is 4.348390073636293
41643.95401471976 56861.47677177643 30661.65348965764 74883.48733197429
148/1863
[5.022410183254415, 5.023771167806998]
nanosecondsPerTerm is 4.378258515644419
nanosecondsPerTerm is 4.3472053657892
nanosecondsPerTerm is 4.370414540146569
nanosecondsPerTerm is 4.390812250573584
63786.6016113059 46867.43496684983 83228.46707220831 47839.67939154166
51/1863
[5.023771167806998, 5.02513215235958]
nanosecondsPerTerm is 4.400251499905084
nanosecondsPerTerm is 4.402058043733773
nanosecondsPerTerm is 4.33773426955549
nanosecondsPerTerm is 4.338715367629479
2228306.598379268 409491.5973586295 725024.680364056 184759.4804675334
33/1863
D = 3
[5.033286296223864, 5.035996533548794]
nanosecondsPerTerm is 4.351357712817254
nanosecondsPerTerm is 4.3628655199854
nanosecondsPerTerm is 4.345776853852243
nanosecondsPerTerm is 4.350169486669326
12504.27447473522 16928.44586608146 14529.0944241758 19301.69924767504
1053/1865
[5.035996533548794, 5.038706770873723]
nanosecondsPerTerm is 4.347071960574926
nanosecondsPerTerm is 4.35530795765734
nanosecondsPerTerm is 4.37343213375529
nanosecondsPerTerm is 4.368890875469468
41838.24486432884 64068.05452915378 64121.21532783149 157733.3319637066
297/1867
[5.033286296223864, 5.034641414886329]
nanosecondsPerTerm is 4.350630730053313
nanosecondsPerTerm is 4.380405188167813
nanosecondsPerTerm is 4.34305663725629
nanosecondsPerTerm is 4.362198653762358
23125.06424637611 12283.31814707164 26746.17711602161 13105.38254776853
404/1865
[5.034641414886329, 5.035996533548794]
nanosecondsPerTerm is 4.352463260852585
nanosecondsPerTerm is 4.345173990588033
nanosecondsPerTerm is 4.341902195187
nanosecondsPerTerm is 4.343183422639812
14380.79237079369 121903.3954422637 15257.04330482083 88789.48206379211
47/1865
D = 3
[5.038706770873723, 5.04141118954302]
nanosecondsPerTerm is 4.356349091027485
nanosecondsPerTerm is 4.355383688437084
nanosecondsPerTerm is 4.347779851036115
nanosecondsPerTerm is 4.403492331761365
19021.24427083099 298246.2626718756 27490.52528850549 144883.8998711906
1765/1870
[5.04141118954302, 5.044115608212317]
nanosecondsPerTerm is 4.406510689724345
nanosecondsPerTerm is 4.342476281857326
nanosecondsPerTerm is 4.376854654278104
nanosecondsPerTerm is 4.364752356405982
98943.1488064335 54265.07491269056 226724.5910457052 45912.51920144746
70/1875
[5.038706770873723, 5.040058980208372]
nanosecondsPerTerm is 4.342944025473888
nanosecondsPerTerm is 4.385935519419351
nanosecondsPerTerm is 4.343267042786727
nanosecondsPerTerm is 4.345702166831249
69977.68917347015 19431.45091131414 99566.18276811058 22745.48255084017
37/1869
[5.040058980208372, 5.04141118954302]
nanosecondsPerTerm is 4.399212172952184
nanosecondsPerTerm is 4.341007088606532
nanosecondsPerTerm is 4.349225122583508
nanosecondsPerTerm is 4.371375254577456
22455.13459115753 549267.9232114987 27490.52528850549 144883.8998711906
47/1870
D = 3
[5.065635821731123, 5.068311608809317]
nanosecondsPerTerm is 4.397722797953654
nanosecondsPerTerm is 4.357851661024752
nanosecondsPerTerm is 4.491715341559872
nanosecondsPerTerm is 4.347442241590431
10305.28730285882 12458.90359285868 14264.01448425106 14398.18770319118
140/1882
[5.068311608809317, 5.070987395887511]
nanosecondsPerTerm is 4.336152945298834
nanosecondsPerTerm is 4.398567786381827
nanosecondsPerTerm is 4.348220141537619
nanosecondsPerTerm is 4.336853755189651
7917.298369686808 56340.62022431184 7347.391245303888 248532.5485895199
1779/1883
[5.068311608809317, 5.069649502348414]
nanosecondsPerTerm is 4.428028275877923
nanosecondsPerTerm is 4.341715440560479
nanosecondsPerTerm is 4.388568108768472
nanosecondsPerTerm is 4.344928417741674
186356.2109072375 8047.122409687519 156352.807088755 7731.566077528792
19/1882
[5.069649502348414, 5.070987395887511]
nanosecondsPerTerm is 4.36801550818118
nanosecondsPerTerm is 4.34530855361144
nanosecondsPerTerm is 4.360310534281116
nanosecondsPerTerm is 4.332267306758279
17156.29607401328 8146.355916147973 18673.47370276235 7762.277265123574
29/1883
D = 3
[5.076327698449352, 5.078992243515149]
nanosecondsPerTerm is 4.345163433771881
nanosecondsPerTerm is 4.335272400896846
nanosecondsPerTerm is 4.334394454104624
nanosecondsPerTerm is 4.330519308508157
43830.69242434027 431753.2673075219 32071.67945725475 1725866.098531625
1732/1889
[5.078992243515149, 5.081656788580947]
nanosecondsPerTerm is 4.343099463446551
nanosecondsPerTerm is 4.343500394584351
nanosecondsPerTerm is 4.342844598241613
nanosecondsPerTerm is 4.336351809905418
21011.93104430704 7108.380892663321 20148.39520051477 7236.142606255051
834/1890
[5.076327698449352, 5.07765997098225]
nanosecondsPerTerm is 4.352551183425318
nanosecondsPerTerm is 4.33548719314239
nanosecondsPerTerm is 4.357569173258728
nanosecondsPerTerm is 4.337806079900891
45197.27279102767 7091.459692950001 37804.62565962305 6849.637689636334
62/1888
[5.07765997098225, 5.078992243515149]
nanosecondsPerTerm is 4.332036778485239
nanosecondsPerTerm is 4.328352220194909
nanosecondsPerTerm is 4.33067671621551
nanosecondsPerTerm is 4.336999650918266
29588.15445720238 7349.886383214381 28495.58635867963 7294.624580865322
86/1889
[5.078992243515149, 5.080324516048048]
nanosecondsPerTerm is 4.331631932785021
nanosecondsPerTerm is 4.326073275428452
nanosecondsPerTerm is 4.389973743890925
nanosecondsPerTerm is 4.341124458776195
20883.55589104887 7090.618970167292 20350.93894529351 7120.371231384683
131/1889
[5.080324516048048, 5.081656788580947]
nanosecondsPerTerm is 4.348738764199505
nanosecondsPerTerm is 4.382698415949134
nanosecondsPerTerm is 4.335540092695769
nanosecondsPerTerm is 4.339427822783343
20452.72473435081 20208.73447491826 20148.39520051477 19872.04007078505
373/1890
D = 3
[5.086974724951274, 5.089628145345472]
nanosecondsPerTerm is 4.348181490199648
nanosecondsPerTerm is 4.360511991783158
nanosecondsPerTerm is 4.350702958560195
nanosecondsPerTerm is 4.342266401551802
46759.41494097513 22167.04216499353 35285.13131917525 19481.50177623455
43/1891
[5.089628145345472, 5.092281565739671]
nanosecondsPerTerm is 4.333367593418491
nanosecondsPerTerm is 4.333965357191205
nanosecondsPerTerm is 4.333424415397686
nanosecondsPerTerm is 4.339448057469693
24384.70105060671 21380.12916426282 20095.84625064298 17403.38607110444
114/1893
D = 3
[5.108136089179133, 5.110767604506942]
nanosecondsPerTerm is 4.359460958222843
nanosecondsPerTerm is 4.352175445669618
nanosecondsPerTerm is 4.348533189771972
nanosecondsPerTerm is 4.347876450884627
35516.13330963763 19448.44257520308 60839.48455875682 15525.19829570432
134/1904
[5.110767604506942, 5.113399119834751]
nanosecondsPerTerm is 4.359480655093657
nanosecondsPerTerm is 4.342913911105588
nanosecondsPerTerm is 4.334652174418789
nanosecondsPerTerm is 4.339144758255298
96049.48713636884 20843.71171494255 555260.0839244861 16272.25313408245
308/1907
D = 3
[5.118651338653769, 5.121272069823144]
nanosecondsPerTerm is 4.343846043541652
nanosecondsPerTerm is 4.350777044541812
nanosecondsPerTerm is 4.359739907848549
nanosecondsPerTerm is 4.346400717908597
21427.72313356872 31746.73824216235 17001.59417192227 24580.68504884609
1054/1908
[5.121272069823144, 5.12389280099252]
nanosecondsPerTerm is 4.394542429998451
nanosecondsPerTerm is 4.368998208371842
nanosecondsPerTerm is 4.337060511659945
nanosecondsPerTerm is 4.352856647367673
24474.72552259986 26757.05660774607 18407.10924385999 20134.22629641086
371/1909
[5.118651338653769, 5.119961704238456]
nanosecondsPerTerm is 4.339832791584969
nanosecondsPerTerm is 4.34715450676798
nanosecondsPerTerm is 4.335308409729772
nanosecondsPerTerm is 4.332410638728722
42216.21031430104 20834.27578749854 31474.38312506113 18650.57761118173
393/1908
[5.119961704238456, 5.121272069823144]
nanosecondsPerTerm is 4.376693853437611
nanosecondsPerTerm is 4.343307384426796
nanosecondsPerTerm is 4.340217680342885
nanosecondsPerTerm is 4.35458487805584
19124.77773953422 28075.85815224361 17001.59417192227 24580.68504884609
1037/1908
[5.119961704238456, 5.1206168870308]
nanosecondsPerTerm is 4.347222262907857
nanosecondsPerTerm is 4.350167774777672
nanosecondsPerTerm is 4.343365043482553
nanosecondsPerTerm is 4.342887140052274
19028.52985376569 27872.47733238134 17946.32933449351 26105.26596473384
80/1908
[5.1206168870308, 5.121272069823144]
nanosecondsPerTerm is 4.349011336152607
nanosecondsPerTerm is 4.335196073502952
nanosecondsPerTerm is 4.344340464541625
nanosecondsPerTerm is 4.39494141066323
18037.03586554064 26295.2496166476 17001.59417192227 24580.68504884609
963/1908
[5.1206168870308, 5.120944478426972]
nanosecondsPerTerm is 4.334834554254168
nanosecondsPerTerm is 4.362651264593884
nanosecondsPerTerm is 4.336344674492667
nanosecondsPerTerm is 4.336478471394286
18000.16682289666 26233.71157690689 17476.52551717834 25367.28016887092
197/1908
[5.120944478426972, 5.121272069823144]
nanosecondsPerTerm is 4.409696413735636
nanosecondsPerTerm is 4.333035041221959
nanosecondsPerTerm is 4.345044291974153
nanosecondsPerTerm is 4.351846550132576
17512.43666331039 25428.65498582738 17001.59417192227 24580.68504884609
768/1908
[5.120944478426972, 5.121108274125058]
nanosecondsPerTerm is 4.330175977881702
nanosecondsPerTerm is 4.327909337860349
nanosecondsPerTerm is 4.329228949478542
nanosecondsPerTerm is 4.336684279475016
17497.06179053719 25401.3406492623 17240.06583919902 24974.80038951593
237/1908
[5.121108274125058, 5.121272069823144]
nanosecondsPerTerm is 4.325753228740524
nanosecondsPerTerm is 4.322227573566448
nanosecondsPerTerm is 4.335562833819279
nanosecondsPerTerm is 4.340370432894174
17255.25974130575 25002.22898420184 17001.59417192227 24580.68504884609
536/1908
D = 3
[5.12389280099252, 5.126508181373884]
nanosecondsPerTerm is 4.360069760440815
nanosecondsPerTerm is 4.330241636888689
nanosecondsPerTerm is 4.340794611183818
nanosecondsPerTerm is 4.340783359085797
25350.5729251315 116442.3201273766 17964.13586158929 59921.38205207938
57/1909
[5.126508181373884, 5.129123561755248]
nanosecondsPerTerm is 4.339422887636877
nanosecondsPerTerm is 4.341222558374415
nanosecondsPerTerm is 4.341189600677675
nanosecondsPerTerm is 4.388373526745151
34676.35553521583 35308.84045673995 25352.4980112494 27078.11651258143
312/1911
D = 3
[5.129123561755248, 5.13173361857721]
nanosecondsPerTerm is 4.34499204560119
nanosecondsPerTerm is 4.334338836438928
nanosecondsPerTerm is 4.351994264083738
nanosecondsPerTerm is 4.339522084994788
9226.532066444986 22348.91771365539 10057.56695572823 18747.51553107259
46/1911
[5.13173361857721, 5.134343675399171]
nanosecondsPerTerm is 4.357762438023451
nanosecondsPerTerm is 4.337351295127648
nanosecondsPerTerm is 4.356322206275344
nanosecondsPerTerm is 4.333627113434676
11395.50076285374 55307.56856822547 13862.70046807299 29805.79547738071
49/1912
D = 3
[5.149940671589145, 5.152529702075883]
nanosecondsPerTerm is 4.393473780924553
nanosecondsPerTerm is 4.364199443064194
nanosecondsPerTerm is 4.369711664291711
nanosecondsPerTerm is 4.350723439272118
12000.45819975678 21175.79676773091 13937.07240328737 47287.90659371736
61/1915
[5.152529702075883, 5.15511873256262]
nanosecondsPerTerm is 4.363188342525402
nanosecondsPerTerm is 4.36641387660697
nanosecondsPerTerm is 4.375325779689544
nanosecondsPerTerm is 4.363905772846084
28387.56071702126 23555.67727859185 109875.9083216381 58675.44620826971
69/1918
D = 3
[5.15511873256262, 5.157702572366381]
nanosecondsPerTerm is 4.339459039612921
nanosecondsPerTerm is 4.345627263658417
nanosecondsPerTerm is 4.359499926535734
nanosecondsPerTerm is 4.358993147250684
56793.70930053874 1060890.899088581 132769.2758433688 39369.24244560231
1843/1921
[5.157702572366381, 5.160286412170143]
nanosecondsPerTerm is 4.356550070887414
nanosecondsPerTerm is 4.3623208561837
nanosecondsPerTerm is 4.357969004080323
nanosecondsPerTerm is 4.355666479724184
94643.16022629049 253484.8139347513 30278.59291924025 64936.50870256657
1875/1923
[5.15511873256262, 5.156410652464501]
nanosecondsPerTerm is 4.363737184334243
nanosecondsPerTerm is 4.37719364370286
nanosecondsPerTerm is 4.358268587218581
nanosecondsPerTerm is 4.364299040226784
57434.65648205506 921788.295959394 209750.6322566732 74412.95213758216
44/1918
[5.156410652464501, 5.157702572366381]
nanosecondsPerTerm is 4.376153397940993
nanosecondsPerTerm is 4.374128299572502
nanosecondsPerTerm is 4.402052040102309
nanosecondsPerTerm is 4.359477006451594
741680.9945558611 74502.63330835798 72348.14339817241 39123.16951437335
21/1921
[5.157702572366381, 5.158994492268262]
nanosecondsPerTerm is 4.362239372424135
nanosecondsPerTerm is 4.386011794597533
nanosecondsPerTerm is 4.355652832051062
nanosecondsPerTerm is 4.353776993052977
37149.22615709709 56490.1274539883 25522.69471158639 33591.66997119298
41/1922
[5.158994492268262, 5.160286412170143]
nanosecondsPerTerm is 4.372115344978647
nanosecondsPerTerm is 4.349393170740011
nanosecondsPerTerm is 4.353885835437723
nanosecondsPerTerm is 4.352328921318492
45596.13189433465 173917.5712823094 30278.59291924025 64936.50870256657
23/1923
D = 3
[5.160286412170143, 5.162865087229628]
nanosecondsPerTerm is 4.361648145119199
nanosecondsPerTerm is 4.36942778322564
nanosecondsPerTerm is 4.383179990356481
nanosecondsPerTerm is 4.390568084579277
55797.06407126076 42812.49781387718 26561.95248854392 22393.44833332156
92/1923
[5.162865087229628, 5.165443762289114]
nanosecondsPerTerm is 4.403404748856135
nanosecondsPerTerm is 4.436272639036224
nanosecondsPerTerm is 4.363735929577637
nanosecondsPerTerm is 4.362824376418533
18095.20060983728 15816.44473104347 20367.41009824856 16808.63015915411
481/1925
D = 3
[5.175727679507785, 5.178291013910179]
nanosecondsPerTerm is 4.359203363853795
nanosecondsPerTerm is 4.359775531679997
nanosecondsPerTerm is 4.364619966980573
nanosecondsPerTerm is 4.33273606413925
143848.7966784682 52218.78121437927 100683.7910224754 53153.42325309878
1682/1930
[5.178291013910179, 5.180854348312574]
nanosecondsPerTerm is 4.328805580574431
nanosecondsPerTerm is 4.332988276145946
nanosecondsPerTerm is 4.349574074482635
nanosecondsPerTerm is 4.33938049428558
40282.75848047659 671212.6842250568 50903.33692966635 118130.2961875438
131/1930
[5.175727679507785, 5.177009346708982]
nanosecondsPerTerm is 4.363742888018932
nanosecondsPerTerm is 4.36982607975494
slurmstepd: error: *** JOB 2684633 ON c116 CANCELLED AT 2024-10-18T04:03:18 DUE TO TIME LIMIT ***
