/mmfs1/data/mossea/Documents/bianchi-maass-forms/cmake-build-release
c122
Fri Feb 14 09:30:20 EST 2025
mode = coarse
d = 163
symClass = C
D = 0
leftEndpoint = -0.4
rightEndpoint = 5.9
Range already complete.
mode = medium
d = 163
symClass = C
D = 0
D = 3
[5.82477386348758, 5.826798365496259]
M0 is 130.5928897006759
MY1 is 207.2960333652887
MY2 is 207.1923853486061
29983.12691730963 185381.3645491039 15382.70642739082 26124.4981658436
100/2171
[5.826798365496259, 5.82882286750494]
M0 is 130.6166177663565
MY1 is 207.2216101906538
MY2 is 207.1179993855585
32331.76682824373 45774.46317817843 14603.60168602143 83941.84912190904
2102/2171
[5.826798365496259, 5.827810616500599]
M0 is 130.6047533796905
MY1 is 207.3106523112317
MY2 is 207.2069969850761
15829.94991203748 29837.77439986766 12431.98344766333 19361.08135995912
51/2171
[5.827810616500599, 5.82882286750494]
M0 is 130.6166177663565
MY1 is 207.2216101906538
MY2 is 207.1179993855585
20339.28112768458 167971.8629694017 14603.60168602143 83941.84912190904
2141/2171
[5.827810616500599, 5.82831674200277]
M0 is 130.6106856893045
MY1 is 207.214303796206
MY2 is 207.1106966443079
19817.37487932548 200783.4005151605 16667.22487761129 262432.7319431403
2156/2171
[5.82831674200277, 5.82882286750494]
M0 is 130.6166177663565
MY1 is 207.2216101906538
MY2 is 207.1179993855585
17030.06675756787 362727.1793324064 14603.60168602143 83941.84912190904
15/2171
[5.827810616500599, 5.828063679251684]
M0 is 130.6077195635677
MY1 is 207.2106504427261
MY2 is 207.1070451175047
20096.694791496 233794.1653143856 18366.34432822403 15851638.60077872
2163/2171
[5.828063679251684, 5.82831674200277]
M0 is 130.6106856893045
MY1 is 207.214303796206
MY2 is 207.1106966443079
18115.74495185647 1556045.062576035 16667.22487761129 262432.7319431403
2161/2171
[5.827810616500599, 5.827937147876142]
M0 is 130.6062364788966
MY1 is 207.2088237269228
MY2 is 207.1052193150593
19224.63403567313 156647.9569151692 18395.49447816096 233204.4414292003
5/2171
[5.827937147876142, 5.828063679251684]
M0 is 130.6077195635677
MY1 is 207.2106504427261
MY2 is 207.1070451175047
19195.40252095637 471286.2390671155 18366.34432822403 15851638.60077872
2166/2171
[5.827937147876142, 5.828000413563913]
M0 is 130.6069782960118
MY1 is 207.2097376273392
MY2 is 207.1061327585255
19052.31681103134 455119.6294049828 18630.91423198172 906404.8941569049
2/2171
[5.828000413563913, 5.828063679251684]
M0 is 130.6077195635677
MY1 is 207.2106504427261
MY2 is 207.1070451175047
18772.37235784351 968028.9840403851 18366.34432822403 15851638.60077872
2168/2171
[5.828000413563913, 5.828032046407799]
M0 is 130.6073489302437
MY1 is 207.2101940358459
MY2 is 207.106588938828
18628.93296630656 898752.0210491717 18425.46994676975 1759171.925256502
0/2171
[5.828032046407799, 5.828063679251684]
M0 is 130.6077195635677
MY1 is 207.2106504427261
MY2 is 207.1070451175047
18567.29464607733 2058139.369782835 18366.34432822403 15851638.60077872
2169/2171
[5.828032046407799, 5.828047862829742]
M0 is 130.6075342470192
MY1 is 207.2104222394895
MY2 is 207.1068170283698
18415.75299817583 2310477.990446161 18315.65708427968 6312147.149203679
0/2171
[5.828047862829742, 5.828063679251684]
M0 is 130.6077195635677
MY1 is 207.2106504427261
MY2 is 207.1070451175047
18466.31100067546 4725432.729029868 18366.34432822403 15851638.60077872
2169/2171
Likely eigenvalue [5.828047862829742, 5.828063679251684]
[5.828063679251684, 5.828190210627227]
M0 is 130.6092026337037
MY1 is 207.2124771324876
MY2 is 207.1088708939214
18132.90784775744 1841560.490242189 17378.81277659072 598324.9808535982
2164/2171
[5.828190210627227, 5.82831674200277]
M0 is 130.6106856893045
MY1 is 207.214303796206
MY2 is 207.1106966443079
17363.33080959862 636984.2659256789 16667.22487761129 262432.7319431403
3/2171
[5.828063679251684, 5.828126944939456]
M0 is 130.6084613734131
MY1 is 207.2115643301169
MY2 is 207.1079585479519
17908.27942825783 6851799.169935218 17531.99016479132 1044515.524508871
2165/2171
[5.828126944939456, 5.828190210627227]
M0 is 130.6092026337037
MY1 is 207.2124771324876
MY2 is 207.1088708939214
17748.39752216555 1783819.398285924 17378.81277659072 598324.9808535982
2/2171
[5.828063679251684, 5.82809531209557]
M0 is 130.6080901959838
MY1 is 207.2111068479801
MY2 is 207.1075012945561
19330.96739991937 2174399.863213154 19119.10395705096 990556.0716207203
0/2171
[5.82809531209557, 5.828126944939456]
M0 is 130.6084613734131
MY1 is 207.2115643301169
MY2 is 207.1079585479519
17718.27568409099 2470207.473655436 17531.99016479132 1044515.524508871
2/2171
D = 3
[5.82882286750494, 5.830844560765348]
M0 is 130.6403115523411
MY1 is 207.1565892767797
MY2 is 207.0530109821413
80262.66890639564 21282.82919468431 19114.64183075413 14223.87947124764
783/2173
[5.830844560765348, 5.832866254025756]
M0 is 130.6640049020245
MY1 is 207.0657324449942
MY2 is 206.9621995787717
16750.7667712873 6481.37777189246 12153.33599478019 7642.340616502965
161/2175
[5.82882286750494, 5.829833714135144]
M0 is 130.628464577343
MY1 is 207.1325829889887
MY2 is 207.0290166974943
90324.7624882391 36924.94995772614 32445.93622178469 25335.3336501056
642/2173
[5.829833714135144, 5.830844560765348]
M0 is 130.6403115523411
MY1 is 207.1481263436537
MY2 is 207.0445522804819
26895.56518129381 17486.79569110602 16880.53928697914 14525.88577068315
488/2173
D = 3
[5.832866254025756, 5.83488514825965]
M0 is 130.6876645797132
MY1 is 206.9682287798441
MY2 is 206.8647446654542
8119.617640662132 9426.759959627474 10605.0356958057 11691.27447475335
104/2175
[5.83488514825965, 5.836904042493544]
M0 is 130.7113232833764
MY1 is 206.9177894701725
MY2 is 206.8143305754374
11349.30810865306 13289.35139680862 16380.08997597208 18323.90602734843
97/2176
D = 3
[5.840936252244364, 5.842949577376]
M0 is 130.7821630821073
MY1 is 206.66208957117
MY2 is 206.5587585263844
1779337.324499396 116195.2033346715 47618.34695375946 25432.93587460017
128/2177
[5.842949577376, 5.844962902507636]
M0 is 130.8057527025035
MY1 is 206.5889450237663
MY2 is 206.4856505512545
25779.81718566508 120338.6174740709 18927.54616659972 47785.91921444218
427/2179
D = 3
[5.865013427176718, 5.86701027281906]
M0 is 131.0640179034003
MY1 is 205.6639215334596
MY2 is 205.5610895726929
17752.49893788445 21207.60001272208 31673.00689886189 54935.2353773409
752/2186
[5.86701027281906, 5.869007118461401]
M0 is 131.0874035523865
MY1 is 205.6091097916115
MY2 is 205.5063052367157
76236.72940645413 68669.44385017781 54108.60750668261 49787.11487400605
1835/2188
[5.865013427176718, 5.866011849997889]
M0 is 131.05232426104
MY1 is 205.6493626610245
MY2 is 205.546537979694
18288.08214101451 21082.91438526534 23797.5350120775 30144.24000604996
372/2186
[5.866011849997889, 5.86701027281906]
M0 is 131.0640179034003
MY1 is 205.6639215334596
MY2 is 205.5610895726929
22698.47121501754 30121.23071752835 31673.00689886189 54935.2353773409
384/2186
[5.86701027281906, 5.868008695640231]
M0 is 131.0757106374996
MY1 is 205.5907695868656
MY2 is 205.4879742020722
76236.72940645413 12828.56464584541 382587.1577851637 12515.86791568478
2156/2188
[5.868008695640231, 5.869007118461401]
M0 is 131.0874035523865
MY1 is 205.6125443625999
MY2 is 205.5097380904186
331360.6924698777 1298353.877134955 52475.98170991638 55404.70155619473
554/2188
[5.86701027281906, 5.867509484229646]
M0 is 131.0698643839826
MY1 is 205.5683647657551
MY2 is 205.4655805833723
84037.24369844157 12262.74795985933 245820.5358614265 12036.24652191652
20/2188
[5.867509484229646, 5.868008695640231]
M0 is 131.0757106374996
MY1 is 205.5907695868656
MY2 is 205.4879742020722
189484.2999918412 12624.88720797346 382587.1577851637 12515.86791568478
2170/2188
[5.867509484229646, 5.867759089934939]
M0 is 131.0727875391243
MY1 is 205.586184740126
MY2 is 205.483391647756
189484.2999918412 12624.88720797346 747946.9034260872 12558.33719170857
6/2188
[5.867759089934939, 5.868008695640231]
M0 is 131.0757106374996
MY1 is 205.5907695868656
MY2 is 205.4879742020722
747946.9034260872 12558.33719170857 382587.1577851637 12515.86791568478
2176/2188
[5.867759089934939, 5.867883892787585]
M0 is 131.0742490954077
MY1 is 205.5884771746254
MY2 is 205.4856829360381
747946.9034260872 12558.33719170857 1569239.878914596 12534.05704420926
2182/2188
[5.867883892787585, 5.868008695640231]
M0 is 131.0757106374996
MY1 is 205.5907695868656
MY2 is 205.4879742020722
1569239.878914596 12534.05704420926 382587.1577851637 12515.86791568478
6/2188
[5.867759089934939, 5.867821491361262]
M0 is 131.07351831904
MY1 is 205.5873309601582
MY2 is 205.4845372946781
747946.9034260872 12558.33719170857 2855724.067550159 12545.44059378793
1/2188
[5.867821491361262, 5.867883892787585]
M0 is 131.0742490954077
MY1 is 205.5884771746254
MY2 is 205.4856829360381
2855724.067550159 12545.44059378793 1569239.878914596 12534.05704420926
2183/2188
[5.867821491361262, 5.867852692074424]
M0 is 131.0738837076673
MY1 is 205.5879040680874
MY2 is 205.4851101160534
2855724.067550159 12545.44059378793 6970335.899485033 12539.5591081704
2186/2188
[5.867852692074424, 5.867883892787585]
M0 is 131.0742490954077
MY1 is 205.5884771746254
MY2 is 205.4856829360381
6970335.899485033 12539.5591081704 1569239.878914596 12534.05704420926
3/2188
[5.867821491361262, 5.867837091717843]
M0 is 131.0737010134645
MY1 is 205.5876175142967
MY2 is 205.4848237055396
2855724.067550159 12545.44059378793 9673701.845064275 12542.452497416
1/2188
[5.867837091717843, 5.867852692074424]
M0 is 131.0738837076673
MY1 is 205.5879040680874
MY2 is 205.4851101160534
9673701.845064275 12542.452497416 6970335.899485033 12539.5591081704
2187/2188
Likely eigenvalue [5.867837091717843, 5.867852692074424]
D = 3
[5.912583488037074, 5.914548363449852]
M0 is 131.6205143719338
MY1 is 186.716493270801
MY2 is 172.7027452650695
29416.25177728286 43452.74736583651 26925.81675333309 90202.62813647247
520/2201
[5.914548363449852, 5.916513238862631]
M0 is 131.6435046527907
MY1 is 186.6494765096799
MY2 is 186.5561517714251
87470.32005600131 85448.3679241627 56714.34783285994 55356.3715009191
1143/2204
[5.914548363449852, 5.915530801156242]
M0 is 131.6320094111513
MY1 is 186.6363055404618
MY2 is 186.5429873876917
62200.79233072322 101874.9430022937 52584.85141234688 77109.619959838
207/2203
[5.915530801156242, 5.916513238862631]
M0 is 131.6435046527907
MY1 is 189.8504490780239
MY2 is 186.5561517714251
46528.94387045592 67955.63121873081 56518.76022981496 55356.3715009191
125/2204
D = 3
[5.916513238862631, 5.918475507594665]
M0 is 131.6664641176654
MY1 is 186.5824450327834
MY2 is 186.489153810267
77576.94956944346 36969.13943653663 50434.43169397821 30299.40934636759
160/2205
[5.918475507594665, 5.920437776326699]
M0 is 131.6894227711618
MY1 is 186.4651002203774
MY2 is 186.3718676702672
26003.92485133627 43736.2954124189 24632.98043240334 46343.60102612003
112/2205
D = 3
[5.920437776326699, 5.922397447006134]
M0 is 131.7123495779317
MY1 is 186.3982844367684
MY2 is 186.3050852945501
52392.14188293039 632048.8477624137 53111.8468817445 1750930.309170673
2104/2207
[5.922397447006134, 5.92435711768557]
M0 is 131.7352761234361
MY1 is 186.3042479260886
MY2 is 186.2110958021255
433269.2893537888 26956.02910507999 542916.6158290306 38952.19409782195
106/2207
[5.920437776326699, 5.921417611666417]
M0 is 131.700886342813
MY1 is 186.3850762919966
MY2 is 186.2918837538506
46667.54507118883 844436.1328196144 48542.7445355644 5177250.148071779
55/2207
[5.921417611666417, 5.922397447006134]
M0 is 131.7123495779317
MY1 is 186.3050852945501
MY2 is 186.2119327519028
2005158.155238935 30371.94384979911 1750930.309170673 34661.94520145052
2142/2207
[5.921417611666417, 5.921907529336275]
M0 is 131.7066180702849
MY1 is 186.2984846995515
MY2 is 186.2053354572017
3738508.017571778 30484.36104848655 4009575.811487816 32486.88529541025
2170/2207
[5.921907529336275, 5.922397447006134]
M0 is 131.7123495779317
MY1 is 186.3050852945501
MY2 is 186.2119327519028
39369687.12236777 32370.90830828054 1750930.309170673 34661.94520145052
31/2207
[5.921417611666417, 5.921662570501346]
M0 is 131.703752234027
MY1 is 186.2951842705388
MY2 is 186.2020366784035
4411537.737894873 29404.22628986513 33330184.91017799 30296.17869906834
2190/2207
[5.921662570501346, 5.921907529336275]
M0 is 131.7066180702849
MY1 is 186.2984846995515
MY2 is 186.2053354572017
97191007.68772526 31451.15461106002 4009575.811487816 32486.88529541025
2188/2207
[5.921417611666417, 5.921540091083882]
M0 is 131.7023190239249
MY1 is 186.2935335601456
MY2 is 186.2003867933655
4397151.702894658 29443.01211675102 10323437.84184103 29883.27835070395
10/2207
[5.921540091083882, 5.921662570501346]
M0 is 131.703752234027
MY1 is 186.2951842705388
MY2 is 186.2020366784035
10153385.26887782 29842.62052671205 33330184.91017799 30296.17869906834
2200/2207
[5.921540091083882, 5.921601330792614]
M0 is 131.7030356306939
MY1 is 186.2943589180833
MY2 is 186.2012117386243
10343774.73534489 29903.11195685556 30593325.57795048 30129.64369386595
1/2207
[5.921601330792614, 5.921662570501346]
M0 is 131.703752234027
MY1 is 186.2951842705388
MY2 is 186.2020366784035
29149595.32849102 30067.48069574621 33330184.91017799 30296.17869906834
2201/2207
[5.921601330792614, 5.921631950646979]
M0 is 131.7033942041531
MY1 is 186.2947720580015
MY2 is 186.2016246719726
76259879.70823528 29928.35401864089 22056965.55849108 30044.25149004675
1/2207
[5.921631950646979, 5.921662570501346]
M0 is 131.703752234027
MY1 is 186.2951842705388
MY2 is 186.2020366784035
460785546.1028866 30181.34701020232 33330184.91017799 30296.17869906834
2202/2207
[5.921631950646979, 5.921647260574163]
M0 is 131.7035732191972
MY1 is 186.2949781644411
MY2 is 186.2018306753589
57192815.86705784 30182.69421324563 29724927.09216916 30240.15525624016
4/2207
[5.921647260574163, 5.921662570501346]
M0 is 131.703752234027
MY1 is 186.2951842705388
MY2 is 186.2020366784035
71884291.63955092 30238.64181129549 33330184.91017799 30296.17869906834
3/2207
[5.921662570501346, 5.92178504991881]
M0 is 131.7051848876649
MY1 is 186.2968340330034
MY2 is 186.2036856159869
10785101.87958647 30248.51006029047 4537743.611317824 30719.51561577008
9/2207
[5.92178504991881, 5.921907529336275]
M0 is 131.7066180702849
MY1 is 186.2984846995515
MY2 is 186.2053354572017
8400036.987888616 31960.1607187535 4009575.811487816 32486.88529541025
7/2207
D = 3
[5.939982864016494, 5.941929672270496]
M0 is 131.9408212628979
MY1 is 185.6708338480557
MY2 is 185.5779984311317
652472.2939141456 282084.2430350127 959615.0268261265 6081402.274689893
2131/2214
[5.941929672270496, 5.943876480524499]
M0 is 131.9635887338305
MY1 is 189.0069504013907
MY2 is 185.5416086808241
106566.9854985166 104185.9195587234 495331.1827823721 75144.98355122926
1946/2214
[5.939982864016494, 5.940956268143495]
M0 is 131.9294370361752
MY1 is 185.7107301384389
MY2 is 185.6178747733697
112087.4700722879 3045005.451147509 123696.5083145699 764700.1295502392
2191/2214
[5.940956268143495, 5.941929672270496]
M0 is 131.9408212628979
MY1 is 185.6708338480557
MY2 is 185.5779984311317
6397227.628250916 549756.9936244321 959615.0268261265 6081402.274689893
2162/2214
[5.939982864016494, 5.940469566079994]
M0 is 131.9237454098862
MY1 is 185.7042173725148
MY2 is 185.6113652638286
112164.6872377424 961714.2775763508 117963.4976908429 4397797.821660538
12/2214
[5.940469566079994, 5.940956268143495]
M0 is 131.9294370361752
MY1 is 189.084640907976
MY2 is 185.6178747733697
237465.4581221093 1979344.904694298 768947.8489123299 764700.1295502392
267/2214
[5.940956268143495, 5.941442970206996]
M0 is 131.935129529245
MY1 is 185.6644454552455
MY2 is 185.5716132325178
3973348.426549847 579366.7726429065 2677644.659785628 1132185.663478763
2186/2214
[5.941442970206996, 5.941929672270496]
M0 is 131.9408212628979
MY1 is 189.044019799357
MY2 is 185.5779984311317
237298.0886962662 1020466.797329475 139232.7228724964 6081402.274689893
139/2214
[5.940956268143495, 5.941199619175245]
M0 is 131.9322833098831
MY1 is 185.6612506616356
MY2 is 185.5684200363048
426148.9099404215 572170.4263061741 367551.9745496842 754583.8101724284
5/2214
[5.941199619175245, 5.941442970206996]
M0 is 131.935129529245
MY1 is 185.6644454552455
MY2 is 185.5716132325178
14925919.94724794 767840.8370026303 2677644.659785628 1132185.663478763
16/2214
[5.941929672270496, 5.942903076397497]
M0 is 131.9522051621497
MY1 is 185.6214555963551
MY2 is 185.5286448685569
272313.3089880894 102293.1893740819 201710.5410047678 85835.0174006025
20/2214
[5.942903076397497, 5.943876480524499]
M0 is 131.9635887338305
MY1 is 189.0069504013907
MY2 is 185.5416086808241
266632.4194296867 87204.22854757754 495331.1827823721 75144.98355122926
2072/2214
[5.942903076397497, 5.943389778460999]
M0 is 131.957897327682
MY1 is 189.0003480795021
MY2 is 185.5351274089892
438987.2754995045 87735.51579292913 1593768.914764765 81127.04483218124
2149/2214
[5.943389778460999, 5.943876480524499]
M0 is 131.9635887338305
MY1 is 189.0069504013907
MY2 is 185.5416086808241
1132036.060833832 80684.70530084449 495331.1827823721 75144.98355122926
2141/2214
[5.942903076397497, 5.943146427429248]
M0 is 131.9550510010975
MY1 is 188.9970458461617
MY2 is 185.5318857203373
15998.05330293698 85670.79471249737 16138.45662546824 82391.57415365732
7/2214
[5.943146427429248, 5.943389778460999]
M0 is 131.957897327682
MY1 is 189.0003480795021
MY2 is 185.5351274089892
1207798.66861443 84292.54879393334 1593768.914764765 81127.04483218124
2178/2214
[5.943146427429248, 5.943268102945123]
M0 is 131.9564739001916
MY1 is 188.9986965035992
MY2 is 185.5335061138504
16131.42340294912 84242.36781280178 16217.88326233476 82629.43691150386
2/2214
[5.943268102945123, 5.943389778460999]
M0 is 131.957897327682
MY1 is 189.0003480795021
MY2 is 185.5351274089892
9906889.015741941 82676.93559581642 1593768.914764765 81127.04483218124
2195/2214
[5.943268102945123, 5.943328940703061]
M0 is 131.9571853446437
MY1 is 188.9995218240721
MY2 is 185.5343163025122
16205.47173672192 82358.08561112123 16252.65721443963 81582.77397460229
2/2214
[5.943328940703061, 5.943389778460999]
M0 is 131.957897327682
MY1 is 189.0003480795021
MY2 is 185.5351274089892
3801142.404098057 81893.98857602019 1593768.914764765 81127.04483218124
11/2214
[5.943389778460999, 5.943633129492749]
M0 is 131.9607430579293
MY1 is 189.003649284422
MY2 is 185.5383680880762
1246294.050849048 80900.67625522258 1545588.613518865 78004.60260718281
2173/2214
[5.943633129492749, 5.943876480524499]
M0 is 131.9635887338305
MY1 is 185.5416086808241
MY2 is 185.4488378764837
77804.39912471596 20904.42917328373 75144.98355122926 20818.63323046258
16/2214
[5.943389778460999, 5.943511453976874]
M0 is 131.9593201995989
MY1 is 189.0019986929558
MY2 is 185.5367477593248
1688782.646681964 81122.47358688354 756105.5307119287 79637.86494366937
20/2214
[5.943511453976874, 5.943633129492749]
M0 is 131.9607430579293
MY1 is 189.003649284422
MY2 is 185.5383680880762
12689128.48524888 79423.37345621137 1545588.613518865 78004.60260718281
2190/2214
[5.943511453976874, 5.943572291734812]
M0 is 131.9600316304624
MY1 is 189.0028239914376
MY2 is 185.5375579263986
748258.5415083298 79768.68316917816 587606.8251088948 79045.15465957831
9/2214
[5.943572291734812, 5.943633129492749]
M0 is 131.9607430579293
MY1 is 189.003649284422
MY2 is 185.5383680880762
3523405.735109311 78706.85345524862 1545588.613518865 78004.60260718281
14/2214
memory leak= { -5963 -147242 0 0 591587 -5458491 }
mode = fine
d = 163
symClass = C
D = 0
D = 3.28125
[5.828047862829742, 5.828063679251684]
38598.15272273384 104290.233081206 38726.4360777049 103266.9622290013
5.828047862829742
5.828063679251684
5.828055713898233
3/2379, 3/2379
Sign changes no longer useful, stopping.
D = 3.421875
[5.867837091717843, 5.867852692074424]
12521.45575960535 15345.92588155501 12500.37625054089 15312.56457831763
5.867837091717843
5.867852692074424
5.867850928632436
1/2493, 1/2493
Sign changes no longer useful, stopping.
memory leak= { -1111 -11072 0 0 201286 -383017 }
