/mmfs1/data/mossea/Documents/bianchi-maass-forms/cmake-build-release
c104
Wed Feb  5 00:22:29 EST 2025
mode = coarse
d = 163
symClass = C
D = 0
leftEndpoint = -0.4
rightEndpoint = 5
Range already complete.
mode = medium
d = 163
symClass = C
D = 0
Range already complete.
mode = fine
d = 163
symClass = C
D = 0
D = 3.98438
[4.557457943824023, 4.557483785514433]
17060.88183887662 15488.45940979979 17060.83004111236 15486.47251790253
4.557457943824023
4.557483785514433
ZERO SIGN CHANGES DETECTED. CONDUCT FURTHER INVESTIGATION
[4.557457943824023, 4.557483785514433]
!!!!!!!!!!!!!!!!!!!!!!!!!!!!!!!!!!!!!!!!!!!!!!!!!!!!!!!!!!!!!!!!!
D = 4.0546875
[4.581249936983579, 4.58127555608079]
47117.76909682658 25909.27739239975 46770.70517336237 25866.26826266676
4.581249936983579
4.58127555608079
4.581261534031503
24/2432, 24/2432
Sign changes no longer useful, stopping.
D = 4.0546875
[4.616212574611977, 4.616237762560671]
13962.21898978865 8069.418470715385 14050.48636998056 8088.098111815397
4.616212574611977
4.616237762560671
4.616223495532271
15/2447, 16/2447
Sign changes no longer useful, stopping.
D = 4.0546875
[4.639307248225466, 4.639332227308204]
12171.25595390595 10470.27125134877 12206.46442722416 10492.37824082025
4.639307248225466
4.639332227308204
4.63932493889819
5/2455, 5/2455
Sign changes no longer useful, stopping.
D = 4.265625
[4.670631038111236, 4.670655678519383]
63767.05265253471 69932.3426723482 63417.77577148127 69567.94115759154
4.670631038111236
4.670655678519383
4.670643162586918
3/2635, 3/2635
Sign changes no longer useful, stopping.
D = 4.1953125
[4.699181943087158, 4.69920625607169]
23654.5368398887 21144.14015976078 23638.939299083 21114.344471621
4.699181943087158
4.69920625607169
4.699194621241639
1/2595, 0/2595
Sign changes no longer useful, stopping.
D = 4.1953125
[4.69920625607169, 4.699230569056223]
22314.98285185024 20835.35675991303 22296.12904551089 20784.80077263829
4.69920625607169
4.699230569056223
4.699212733843173
2/2595, 2/2595
Sign changes no longer useful, stopping.
D = 4.125
[4.851959766698883, 4.851982592177047]
91245.68706827378 84833.73338906992 89125.4597886776 82856.1369595576
4.851959766698883
4.851982592177047
4.851964861704461
2/2609, 2/2609
Sign changes no longer useful, stopping.
D = 3.7734375
[4.885441560299621, 4.885464061648408]
70619.83871892963 112406.2300526908 70710.05584003423 112861.2417650881
4.885441560299621
4.885464061648408
4.885454899296686
2/2359, 2/2359
Sign changes no longer useful, stopping.
D = 3.7734375
[4.885464061648408, 4.885486562997196]
70077.53098723496 112424.7786651083 70166.60174944886 112875.5528171529
4.885464061648408
4.885486562997196
4.885472037234115
0/2360, 1/2360
Sign changes no longer useful, stopping.
D = 4.125
[4.967635558678425, 4.967657297666626]
24631.04927648074 22694.6378026762 24611.99721093421 22675.39187025215
4.967635558678425
4.967657297666626
4.967644943686238
1/2658, 0/2658
Sign changes no longer useful, stopping.
D = 4.0546875
[4.967657297666626, 4.967679036654828]
14948.5228689376 19596.86827090675 14964.24354375009 19588.41560413415
4.967657297666626
4.967679036654828
ZERO SIGN CHANGES DETECTED. CONDUCT FURTHER INVESTIGATION
[4.967657297666626, 4.967679036654828]
!!!!!!!!!!!!!!!!!!!!!!!!!!!!!!!!!!!!!!!!!!!!!!!!!!!!!!!!!!!!!!!!!
D = 4.0546875
[4.969722501545786, 4.969744240533988]
20293.34949638626 24909.42836131321 20300.19666726795 24910.92337075468
4.969722501545786
4.969744240533988
ZERO SIGN CHANGES DETECTED. CONDUCT FURTHER INVESTIGATION
[4.969722501545786, 4.969744240533988]
!!!!!!!!!!!!!!!!!!!!!!!!!!!!!!!!!!!!!!!!!!!!!!!!!!!!!!!!!!!!!!!!!
D = 4.0546875
[5.0118498469741, 5.011871205010612]
32917.48560833977 20836.87556785003 33060.66494545095 20833.1880315981
5.0118498469741
5.011871205010612
5.011862758838201
3/2624, 3/2624
Sign changes no longer useful, stopping.
D = 3.7734375
[5.014156514917391, 5.014177872953903]
12587.24567919221 15692.40861306489 12575.69750622902 15669.12277895076
5.014156514917391
5.014177872953903
5.014168901363012
1/2410, 0/2410
Sign changes no longer useful, stopping.
D = 3.7734375
[5.014177872953903, 5.014199230990415]
12572.77716562385 15663.75700939983 12561.28930202202 15640.5676821618
5.014177872953903
5.014199230990415
ZERO SIGN CHANGES DETECTED. CONDUCT FURTHER INVESTIGATION
[5.014177872953903, 5.014199230990415]
!!!!!!!!!!!!!!!!!!!!!!!!!!!!!!!!!!!!!!!!!!!!!!!!!!!!!!!!!!!!!!!!!
D = 3.7734375
[5.014199230990415, 5.014220589026927]
12620.07230290225 14957.30492897404 12608.88680231998 14936.63358057847
5.014199230990415
5.014220589026927
5.014215026511598
1/2410, 1/2410
Sign changes no longer useful, stopping.
D = 3.9140625
[5.306845100417572, 5.30686415758559]
14051.85953841374 23855.13808933708 14088.09428708259 23836.3927145761
5.306845100417572
5.30686415758559
ZERO SIGN CHANGES DETECTED. CONDUCT FURTHER INVESTIGATION
[5.306845100417572, 5.30686415758559]
!!!!!!!!!!!!!!!!!!!!!!!!!!!!!!!!!!!!!!!!!!!!!!!!!!!!!!!!!!!!!!!!!
D = 3.703125
[5.409966790109353, 5.409985145420361]
92978.85178508238 72451.766294182 92697.84165351155 72219.95162089972
5.409966790109353
5.409985145420361
5.409985131633574
1/2526, 0/2526
Sign changes no longer useful, stopping.
D = 3.703125
[5.409985145420361, 5.410003500731368]
92842.368106252 71320.74233813754 92559.00122161633 71091.33206799167
5.409985145420361
5.410003500731368
5.409998998698734
1/2526, 0/2526
Sign changes no longer useful, stopping.
D = 3.703125
[5.707768989696961, 5.70778547752373]
29724.10345378472 48354.57401307594 29558.59650054909 48318.7237279647
5.707768989696961
5.70778547752373
ZERO SIGN CHANGES DETECTED. CONDUCT FURTHER INVESTIGATION
[5.707768989696961, 5.70778547752373]
!!!!!!!!!!!!!!!!!!!!!!!!!!!!!!!!!!!!!!!!!!!!!!!!!!!!!!!!!!!!!!!!!
memory leak= { -11348 -128070 0 0 1598725 -3146979 }
