/mmfs1/data/mossea/Documents/bianchi-maass-forms/cmake-build-release
c126
Sat Feb  8 14:46:12 EST 2025
mode = coarse
d = 163
symClass = C
D = 0
leftEndpoint = -0.4
rightEndpoint = 6
D = 3
[5.738411515955595, 5.742583178252763]
M0 is 129.6050243252393
MY1 is 177.6064819517623
MY2 is 177.5176787107864
8632.93024919364 7935.232268923328 7710.913960867014 7471.909003641247
233/2139
[5.742583178252763, 5.746748788385823]
M0 is 129.6539260679941
MY1 is 177.46343279625
MY2 is 177.3747010798519
10321.48612429023 14130.42844456523 8738.025302564511 10175.04839664065
224/2141
[5.746748788385823, 5.750908368258021]
M0 is 129.7027532088531
MY1 is 177.2509450603631
MY2 is 177.162319587833
9485.820351584425 11419.28580473133 7903.629296379799 9390.537174936921
193/2142
[5.750908368258021, 5.755061939646041]
M0 is 129.751505904474
MY1 is 176.996366989684
MY2 is 173.2306303501211
9958.887515962229 11459.69613762295 10737.66260989813 15245.80146341522
132/2146
[5.755061939646041, 5.759209524201017]
M0 is 129.8001843107149
MY1 is 173.1344132864604
MY2 is 173.0478460798172
11990.33759907808 21927.43182651021 16668.28197094346 31793.3719096974
165/2148
[5.759209524201017, 5.76335114344952]
M0 is 129.8487885826404
MY1 is 173.0260883139237
MY2 is 172.9395752697667
30701.12517073678 8714.755805303286 41826.05880452456 9555.189372951148
117/2148
[5.76335114344952, 5.767486818794548]
M0 is 129.8973194225207
MY1 is 172.8312502829113
MY2 is 172.7448346577698
9916.24849819012 9716.685089347448 12314.8078927705 11953.39863335316
304/2150
[5.767486818794548, 5.771616571516492]
M0 is 129.9457764355763
MY1 is 172.7228709087348
MY2 is 172.6365094732804
10753.26598221403 11483.42815487739 14365.4298003335 13439.31965658837
219/2152
[5.771616571516492, 5.775740422774105]
M0 is 129.994160322239
MY1 is 172.6144383924385
MY2 is 172.5281311732423
10668.89181355069 9101.185211641705 17109.52598616138 13430.69108199284
356/2154
[5.775740422774105, 5.779858393605456]
M0 is 130.0424717816079
MY1 is 172.5139345769289
MY2 is 172.4276776096404
10434.80633819656 6920.213620505204 15379.70072275867 9976.799450756131
279/2155
[5.779858393605456, 5.783970504928868]
M0 is 130.0907104165979
MY1 is 172.3548307010047
MY2 is 172.2686532856542
28145.8209371248 28331.85382421864 23577.55561202684 22592.41578009525
96/2156
[5.783970504928868, 5.788076777543862]
M0 is 130.1388769245079
MY1 is 172.2888300033183
MY2 is 172.2026855883166
27158.14195065848 30419.0860836325 25042.37230344674 27245.14514406335
126/2158
[5.788076777543862, 5.792177232132076]
M0 is 130.1869709070266
MY1 is 172.1989218704687
MY2 is 172.1128224095335
18643.01541504558 19838.74071326797 18191.90447889171 19464.08240018457
106/2158
[5.792177232132076, 5.796271889258186]
M0 is 130.2349930596761
MY1 is 176.0444604165318
MY2 is 172.0406570746943
13678.3930472361 28557.41739226042 13478.10794232126 30619.15376682193
68/2158
[5.796271889258186, 5.800360769370811]
M0 is 130.2829440766803
MY1 is 175.8089956024552
MY2 is 175.7210911046539
33619.59033346229 62799.1279033051 13884.15076191356 36961.78858690511
316/2159
[5.800360769370811, 5.804443892803412]
M0 is 130.3308235575101
MY1 is 175.5975507115398
MY2 is 171.861574986284
32316.42756516911 15200.88328406483 155353.8879589748 14888.40230335474
93/2160
[5.804443892803412, 5.808521279775182]
M0 is 130.3786321946491
MY1 is 171.7406572623526
MY2 is 171.6547869337215
9236.911212853229 8336.328573905654 9062.935971938994 7973.10646474443
194/2162
[5.808521279775182, 5.812592950391931]
M0 is 130.4263695863978
MY1 is 171.6080546106819
MY2 is 171.5222505833766
8200.953933606334 7260.563175887465 7877.991481009647 6780.050348344993
255/2165
[5.812592950391931, 5.81665892464695]
M0 is 130.4740369698349
MY1 is 171.4279827512392
MY2 is 171.3422687598635
25260.39125617253 23504.70798427337 24600.28931516146 24515.3514418688
61/2167
[5.81665892464695, 5.820719222421884]
M0 is 130.5216339416946
MY1 is 171.2216349445405
MY2 is 171.1360241270683
42945.74369294517 489641.272790001 45092.93304473656 1990223.733263124
59/2169
[5.820719222421884, 5.82477386348758]
M0 is 130.5691606445965
MY1 is 207.4317028539287
MY2 is 171.1009959200324
14698.47278449315 22745.36364069736 7491.651935010804 25981.15600718189
246/2171
[5.82477386348758, 5.82882286750494]
M0 is 130.6166177663565
MY1 is 207.3252728270674
MY2 is 207.2216101906538
32961.96636467736 1734190.962060868 10430.37822875031 14603.60168602143
1997/2171
[5.82882286750494, 5.832866254025756]
M0 is 130.6640049020245
MY1 is 207.1778542267976
MY2 is 207.0742652996842
79980.45494527879 27437.65514327753 9747.133619197733 12352.82822769574
1261/2175
[5.832866254025756, 5.836904042493544]
M0 is 130.7113232833764
MY1 is 207.0213001202326
MY2 is 206.9177894701725
20371.59617278815 9036.213045216302 12068.3523187377 16380.08997597208
780/2176
[5.836904042493544, 5.840936252244364]
M0 is 130.7585725039507
MY1 is 206.8386735923111
MY2 is 206.7352542555149
22602.73262439845 23046.87772038921 18726722.67562041 160168.4918609315
330/2177
[5.840936252244364, 5.844962902507636]
M0 is 130.8057527025035
MY1 is 206.5889450237663
MY2 is 206.4856505512545
122728.8173685636 104908.6364622838 18927.54616659972 47785.91921444218
1821/2179
[5.844962902507636, 5.848984012406947]
M0 is 130.8528645623253
MY1 is 206.4426341218901
MY2 is 206.3394128048291
48911.61951869168 47293.76050460277 25974.85729851626 23765.73775452187
499/2179
[5.848984012406947, 5.85299960096085]
M0 is 130.8999082204172
MY1 is 206.2412571338045
MY2 is 206.1381365052377
27079.86342707813 10497.14546395261 40652.2499010264 11098.64044455508
157/2179
[5.85299960096085, 5.857009687083658]
M0 is 130.9468832681825
MY1 is 206.133195153667
MY2 is 206.0301285560902
8790.090947476887 7674.709608200676 14781.05066910052 12795.53374823339
110/2182
[5.857009687083658, 5.861014289586223]
M0 is 130.9937909313057
MY1 is 205.9881558530496
MY2 is 205.8851617751231
134571.4175490437 29417.58984389481 40144.68725801589 14295.52061174102
574/2183
[5.861014289586223, 5.865013427176718]
M0 is 131.0406307997403
MY1 is 205.7376731137259
MY2 is 205.634804277169
10889.71764368623 14481.12015148674 21277.59541163576 17437.3650703119
246/2185
[5.865013427176718, 5.869007118461401]
M0 is 131.0874035523865
MY1 is 205.6091097916115
MY2 is 205.5063052367157
23137.58445146136 24052.79383181779 54108.607506768 49787.11487402198
1671/2188
[5.869007118461401, 5.87299538194538]
M0 is 131.1341093225668
MY1 is 205.523785760009
MY2 is 205.421023867129
61006.12713286924 11906.6243316717 10651.34192767209 12063.22806253518
154/2189
[5.87299538194538, 5.876978236033368]
M0 is 131.1807476987129
MY1 is 205.4273482675121
MY2 is 205.3246345933783
12553.37509481186 16744.45294990845 15612.87980892383 21133.57029876105
328/2191
[5.876978236033368, 5.88095569903043]
M0 is 131.227319357398
MY1 is 205.2721354825378
MY2 is 205.1694994147966
11374.64129379711 9860.170925244454 20321.55063163754 13107.66931204428
441/2191
[5.88095569903043, 5.88492778914272]
M0 is 131.2738249740213
MY1 is 205.1258301826845
MY2 is 205.0232672675932
9914.058300449627 7738.643017261792 31562.39698002522 16594.97846196867
224/2191
[5.88492778914272, 5.888894524478219]
M0 is 131.32026467897
MY1 is 204.920571483832
MY2 is 204.8181111980902
14661.74884476883 16427.80327505196 12229.22335517259 11202.58485849387
380/2191
[5.888894524478219, 5.892855923047457]
M0 is 131.3666375145928
MY1 is 204.7117896110281
MY2 is 204.6094337162225
19367.3983625739 27708.5624596776 13880.95596472042 17504.66541494543
59/2193
[5.892855923047457, 5.896812002764238]
M0 is 131.4129452415755
MY1 is 204.486892060133
MY2 is 204.384648614103
15467.85547658446 7368.335686205984 30107.81167859539 9633.984176615641
119/2195
[5.896812002764238, 5.90076278144635]
M0 is 131.4591874446139
MY1 is 204.2170032189187
MY2 is 204.1148947173092
12289.42956447806 12938.29384560504 13202.58236763053 12819.88199602631
634/2196
[5.90076278144635, 5.904708276816268]
M0 is 131.5053642516416
MY1 is 216.9512795864872
MY2 is 173.1427530710891
26124.91073985654 382919.640416349 13781.11039914325 92450.99542503576
328/2197
[5.904708276816268, 5.908648506501859]
M0 is 131.5514757899901
MY1 is 173.0157637090073
MY2 is 172.9292558271528
144081.7908233549 14508.06505855061 517364.6202893896 11940.73962515095
119/2199
[5.908648506501859, 5.912583488037074]
M0 is 131.5975227294281
MY1 is 190.0818408813396
MY2 is 172.851174798287
9815.958187424854 21430.64222566094 9584.986850317653 16058.83779292459
167/2200
[5.912583488037074, 5.916513238862631]
M0 is 131.6435046527907
MY1 is 186.6494765096799
MY2 is 172.7271219151678
147885.5564210432 41836.23955053413 56714.34783285994 1433130.94531207
1276/2204
[5.916513238862631, 5.920437776326699]
M0 is 131.6894227711618
MY1 is 186.5154329486211
MY2 is 172.6030767855168
74179.3844323294 33239.31639089184 36113.16845180008 170114.9931848355
866/2205
[5.920437776326699, 5.92435711768557]
M0 is 131.7352761234361
MY1 is 186.3314887966996
MY2 is 186.2383230523012
723771.0903913705 27603.06792276348 227281.869256986 51415.75649010903
1883/2207
[5.92435711768557, 5.92827128010433]
M0 is 131.7810659189954
MY1 is 186.1826829088759
MY2 is 186.0895915674215
20207.05925220275 29489.23842392477 31707.09554282514 42684.88936507072
403/2210
[5.92827128010433, 5.932180280657513]
M0 is 131.8267917384789
MY1 is 203.2315593727387
MY2 is 186.0143615079189
138789.2307703477 24114.27601282995 176611.9256086998 44250.26035615489
506/2210
[5.932180280657513, 5.936084136329767]
M0 is 131.8724542469518
MY1 is 202.9826969116409
MY2 is 185.879521725352
9053.631696546139 24480.03587036283 16628.13862656158 32220.30000212636
184/2211
[5.936084136329767, 5.939982864016494]
M0 is 131.9180530241802
MY1 is 185.7381472718661
MY2 is 171.8837695559311
53564.06509494255 30609.80879516943 69569.71829530169 25759.4251021628
137/2214
[5.939982864016494, 5.943876480524499]
M0 is 131.9635887338305
MY1 is 185.6035404327172
MY2 is 171.6733235620343
1671458.651903552 50154.90169403056 188654.6271485669 37915.5865188122
2099/2214
[5.943876480524499, 5.947765002572625]
M0 is 132.0090620384773
MY1 is 188.9458048137686
MY2 is 171.4747402929098
slurmstepd: error: *** JOB 3309271 ON c126 CANCELLED AT 2025-02-12T14:46:17 DUE TO TIME LIMIT ***
