/mmfs1/data/mossea/Documents/bianchi-maass-forms/cmake-build-release
c113
Tue Feb 25 14:00:09 EST 2025
7.234068853786787 is modular for symClass D
14.25440041975408 is NOT modular for symClass D
12.52773675975472 is NOT modular for symClass D
14.85959136455599 is modular for symClass D
11.98855106503642 is modular for symClass D
9.420444625508869 is modular for symClass D
10.39939598743097 is modular for symClass D
12.61632344750524 is NOT modular for symClass D
4.936265381485447 is modular for symClass D
3.050972996865203 is modular for symClass D
13.66294928138562 is modular for symClass D
12.83522766564612 is NOT modular for symClass D
9.417071699971052 is NOT modular for symClass D
13.42839607647368 is modular for symClass D
4.689161117887486 is NOT modular for symClass D
14.17342846029776 is modular for symClass D
7.008203538020442 is modular for symClass D
9.20507311604484 is modular for symClass D
12.53986786863184 is NOT modular for symClass D
10.55431294620477 is modular for symClass D
9.766012065643189 is modular for symClass D
12.15606029183494 is NOT modular for symClass D
7.077192142877516 is modular for symClass D
12.18292569044123 is modular for symClass D
13.97978011767716 is modular for symClass D
9.845752124053872 is modular for symClass D
14.09552740812384 is modular for symClass D
11.31257351549611 is modular for symClass D
7.623713139315541 is NOT modular for symClass D
13.79597490243131 is modular for symClass D
9.535558638706366 is modular for symClass D
11.77324834075844 is modular for symClass D
11.01781363185814 is modular for symClass D
8.394865707669954 is modular for symClass D
4.368255800770706 is modular for symClass D
7.409446815769612 is modular for symClass D
13.35386360755595 is modular for symClass D
13.6786914098779 is modular for symClass D
9.730519867225702 is NOT modular for symClass D
12.79318864330702 is NOT modular for symClass D
12.69281385913423 is modular for symClass D
10.27828039990437 is NOT modular for symClass D
8.431331390256636 is modular for symClass D
14.34296423881866 is NOT modular for symClass D
6.338496590913416 is modular for symClass D
10.81952920484427 is modular for symClass D
11.10081878109581 is modular for symClass D
13.92931589294655 is modular for symClass D
13.34249455820929 is NOT modular for symClass D
12.04613658735165 is NOT modular for symClass D
12.55847804463055 is modular for symClass D
12.28226208621737 is modular for symClass D
8.570022983982277 is modular for symClass D
14.38332031431096 is modular for symClass D
14.8808922724679 is NOT modular for symClass D
14.69420637900829 is modular for symClass D
12.8058043179051 is NOT modular for symClass D
7.000441364709057 is NOT modular for symClass D
13.33613149230789 is modular for symClass D
2.026129035267043 is modular for symClass D
2.820753779810448 is modular for symClass D
13.89576075519944 is modular for symClass D
14.91542192724659 is modular for symClass D
9.729947566879988 is NOT modular for symClass D
12.14091658298423 is modular for symClass D
8.540403554107399 is modular for symClass D
14.88434159231673 is modular for symClass D
5.063367771203684 is modular for symClass D
8.283042361148169 is modular for symClass D
7.620050922169145 is NOT modular for symClass D
7.331153231049675 is modular for symClass D
13.34749795951406 is NOT modular for symClass D
9.730561919531876 is NOT modular for symClass D
8.658190788135558 is modular for symClass D
12.62017099372788 is NOT modular for symClass D
3.21701303614426 is modular for symClass D
12.22892182378057 is modular for symClass D
8.344777530127669 is modular for symClass D
12.53894257707422 is modular for symClass D
13.49790987421215 is modular for symClass D
12.79931313905805 is modular for symClass D
14.09552565184152 is modular for symClass D
8.210987808153144 is modular for symClass D
14.4941026706667 is NOT modular for symClass D
14.47180375852959 is modular for symClass D
14.26964801436838 is modular for symClass D
13.75810816835162 is modular for symClass D
13.57160713498789 is modular for symClass D
14.77769466160722 is modular for symClass D
9.656955209183707 is modular for symClass D
11.49993090560177 is modular for symClass D
11.41407983298258 is modular for symClass D
12.83092887422604 is NOT modular for symClass D
14.55507731808876 is NOT modular for symClass D
10.2782417868317 is NOT modular for symClass D
10.44398226145216 is NOT modular for symClass D
9.340131629758158 is modular for symClass D
9.73485046515739 is NOT modular for symClass D
8.819252882255773 is NOT modular for symClass D
9.606479957289691 is modular for symClass D
6.751358411775371 is modular for symClass D
13.21514150192313 is modular for symClass D
12.87943217702784 is NOT modular for symClass D
14.47180426139895 is modular for symClass D
9.734888000556053 is NOT modular for symClass D
12.24787263829262 is modular for symClass D
10.94959968500721 is modular for symClass D
14.5562841166296 is NOT modular for symClass D
10.15153410082947 is modular for symClass D
11.52871318164847 is modular for symClass D
12.48881059620362 is modular for symClass D
7.625612161881278 is NOT modular for symClass D
8.811511239982703 is NOT modular for symClass D
13.23060076198882 is NOT modular for symClass D
12.43742166252948 is modular for symClass D
8.090001339211579 is modular for symClass D
11.98814320945584 is NOT modular for symClass D
14.23695072164074 is modular for symClass D
8.823350726372629 is NOT modular for symClass D
10.53716743437228 is NOT modular for symClass D
12.99238088520236 is modular for symClass D
7.917818985819092 is modular for symClass D
12.02354903175325 is modular for symClass D
14.77278399757303 is NOT modular for symClass D
4.662748739962766 is modular for symClass D
14.25998888728334 is NOT modular for symClass D
14.05581080399127 is modular for symClass D
13.05829061419496 is modular for symClass D
14.0295617710596 is NOT modular for symClass D
9.729977996460997 is NOT modular for symClass D
14.99088816413007 is modular for symClass D
11.85832454675042 is modular for symClass D
11.53184756379603 is NOT modular for symClass D
6.1454662918068 is modular for symClass D
14.99366140867691 is NOT modular for symClass D
10.70837585475056 is modular for symClass D
10.40643890282806 is NOT modular for symClass D
11.13867130492621 is modular for symClass D
14.79797614831338 is modular for symClass D
13.66509796388207 is NOT modular for symClass D
12.60578770866676 is NOT modular for symClass D
13.66505078653704 is NOT modular for symClass D
9.266921370315682 is modular for symClass D
8.826304577973984 is NOT modular for symClass D
11.05953833924642 is modular for symClass D
10.53713141535415 is NOT modular for symClass D
9.618928989934243 is modular for symClass D
11.59554955555185 is NOT modular for symClass D
6.410488231798869 is modular for symClass D
13.66507007933737 is NOT modular for symClass D
12.5250857653965 is NOT modular for symClass D
11.59206546882539 is modular for symClass D
10.27518362334307 is NOT modular for symClass D
13.51395554998384 is modular for symClass D
13.17249191225954 is modular for symClass D
Going to test these spectral parameters for modularity in the corresponding symmetry class of reflection-odd forms
7.234068853786787
14.85959136455599
11.98855106503642
9.420444625508869
10.39939598743097
4.936265381485447
3.050972996865203
13.66294928138562
13.42839607647368
14.17342846029776
7.008203538020442
9.20507311604484
10.55431294620477
9.766012065643189
7.077192142877516
12.18292569044123
13.97978011767716
9.845752124053872
14.09552740812384
11.31257351549611
13.79597490243131
9.535558638706366
11.77324834075844
11.01781363185814
8.394865707669954
4.368255800770706
7.409446815769612
13.35386360755595
13.6786914098779
12.69281385913423
8.431331390256636
6.338496590913416
10.81952920484427
11.10081878109581
13.92931589294655
12.55847804463055
12.28226208621737
8.570022983982277
14.38332031431096
14.69420637900829
13.33613149230789
2.026129035267043
2.820753779810448
13.89576075519944
14.91542192724659
12.14091658298423
8.540403554107399
14.88434159231673
5.063367771203684
8.283042361148169
7.331153231049675
8.658190788135558
3.21701303614426
12.22892182378057
8.344777530127669
12.53894257707422
13.49790987421215
12.79931313905805
14.09552565184152
8.210987808153144
14.47180375852959
14.26964801436838
13.75810816835162
13.57160713498789
14.77769466160722
9.656955209183707
11.49993090560177
11.41407983298258
9.340131629758158
9.606479957289691
6.751358411775371
13.21514150192313
14.47180426139895
12.24787263829262
10.94959968500721
10.15153410082947
11.52871318164847
12.48881059620362
12.43742166252948
8.090001339211579
14.23695072164074
12.99238088520236
7.917818985819092
12.02354903175325
4.662748739962766
14.05581080399127
13.05829061419496
14.99088816413007
11.85832454675042
6.1454662918068
10.70837585475056
11.13867130492621
14.79797614831338
9.266921370315682
11.05953833924642
9.618928989934243
6.410488231798869
11.59206546882539
13.51395554998384
13.17249191225954
warning coeffavg is 15.47092287449763
maxDiff is 98.18445014234152
7.234068853786787 is NOT modular for symClass G
maxDiff is 28.13722299611211
14.85959136455599 is NOT modular for symClass G
maxDiff is 3.635483632885572e-09
11.98855106503642 is modular for symClass G
maxDiff is 2.394044439694427
9.420444625508869 is NOT modular for symClass G
maxDiff is 2.738542281832679e-09
10.39939598743097 is modular for symClass G
maxDiff is 30.38880489705716
4.936265381485447 is NOT modular for symClass G
maxDiff is 1.869363282435156
3.050972996865203 is NOT modular for symClass G
maxDiff is 5.338191105603194
13.66294928138562 is NOT modular for symClass G
maxDiff is 1.152880080880492e-07
13.42839607647368 is modular for symClass G
maxDiff is 1.010937042411619e-07
14.17342846029776 is modular for symClass G
maxDiff is 11.47807637213593
7.008203538020442 is NOT modular for symClass G
maxDiff is 4.8222686954702e-10
9.20507311604484 is modular for symClass G
maxDiff is 63.36073591879613
10.55431294620477 is NOT modular for symClass G
maxDiff is 7.478794472604022e-09
9.766012065643189 is modular for symClass G
maxDiff is 15.4459963406195
7.077192142877516 is NOT modular for symClass G
maxDiff is 21.04013969946405
12.18292569044123 is NOT modular for symClass G
maxDiff is 89.02980487357326
13.97978011767716 is NOT modular for symClass G
maxDiff is 5.104302536196315e-10
9.845752124053872 is modular for symClass G
maxDiff is 11.3710563605728
14.09552740812384 is NOT modular for symClass G
maxDiff is 4.740031478434048e-09
11.31257351549611 is modular for symClass G
maxDiff is 17.92085101881127
13.79597490243131 is NOT modular for symClass G
warning coeffavg is 70.12001050229944
maxDiff is 1212.175185068814
9.535558638706366 is NOT modular for symClass G
maxDiff is 1.510754410460891e-08
11.77324834075844 is modular for symClass G
maxDiff is 6.486618797652e-09
11.01781363185814 is modular for symClass G
maxDiff is 25.42213361422227
8.394865707669954 is NOT modular for symClass G
maxDiff is 5.713863622500832
4.368255800770706 is NOT modular for symClass G
maxDiff is 8.910205906431656e-11
7.409446815769612 is modular for symClass G
maxDiff is 4.141316756189894e-08
13.35386360755595 is modular for symClass G
maxDiff is 3.453770514028065e-08
13.6786914098779 is modular for symClass G
maxDiff is 9.721403717791535
12.69281385913423 is NOT modular for symClass G
maxDiff is 1.621618839209304e-09
8.431331390256636 is modular for symClass G
maxDiff is 14.21581717853173
6.338496590913416 is NOT modular for symClass G
maxDiff is 1.134695648552508e-08
10.81952920484427 is modular for symClass G
maxDiff is 20.54885678223125
11.10081878109581 is NOT modular for symClass G
maxDiff is 32.22737419409071
13.92931589294655 is NOT modular for symClass G
maxDiff is 1.063035437454118e-08
12.55847804463055 is modular for symClass G
maxDiff is 2.282265176845044e-08
12.28226208621737 is modular for symClass G
maxDiff is 9.495001627258393
8.570022983982277 is NOT modular for symClass G
maxDiff is 6.55472902622023e-08
14.38332031431096 is modular for symClass G
maxDiff is 8.622490099696734e-08
14.69420637900829 is modular for symClass G
maxDiff is 8.74413039753108e-08
13.33613149230789 is modular for symClass G
slurmstepd: error: *** JOB 3423473 ON c113 CANCELLED AT 2025-02-27T14:00:20 DUE TO TIME LIMIT ***
