/mmfs1/data/mossea/Documents/bianchi-maass-forms/cmake-build-release
c117
Thu Feb 27 15:44:30 EST 2025
14.25440041975408 is NOT modular for symClass D
12.52773675975472 is NOT modular for symClass D
12.61632344750524 is NOT modular for symClass D
12.83522766564612 is NOT modular for symClass D
9.417071699971052 is NOT modular for symClass D
4.689161117887486 is NOT modular for symClass D
12.53986786863184 is NOT modular for symClass D
12.15606029183494 is NOT modular for symClass D
7.623713139315541 is NOT modular for symClass D
9.730519867225702 is NOT modular for symClass D
12.79318864330702 is NOT modular for symClass D
10.27828039990437 is NOT modular for symClass D
14.34296423881866 is NOT modular for symClass D
13.34249455820929 is NOT modular for symClass D
12.04613658735165 is NOT modular for symClass D
14.8808922724679 is NOT modular for symClass D
12.8058043179051 is NOT modular for symClass D
7.000441364709057 is NOT modular for symClass D
9.729947566879988 is NOT modular for symClass D
7.620050922169145 is NOT modular for symClass D
13.34749795951406 is NOT modular for symClass D
9.730561919531876 is NOT modular for symClass D
12.62017099372788 is NOT modular for symClass D
14.4941026706667 is NOT modular for symClass D
12.83092887422604 is NOT modular for symClass D
14.55507731808876 is NOT modular for symClass D
10.2782417868317 is NOT modular for symClass D
10.44398226145216 is NOT modular for symClass D
9.73485046515739 is NOT modular for symClass D
8.819252882255773 is NOT modular for symClass D
12.87943217702784 is NOT modular for symClass D
9.734888000556053 is NOT modular for symClass D
14.5562841166296 is NOT modular for symClass D
7.625612161881278 is NOT modular for symClass D
8.811511239982703 is NOT modular for symClass D
13.23060076198882 is NOT modular for symClass D
11.98814320945584 is NOT modular for symClass D
8.823350726372629 is NOT modular for symClass D
10.53716743437228 is NOT modular for symClass D
14.77278399757303 is NOT modular for symClass D
14.25998888728334 is NOT modular for symClass D
14.0295617710596 is NOT modular for symClass D
9.729977996460997 is NOT modular for symClass D
11.53184756379603 is NOT modular for symClass D
14.99366140867691 is NOT modular for symClass D
10.40643890282806 is NOT modular for symClass D
13.66509796388207 is NOT modular for symClass D
12.60578770866676 is NOT modular for symClass D
13.66505078653704 is NOT modular for symClass D
8.826304577973984 is NOT modular for symClass D
10.53713141535415 is NOT modular for symClass D
11.59554955555185 is NOT modular for symClass D
13.66507007933737 is NOT modular for symClass D
12.5250857653965 is NOT modular for symClass D
10.27518362334307 is NOT modular for symClass D
Going to test these spectral parameters for modularity in the corresponding symmetry class of reflection-odd forms
7.234068853786787
14.85959136455599
11.98855106503642
9.420444625508869
10.39939598743097
4.936265381485447
3.050972996865203
13.66294928138562
13.42839607647368
14.17342846029776
7.008203538020442
9.20507311604484
10.55431294620477
9.766012065643189
7.077192142877516
12.18292569044123
13.97978011767716
9.845752124053872
14.09552740812384
11.31257351549611
13.79597490243131
9.535558638706366
11.77324834075844
11.01781363185814
8.394865707669954
4.368255800770706
7.409446815769612
13.35386360755595
13.6786914098779
12.69281385913423
8.431331390256636
6.338496590913416
10.81952920484427
11.10081878109581
13.92931589294655
12.55847804463055
12.28226208621737
8.570022983982277
14.38332031431096
14.69420637900829
13.33613149230789
2.026129035267043
2.820753779810448
13.89576075519944
14.91542192724659
12.14091658298423
8.540403554107399
14.88434159231673
5.063367771203684
8.283042361148169
7.331153231049675
8.658190788135558
3.21701303614426
12.22892182378057
8.344777530127669
12.53894257707422
13.49790987421215
12.79931313905805
14.09552565184152
8.210987808153144
14.47180375852959
14.26964801436838
13.75810816835162
13.57160713498789
14.77769466160722
9.656955209183707
11.49993090560177
11.41407983298258
9.340131629758158
9.606479957289691
6.751358411775371
13.21514150192313
14.47180426139895
12.24787263829262
10.94959968500721
10.15153410082947
11.52871318164847
12.48881059620362
12.43742166252948
8.090001339211579
14.23695072164074
12.99238088520236
7.917818985819092
12.02354903175325
4.662748739962766
14.05581080399127
13.05829061419496
14.99088816413007
11.85832454675042
6.1454662918068
10.70837585475056
11.13867130492621
14.79797614831338
9.266921370315682
11.05953833924642
9.618928989934243
6.410488231798869
11.59206546882539
13.51395554998384
13.17249191225954
warning coeffavg is 15.47092287449763
maxDiff is 99.87111695888824
7.234068853786787 is NOT modular for symClass G
maxDiff is 26.80008129620672
14.85959136455599 is NOT modular for symClass G
maxDiff is 3.981106777573018e-09
11.98855106503642 is modular for symClass G
maxDiff is 2.382703355517231
9.420444625508869 is NOT modular for symClass G
maxDiff is 1.507316493842836e-09
10.39939598743097 is modular for symClass G
maxDiff is 26.74682765524035
4.936265381485447 is NOT modular for symClass G
maxDiff is 2.41097683003972
3.050972996865203 is NOT modular for symClass G
maxDiff is 6.563090810039748
13.66294928138562 is NOT modular for symClass G
maxDiff is 1.231171674193066e-07
13.42839607647368 is modular for symClass G
maxDiff is 1.318479603273914e-07
14.17342846029776 is modular for symClass G
maxDiff is 21.45162287865078
7.008203538020442 is NOT modular for symClass G
maxDiff is 4.598679215206403e-10
9.20507311604484 is modular for symClass G
maxDiff is 43.57454904886555
10.55431294620477 is NOT modular for symClass G
maxDiff is 3.409116282673819e-09
9.766012065643189 is modular for symClass G
maxDiff is 13.42517392359448
7.077192142877516 is NOT modular for symClass G
maxDiff is 25.17585778320929
12.18292569044123 is NOT modular for symClass G
maxDiff is 85.38205946057565
13.97978011767716 is NOT modular for symClass G
maxDiff is 6.075513425685131e-10
9.845752124053872 is modular for symClass G
maxDiff is 11.8265729207562
14.09552740812384 is NOT modular for symClass G
maxDiff is 5.482477527518625e-09
11.31257351549611 is modular for symClass G
maxDiff is 13.79726598417193
13.79597490243131 is NOT modular for symClass G
warning coeffavg is 70.12001050229046
maxDiff is 1202.141610655224
9.535558638706366 is NOT modular for symClass G
maxDiff is 6.370533878197193e-09
11.77324834075844 is modular for symClass G
maxDiff is 3.347456534186222e-09
11.01781363185814 is modular for symClass G
maxDiff is 31.88552130366999
8.394865707669954 is NOT modular for symClass G
maxDiff is 6.765826930535025
4.368255800770706 is NOT modular for symClass G
maxDiff is 5.175623818409747e-11
7.409446815769612 is modular for symClass G
maxDiff is 2.820981581663773e-08
13.35386360755595 is modular for symClass G
maxDiff is 6.913582700773802e-08
13.6786914098779 is modular for symClass G
maxDiff is 10.15776808465237
12.69281385913423 is NOT modular for symClass G
maxDiff is 9.536145206823221e-10
8.431331390256636 is modular for symClass G
maxDiff is 11.9978592656496
6.338496590913416 is NOT modular for symClass G
maxDiff is 1.301824389607353e-08
10.81952920484427 is modular for symClass G
maxDiff is 22.55777598569687
11.10081878109581 is NOT modular for symClass G
maxDiff is 27.68958671670657
13.92931589294655 is NOT modular for symClass G
maxDiff is 1.060322496471144e-08
12.55847804463055 is modular for symClass G
maxDiff is 1.958424977743789e-08
12.28226208621737 is modular for symClass G
maxDiff is 8.130942494071057
8.570022983982277 is NOT modular for symClass G
maxDiff is 1.112861847119007e-07
14.38332031431096 is modular for symClass G
maxDiff is 4.361980465716897e-08
14.69420637900829 is modular for symClass G
maxDiff is 5.282536932882387e-08
13.33613149230789 is modular for symClass G
maxDiff is 1.143090187162464
2.026129035267043 is NOT modular for symClass G
maxDiff is 1.719062492523121
2.820753779810448 is NOT modular for symClass G
maxDiff is 39.1245442866168
13.89576075519944 is NOT modular for symClass G
maxDiff is 13.83904537842789
14.91542192724659 is NOT modular for symClass G
maxDiff is 3.329537645591074e-09
12.14091658298423 is modular for symClass G
maxDiff is 4.168279055249968e-10
8.540403554107399 is modular for symClass G
maxDiff is 7.148057162842392e-08
14.88434159231673 is modular for symClass G
maxDiff is 5.365152766501069e-12
5.063367771203684 is modular for symClass G
maxDiff is 4.538935893805274e-10
8.283042361148169 is modular for symClass G
maxDiff is 63.52873645109356
7.331153231049675 is NOT modular for symClass G
maxDiff is 31.28968508133511
8.658190788135558 is NOT modular for symClass G
maxDiff is 1.99531650915875
3.21701303614426 is NOT modular for symClass G
maxDiff is 13.50911383519787
12.22892182378057 is NOT modular for symClass G
maxDiff is 34.52229502646725
8.344777530127669 is NOT modular for symClass G
maxDiff is 2.777216618760092
12.53894257707422 is NOT modular for symClass G
maxDiff is 1.235429682444611e-07
13.49790987421215 is modular for symClass G
maxDiff is 21.0727657333647
12.79931313905805 is NOT modular for symClass G
warning coeffavg is 10.39316713414512
maxDiff is 65.82298004706323
14.09552565184152 is NOT modular for symClass G
maxDiff is 5.367816289045786
8.210987808153144 is NOT modular for symClass G
maxDiff is 2.684988131274046e-07
14.47180375852959 is modular for symClass G
maxDiff is 5.171523276281675e-08
14.26964801436838 is modular for symClass G
warning coeffavg is 14.23891237383296
maxDiff is 130.4018571015252
13.75810816835162 is NOT modular for symClass G
maxDiff is 5.481110738891903e-08
13.57160713498789 is modular for symClass G
maxDiff is 1.568334804247229e-07
14.77769466160722 is modular for symClass G
maxDiff is 16.7662698429381
9.656955209183707 is NOT modular for symClass G
maxDiff is 2.59522576129827
11.49993090560177 is NOT modular for symClass G
maxDiff is 22.50592620256965
11.41407983298258 is NOT modular for symClass G
maxDiff is 8.744591262376295
9.340131629758158 is NOT modular for symClass G
maxDiff is 43.28544441188034
9.606479957289691 is NOT modular for symClass G
maxDiff is 1.784083471234599e-11
6.751358411775371 is modular for symClass G
maxDiff is 1.59829529611244e-08
13.21514150192313 is modular for symClass G
maxDiff is 0.001156909325948755
14.47180426139895 is modular for symClass G
maxDiff is 29.9404183275756
12.24787263829262 is NOT modular for symClass G
maxDiff is 56.37459812000898
10.94959968500721 is NOT modular for symClass G
maxDiff is 9.910834819493175e-09
10.15153410082947 is modular for symClass G
maxDiff is 7.10658241281914e-09
11.52871318164847 is modular for symClass G
maxDiff is 6.338261693272784e-09
12.48881059620362 is modular for symClass G
maxDiff is 2.046172564718063e-08
12.43742166252948 is modular for symClass G
maxDiff is 2.395985632119846e-10
8.090001339211579 is modular for symClass G
maxDiff is 1.046123057624193e-07
14.23695072164074 is modular for symClass G
maxDiff is 8.997559614032369e-09
12.99238088520236 is modular for symClass G
maxDiff is 23.91754075393952
7.917818985819092 is NOT modular for symClass G
warning coeffavg is 484.3410411300601
maxDiff is 1977.53808584913
12.02354903175325 is NOT modular for symClass G
maxDiff is 20.73714324062232
4.662748739962766 is NOT modular for symClass G
warning coeffavg is 16.73412962022573
maxDiff is 256.1163871241739
14.05581080399127 is NOT modular for symClass G
maxDiff is 42.62415413391331
13.05829061419496 is NOT modular for symClass G
maxDiff is 35.35071007996643
14.99088816413007 is NOT modular for symClass G
maxDiff is 5.376941610867586
11.85832454675042 is NOT modular for symClass G
warning coeffavg is 12.88970467376314
maxDiff is 39.11364927690035
6.1454662918068 is NOT modular for symClass G
maxDiff is 25.29224305761031
10.70837585475056 is NOT modular for symClass G
maxDiff is 8.34212575891684
11.13867130492621 is NOT modular for symClass G
maxDiff is 3.510651653826358e-07
14.79797614831338 is modular for symClass G
maxDiff is 6.299747203550312
9.266921370315682 is NOT modular for symClass G
maxDiff is 5.055647012142117e-09
11.05953833924642 is modular for symClass G
maxDiff is 6.720067626796626
9.618928989934243 is NOT modular for symClass G
maxDiff is 18.18116316611341
6.410488231798869 is NOT modular for symClass G
maxDiff is 50.79208309694539
11.59206546882539 is NOT modular for symClass G
maxDiff is 1.255728833138292e-07
13.51395554998384 is modular for symClass G
maxDiff is 6.732360802175208e-08
13.17249191225954 is modular for symClass G
memory leak= { 109505 152773 0 0 2699648 25291416 }
3.655053693569623 is modular for symClass C
9.982774750060518 is NOT modular for symClass C
4.831589736750087 is modular for symClass C
11.65143058991784 is NOT modular for symClass C
14.92383426261447 is modular for symClass C
5.649686296728694 is modular for symClass C
5.242393614557223 is modular for symClass C
9.983114401359087 is NOT modular for symClass C
11.24998209432538 is NOT modular for symClass C
10.91074008315388 is modular for symClass C
9.983149331105903 is NOT modular for symClass C
11.93579287736353 is modular for symClass C
12.37099127621271 is modular for symClass C
11.48410652509436 is modular for symClass C
9.569065239346031 is modular for symClass C
12.32825419808216 is modular for symClass C
14.76052198062709 is modular for symClass C
10.47669491683651 is modular for symClass C
14.5265494047704 is modular for symClass C
8.797694496233365 is modular for symClass C
12.88921758865662 is modular for symClass C
11.37491873471717 is NOT modular for symClass C
10.43102977061388 is NOT modular for symClass C
10.20982130834484 is NOT modular for symClass C
8.669921663333065 is modular for symClass C
14.8481830194693 is NOT modular for symClass C
3.203177622859577 is modular for symClass C
11.25485227946027 is modular for symClass C
10.45310404707725 is NOT modular for symClass C
13.25630162807149 is modular for symClass C
13.08682036425606 is modular for symClass C
8.640991305309784 is modular for symClass C
11.74547280766774 is modular for symClass C
9.709824066339628 is modular for symClass C
11.04568912504911 is modular for symClass C
13.70709190689503 is modular for symClass C
12.739543475161 is modular for symClass C
10.4504232532503 is modular for symClass C
14.76052156080837 is modular for symClass C
8.725726310157849 is NOT modular for symClass C
8.598459389473213 is modular for symClass C
14.14772656528011 is modular for symClass C
9.839427391221331 is modular for symClass C
10.05726484544049 is modular for symClass C
8.601639493573199 is NOT modular for symClass C
13.89856567721602 is NOT modular for symClass C
13.61748325456932 is modular for symClass C
12.79733797800799 is modular for symClass C
14.58461114159497 is modular for symClass C
5.985265813003823 is modular for symClass C
14.3332340790986 is modular for symClass C
10.59801325697387 is modular for symClass C
14.83225978259459 is NOT modular for symClass C
13.04734264043099 is NOT modular for symClass C
6.590763822925906 is modular for symClass C
11.90169437598697 is modular for symClass C
7.178047844437846 is modular for symClass C
14.46553921132863 is NOT modular for symClass C
11.61674313383856 is modular for symClass C
11.65700787669881 is modular for symClass C
9.807354606307605 is NOT modular for symClass C
8.411641164419276 is modular for symClass C
12.93362500282534 is NOT modular for symClass C
11.04197940173793 is NOT modular for symClass C
13.02700907706758 is modular for symClass C
10.42885042235754 is modular for symClass C
14.21493630525933 is modular for symClass C
5.454141522160352 is NOT modular for symClass C
10.4892753706101 is modular for symClass C
11.28936784074239 is modular for symClass C
12.7278815114667 is NOT modular for symClass C
8.220270362381527 is modular for symClass C
14.4021182135273 is modular for symClass C
14.75067387100723 is NOT modular for symClass C
9.462293698709457 is modular for symClass C
6.125789545405956 is modular for symClass C
6.770886388865603 is modular for symClass C
13.89562481921684 is modular for symClass C
10.27845437793216 is modular for symClass C
14.704224916979 is modular for symClass C
14.49642058204359 is modular for symClass C
9.271940935347887 is modular for symClass C
12.67659895376701 is NOT modular for symClass C
7.146946561679603 is modular for symClass C
10.81337097545742 is modular for symClass C
12.55280346044375 is NOT modular for symClass C
13.0473085314804 is NOT modular for symClass C
9.390834291531842 is modular for symClass C
12.21285605431353 is NOT modular for symClass C
14.46556522924114 is NOT modular for symClass C
12.44588923487164 is modular for symClass C
14.91790476359548 is modular for symClass C
9.683440379726788 is modular for symClass C
12.16006988417926 is modular for symClass C
7.087582273828845 is modular for symClass C
12.03407837721347 is NOT modular for symClass C
13.895624451876 is modular for symClass C
9.060762252436207 is modular for symClass C
9.699793991680806 is modular for symClass C
7.970064270322939 is modular for symClass C
10.05727038356318 is modular for symClass C
12.03612474913115 is modular for symClass C
11.25241138340089 is NOT modular for symClass C
12.94681450189018 is modular for symClass C
13.80185405662422 is modular for symClass C
14.41729613066758 is modular for symClass C
14.82692920601083 is NOT modular for symClass C
13.91332926310222 is modular for symClass C
1.429252669188598 is modular for symClass C
9.329807616192936 is modular for symClass C
11.24458504570543 is modular for symClass C
12.72767970451104 is NOT modular for symClass C
8.939199784369828 is modular for symClass C
14.8269547295125 is NOT modular for symClass C
14.99218824973638 is modular for symClass C
14.3357581744632 is NOT modular for symClass C
10.20984331674269 is NOT modular for symClass C
11.59099411565881 is modular for symClass C
14.77669647394811 is modular for symClass C
14.52206640095058 is modular for symClass C
11.33936732352253 is modular for symClass C
12.68594461926805 is NOT modular for symClass C
8.724583097681741 is NOT modular for symClass C
9.11433409630434 is modular for symClass C
13.22526785588892 is NOT modular for symClass C
6.621691223552387 is NOT modular for symClass C
2.343246790786059 is modular for symClass C
7.342690616523345 is modular for symClass C
14.09366570957548 is modular for symClass C
8.221554655943162 is modular for symClass C
14.41232885657714 is NOT modular for symClass C
14.82251763040866 is NOT modular for symClass C
13.68384377179545 is modular for symClass C
14.10783713819154 is modular for symClass C
11.65626000951583 is NOT modular for symClass C
14.58460787862789 is modular for symClass C
13.48166856978144 is modular for symClass C
11.12132298717596 is modular for symClass C
7.847506117648349 is modular for symClass C
13.61749249884571 is modular for symClass C
10.95863200194919 is NOT modular for symClass C
4.583839710240033 is modular for symClass C
11.95261690442747 is modular for symClass C
11.04201810627902 is NOT modular for symClass C
12.73045812756537 is modular for symClass C
14.64829499253554 is NOT modular for symClass C
7.196079829624228 is modular for symClass C
11.01983995000026 is modular for symClass C
12.8397184556056 is NOT modular for symClass C
12.83290799463911 is modular for symClass C
9.801406515296172 is modular for symClass C
13.22525288711642 is NOT modular for symClass C
10.23562286104577 is modular for symClass C
Going to test these spectral parameters for modularity in the corresponding symmetry class of reflection-odd forms
3.655053693569623
4.831589736750087
14.92383426261447
5.649686296728694
5.242393614557223
10.91074008315388
11.93579287736353
12.37099127621271
11.48410652509436
9.569065239346031
12.32825419808216
14.76052198062709
10.47669491683651
14.5265494047704
8.797694496233365
12.88921758865662
8.669921663333065
3.203177622859577
11.25485227946027
13.25630162807149
13.08682036425606
8.640991305309784
11.74547280766774
9.709824066339628
11.04568912504911
13.70709190689503
12.739543475161
10.4504232532503
14.76052156080837
8.598459389473213
14.14772656528011
9.839427391221331
10.05726484544049
13.61748325456932
12.79733797800799
14.58461114159497
5.985265813003823
14.3332340790986
10.59801325697387
6.590763822925906
11.90169437598697
7.178047844437846
11.61674313383856
11.65700787669881
8.411641164419276
13.02700907706758
10.42885042235754
14.21493630525933
10.4892753706101
11.28936784074239
8.220270362381527
14.4021182135273
9.462293698709457
6.125789545405956
6.770886388865603
13.89562481921684
10.27845437793216
14.704224916979
14.49642058204359
9.271940935347887
7.146946561679603
10.81337097545742
9.390834291531842
12.44588923487164
14.91790476359548
9.683440379726788
12.16006988417926
7.087582273828845
13.895624451876
9.060762252436207
9.699793991680806
7.970064270322939
10.05727038356318
12.03612474913115
12.94681450189018
13.80185405662422
14.41729613066758
13.91332926310222
1.429252669188598
9.329807616192936
11.24458504570543
8.939199784369828
14.99218824973638
11.59099411565881
14.77669647394811
14.52206640095058
11.33936732352253
9.11433409630434
2.343246790786059
7.342690616523345
14.09366570957548
8.221554655943162
13.68384377179545
14.10783713819154
14.58460787862789
13.48166856978144
11.12132298717596
7.847506117648349
13.61749249884571
4.583839710240033
11.95261690442747
12.73045812756537
7.196079829624228
11.01983995000026
12.83290799463911
9.801406515296172
10.23562286104577
maxDiff is 1.231542084523204
3.655053693569623 is NOT modular for symClass H
maxDiff is 6.194910436487716
4.831589736750087 is NOT modular for symClass H
maxDiff is 28.38665507617761
14.92383426261447 is NOT modular for symClass H
maxDiff is 12.15249169918569
5.649686296728694 is NOT modular for symClass H
maxDiff is 3.411315351618432
5.242393614557223 is NOT modular for symClass H
maxDiff is 19.1272754186618
10.91074008315388 is NOT modular for symClass H
maxDiff is 7.67327933172427
11.93579287736353 is NOT modular for symClass H
maxDiff is 5.373722800072755e-09
12.37099127621271 is modular for symClass H
maxDiff is 4.372430195687116e-09
11.48410652509436 is modular for symClass H
maxDiff is 22.37099460389587
9.569065239346031 is NOT modular for symClass H
maxDiff is 16.57571266581501
12.32825419808216 is NOT modular for symClass H
maxDiff is 5.627795367502131e-07
14.76052198062709 is modular for symClass H
maxDiff is 1.321039366786181e-08
10.47669491683651 is modular for symClass H
maxDiff is 6.194441732257904
14.5265494047704 is NOT modular for symClass H
maxDiff is 32.56023309175092
8.797694496233365 is NOT modular for symClass H
maxDiff is 2.163481904737807e-07
12.88921758865662 is modular for symClass H
maxDiff is 2.925464315239878e-10
8.669921663333065 is modular for symClass H
maxDiff is 2.515812732556959
3.203177622859577 is NOT modular for symClass H
maxDiff is 2.385980004317361
11.25485227946027 is NOT modular for symClass H
maxDiff is 10.9263570679264
13.25630162807149 is NOT modular for symClass H
maxDiff is 4.104970097174032e-08
13.08682036425606 is modular for symClass H
maxDiff is 9.017029019633299
8.640991305309784 is NOT modular for symClass H
warning coeffavg is 46.85492216132286
maxDiff is 218.9311736400422
11.74547280766774 is NOT modular for symClass H
maxDiff is 1.497618401687106e-09
9.709824066339628 is modular for symClass H
maxDiff is 8.909210799047711
11.04568912504911 is NOT modular for symClass H
maxDiff is 30.20470545423882
13.70709190689503 is NOT modular for symClass H
maxDiff is 19.87228420896776
12.739543475161 is NOT modular for symClass H
maxDiff is 7.991831768996907
10.4504232532503 is NOT modular for symClass H
maxDiff is 0.004569963390494536
14.76052156080837 is modular for symClass H
maxDiff is 23.98195031697892
8.598459389473213 is NOT modular for symClass H
maxDiff is 1.638319500063545e-07
14.14772656528011 is modular for symClass H
maxDiff is 6.471031396497617
9.839427391221331 is NOT modular for symClass H
maxDiff is 6.788898870320004
10.05726484544049 is NOT modular for symClass H
maxDiff is 40.55909071957399
13.61748325456932 is NOT modular for symClass H
maxDiff is 1.411638166359808e-07
12.79733797800799 is modular for symClass H
maxDiff is 1.317826638083316e-07
14.58461114159497 is modular for symClass H
maxDiff is 2.034344914747521e-11
5.985265813003823 is modular for symClass H
maxDiff is 4.28192418640283e-08
14.3332340790986 is modular for symClass H
maxDiff is 21.81776700525169
10.59801325697387 is NOT modular for symClass H
maxDiff is 5.701483359414163
6.590763822925906 is NOT modular for symClass H
maxDiff is 1.029682294984013e-08
11.90169437598697 is modular for symClass H
maxDiff is 64.43099654932792
7.178047844437846 is NOT modular for symClass H
maxDiff is 4.210789494862865e-09
11.61674313383856 is modular for symClass H
maxDiff is 11.43220621719972
11.65700787669881 is NOT modular for symClass H
maxDiff is 2.537109597931797e-10
8.411641164419276 is modular for symClass H
maxDiff is 15.12658591443235
13.02700907706758 is NOT modular for symClass H
maxDiff is 35.33650351964848
10.42885042235754 is NOT modular for symClass H
maxDiff is 2.214313197246298e-07
14.21493630525933 is modular for symClass H
maxDiff is 6.368807703438506e-09
10.4892753706101 is modular for symClass H
maxDiff is 1.746713440553549e-09
11.28936784074239 is modular for symClass H
maxDiff is 43.75396388547193
8.220270362381527 is NOT modular for symClass H
maxDiff is 1.694301712262813e-07
14.4021182135273 is modular for symClass H
maxDiff is 17.76693418485215
9.462293698709457 is NOT modular for symClass H
maxDiff is 1.532097840173798
6.125789545405956 is NOT modular for symClass H
maxDiff is 1.711740749144042e-10
6.770886388865603 is modular for symClass H
slurmstepd: error: *** JOB 3424438 ON c117 CANCELLED AT 2025-03-03T15:44:58 DUE TO TIME LIMIT ***
