/mmfs1/data/mossea/Documents/bianchi-maass-forms/cmake-build-release
c106
Mon Mar  3 17:10:22 EST 2025
9.982774750060518 is NOT modular for symClass C
11.65143058991784 is NOT modular for symClass C
9.983114401359087 is NOT modular for symClass C
11.24998209432538 is NOT modular for symClass C
9.983149331105903 is NOT modular for symClass C
11.37491873471717 is NOT modular for symClass C
10.43102977061388 is NOT modular for symClass C
10.20982130834484 is NOT modular for symClass C
14.8481830194693 is NOT modular for symClass C
10.45310404707725 is NOT modular for symClass C
8.725726310157849 is NOT modular for symClass C
8.601639493573199 is NOT modular for symClass C
13.89856567721602 is NOT modular for symClass C
14.83225978259459 is NOT modular for symClass C
13.04734264043099 is NOT modular for symClass C
14.46553921132863 is NOT modular for symClass C
9.807354606307605 is NOT modular for symClass C
12.93362500282534 is NOT modular for symClass C
11.04197940173793 is NOT modular for symClass C
5.454141522160352 is NOT modular for symClass C
12.7278815114667 is NOT modular for symClass C
14.75067387100723 is NOT modular for symClass C
12.67659895376701 is NOT modular for symClass C
12.55280346044375 is NOT modular for symClass C
13.0473085314804 is NOT modular for symClass C
12.21285605431353 is NOT modular for symClass C
14.46556522924114 is NOT modular for symClass C
12.03407837721347 is NOT modular for symClass C
11.25241138340089 is NOT modular for symClass C
14.82692920601083 is NOT modular for symClass C
12.72767970451104 is NOT modular for symClass C
14.8269547295125 is NOT modular for symClass C
14.3357581744632 is NOT modular for symClass C
10.20984331674269 is NOT modular for symClass C
12.68594461926805 is NOT modular for symClass C
8.724583097681741 is NOT modular for symClass C
13.22526785588892 is NOT modular for symClass C
6.621691223552387 is NOT modular for symClass C
14.41232885657714 is NOT modular for symClass C
14.82251763040866 is NOT modular for symClass C
11.65626000951583 is NOT modular for symClass C
10.95863200194919 is NOT modular for symClass C
11.04201810627902 is NOT modular for symClass C
14.64829499253554 is NOT modular for symClass C
12.8397184556056 is NOT modular for symClass C
13.22525288711642 is NOT modular for symClass C
Going to test these spectral parameters for modularity in the corresponding symmetry class of reflection-odd forms
3.655053693569623
4.831589736750087
14.92383426261447
5.649686296728694
5.242393614557223
10.91074008315388
11.93579287736353
12.37099127621271
11.48410652509436
9.569065239346031
12.32825419808216
14.76052198062709
10.47669491683651
14.5265494047704
8.797694496233365
12.88921758865662
8.669921663333065
3.203177622859577
11.25485227946027
13.25630162807149
13.08682036425606
8.640991305309784
11.74547280766774
9.709824066339628
11.04568912504911
13.70709190689503
12.739543475161
10.4504232532503
14.76052156080837
8.598459389473213
14.14772656528011
9.839427391221331
10.05726484544049
13.61748325456932
12.79733797800799
14.58461114159497
5.985265813003823
14.3332340790986
10.59801325697387
6.590763822925906
11.90169437598697
7.178047844437846
11.61674313383856
11.65700787669881
8.411641164419276
13.02700907706758
10.42885042235754
14.21493630525933
10.4892753706101
11.28936784074239
8.220270362381527
14.4021182135273
9.462293698709457
6.125789545405956
6.770886388865603
13.89562481921684
10.27845437793216
14.704224916979
14.49642058204359
9.271940935347887
7.146946561679603
10.81337097545742
9.390834291531842
12.44588923487164
14.91790476359548
9.683440379726788
12.16006988417926
7.087582273828845
13.895624451876
9.060762252436207
9.699793991680806
7.970064270322939
10.05727038356318
12.03612474913115
12.94681450189018
13.80185405662422
14.41729613066758
13.91332926310222
1.429252669188598
9.329807616192936
11.24458504570543
8.939199784369828
14.99218824973638
11.59099411565881
14.77669647394811
14.52206640095058
11.33936732352253
9.11433409630434
2.343246790786059
7.342690616523345
14.09366570957548
8.221554655943162
13.68384377179545
14.10783713819154
14.58460787862789
13.48166856978144
11.12132298717596
7.847506117648349
13.61749249884571
4.583839710240033
11.95261690442747
12.73045812756537
7.196079829624228
11.01983995000026
12.83290799463911
9.801406515296172
10.23562286104577
maxDiff is 1.371956564882867
3.655053693569623 is NOT modular for symClass H
maxDiff is 5.20977610544263
4.831589736750087 is NOT modular for symClass H
maxDiff is 20.72650188775366
14.92383426261447 is NOT modular for symClass H
maxDiff is 10.67401184331515
5.649686296728694 is NOT modular for symClass H
maxDiff is 3.359519029323421
5.242393614557223 is NOT modular for symClass H
maxDiff is 16.26092462769371
10.91074008315388 is NOT modular for symClass H
maxDiff is 9.83680890432321
11.93579287736353 is NOT modular for symClass H
maxDiff is 9.66984403660831e-09
12.37099127621271 is modular for symClass H
maxDiff is 4.692163174929015e-09
11.48410652509436 is modular for symClass H
maxDiff is 12.68509488609131
9.569065239346031 is NOT modular for symClass H
maxDiff is 14.7601857835447
12.32825419808216 is NOT modular for symClass H
maxDiff is 4.371707555961279e-07
14.76052198062709 is modular for symClass H
maxDiff is 1.142879035853639e-08
10.47669491683651 is modular for symClass H
maxDiff is 7.215149140663816
14.5265494047704 is NOT modular for symClass H
maxDiff is 40.04749679486293
8.797694496233365 is NOT modular for symClass H
maxDiff is 2.33016050898982e-07
12.88921758865662 is modular for symClass H
maxDiff is 8.446202348633136e-10
8.669921663333065 is modular for symClass H
maxDiff is 2.270836110249726
3.203177622859577 is NOT modular for symClass H
maxDiff is 2.502962916284416
11.25485227946027 is NOT modular for symClass H
maxDiff is 7.329702512191876
13.25630162807149 is NOT modular for symClass H
maxDiff is 5.327509100538919e-08
13.08682036425606 is modular for symClass H
maxDiff is 10.29429122342557
8.640991305309784 is NOT modular for symClass H
warning coeffavg is 46.85492216132286
maxDiff is 196.6706666975124
11.74547280766774 is NOT modular for symClass H
maxDiff is 1.522018955313342e-09
9.709824066339628 is modular for symClass H
maxDiff is 11.00277786051311
11.04568912504911 is NOT modular for symClass H
maxDiff is 18.63960897299491
13.70709190689503 is NOT modular for symClass H
maxDiff is 14.60687479359162
12.739543475161 is NOT modular for symClass H
maxDiff is 7.847345440968484
10.4504232532503 is NOT modular for symClass H
maxDiff is 0.008438321945653415
14.76052156080837 is modular for symClass H
maxDiff is 24.51874087181925
8.598459389473213 is NOT modular for symClass H
maxDiff is 1.934043823981213e-07
14.14772656528011 is modular for symClass H
maxDiff is 5.702331623105256
9.839427391221331 is NOT modular for symClass H
maxDiff is 5.657174795121323
10.05726484544049 is NOT modular for symClass H
maxDiff is 38.66172030248055
13.61748325456932 is NOT modular for symClass H
maxDiff is 1.571981291803581e-07
12.79733797800799 is modular for symClass H
maxDiff is 9.432012354482211e-08
14.58461114159497 is modular for symClass H
maxDiff is 1.636824009665361e-11
5.985265813003823 is modular for symClass H
maxDiff is 5.54671470975876e-08
14.3332340790986 is modular for symClass H
maxDiff is 23.12234887786165
10.59801325697387 is NOT modular for symClass H
maxDiff is 10.00730287973012
6.590763822925906 is NOT modular for symClass H
maxDiff is 1.518078346363083e-08
11.90169437598697 is modular for symClass H
maxDiff is 54.80499389572212
7.178047844437846 is NOT modular for symClass H
maxDiff is 2.861985121116462e-09
11.61674313383856 is modular for symClass H
maxDiff is 12.35722544352129
11.65700787669881 is NOT modular for symClass H
maxDiff is 2.297964596387203e-10
8.411641164419276 is modular for symClass H
maxDiff is 14.79474386219838
13.02700907706758 is NOT modular for symClass H
maxDiff is 34.60781342689394
10.42885042235754 is NOT modular for symClass H
maxDiff is 2.061041254886042e-07
14.21493630525933 is modular for symClass H
maxDiff is 8.622905500743627e-09
10.4892753706101 is modular for symClass H
maxDiff is 2.654431341397867e-09
11.28936784074239 is modular for symClass H
maxDiff is 39.87603999454788
8.220270362381527 is NOT modular for symClass H
maxDiff is 1.372146405387298e-07
14.4021182135273 is modular for symClass H
maxDiff is 12.77999096152817
9.462293698709457 is NOT modular for symClass H
maxDiff is 2.271034939364256
6.125789545405956 is NOT modular for symClass H
maxDiff is 1.126693391362288e-10
6.770886388865603 is modular for symClass H
maxDiff is 0.001690527597206448
13.89562481921684 is modular for symClass H
maxDiff is 22.50956421471075
10.27845437793216 is NOT modular for symClass H
maxDiff is 8.972459689116086e-08
14.704224916979 is modular for symClass H
warning coeffavg is 70.20889275168062
maxDiff is 533.2132461981657
14.49642058204359 is NOT modular for symClass H
maxDiff is 4.629457961742592
9.271940935347887 is NOT modular for symClass H
maxDiff is 7.326560265094221
7.146946561679603 is NOT modular for symClass H
maxDiff is 14.7316218754725
10.81337097545742 is NOT modular for symClass H
maxDiff is 2.407059829234726e-10
9.390834291531842 is modular for symClass H
maxDiff is 3.666056493862193
12.44588923487164 is NOT modular for symClass H
maxDiff is 2.168061348228889e-07
14.91790476359548 is modular for symClass H
maxDiff is 2.939988252848025e-10
9.683440379726788 is modular for symClass H
maxDiff is 5.767881949836351e-09
12.16006988417926 is modular for symClass H
maxDiff is 3.281108718056203e-11
7.087582273828845 is modular for symClass H
maxDiff is 1.027670166742212e-07
13.895624451876 is modular for symClass H
maxDiff is 1.235174212910195e-09
9.060762252436207 is modular for symClass H
maxDiff is 4.201079138033911
9.699793991680806 is NOT modular for symClass H
maxDiff is 10.73529735385815
7.970064270322939 is NOT modular for symClass H
maxDiff is 25.95750481608739
10.05727038356318 is NOT modular for symClass H
maxDiff is 2.638157070578018e-07
12.03612474913115 is modular for symClass H
maxDiff is 3.679204030326844e-08
12.94681450189018 is modular for symClass H
maxDiff is 12.61092394551081
13.80185405662422 is NOT modular for symClass H
maxDiff is 9.870084981037316
14.41729613066758 is NOT modular for symClass H
maxDiff is 7.769436372040417e-08
13.91332926310222 is modular for symClass H
maxDiff is 0.6297416627054342
1.429252669188598 is NOT modular for symClass H
maxDiff is 6.605960223282636e-10
9.329807616192936 is modular for symClass H
maxDiff is 2.011785404931743e-09
11.24458504570543 is modular for symClass H
maxDiff is 1.001564386982068e-10
8.939199784369828 is modular for symClass H
maxDiff is 8.845009796393244e-07
14.99218824973638 is modular for symClass H
maxDiff is 30.96959494507251
11.59099411565881 is NOT modular for symClass H
warning coeffavg is 12.84315481361137
maxDiff is 71.95992295796594
14.77669647394811 is NOT modular for symClass H
maxDiff is 3.334192555382032e-07
14.52206640095058 is modular for symClass H
warning coeffavg is 51.50357947765023
maxDiff is 255.246717056449
11.33936732352253 is NOT modular for symClass H
maxDiff is 4.778130770743266
9.11433409630434 is NOT modular for symClass H
maxDiff is 1.059672233562641
2.343246790786059 is NOT modular for symClass H
maxDiff is 18.12477807989234
7.342690616523345 is NOT modular for symClass H
maxDiff is 4.54511459579976e-08
14.09366570957548 is modular for symClass H
maxDiff is 27.50157698087962
8.221554655943162 is NOT modular for symClass H
maxDiff is 51.98447988373267
13.68384377179545 is NOT modular for symClass H
maxDiff is 22.29705695296199
14.10783713819154 is NOT modular for symClass H
maxDiff is 0.009196062477303091
14.58460787862789 is modular for symClass H
maxDiff is 33.52654454120279
13.48166856978144 is NOT modular for symClass H
maxDiff is 3.961657174811418
11.12132298717596 is NOT modular for symClass H
maxDiff is 2.142428456863854e-10
7.847506117648349 is modular for symClass H
maxDiff is 32.64048412955444
13.61749249884571 is NOT modular for symClass H
maxDiff is 4.126965436057617e-11
4.583839710240033 is modular for symClass H
maxDiff is 9.978655071643818
11.95261690442747 is NOT modular for symClass H
maxDiff is 15.41865551719953
12.73045812756537 is NOT modular for symClass H
maxDiff is 7.651877914644545
7.196079829624228 is NOT modular for symClass H
maxDiff is 3.472153009553836e-09
11.01983995000026 is modular for symClass H
maxDiff is 28.34392864109018
12.83290799463911 is NOT modular for symClass H
maxDiff is 5.596166863242047e-10
9.801406515296172 is modular for symClass H
maxDiff is 7.043255180193978
10.23562286104577 is NOT modular for symClass H
memory leak= { 107904 65485 0 0 2541036 24554808 }
