/mmfs1/data/mossea/Documents/bianchi-maass-forms/cmake-build-release
c116
Tue Feb  4 20:05:04 EST 2025
mode = coarse
d = 43
symClass = D
D = 0
leftEndpoint = -0.4
rightEndpoint = 10
Range already complete.
mode = medium
d = 43
symClass = D
D = 0
Range already complete.
mode = fine
d = 43
symClass = D
D = 0
D = 12.2422
[9.734831766117367, 9.734871904752499]
44241.70078426044 19859.05380852032 43545.42026314354 20004.87176531901
9.734831766117367
9.734871904752499
9.73485046515739
1/2523, 1/2523
Sign changes no longer useful, stopping.
D = 12.39453125
[9.734871904752499, 9.734912043387633]
29021.2447595745 14399.44367482111 29441.05319529417 14501.03025908576
9.734871904752499
9.734912043387633
9.734888000556053
0/2569, 1/2569
Sign changes no longer useful, stopping.
D = 11.734375
[9.765982224558488, 9.766022110909542]
111978.5499842573 83165.36573627188 108668.5719616697 82903.34530530775
9.765982224558488
9.766022110909542
9.766012264030653
2376/2393, 6/2393
9.766012069585166
2376/2393, 0/2393
9.766012061858941
16/2393, 2392/2393
9.766012065643189
1268/2393, 1124/2393
Sign changes no longer useful, stopping.
D = 12.546875
[9.845726253796297, 9.845765486327725]
11187.17676077032 20527.40452558828 11184.07073839355 20395.18751414085
9.845726253796297
9.845765486327725
9.845752174935003
2625/2628, 0/2628
9.845752124248429
2625/2628, 0/2628
9.845752123860803
2/2628, 2627/2628
9.845752124053872
1329/2628, 1298/2628
Sign changes no longer useful, stopping.
memory leak= { -3102 -41330 0 0 484085 -1145823 }
