/mmfs1/data/mossea/Documents/bianchi-maass-forms/cmake-build-release
c101
Mon Feb 17 08:22:48 EST 2025
mode = coarse
d = 43
symClass = D
D = 0
leftEndpoint = -0.4
rightEndpoint = 15
Range already complete.
mode = medium
d = 43
symClass = D
D = 0
Range already complete.
mode = fine
d = 43
symClass = D
D = 0
D = 12.0391
[10.39938983008566, 10.39942499445787]
54222.57881594674 36528.94040189606 55330.76928760838 37010.74161590714
10.39938983008566
10.39942499445787
10.39939580889101
0/2580, 2578/2580
10.39939598226261
0/2580, 2578/2580
10.39939599229839
2579/2580, 1/2580
10.39939598743095
190/2580, 2388/2580
10.39939598743097
821/2580, 1567/2580
Sign changes no longer useful, stopping.
D = 12.29296875
[10.40641523128466, 10.4064503348988]
26611.31411252441 25424.08521518941 26519.10548017604 25263.52771467069
10.40641523128466
10.4064503348988
10.40643890282806
1/2651, 0/2651
Sign changes no longer useful, stopping.
D = 12.140625
[10.44398226145216, 10.44401712463376]
32296.25496730308 23430.09051780753 32200.36203110654 23244.78181258931
10.44398226145216
10.44401712463376
ZERO SIGN CHANGES DETECTED. CONDUCT FURTHER INVESTIGATION
[10.44398226145216, 10.44401712463376]
!!!!!!!!!!!!!!!!!!!!!!!!!!!!!!!!!!!!!!!!!!!!!!!!!!!!!!!!!!!!!!!!!
D = 12.2421875
[10.53711269710554, 10.53714691978304]
8828.004118163179 308487.6750585667 8827.419019518797 332427.752240231
10.53711269710554
10.53714691978304
10.53713141535415
8/2659, 8/2659
Sign changes no longer useful, stopping.
D = 12.2421875
[10.53714691978304, 10.53718114246054]
8827.173032105806 330131.6179510663 8826.719131051359 357663.4366970208
10.53714691978304
10.53718114246054
10.53716743437228
8/2659, 11/2659
Sign changes no longer useful, stopping.
D = 12.2421875
[10.55430718307931, 10.55434129243855]
66760.27751412657 21715.22804060066 64578.46203891042 21721.78524523368
10.55430718307931
10.55434129243855
10.55431309981956
2660/2661, 2/2661
10.55431294703767
2660/2661, 0/2661
10.55431294538115
0/2661, 2660/2661
10.55431294620477
1408/2661, 1252/2661
Sign changes no longer useful, stopping.
D = 12.140625
[10.70835415606953, 10.70838728614397]
308131.0626921238 60500.13397757234 290118.1039671579 61709.70320555831
10.70835415606953
10.70838728614397
10.70837612408063
2653/2658, 3/2658
10.70837586117364
2653/2658, 0/2658
10.70837584863755
4/2658, 2657/2658
10.7083758547506
2546/2658, 111/2658
10.70837585475056
915/2658, 1631/2658
Sign changes no longer useful, stopping.
D = 12.19140625
[10.8195177055813, 10.81955017073539]
39562.39154658165 10504.31561589388 39789.5573048459 10489.49937795277
10.8195177055813
10.81955017073539
10.8195291561273
0/2688, 2685/2688
10.81952920463786
0/2688, 2685/2688
10.81952920504892
2687/2688, 2/2688
10.81952920484427
1337/2688, 1350/2688
Sign changes no longer useful, stopping.
D = 11.88671875
[10.9495711476646, 10.94960283865272]
15571.67277713111 42642.49757426414 15592.47252371659 42492.45056597578
10.9495711476646
10.94960283865272
10.9495996966622
2624/2627, 0/2627
10.94959968505026
2621/2627, 3/2627
10.94959968496447
2/2627, 2621/2627
10.94959968500721
1374/2627, 1247/2627
Sign changes no longer useful, stopping.
D = 11.8359375
[11.0177931723521, 11.01782449322695]
37340.26596570867 149706.9523829134 37964.52762378601 148621.522792672
11.0177931723521
11.01782449322695
11.01781366466414
2614/2625, 6/2625
11.0178136319584
2614/2625, 0/2625
11.01781363175848
10/2625, 2624/2625
11.01781363185814
1315/2625, 1309/2625
Sign changes no longer useful, stopping.
D = 11.27734375
[11.05953743875951, 11.05956853373777]
13062.91277719173 15128.40892962628 13065.17289244761 15104.83020828854
11.05953743875951
11.05956853373777
11.05953833966741
2473/2474, 1/2474
11.05953833924642
1379/2474, 1094/2474
Sign changes no longer useful, stopping.
D = 11.88671875
[11.10081491531122, 11.10084574452244]
68972.60428266834 13293.65960347313 68403.68299183976 13266.74114558071
11.10081491531122
11.10084574452244
11.10081881005118
2650/2651, 2/2651
11.10081878112694
2649/2651, 1/2651
11.10081878106474
2/2651, 2647/2651
11.10081878109581
1300/2651, 1347/2651
Sign changes no longer useful, stopping.
D = 11.328125
[11.13866174261604, 11.13869239777589]
21045.0509192435 24976.00408595266 21101.69757049569 25029.95574172853
11.13866174261604
11.13869239777589
11.13867130067743
1/2497, 2496/2497
11.13867130492433
90/2497, 2406/2497
11.1386713049281
2331/2497, 75/2497
11.13867130492621
973/2497, 1357/2497
Sign changes no longer useful, stopping.
D = 11.6328125
[11.31254734816901, 11.31257704819048]
16406.82873703102 41666.4645011262 16435.15392658006 41859.64441086175
11.31254734816901
11.31257704819048
11.31257351743694
2612/2614, 1/2614
11.31257351549611
1781/2614, 831/2614
Sign changes no longer useful, stopping.
D = 11.88671875
[11.41406126296911, 11.4140904551225]
30838.18767598832 40202.63332018447 30951.17836408699 40433.02947178401
11.41406126296911
11.4140904551225
11.41407977336056
1/2707, 2705/2707
11.41407983279136
0/2707, 2705/2707
11.41407983317258
2706/2707, 1/2707
11.41407983298258
1114/2707, 1592/2707
Sign changes no longer useful, stopping.
D = 11.53125
[11.49990379253208, 11.49993253470504]
62389.41581972332 55884.2635677895 62501.15566998025 55300.70964004011
11.49990379253208
11.49993253470504
11.49993090022951
4/2616, 2615/2616
11.49993090560072
60/2616, 2555/2616
11.49993090560282
2482/2616, 73/2616
11.49993090560177
1250/2616, 1232/2616
Sign changes no longer useful, stopping.
D = 11.328125
[11.52869295945597, 11.52872155545292]
2417803.293569309 46486.01705010836 3577344.564247649 46520.16646346748
11.52869295945597
11.52872155545292
11.52871068659649
9/2567, 2559/2567
11.52871287404248
2/2567, 2561/2567
11.52871339716357
2566/2567, 5/2567
11.52871318067205
0/2567, 2566/2567
11.52871318164537
7/2567, 2559/2567
11.52871318165156
2550/2567, 9/2567
11.52871318164847
1210/2567, 1340/2567
Sign changes no longer useful, stopping.
D = 11.328125
[11.53183851912049, 11.53186711511744]
82567.37982698079 260439.9381132895 81759.86987773003 268920.5500250141
11.53183851912049
11.53186711511744
11.53184756379603
1/2567, 1/2567
Sign changes no longer useful, stopping.
D = 11.53125
[11.59204360576888, 11.59207187955745]
28815.14312138705 50617.0086519675 28960.78214769673 50750.46429922904
11.59204360576888
11.59207187955745
11.5920654662104
1/2629, 2628/2629
11.59206546882506
368/2629, 2260/2629
11.59206546882576
1948/2629, 312/2629
11.59206546882539
982/2629, 966/2629
Sign changes no longer useful, stopping.
D = 11.53125
[11.59554955555185, 11.59557782934042]
58631.91994622654 51517.38870400364 59049.73351958076 51538.01021091586
11.59554955555185
11.59557782934042
ZERO SIGN CHANGES DETECTED. CONDUCT FURTHER INVESTIGATION
[11.59554955555185, 11.59557782934042]
!!!!!!!!!!!!!!!!!!!!!!!!!!!!!!!!!!!!!!!!!!!!!!!!!!!!!!!!!!!!!!!!!
D = 11.68359375
[11.77322905991836, 11.77325648431905]
71800.09338649944 18804.70137654277 72460.1373107985 18826.68105465455
11.77322905991836
11.77325648431905
11.77324830071788
2/2709, 2707/2709
11.77324834067494
1/2709, 2706/2709
11.77324834084159
2707/2709, 1/2709
11.77324834075844
1373/2709, 1334/2709
Sign changes no longer useful, stopping.
D = 11.07421875
[11.85832186169236, 11.85834890050958]
45125.234824698 73392.60257510302 45555.50326665427 72449.2315860675
11.85832186169236
11.85834890050958
11.85832457187585
2543/2544, 5/2544
11.85832454677689
2527/2544, 16/2544
11.85832454672399
18/2544, 2509/2544
11.85832454675042
1263/2544, 1246/2544
Sign changes no longer useful, stopping.
D = 11.58203125
[11.98812255371633, 11.9881490088852]
54229.25913803254 41555.03307006648 54268.84399506329 41594.37383854224
11.98812255371633
11.9881490088852
11.98814320945584
3/2713, 3/2713
Sign changes no longer useful, stopping.
D = 11.58203125
[11.98854583641831, 11.98857229158718]
54943.42365815603 42132.53503204296 54981.74078523589 42173.10199046507
11.98854583641831
11.98857229158718
11.98855106751249
2710/2713, 3/2713
11.98855106503642
1499/2713, 1211/2713
Sign changes no longer useful, stopping.
D = 10.97265625
[12.02354388262715, 12.02357018938124]
48969.22192602442 137258.4486141271 48743.95581197405 135351.7126683631
12.02354388262715
12.02357018938124
12.0235491078956
2535/2536, 2/2536
12.02354903202669
2535/2536, 0/2536
12.02354903148181
1/2536, 2534/2536
12.02354903175325
1286/2536, 1248/2536
Sign changes no longer useful, stopping.
D = 10.97265625
[12.04611670275393, 12.04614289226459]
222748.8468701465 57081.4864476514 235262.7586065284 57750.83727089326
12.04611670275393
12.04614289226459
12.04613658735165
5/2546, 5/2546
Sign changes no longer useful, stopping.
D = 11.48046875
[12.14091396818449, 12.14093975741367]
108223.1077022935 64472.80219945376 109014.667071272 64540.52034134425
12.14091396818449
12.14093975741367
12.14091656596379
0/2710, 2709/2710
12.14091658287343
1/2710, 2708/2710
12.14091658309359
2708/2710, 0/2710
12.14091658298423
1350/2710, 1358/2710
Sign changes no longer useful, stopping.
D = 10.921875
[12.15606029183494, 12.15608602512283]
70047.24107979586 30165.65732666198 69107.68207051912 30055.7015033306
12.15606029183494
12.15608602512283
ZERO SIGN CHANGES DETECTED. CONDUCT FURTHER INVESTIGATION
[12.15606029183494, 12.15608602512283]
!!!!!!!!!!!!!!!!!!!!!!!!!!!!!!!!!!!!!!!!!!!!!!!!!!!!!!!!!!!!!!!!!
D = 11.53125
[12.18291118308424, 12.18293680539406]
22066.28741080017 52919.87494503024 21998.47558276519 52984.49178475443
12.18291118308424
12.18293680539406
12.18292569059162
2732/2734, 0/2734
12.18292569044123
1458/2734, 1276/2734
Sign changes no longer useful, stopping.
D = 11.2265625
[12.22891823348066, 12.22894366442729]
60475.19859521745 48206.01322514687 59502.70201806272 48558.35898056009
12.22891823348066
12.22894366442729
12.22892183882009
2647/2648, 2/2648
12.2289218237912
2646/2648, 1/2648
12.22892182376995
1/2648, 2645/2648
12.22892182378057
1320/2648, 1325/2648
Sign changes no longer useful, stopping.
D = 10.921875
[12.24785278117862, 12.24787813120024]
24502.74266523615 21314.38577792858 24482.22166120755 21150.12852103807
12.24785278117862
12.24787813120024
12.24787267098107
2564/2568, 1/2568
12.24787263848728
2562/2568, 2/2568
12.24787263810023
0/2568, 2562/2568
12.24787263829262
1281/2568, 1281/2568
Sign changes no longer useful, stopping.
D = 11.27734375
[12.28224748831257, 12.28227267839829]
29596.11420753675 23055.43315219849 29617.88449082985 23057.81505089463
12.28224748831257
12.28227267839829
12.28226208403954
1/2669, 2667/2669
12.28226208621706
391/2669, 2278/2669
12.28226208621774
1967/2669, 311/2669
12.28226208621737
970/2669, 997/2669
Sign changes no longer useful, stopping.
D = 11.17578125
[12.43740521805565, 12.43742979277907]
42827.15666354086 54139.92892635008 42814.88665471906 54464.12958601299
12.43740521805565
12.43742979277907
12.43742167781651
2666/2667, 0/2667
12.4374216625582
2647/2667, 19/2667
12.43742166250086
10/2667, 2637/2667
12.43742166252948
1325/2667, 1312/2667
Sign changes no longer useful, stopping.
D = 11.17578125
[12.48880197859367, 12.48882635642477]
13212.51148253952 19331.64911892776 13216.83653976332 19294.02273451757
12.48880197859367
12.48882635642477
12.48881061330829
2668/2670, 3/2670
12.48881059622225
2650/2670, 20/2670
12.48881059618499
43/2670, 2607/2670
12.48881059620362
1295/2670, 1312/2670
Sign changes no longer useful, stopping.
D = 10.87109375
[12.52506257276981, 12.52508680549579]
16376.24605628349 17576.31479404364 16393.85703443742 17584.33326812957
12.52506257276981
12.52508680549579
12.5250857653965
1/2596, 0/2596
Sign changes no longer useful, stopping.
D = 10.87109375
[12.52772817262764, 12.52775240535362]
19187.17996950789 18646.98909755047 19212.89497016976 18654.5143075232
12.52772817262764
12.52775240535362
12.52773675975472
1/2596, 1/2596
Sign changes no longer useful, stopping.
D = 10.921875
[12.53893292752269, 12.5389571123584]
54736.32691136035 37033.3951891071 55012.87207156415 37196.22471613975
12.53893292752269
12.5389571123584
12.53894254157964
0/2613, 2612/2613
12.53894257694414
18/2613, 2594/2613
12.53894257720345
2566/2613, 28/2613
12.53894257707422
1283/2613, 1283/2613
Sign changes no longer useful, stopping.
D = 10.921875
[12.53985195127964, 12.53987613611535]
73548.41294989745 36927.27178897623 74145.37059693421 36883.68313760602
12.53985195127964
12.53987613611535
12.53986786863184
2/2613, 2/2613
Sign changes no longer useful, stopping.
D = 11.2265625
[12.55846401785158, 12.55848813129363]
69752.11348614313 62709.988175552 69937.55777808496 62198.32821434159
12.55846401785158
12.55848813129363
12.55847807735448
2702/2703, 1/2703
12.55847804473634
2683/2703, 19/2703
12.55847804452539
11/2703, 2672/2703
12.55847804463055
1336/2703, 1336/2703
Sign changes no longer useful, stopping.
D = 11.17578125
[12.60577078183495, 12.60579470744182]
38166.79814724448 25145.21224666981 37987.50754433685 25184.26532336474
12.60577078183495
12.60579470744182
12.60578770866676
1/2690, 0/2690
Sign changes no longer useful, stopping.
D = 10.921875
[12.61631245742374, 12.61633633664115]
79333.32231944376 41856.96655529651 80825.49821675279 42232.36883605528
12.61631245742374
12.61633633664115
12.61632344750524
10/2625, 11/2625
Sign changes no longer useful, stopping.
D = 10.921875
[12.62015701142685, 12.62018089064426]
122573.9164082021 11589.25827135453 119623.334941309 11582.54346504922
12.62015701142685
12.62018089064426
12.62017099372788
3/2626, 2/2626
Sign changes no longer useful, stopping.
D = 10.6171875
[12.69280181050523, 12.6928254160344]
20648.32995694553 128911.9069429863 20596.31738237738 132201.0728739244
12.69280181050523
12.6928254160344
12.6928137336812
0/2551, 2549/2551
12.69281385782575
1/2551, 2548/2551
12.69281386041507
2548/2551, 0/2551
12.69281385913423
1267/2551, 1281/2551
Sign changes no longer useful, stopping.
D = 10.16015625
[12.79318864330702, 12.79321187422656]
50313.70957411433 57743.93621176061 50092.18395549278 58303.68925310114
12.79318864330702
12.79321187422656
ZERO SIGN CHANGES DETECTED. CONDUCT FURTHER INVESTIGATION
[12.79318864330702, 12.79321187422656]
!!!!!!!!!!!!!!!!!!!!!!!!!!!!!!!!!!!!!!!!!!!!!!!!!!!!!!!!!!!!!!!!!
D = 10.16015625
[12.79929470742789, 12.79931791677262]
67613.91269933834 65861.88392579873 67887.33857943278 66728.31060862661
12.79929470742789
12.79931791677262
12.79931307644681
1/2440, 2438/2440
12.79931313884586
25/2440, 2413/2440
12.79931313926908
2380/2440, 33/2440
12.79931313905805
1190/2440, 1190/2440
Sign changes no longer useful, stopping.
D = 11.17578125
[12.80578914813987, 12.8058123359598]
115154.2403104348 67986.46870155015 115975.8229057276 67695.71608684992
12.80578914813987
12.8058123359598
12.8058043179051
4/2730, 3/2730
Sign changes no longer useful, stopping.
D = 11.17578125
[12.83091627155457, 12.83093935249439]
slurmstepd: error: *** JOB 3318824 ON c101 CANCELLED AT 2025-02-21T08:23:00 DUE TO TIME LIMIT ***
