/mmfs1/data/mossea/Documents/bianchi-maass-forms/cmake-build-release
c107
Thu Oct  3 21:15:45 EDT 2024
mode = coarse
d = 43
symClass = D
D = 0
leftEndpoint = -0.4
rightEndpoint = 10
Range already complete.
mode = medium
d = 43
symClass = D
D = 0
Range already complete.
mode = fine
d = 43
symClass = D
D = 0
D = 13.4609
[7.077128946601514, 7.077204725410208]
nanosecondsPerTerm is 5.193565759352991
nanosecondsPerTerm is 5.114149007191712
nanosecondsPerTerm is 5.118370282895143
nanosecondsPerTerm is 5.026935477660603
66174.18894197747 10675.01638616683 66810.72074862728 10637.7203092546
7.077128946601514
7.077204725410208
nanosecondsPerTerm is 5.074049826223553
nanosecondsPerTerm is 5.047906762400937
7.07719218013251
2416/2418, 1/2418
nanosecondsPerTerm is 5.110489301739868
nanosecondsPerTerm is 5.084487693940637
7.077192142987829
2416/2418, 0/2418
nanosecondsPerTerm is 5.126261876607293
nanosecondsPerTerm is 5.094810692822575
7.077192142767858
1/2418, 2417/2418
nanosecondsPerTerm is 5.051119888063806
nanosecondsPerTerm is 5.022853424171458
7.077192142877516
1164/2418, 1253/2418
Sign changes no longer useful, stopping.
D = 13.51171875
[7.234003558429793, 7.234076188290825]
nanosecondsPerTerm is 5.079926179259203
nanosecondsPerTerm is 4.994970407244248
nanosecondsPerTerm is 5.076728761423328
nanosecondsPerTerm is 4.994214363354284
10957.81854404538 57857.54266277492 11011.30108725567 57716.36166771987
7.234003558429793
7.234076188290825
nanosecondsPerTerm is 5.072342743505973
nanosecondsPerTerm is 5.044452581331903
7.234068876762275
2453/2458, 1/2458
nanosecondsPerTerm is 5.135581357701255
nanosecondsPerTerm is 5.025024275523823
7.234068853858973
2453/2458, 0/2458
nanosecondsPerTerm is 5.042226924850766
nanosecondsPerTerm is 4.973064207903525
7.234068853715052
4/2458, 2457/2458
nanosecondsPerTerm is 5.122218238318196
nanosecondsPerTerm is 5.098697534709125
7.234068853786787
1482/2458, 975/2458
Sign changes no longer useful, stopping.
D = 12.546875
[7.331132093722923, 7.331202914988141]
nanosecondsPerTerm is 5.092999621291833
nanosecondsPerTerm is 5.028961757191039
nanosecondsPerTerm is 5.083204124517474
nanosecondsPerTerm is 5.086395447045237
22108.60593075757 22019.96560001031 22239.7146996331 22099.92068748245
7.331132093722923
7.331202914988141
nanosecondsPerTerm is 5.081706453023637
nanosecondsPerTerm is 5.070037880877725
7.331153141381388
3/2211, 2202/2211
nanosecondsPerTerm is 5.088350085908637
nanosecondsPerTerm is 5.070274681144118
7.331153230664123
0/2211, 2202/2211
nanosecondsPerTerm is 5.090666069591392
nanosecondsPerTerm is 5.092379744678896
7.331153231431903
2210/2211, 8/2211
nanosecondsPerTerm is 5.075520544448594
nanosecondsPerTerm is 5.068471038974635
7.331153231049671
391/2211, 1816/2211
nanosecondsPerTerm is 5.082045432579995
nanosecondsPerTerm is 5.081241122000959
7.331153231049675
899/2211, 1053/2211
Sign changes no longer useful, stopping.
D = 13.359375
[7.409378264950187, 7.409447386161906]
nanosecondsPerTerm is 5.102268605641587
nanosecondsPerTerm is 5.105516574040417
nanosecondsPerTerm is 5.094575672994684
nanosecondsPerTerm is 5.090425655130216
10800.06774422487 16145.63638475031 10737.43197173132 15978.76215042172
7.409378264950187
7.409447386161906
nanosecondsPerTerm is 5.060609834580721
nanosecondsPerTerm is 5.001902526555916
7.409446825929299
2442/2443, 0/2443
nanosecondsPerTerm is 5.003143006599152
nanosecondsPerTerm is 5.000502986168098
7.40944681595057
2442/2443, 0/2443
nanosecondsPerTerm is 4.999927071693095
nanosecondsPerTerm is 5.002287413487534
7.409446815595109
0/2443, 2442/2443
nanosecondsPerTerm is 4.996122841905063
nanosecondsPerTerm is 5.000551409977624
7.409446815769617
2006/2443, 434/2443
nanosecondsPerTerm is 5.003645723478956
nanosecondsPerTerm is 5.01600880818915
7.409446815769612
630/2443, 1435/2443
Reached final precision, stopping.
D = 12.953125
[7.6200056478968, 7.620071074192627]
nanosecondsPerTerm is 5.176347631575799
nanosecondsPerTerm is 5.102215556779661
nanosecondsPerTerm is 5.160834617760478
nanosecondsPerTerm is 5.10825147324105
72907.16350137076 7176.851913829439 75121.86021179453 7181.951107493068
7.6200056478968
7.620071074192627
nanosecondsPerTerm is 5.112976588004021
nanosecondsPerTerm is 5.00679569112175
7.620050922169145
3/2366, 3/2366
Sign changes no longer useful, stopping.
D = 12.953125
[7.62366952046311, 7.623734946758937]
nanosecondsPerTerm is 5.128782030322367
nanosecondsPerTerm is 5.105146962488599
nanosecondsPerTerm is 5.122793182537773
nanosecondsPerTerm is 5.107416668824081
11029.70467239248 7332.001669146703 10985.97194980615 7344.18119359815
7.62366952046311
7.623734946758937
nanosecondsPerTerm is 5.024723476211222
nanosecondsPerTerm is 5.005703984727093
7.623713139315541
1/2366, 1/2366
Sign changes no longer useful, stopping.
D = 13.00390625
[7.625566883042092, 7.625632309337918]
nanosecondsPerTerm is 5.101563607875192
nanosecondsPerTerm is 5.02447936249418
nanosecondsPerTerm is 5.079761900557386
nanosecondsPerTerm is 5.017223327137074
16702.18469254665 7466.094487350162 16683.95813909305 7481.688479128225
7.625566883042092
7.625632309337918
nanosecondsPerTerm is 5.041382271632012
nanosecondsPerTerm is 5.022671769354961
7.625612161881278
2/2383, 1/2383
Sign changes no longer useful, stopping.
D = 12.75
[7.917774721478759, 7.917835435461052]
nanosecondsPerTerm is 5.032146314968688
nanosecondsPerTerm is 5.03768137682208
nanosecondsPerTerm is 5.119722910145168
nanosecondsPerTerm is 5.108133021913989
14669.04042420299 12891.0367013495 14699.98288276214 12897.27529164926
7.917774721478759
7.917835435461052
nanosecondsPerTerm is 5.121830478858891
nanosecondsPerTerm is 5.105035351134573
7.917818881257202
1/2358, 2357/2358
nanosecondsPerTerm is 5.087928130949233
nanosecondsPerTerm is 5.094640970482923
7.917818985572119
0/2358, 2357/2358
nanosecondsPerTerm is 5.083108005304728
nanosecondsPerTerm is 5.097401068125189
7.917818986064903
2357/2358, 0/2358
nanosecondsPerTerm is 5.105876965771518
nanosecondsPerTerm is 5.113732177327383
7.917818985819092
1279/2358, 1078/2358
Sign changes no longer useful, stopping.
D = 12.90234375
[8.089981985894221, 8.090039996444315]
nanosecondsPerTerm is 5.114519557454587
nanosecondsPerTerm is 5.105514436248951
nanosecondsPerTerm is 5.086252630811786
nanosecondsPerTerm is 5.088280988481324
5044.979060727844 16099.32825231989 5061.334200125127 16166.67493467134
8.089981985894221
8.090039996444315
nanosecondsPerTerm is 5.099395273471704
nanosecondsPerTerm is 5.095190278937497
8.090001351692099
2437/2438, 2/2438
nanosecondsPerTerm is 5.086435908011633
nanosecondsPerTerm is 5.075516884163347
8.090001339215693
2436/2438, 1/2438
nanosecondsPerTerm is 4.991244223287896
nanosecondsPerTerm is 5.005788534095578
8.090001339207468
6/2438, 2430/2438
nanosecondsPerTerm is 5.011127792638709
nanosecondsPerTerm is 5.003537095941388
8.090001339211579
1186/2438, 1244/2438
Sign changes no longer useful, stopping.
D = 12.59765625
[8.210955515875424, 8.211011883825634]
nanosecondsPerTerm is 5.067435772838198
nanosecondsPerTerm is 5.050438552350656
nanosecondsPerTerm is 5.048935784939252
nanosecondsPerTerm is 5.028563507375902
17137.61992526148 16676.42595485342 17097.64734516629 16633.91475396679
8.210955515875424
8.211011883825634
nanosecondsPerTerm is 5.039348997833771
nanosecondsPerTerm is 5.060611795045629
8.210987887828852
2365/2366, 0/2366
nanosecondsPerTerm is 5.049736361249534
nanosecondsPerTerm is 5.048649305011395
8.210987808416624
2365/2366, 0/2366
nanosecondsPerTerm is 5.044494744625528
nanosecondsPerTerm is 5.038403677708987
8.21098780789141
0/2366, 2365/2366
nanosecondsPerTerm is 5.013758410160501
nanosecondsPerTerm is 4.988166805955569
8.21098780815314
502/2366, 1860/2366
nanosecondsPerTerm is 5.031864262207319
nanosecondsPerTerm is 5.036247474042886
8.210987808153156
1738/2366, 147/2366
nanosecondsPerTerm is 5.132854247652241
nanosecondsPerTerm is 5.102968197975442
8.210987808153144
1659/2366, 163/2366
Reached final precision, stopping.
D = 12.69921875
[8.283004717763026, 8.283060116510114]
nanosecondsPerTerm is 5.090873400238958
nanosecondsPerTerm is 5.092366286488677
nanosecondsPerTerm is 5.021955678622649
nanosecondsPerTerm is 5.009268860476097
10328.44338605963 11777.59402134618 10283.57759862168 11709.90710857348
8.283004717763026
8.283060116510114
nanosecondsPerTerm is 5.022770073755037
nanosecondsPerTerm is 5.022531699617151
8.283042480858638
2411/2414, 0/2414
nanosecondsPerTerm is 5.000625471155815
nanosecondsPerTerm is 5.00548612466656
8.283042361955072
2411/2414, 0/2414
nanosecondsPerTerm is 5.008648796524504
nanosecondsPerTerm is 4.9969050556559
8.283042360352178
2/2414, 2413/2414
nanosecondsPerTerm is 5.02916322739101
nanosecondsPerTerm is 5.021738026924464
8.283042361148169
1155/2414, 1257/2414
Sign changes no longer useful, stopping.
D = 12.75
[8.344771624818877, 8.34482627757734]
nanosecondsPerTerm is 5.114182939250196
nanosecondsPerTerm is 5.116571235487573
nanosecondsPerTerm is 5.097794382033707
nanosecondsPerTerm is 5.106415141275427
12454.83787670455 9728.504672290581 12501.5321384233 9719.221255631002
8.344771624818877
8.34482627757734
nanosecondsPerTerm is 5.100092117995092
nanosecondsPerTerm is 5.106904931175195
8.344777523246124
0/2439, 2438/2439
nanosecondsPerTerm is 5.087085969179941
nanosecondsPerTerm is 5.106122948022866
8.344777530119636
0/2439, 2438/2439
nanosecondsPerTerm is 5.094952370340339
nanosecondsPerTerm is 5.094096353284693
8.344777530135683
2438/2439, 0/2439
nanosecondsPerTerm is 5.07654151341846
nanosecondsPerTerm is 5.029487400462784
8.344777530127669
1041/2439, 1396/2439
Sign changes no longer useful, stopping.
D = 12.59765625
[8.394857846059217, 8.394911777445499]
nanosecondsPerTerm is 5.10030221395134
nanosecondsPerTerm is 5.080772322806342
nanosecondsPerTerm is 5.099710737811368
nanosecondsPerTerm is 5.087942835363783
31697.70207272842 30020.29031993011 32060.45782111931 30360.62102053607
8.394857846059217
8.394911777445499
nanosecondsPerTerm is 5.086667632948842
nanosecondsPerTerm is 5.082630100974112
8.394865640356553
0/2400, 2394/2400
nanosecondsPerTerm is 5.091009632925518
nanosecondsPerTerm is 5.091514938877707
8.394865707093391
0/2400, 2394/2400
nanosecondsPerTerm is 5.091794051336719
nanosecondsPerTerm is 5.093667033292859
8.394865708236583
2399/2400, 5/2400
nanosecondsPerTerm is 5.090506908383486
nanosecondsPerTerm is 5.091297115111576
8.394865707669933
331/2400, 2068/2400
nanosecondsPerTerm is 5.089418854183946
nanosecondsPerTerm is 5.099042770754441
8.394865707669961
1923/2400, 151/2400
nanosecondsPerTerm is 5.091686666981214
nanosecondsPerTerm is 5.081930941180393
8.39486570766995
690/2400, 1251/2400
nanosecondsPerTerm is 5.075936833097641
nanosecondsPerTerm is 5.087442487731757
8.394865707669954
765/2400, 492/2400
Sign changes no longer useful, stopping.
D = 12.59765625
[8.431330921560516, 8.431384327302107]
nanosecondsPerTerm is 5.111132164183273
nanosecondsPerTerm is 5.098794997448236
nanosecondsPerTerm is 5.076617515801522
nanosecondsPerTerm is 5.028700476339021
30754.60951693712 6151.403854616654 30545.47168232523 6153.487269134405
8.431330921560516
8.431384327302107
nanosecondsPerTerm is 5.12381273201489
nanosecondsPerTerm is 5.099982220339568
8.431331393662276
2409/2410, 4/2410
nanosecondsPerTerm is 5.107095385293175
nanosecondsPerTerm is 5.036216870516896
8.431331390256855
2349/2410, 60/2410
nanosecondsPerTerm is 5.06528397631079
nanosecondsPerTerm is 5.024187593959498
8.431331390256416
60/2410, 2289/2410
nanosecondsPerTerm is 5.058232897902086
nanosecondsPerTerm is 5.037984630656998
8.431331390256636
1142/2410, 1147/2410
Sign changes no longer useful, stopping.
D = 12.59765625
[8.540398747646314, 8.540450812096504]
nanosecondsPerTerm is 5.124049781068909
nanosecondsPerTerm is 5.115149796862346
nanosecondsPerTerm is 5.10776325538657
nanosecondsPerTerm is 5.125473378253833
40061.49244544948 59527.30902032786 40108.05887664654 59511.20861160523
8.540398747646314
8.540450812096504
nanosecondsPerTerm is 5.110408183093469
nanosecondsPerTerm is 5.133320759079338
8.540403545466402
0/2428, 2427/2428
nanosecondsPerTerm is 5.113054102746146
nanosecondsPerTerm is 5.131973086574955
8.540403554091894
1/2428, 2426/2428
nanosecondsPerTerm is 5.117829721472985
nanosecondsPerTerm is 5.128466028720809
8.540403554122848
2426/2428, 0/2428
nanosecondsPerTerm is 5.113991182077909
nanosecondsPerTerm is 5.125562715885268
8.540403554107399
1241/2428, 1185/2428
Sign changes no longer useful, stopping.
D = 12.59765625
[8.570002800450805, 8.570054542573583]
nanosecondsPerTerm is 5.126798609238168
nanosecondsPerTerm is 5.132658285802377
nanosecondsPerTerm is 5.121270384887137
nanosecondsPerTerm is 5.121641964085788
131660.665217821 18807.82897710188 134424.3293337573 18770.32155105429
8.570002800450805
8.570054542573583
nanosecondsPerTerm is 5.125343138004314
nanosecondsPerTerm is 5.133422614033557
8.570022720803035
1/2432, 2427/2432
nanosecondsPerTerm is 5.121676446049066
nanosecondsPerTerm is 5.130805128653572
8.570022980559603
0/2432, 2427/2432
nanosecondsPerTerm is 5.119353329891728
nanosecondsPerTerm is 5.117633790465808
8.570022987315211
2431/2432, 4/2432
nanosecondsPerTerm is 5.149452851695383
nanosecondsPerTerm is 5.14241254436167
8.570022983982277
789/2432, 1642/2432
Sign changes no longer useful, stopping.
D = 12.75
[8.658177047065802, 8.658227699188974]
nanosecondsPerTerm is 5.14769985114645
nanosecondsPerTerm is 5.111092555415979
nanosecondsPerTerm is 5.131463884774629
nanosecondsPerTerm is 5.111394396241062
17909.51324439103 11908.97503937989 17951.32921233124 11937.32130634128
8.658177047065802
8.658227699188974
nanosecondsPerTerm is 5.103207810185452
nanosecondsPerTerm is 5.101347778023273
8.658190798786391
2481/2484, 2/2484
nanosecondsPerTerm is 5.099348914484696
nanosecondsPerTerm is 5.070044327078768
8.658190788138592
2475/2484, 6/2484
nanosecondsPerTerm is 5.048588398412063
nanosecondsPerTerm is 5.023015346553194
8.658190788132526
12/2484, 2463/2484
nanosecondsPerTerm is 5.126741420017616
nanosecondsPerTerm is 5.117929981448732
8.658190788135558
1230/2484, 1233/2484
Sign changes no longer useful, stopping.
D = 12.80078125
[8.811488791990236, 8.811537702547088]
nanosecondsPerTerm is 5.114113632595657
nanosecondsPerTerm is 5.090701050252523
nanosecondsPerTerm is 5.099697102096111
nanosecondsPerTerm is 5.095215878697685
225380.1996046079 10214.13942836598 251918.6851163135 10215.18613621744
8.811488791990236
8.811537702547088
nanosecondsPerTerm is 5.10670023761408
nanosecondsPerTerm is 5.092116290087875
8.811511239982703
13/2524, 14/2524
Sign changes no longer useful, stopping.
D = 12.80078125
[8.819216659973055, 8.819265570529907]
nanosecondsPerTerm is 5.12722906354449
nanosecondsPerTerm is 5.102917542231907
nanosecondsPerTerm is 5.099607238031648
nanosecondsPerTerm is 5.09818266545081
20055.77459512129 8791.425290038198 19838.540908538 8730.20067550981
8.819216659973055
8.819265570529907
nanosecondsPerTerm is 5.103834121836655
nanosecondsPerTerm is 5.016769007431375
8.819252882255773
2/2524, 2/2524
Sign changes no longer useful, stopping.
D = 12.8515625
[8.823322793311416, 8.823371565430781]
nanosecondsPerTerm is 5.104899969318009
nanosecondsPerTerm is 5.093884644197235
nanosecondsPerTerm is 5.09543209623388
nanosecondsPerTerm is 5.100746827988044
16377.95756609708 24094.73065632 16277.70454515853 23809.71771410984
8.823322793311416
8.823371565430781
nanosecondsPerTerm is 5.098779989981852
nanosecondsPerTerm is 5.020383530584057
8.823350726372629
4/2537, 4/2537
Sign changes no longer useful, stopping.
D = 12.8515625
[8.82629789259264, 8.826346664712005]
nanosecondsPerTerm is 5.085560955291009
nanosecondsPerTerm is 5.005050317661021
nanosecondsPerTerm is 5.126049440286767
nanosecondsPerTerm is 5.128520469875832
15178.34132654809 20128.41228427735 15106.97661093911 19954.53151055382
8.82629789259264
8.826346664712005
nanosecondsPerTerm is 5.04563596047451
nanosecondsPerTerm is 5.041068024044178
8.826304577973984
1/2541, 1/2541
Sign changes no longer useful, stopping.
D = 12.80078125
[9.205040005805976, 9.205084921327437]
nanosecondsPerTerm is 5.085496461931576
nanosecondsPerTerm is 5.001143669306564
nanosecondsPerTerm is 5.026504439208664
nanosecondsPerTerm is 5.011507082927588
97438.16612337444 14450.60465167654 99562.98853324923 14399.9344387418
9.205040005805976
9.205084921327437
nanosecondsPerTerm is 5.010446711990254
nanosecondsPerTerm is 5.011435367735345
9.205072916593695
1/2596, 2594/2596
nanosecondsPerTerm is 5.014161962916527
nanosecondsPerTerm is 4.998584714970217
9.205073114844641
0/2596, 2594/2596
nanosecondsPerTerm is 5.022917254644516
nanosecondsPerTerm is 5.005530793806176
9.205073117230345
2595/2596, 1/2596
nanosecondsPerTerm is 5.080291775374937
nanosecondsPerTerm is 5.065608169830186
9.205073116044835
503/2596, 2092/2596
nanosecondsPerTerm is 5.073799492253035
nanosecondsPerTerm is 5.040538681229689
9.205073116044836
314/2596, 1778/2596
nanosecondsPerTerm is 5.081317930560296
nanosecondsPerTerm is 5.053136889275233
9.20507311604484
1413/2596, 365/2596
Reached final precision, stopping.
D = 12.49609375
[9.266894995427666, 9.26693924968999]
nanosecondsPerTerm is 5.112968025727553
nanosecondsPerTerm is 5.131859995056227
nanosecondsPerTerm is 5.101829261060399
nanosecondsPerTerm is 5.111597693933986
12510.00197006073 13040.7185687091 12491.12180562348 12996.20076301189
9.266894995427666
9.26693924968999
nanosecondsPerTerm is 5.107227976448859
nanosecondsPerTerm is 5.121793517952042
9.266921367050379
1/2515, 2513/2515
nanosecondsPerTerm is 5.078841334845275
nanosecondsPerTerm is 5.0455539173784
9.266921370315236
75/2515, 2440/2515
nanosecondsPerTerm is 5.029122131103585
nanosecondsPerTerm is 5.035884233444728
9.26692137031613
2397/2515, 43/2515
nanosecondsPerTerm is 5.098687109713371
nanosecondsPerTerm is 5.121176840238454
9.266921370315682
1181/2515, 1216/2515
Sign changes no longer useful, stopping.
D = 12.4453125
[9.340113219583813, 9.340156836399597]
nanosecondsPerTerm is 5.093283867387445
nanosecondsPerTerm is 5.093725905758889
nanosecondsPerTerm is 5.030891194990456
nanosecondsPerTerm is 5.024725434347047
314736.0158983372 24946.55945612293 341506.7249745489 24992.36657088649
9.340113219583813
9.340156836399597
nanosecondsPerTerm is 5.021264446397407
nanosecondsPerTerm is 5.011928334454116
9.340130708546962
1/2515, 2513/2515
nanosecondsPerTerm is 5.029074647246903
nanosecondsPerTerm is 5.031271843185809
9.340131583800707
0/2515, 2513/2515
nanosecondsPerTerm is 5.09483110924099
nanosecondsPerTerm is 5.100918783102549
9.340131670980092
2514/2515, 1/2515
nanosecondsPerTerm is 5.102648907208876
nanosecondsPerTerm is 5.100401918496172
9.340131629754389
2/2515, 2512/2515
nanosecondsPerTerm is 5.090902925438767
nanosecondsPerTerm is 5.089171085289596
9.340131629758153
640/2515, 1872/2515
nanosecondsPerTerm is 5.095076638181488
nanosecondsPerTerm is 5.106803183822639
9.340131629758167
1500/2515, 372/2515
nanosecondsPerTerm is 5.10669714596839
nanosecondsPerTerm is 5.077935660838878
9.340131629758158
580/2515, 920/2515
Sign changes no longer useful, stopping.
D = 12.4453125
[9.417045755579732, 9.417088657018381]
nanosecondsPerTerm is 5.092416568752557
nanosecondsPerTerm is 5.120563750073462
nanosecondsPerTerm is 5.11498616641471
nanosecondsPerTerm is 5.113698450446516
106330.7141261661 54114.91447915491 109263.3312609993 53808.49546985481
9.417045755579732
9.417088657018381
nanosecondsPerTerm is 5.11473372159698
nanosecondsPerTerm is 5.142649031851638
9.417071699971052
4/2525, 3/2525
Sign changes no longer useful, stopping.
D = 12.39453125
[9.420431475666945, 9.420474277289422]
nanosecondsPerTerm is 5.118262885040561
nanosecondsPerTerm is 5.129136985865577
nanosecondsPerTerm is 5.104688035502464
nanosecondsPerTerm is 5.14320578122425
225801.9650941576 72641.79697991202 210081.3169103925 73133.79984648935
9.420431475666945
9.420474277289422
nanosecondsPerTerm is 5.114517271287537
nanosecondsPerTerm is 5.138200882512012
9.420445340312265
2513/2515, 4/2515
nanosecondsPerTerm is 5.110638640946632
nanosecondsPerTerm is 5.131356801206556
9.420444642831232
2513/2515, 0/2515
nanosecondsPerTerm is 5.099850781378587
nanosecondsPerTerm is 5.119314325325108
9.420444609069506
1/2515, 2514/2515
nanosecondsPerTerm is 5.105816478906633
nanosecondsPerTerm is 5.147905753262526
9.420444625509393
2507/2515, 7/2515
nanosecondsPerTerm is 5.120544099920599
nanosecondsPerTerm is 5.12721365890339
9.420444625508869
1238/2515, 1269/2515
Sign changes no longer useful, stopping.
D = 11.9375
[9.53553739740301, 9.535579231824798]
nanosecondsPerTerm is 5.140101118716534
nanosecondsPerTerm is 5.137932866087122
nanosecondsPerTerm is 5.127555682143587
nanosecondsPerTerm is 5.121401103306291
9440.785223171837 10420.25957503741 9463.27249879285 10444.79628791291
9.53553739740301
9.535579231824798
nanosecondsPerTerm is 5.144372290373529
nanosecondsPerTerm is 5.120627288163765
9.535558639052136
2408/2412, 0/2412
nanosecondsPerTerm is 5.104631476059001
nanosecondsPerTerm is 5.103466000488839
9.535558638706366
1209/2412, 1205/2412
Sign changes no longer useful, stopping.
D = 11.98828125
[9.606460875849685, 9.606502064953725]
nanosecondsPerTerm is 5.261723139216509
nanosecondsPerTerm is 5.263874141293436
nanosecondsPerTerm is 5.213208330550119
nanosecondsPerTerm is 5.165792203295778
16528.2817169115 24484.73540914884 16565.60039973205 24455.56851577289
9.606460875849685
9.606502064953725
nanosecondsPerTerm is 5.242727704737609
nanosecondsPerTerm is 5.239234230954358
9.606480076989525
2431/2439, 13/2439
nanosecondsPerTerm is 5.229645415800523
nanosecondsPerTerm is 5.238936420408173
9.606479957948331
2431/2439, 0/2439
nanosecondsPerTerm is 5.220534092428357
nanosecondsPerTerm is 5.172119152129963
9.606479956638172
6/2439, 2437/2439
nanosecondsPerTerm is 5.229847041881499
nanosecondsPerTerm is 5.239182713161919
9.606479957289691
1219/2439, 1218/2439
Sign changes no longer useful, stopping.
D = 11.9375
[9.61892683767879, 9.618967936614936]
nanosecondsPerTerm is 5.236206946501837
nanosecondsPerTerm is 5.254512888253898
nanosecondsPerTerm is 5.239748911530854
nanosecondsPerTerm is 5.260591642161096
29236.23468136428 28283.91695388226 29000.90212876439 28514.68266100241
9.61892683767879
9.618967936614936
nanosecondsPerTerm is 5.243198984054448
nanosecondsPerTerm is 5.256936218743154
9.618928984121846
0/2426, 2424/2426
nanosecondsPerTerm is 5.230698439555919
nanosecondsPerTerm is 5.251116421326887
9.618928989918532
3/2426, 2421/2426
nanosecondsPerTerm is 5.217858496977206
nanosecondsPerTerm is 5.250950972320494
9.61892898994987
2418/2426, 3/2426
nanosecondsPerTerm is 5.199120203204727
nanosecondsPerTerm is 5.18823808679427
9.618928989934243
1216/2426, 1202/2426
Sign changes no longer useful, stopping.
D = 12.39453125
[9.65694773424552, 9.656988477386117]
nanosecondsPerTerm is 5.142494414070097
nanosecondsPerTerm is 5.120572761401434
nanosecondsPerTerm is 5.132702758845063
nanosecondsPerTerm is 5.126745453887369
79398.004579966 354768.2325410931 78546.91786488899 340653.8336978231
9.65694773424552
9.656988477386117
nanosecondsPerTerm is 5.118488951897214
nanosecondsPerTerm is 5.141529271891204
9.656955504593105
2559/2560, 0/2560
nanosecondsPerTerm is 5.132888812512947
nanosecondsPerTerm is 5.126400933912872
9.65695521179043
2559/2560, 0/2560
nanosecondsPerTerm is 5.128222160091222
nanosecondsPerTerm is 5.13072036955972
9.656955206624765
0/2560, 2559/2560
nanosecondsPerTerm is 5.13665827492485
nanosecondsPerTerm is 5.137044247341935
9.656955209183714
2399/2560, 160/2560
nanosecondsPerTerm is 5.063455162352356
nanosecondsPerTerm is 5.0567884824811
9.656955209183707
1490/2560, 909/2560
Sign changes no longer useful, stopping.
D = 12.2421875
[9.729934852631057, 9.729974991266191]
nanosecondsPerTerm is 5.132745114860222
nanosecondsPerTerm is 5.126387934098434
nanosecondsPerTerm is 5.134586908183667
nanosecondsPerTerm is 5.118977273350983
83420.96447795202 273812.3595136355 81007.57848291969 305550.3634622927
9.729934852631057
9.729974991266191
nanosecondsPerTerm is 5.117930082283419
nanosecondsPerTerm is 5.128454893114414
9.729947566879988
0/2522, 1/2522
Sign changes no longer useful, stopping.
D = 12.19140625
[9.729974991266191, 9.730015129901325]
nanosecondsPerTerm is 5.105241330589792
nanosecondsPerTerm is 5.137078656451396
nanosecondsPerTerm is 5.126773325520889
nanosecondsPerTerm is 5.141005253519102
27179.44832202588 85966.63284088201 27480.05274024029 88561.76963643791
9.729974991266191
9.730015129901325
nanosecondsPerTerm is 5.093456580083668
nanosecondsPerTerm is 5.131785901097758
9.729977996460997
2/2508, 3/2508
Sign changes no longer useful, stopping.
D = 12.19140625
[9.730496793522928, 9.730536932158062]
nanosecondsPerTerm is 5.109425582796856
nanosecondsPerTerm is 5.125207311049526
nanosecondsPerTerm is 5.097473494366512
nanosecondsPerTerm is 5.130667244989347
31265.86193298767 138114.505786992 31654.08130795487 144853.0231609416
9.730496793522928
9.730536932158062
nanosecondsPerTerm is 5.109386096947222
nanosecondsPerTerm is 5.137211508020421
9.730519867225702
7/2508, 8/2508
Sign changes no longer useful, stopping.
D = 12.19140625
[9.730536932158062, 9.730577070793196]
nanosecondsPerTerm is 5.186058979644411
nanosecondsPerTerm is 5.179899789499649
nanosecondsPerTerm is 5.125537989404124
nanosecondsPerTerm is 5.140579315439265
31626.92528754523 144200.0141008825 32023.26741906505 151555.196309665
9.730536932158062
9.730577070793196
nanosecondsPerTerm is 5.119100517635891
nanosecondsPerTerm is 5.13121009214852
9.730561919531876
5/2508, 5/2508
Sign changes no longer useful, stopping.
D = 12.19140625
[9.734831766117367, 9.734871904752499]
nanosecondsPerTerm is 5.12508875085102
nanosecondsPerTerm is 5.138498728836365
nanosecondsPerTerm is 5.2302137373377
nanosecondsPerTerm is 5.212122438340029
66290.69632513469 122855.0238936764 64913.92195074671 128479.3288751905
9.734831766117367
9.734871904752499
Segmentation fault (core dumped)
