/mmfs1/data/mossea/Documents/bianchi-maass-forms/cmake-build-release
c121
Fri Feb 21 13:14:56 EST 2025
mode = coarse
d = 43
symClass = D
D = 0
leftEndpoint = -0.4
rightEndpoint = 15
Range already complete.
mode = medium
d = 43
symClass = D
D = 0
Range already complete.
mode = fine
d = 43
symClass = D
D = 0
D = 10.9727
[12.83091627155457, 12.83093935249439]
186175.410154373 23804.93009617664 181182.7027722735 23816.75267954673
12.83091627155457
12.83093935249439
12.83092887422604
2/2669, 1/2669
Sign changes no longer useful, stopping.
D = 11.17578125
[12.83520932636026, 12.83523240730008]
15056.71689370031 34754.74959893698 15084.5533654209 34900.0602303152
12.83520932636026
12.83523240730008
12.83522766564612
0/2736, 1/2736
Sign changes no longer useful, stopping.
D = 10.46484375
[12.87940931384495, 12.87943222631148]
8854.898932882437 33497.89307932451 8843.454401627625 33316.28964945963
12.87940931384495
12.87943222631148
12.87943217702784
2/2529, 1/2529
Sign changes no longer useful, stopping.
D = 11.0234375
[12.99236402649402, 12.99238655086535]
5050.444139100256 11567.75361201227 5046.682304175716 11547.93884195165
12.99236402649402
12.99238655086535
12.99238088454907
6/2715, 2710/2715
12.99238088520236
1350/2715, 1360/2715
Sign changes no longer useful, stopping.
D = 10.97265625
[13.05828674171966, 13.05830902930342]
23834.19301344665 31879.44434671502 23946.85731311492 32024.41249630636
13.05828674171966
13.05830902930342
13.0582905960509
0/2712, 2709/2712
13.05829061411003
21/2712, 2692/2712
13.05829061427911
2680/2712, 12/2712
13.05829061419496
1339/2712, 1341/2712
Sign changes no longer useful, stopping.
D = 10.921875
[13.17248032340885, 13.17250222983721]
12812.98333363548 131660.1938926335 12815.62517252308 133112.4305228582
13.17248032340885
13.17250222983721
13.17249185239351
0/2715, 2712/2715
13.17249191195021
0/2715, 2712/2715
13.17249191256566
2714/2715, 2/2715
13.17249191225954
1343/2715, 1371/2715
Sign changes no longer useful, stopping.
D = 10.97265625
[13.21513188670585, 13.21515366353847]
1073681.919463752 14887.0647413069 1091005.150354417 14889.56506234605
13.21513188670585
13.21515366353847
13.21514142924551
1/2737, 2736/2737
13.2151415013746
0/2737, 2736/2737
13.21514150246334
2735/2737, 1/2737
13.21514150192313
1324/2737, 1411/2737
Sign changes no longer useful, stopping.
D = 10.97265625
[13.23059073915809, 13.23061246103387]
22078.36235828747 20456.38216582231 22150.07161848218 20524.04873937659
13.23059073915809
13.23061246103387
13.23060076198882
0/2739, 1/2739
Sign changes no longer useful, stopping.
D = 10.921875
[13.33611942753024, 13.33614080922669]
39333.89293332629 102881.2556658758 39228.59959950171 102719.5928536881
13.33611942753024
13.33614080922669
13.33613150257909
2741/2742, 1/2742
13.33613149231915
2695/2742, 46/2742
13.33613149229665
22/2742, 2673/2742
13.33613149230789
1332/2742, 1341/2742
Sign changes no longer useful, stopping.
D = 10.921875
[13.34248636836574, 13.34250771502489]
63550.86556003387 69431.12639012083 63476.11588647596 69679.49262007359
13.34248636836574
13.34250771502489
13.34249455820929
0/2744, 1/2744
Sign changes no longer useful, stopping.
D = 10.921875
[13.34748148660718, 13.34750283326633]
34723.29968530624 168116.0152942322 34582.23684883487 165746.5717768293
13.34748148660718
13.34750283326633
13.34749795951406
1/2744, 0/2744
Sign changes no longer useful, stopping.
D = 10.921875
[13.3538586198562, 13.35387993162124]
26149.83709262635 138674.77687415 26059.24278806617 139453.2630414781
13.3538586198562
13.35387993162124
13.35386359218859
1/2749, 2747/2749
13.35386360750865
8/2749, 2741/2749
13.35386360760296
2733/2749, 8/2749
13.35386360755595
1360/2749, 1373/2749
Sign changes no longer useful, stopping.
D = 10.46484375
[13.42837625707199, 13.42839734545166]
56751.89183189334 103969.9854583946 57174.90902007322 104406.8161452499
13.42837625707199
13.42839734545166
13.42839606984751
0/2625, 2623/2625
13.42839607647102
752/2625, 1871/2625
13.42839607647788
1455/2625, 416/2625
13.42839607647368
729/2625, 726/2625
Sign changes no longer useful, stopping.
D = 10.46484375
[13.4979040170628, 13.49792488782021]
18080.80077386586 26916.06955202259 18065.62018760783 26880.66022347665
13.4979040170628
13.49792488782021
13.49790987772989
2617/2631, 14/2631
13.49790987421215
1325/2631, 1292/2631
Sign changes no longer useful, stopping.
D = 10.4140625
[13.51395164828643, 13.51397246961675]
101300.0593925356 69822.87232563768 101460.8124667701 69823.60259688806
13.51395164828643
13.51397246961675
13.51395553840778
0/2622, 2615/2622
13.51395554994935
294/2622, 2321/2622
13.51395555002231
2067/2622, 254/2622
13.51395554998384
1030/2622, 1037/2622
Sign changes no longer useful, stopping.
D = 10.36328125
[13.57159549240444, 13.57161613497616]
25904.30699134822 61546.0102909272 26119.16446832861 61159.12157571919
13.57159549240444
13.57161613497616
13.57160715650106
2613/2616, 0/2616
13.57160713503942
2503/2616, 110/2616
13.57160713493581
102/2616, 2401/2616
13.57160713498789
1200/2616, 1201/2616
Sign changes no longer useful, stopping.
D = 10.76953125
[13.66293039644856, 13.66295075461875]
34142.98026720432 40810.50038304162 34208.75806790637 40704.03045450338
13.66293039644856
13.66295075461875
13.66294928331051
2737/2753, 6/2753
13.66294928138562
1591/2753, 1146/2753
Sign changes no longer useful, stopping.
D = 10.36328125
[13.66504764614839, 13.66506800431858]
32794.96531645551 259079.6373596738 32820.06265626563 258976.4530781141
13.66504764614839
13.66506800431858
13.66505078653704
1/2629, 2/2629
Sign changes no longer useful, stopping.
D = 10.36328125
[13.66506800431858, 13.66508836248877]
32816.90633727523 259241.9121306006 32842.22248358226 259137.8246104722
13.66506800431858
13.66508836248877
13.66507007933737
0/2629, 1/2629
Sign changes no longer useful, stopping.
D = 10.36328125
[13.66508836248877, 13.66510872065896]
32839.05544659951 259404.5190881268 32864.59006406112 259299.612988158
13.66508836248877
13.66510872065896
13.66509796388207
1/2629, 2/2629
Sign changes no longer useful, stopping.
D = 10.76953125
[13.67867459825315, 13.67869490997038]
248518.9498085546 3803757.228522685 247843.757513387 4094014.92625874
13.67867459825315
13.67869490997038
13.67869120593208
0/2760, 2759/2760
13.67869140738552
0/2760, 2759/2760
13.67869141230589
2759/2760, 0/2760
13.67869140987787
10/2760, 2749/2760
13.67869140987789
205/2760, 2544/2760
13.6786914098779
2358/2760, 186/2760
Reached final precision, stopping.
D = 10.56640625
[13.75810252049147, 13.7581226038577]
20038.05372698151 19128.30150043379 20032.69948339769 19086.52598867556
13.75810252049147
13.7581226038577
13.75810817034056
2706/2709, 0/2709
13.75810816835162
1364/2709, 1342/2709
Sign changes no longer useful, stopping.
D = 10.26171875
[13.7959573759646, 13.7959773549441]
223728.2114379595 37939.77077805017 225393.5762995971 38003.36756585084
13.7959573759646
13.7959773549441
13.79597490243131
7/2625, 0/2625
Sign changes no longer useful, stopping.
D = 10.3125
[13.89574287448549, 13.89576256254012]
161266.7858889639 64583.9761853802 159674.3727952691 65018.20061886633
13.89574287448549
13.89576256254012
13.89576076775641
2650/2652, 0/2652
13.89576075528679
2620/2652, 30/2652
13.89576075511317
34/2652, 2586/2652
13.89576075519944
1293/2652, 1293/2652
Sign changes no longer useful, stopping.
D = 10.3125
[13.92930900766596, 13.92932859637608]
19573.27610828723 21862.54483791393 19510.57561242172 21939.03375321264
13.92930900766596
13.92932859637608
13.92931588585775
0/2657, 2654/2657
13.92931589293923
184/2657, 2472/2657
13.92931589295414
2306/2657, 166/2657
13.92931589294655
1153/2657, 1153/2657
Sign changes no longer useful, stopping.
D = 10.3125
[13.97977477638878, 13.97979422532965]
14819.11877508308 48332.95165521964 14849.10668401664 48457.20928783125
13.97977477638878
13.97979422532965
13.97978011219524
0/2666, 2665/2666
13.97978011767152
243/2666, 2422/2666
13.97978011768312
2213/2666, 209/2666
13.97978011767716
1106/2666, 1107/2666
Sign changes no longer useful, stopping.
D = 10.26171875
[14.02955053550264, 14.02956984714104]
10428.70041594209 56718.7671835017 10435.93381329431 57150.9645210364
14.02955053550264
14.02956984714104
14.0295617710596
0/2659, 1/2659
Sign changes no longer useful, stopping.
D = 10.26171875
[14.05580753502611, 14.0558267789167]
188501.6144513083 242806.2236518427 188453.7902585208 244952.5677320862
14.05580753502611
14.0558267789167
14.05581078363515
0/2662, 2656/2662
14.05581080386489
15/2662, 2651/2662
14.05581080411617
2628/2662, 23/2662
14.05581080399127
1313/2662, 1315/2662
Sign changes no longer useful, stopping.
D = 10.3125
[14.09550768497141, 14.09552682169148]
265167.2705304888 26876.20305851668 278642.4853949549 26776.62652350588
14.09550768497141
14.09552682169148
14.0955256001719
4/2680, 2678/2680
14.09552565169238
48/2680, 2632/2680
14.0955256519901
2601/2680, 31/2680
14.09552565184152
1300/2680, 1301/2680
Sign changes no longer useful, stopping.
D = 10.26171875
[14.09552682169148, 14.09554595841155]
55288.22742099053 55760.84982442424 55427.19048209398 55522.2121863082
14.09552682169148
14.09554595841155
14.09552740812384
0/2667, 9/2667
Sign changes no longer useful, stopping.
D = 10.3125
[14.17341121644195, 14.17343014322777]
6212.181138153873 57647.62217142527 6212.076147384712 57267.67794087031
14.17341121644195
14.17343014322777
14.17342846996948
2689/2694, 0/2694
14.17342846035316
2678/2694, 13/2694
14.17342846024297
11/2694, 2667/2694
14.17342846029776
1336/2694, 1331/2694
Sign changes no longer useful, stopping.
D = 10.3125
[14.2369389793503, 14.23695773974667]
64041.96402870007 714872.0269630913 63404.42009135132 704686.0278916291
14.2369389793503
14.23695773974667
14.23695080552016
2708/2710, 0/2710
14.23695072264358
2704/2710, 4/2710
14.23695072066218
0/2710, 2704/2710
14.23695072164074
1354/2710, 1350/2710
Sign changes no longer useful, stopping.
D = 10.3125
[14.25439775316983, 14.25441646310146]
85002.5721862136 109214.2426947294 86125.56673321304 108216.688354601
14.25439775316983
14.25441646310146
14.25440041975408
1/2712, 1/2712
Sign changes no longer useful, stopping.
D = 10.3125
[14.25997116448069, 14.25998986184908]
55884.11691508598 102145.4088738787 55761.83082083737 101117.8751030414
14.25997116448069
14.25998986184908
14.25998888728334
1/2713, 0/2713
Sign changes no longer useful, stopping.
D = 10.3125
[14.26963008200005, 14.26964875430512]
133729.3526691314 30393.26845798824 134390.9297981094 30391.79734919966
14.26963008200005
14.26964875430512
14.26964801296169
0/2715, 2713/2715
14.26964801436838
1285/2715, 1428/2715
Sign changes no longer useful, stopping.
D = 10.36328125
[14.34296177601779, 14.34298025079676]
50855.84823940731 31279.70414802574 51624.6579244592 31357.37743496349
14.34296177601779
14.34298025079676
14.34296423881866
1/2741, 1/2741
Sign changes no longer useful, stopping.
D = 10.4140625
[14.38331811686384, 14.38333649482159]
49112.41128252835 153603.1169072877 49006.47459837965 152646.9467850938
14.38331811686384
14.38333649482159
14.38332032864525
2766/2767, 1/2767
14.38332031432362
2762/2767, 4/2767
14.38332031429832
2/2767, 2760/2767
14.38332031431096
1389/2767, 1371/2767
Sign changes no longer useful, stopping.
D = 9.90625
[14.47178610839481, 14.47180426139895]
12798.92795382547 28074.10903219304 12820.04696018743 28063.83539458893
14.47178610839481
14.47180426139895
14.47180375888228
2600/2627, 24/2627
14.47180375852959
1324/2627, 1276/2627
Sign changes no longer useful, stopping.
D = 9.90625
[14.47180426139895, 14.4718224144031]
12818.47732391811 28065.41176278089 12839.78698897849 28055.75473138444
14.47180426139895
14.4718224144031
ZERO SIGN CHANGES DETECTED. CONDUCT FURTHER INVESTIGATION
[14.47180426139895, 14.4718224144031]
!!!!!!!!!!!!!!!!!!!!!!!!!!!!!!!!!!!!!!!!!!!!!!!!!!!!!!!!!!!!!!!!!
D = 9.95703125
[14.49409681724225, 14.49411491218499]
134579.0486639286 248108.1569386231 133596.7989937493 247236.3524818277
14.49409681724225
14.49411491218499
14.4941026706667
1/2644, 2/2644
Sign changes no longer useful, stopping.
D = 10.16015625
[14.55507731808876, 14.55509526421967]
58096.69739230929 99587.73059693415 58250.61033941324 99368.12713139004
14.55507731808876
14.55509526421967
ZERO SIGN CHANGES DETECTED. CONDUCT FURTHER INVESTIGATION
[14.55507731808876, 14.55509526421967]
!!!!!!!!!!!!!!!!!!!!!!!!!!!!!!!!!!!!!!!!!!!!!!!!!!!!!!!!!!!!!!!!!
D = 10.16015625
[14.55627970886025, 14.55629765499117]
88115.46909970761 56701.97424830477 88442.44650891612 56555.51902596547
14.55627970886025
14.55629765499117
14.5562841166296
5/2715, 4/2715
Sign changes no longer useful, stopping.
D = 10.2109375
[14.69419779119726, 14.69421539448567]
27319.40615637177 1538213.539398387 27338.93806877639 1777751.267425862
14.69419779119726
14.69421539448567
14.6942057456648
0/2759, 2757/2759
14.69420633232961
0/2759, 2757/2759
14.69420641839619
2758/2759, 1/2759
14.69420637899324
12/2759, 2746/2759
14.69420637900829
1349/2759, 1397/2759
Sign changes no longer useful, stopping.
D = 10.05859375
[14.77277784943109, 14.77279527154364]
40403.29308436993 64201.16807704788 40531.74369217006 65035.28795513044
14.77277784943109
14.77279527154364
14.77278399757303
2/2720, 2/2720
Sign changes no longer useful, stopping.
D = 10.0078125
[14.77768868803671, 14.77770609963666]
34092.62530745722 21467.06571390619 33871.69349387615 21576.66534412569
14.77768868803671
14.77770609963666
14.77769466995155
2706/2707, 0/2707
14.77769466161339
2529/2707, 177/2707
14.77769466160091
132/2707, 2397/2707
14.77769466160722
1199/2707, 1198/2707
Sign changes no longer useful, stopping.
D = 9.703125
[14.79795881133366, 14.79797617060753]
72851.31280890258 92065.59139271389 73943.00853838712 92427.25012121392
14.79795881133366
14.79797617060753
14.79797614803219
82/2620, 2530/2620
14.79797614831338
1265/2620, 1265/2620
Sign changes no longer useful, stopping.
D = 10.0078125
[14.85957517562662, 14.85959239045472]
17970.33462832997 45403.33149731666 18042.30449887472 45343.48275848699
14.85957517562662
14.85959239045472
14.85959136401893
1/2720, 2716/2720
14.85959136455599
1344/2720, 1372/2720
Sign changes no longer useful, stopping.
D = 10.2109375
[14.88087653767198, 14.88089370163664]
57166.10687072623 34950.32218802508 56885.75407030757 35006.29731874935
14.88087653767198
14.88089370163664
14.8808922724679
2/2784, 1/2784
Sign changes no longer useful, stopping.
D = 10.2109375
[14.88432649456771, 14.88434365853236]
20209.08585549835 58814.777689091 20246.76768649542 58998.41859991988
14.88432649456771
14.88434365853236
14.88434158910273
2/2784, 2781/2784
14.88434159231673
1222/2784, 1559/2784
Sign changes no longer useful, stopping.
D = 9.65234375
[14.91540654748475, 14.91542363084409]
27743.05236508099 28411.39196130577 27762.10040942885 28432.23062479169
14.91540654748475
14.91542363084409
14.91542192724659
5/2622, 0/2622
Sign changes no longer useful, stopping.
D = 9.14453125
[14.99087865885873, 14.99089557403031]
31494.81860308198 15831.74628703826 31582.28052225028 15849.49270051542
14.99087865885873
14.99089557403031
14.99088816144759
10/2483, 2470/2483
14.99088816413007
1228/2483, 1242/2483
Sign changes no longer useful, stopping.
D = 8.94140625
[14.99365274699781, 14.99366966216939]
41833.88809873948 18348.67301838462 41941.03060941783 18348.17318010508
14.99365274699781
14.99366966216939
14.99366140867691
1/2428, 1/2428
Sign changes no longer useful, stopping.
memory leak= { -38449 -1133311 0 0 -1952764 -18602836 }
