/mmfs1/data/mossea/Documents/bianchi-maass-forms/cmake-build-release
c108
Mon Oct 14 04:03:06 EDT 2024
mode = coarse
d = 163
symClass = D
D = 0
leftEndpoint = -0.4
rightEndpoint = 5
Range already complete.
mode = medium
d = 163
symClass = D
D = 0
D = 3
[4.922332100981428, 4.925165687454784]
nanosecondsPerTerm is 4.316068358606417
nanosecondsPerTerm is 4.314535932320508
nanosecondsPerTerm is 4.307398101062088
nanosecondsPerTerm is 4.308628867887414
47639.66734429636 41078.32912875933 38993.66803264224 24091.84378698096
58/1830
[4.925165687454784, 4.92799927392814]
nanosecondsPerTerm is 4.306845424137355
nanosecondsPerTerm is 4.309231116654533
nanosecondsPerTerm is 4.324572645073949
nanosecondsPerTerm is 4.321184842870379
23222.02420958445 35892.65071292744 16771.15955951428 21724.30926478321
1709/1831
[4.925165687454784, 4.926582480691462]
nanosecondsPerTerm is 4.308090068869221
nanosecondsPerTerm is 4.302130459236113
nanosecondsPerTerm is 4.322389901274931
nanosecondsPerTerm is 4.319973725053
88868.83742865875 24153.01980528931 401706.6262193358 19937.26881045524
1117/1830
[4.926582480691462, 4.92799927392814]
nanosecondsPerTerm is 4.315376644472787
nanosecondsPerTerm is 4.320871105096929
nanosecondsPerTerm is 4.307247611687597
nanosecondsPerTerm is 4.307432561064573
43489.09075819021 19367.73621642305 72086.41104371168 16771.15955951428
408/1831
[4.925165687454784, 4.925874084073124]
nanosecondsPerTerm is 4.311248485937989
nanosecondsPerTerm is 4.303498620595675
nanosecondsPerTerm is 4.321854955867529
nanosecondsPerTerm is 4.312221655389265
94355.01534368814 31551.42210489502 255508.8774093926 31637.3832205759
83/1830
[4.925874084073124, 4.926582480691462]
nanosecondsPerTerm is 4.314178984225244
nanosecondsPerTerm is 4.309859065528344
nanosecondsPerTerm is 4.31198545753374
nanosecondsPerTerm is 4.301810352623401
41218.86873794381 21828.43008261612 45788.50942617305 19937.26881045524
1412/1830
[4.925874084073124, 4.926228282382294]
nanosecondsPerTerm is 4.314250495052244
nanosecondsPerTerm is 4.315822752350901
nanosecondsPerTerm is 4.329123516586171
nanosecondsPerTerm is 4.341367182164382
222774.496943582 41146.38851722243 997277.8351259074 43068.61823918112
71/1830
[4.926228282382294, 4.926582480691462]
nanosecondsPerTerm is 4.319693182942981
nanosecondsPerTerm is 4.317017022176843
nanosecondsPerTerm is 4.315611861746319
nanosecondsPerTerm is 4.308654952325606
43145.58640263959 20834.83662683427 45788.50942617305 19937.26881045524
1263/1830
[4.926228282382294, 4.926405381536878]
nanosecondsPerTerm is 4.327747579161546
nanosecondsPerTerm is 4.319155603957605
nanosecondsPerTerm is 4.320016592800414
nanosecondsPerTerm is 4.322023647474492
981565.9328894333 43111.0167260438 1323028.03130031 44329.03729161787
1804/1830
[4.926405381536878, 4.926582480691462]
nanosecondsPerTerm is 4.316115981974838
nanosecondsPerTerm is 4.310534548282577
nanosecondsPerTerm is 4.310101980499522
nanosecondsPerTerm is 4.305212765486982
44364.75997989333 20374.72763066413 45788.50942617305 19937.26881045524
866/1830
[4.926228282382294, 4.926316831959586]
nanosecondsPerTerm is 4.319798264212223
nanosecondsPerTerm is 4.312220326555508
nanosecondsPerTerm is 4.317525184976525
nanosecondsPerTerm is 4.31505549190826
997952.1010837547 43127.01269724358 8557520.125820661 43712.73866982249
16/1830
[4.926316831959586, 4.926405381536878]
nanosecondsPerTerm is 4.314622644919052
nanosecondsPerTerm is 4.317352113687894
nanosecondsPerTerm is 4.310328269948053
nanosecondsPerTerm is 4.315051937031646
7458026.231217036 43696.31534990075 1323028.03130031 44329.03729161787
1820/1830
[4.926316831959586, 4.926361106748232]
nanosecondsPerTerm is 4.315998525604402
nanosecondsPerTerm is 4.314215051810094
nanosecondsPerTerm is 4.327790700113119
nanosecondsPerTerm is 4.323223782784624
8021509.300757268 43682.8264387648 3128338.206298356 43993.1610542706
1823/1830
[4.926361106748232, 4.926405381536878]
nanosecondsPerTerm is 4.31988568611282
nanosecondsPerTerm is 4.322823619782578
nanosecondsPerTerm is 4.311935706237178
nanosecondsPerTerm is 4.309152277734772
3223402.134514457 44006.53769597629 1323028.03130031 44329.03729161787
3/1830
[4.926316831959586, 4.926338969353909]
nanosecondsPerTerm is 4.31061854566244
nanosecondsPerTerm is 4.306290832346693
nanosecondsPerTerm is 4.324078002728156
nanosecondsPerTerm is 4.328946284792633
8183193.243664405 43766.93755251427 10018854.09358029 43920.92805343817
1824/1830
[4.926338969353909, 4.926361106748232]
nanosecondsPerTerm is 4.321454014546116
nanosecondsPerTerm is 4.322242816488737
nanosecondsPerTerm is 4.318182930119749
nanosecondsPerTerm is 4.312529688535891
10273880.05766625 43836.48656211714 3128338.206298356 43993.1610542706
1/1830
Likely eigenvalue [4.926316831959586, 4.926338969353909]
[4.926405381536878, 4.92649393111417]
nanosecondsPerTerm is 4.307671610159512
nanosecondsPerTerm is 4.308247094941743
nanosecondsPerTerm is 4.327377533341668
nanosecondsPerTerm is 4.32305177363004
1359245.550295217 44436.76151953961 612953.7982062978 45120.86074347066
19/1830
[4.92649393111417, 4.926582480691462]
nanosecondsPerTerm is 4.318390723232615
nanosecondsPerTerm is 4.316735625819033
nanosecondsPerTerm is 4.311872558847296
nanosecondsPerTerm is 4.30839897784869
45049.14098774258 20153.24652816609 45788.50942617305 19937.26881045524
337/1830
D = 3
[4.92799927392814, 4.930826358129336]
nanosecondsPerTerm is 4.307374241157118
nanosecondsPerTerm is 4.309024715498233
nanosecondsPerTerm is 4.306846368792936
nanosecondsPerTerm is 4.314169368204664
31461.18384560762 31286.20348593387 22244.82344664817 19023.28102063937
150/1831
[4.930826358129336, 4.93365344233053]
nanosecondsPerTerm is 4.303007889262699
nanosecondsPerTerm is 4.305328430017819
nanosecondsPerTerm is 4.310788998049921
nanosecondsPerTerm is 4.311673651223824
18516.1643254845 45302.07693698328 15119.92236825058 21158.77230693835
107/1833
D = 3
[4.93365344233053, 4.936474061433804]
nanosecondsPerTerm is 4.297605470102612
nanosecondsPerTerm is 4.308357365283935
nanosecondsPerTerm is 4.298117915528192
nanosecondsPerTerm is 4.304181266423781
43310.12800802962 57384.84624891184 21786.19042383519 23115.5377780866
94/1834
[4.936474061433804, 4.939294680537078]
nanosecondsPerTerm is 4.305952580668683
nanosecondsPerTerm is 4.307156551136539
nanosecondsPerTerm is 4.308408460707298
nanosecondsPerTerm is 4.307727192916929
37364.11957795385 16233.82152342743 20037.6885315285 30060.11615667078
86/1834
D = 3
[4.939294680537078, 4.942108871377784]
nanosecondsPerTerm is 4.29534872512344
nanosecondsPerTerm is 4.293141050196324
nanosecondsPerTerm is 4.296698567187323
nanosecondsPerTerm is 4.292643817093198
30149.77027471202 22652.27452757973 121749.9138068053 49577.00263178195
138/1838
[4.942108871377784, 4.944923062218491]
nanosecondsPerTerm is 4.297348968349022
nanosecondsPerTerm is 4.299051917354855
nanosecondsPerTerm is 4.333870115585275
nanosecondsPerTerm is 4.300542391023233
31047.778194428 20162.85206475769 85272.47121530678 36426.95713098119
1732/1840
[4.942108871377784, 4.943515966798138]
nanosecondsPerTerm is 4.289942850781164
nanosecondsPerTerm is 4.292474786114271
nanosecondsPerTerm is 4.295873513755708
nanosecondsPerTerm is 4.293751317880952
48454.27298870109 30951.52181328231 101594.9557565845 46299.23070502369
54/1839
[4.943515966798138, 4.944923062218491]
nanosecondsPerTerm is 4.298804848314699
nanosecondsPerTerm is 4.29570577652504
nanosecondsPerTerm is 4.291416749729802
nanosecondsPerTerm is 4.289901319825721
46564.60376150735 26189.85685583223 85272.47121530678 36426.95713098119
1780/1840
[4.943515966798138, 4.944219514508315]
nanosecondsPerTerm is 4.294557317004168
nanosecondsPerTerm is 4.298557569727524
nanosecondsPerTerm is 4.303053391391439
nanosecondsPerTerm is 4.302035223484496
46223.10588601568 26222.71686489379 60106.90853003591 30613.45051350939
1787/1839
[4.944219514508315, 4.944923062218491]
nanosecondsPerTerm is 4.302467665969463
nanosecondsPerTerm is 4.303293520109099
nanosecondsPerTerm is 4.289314523875974
nanosecondsPerTerm is 4.310610856195284
60731.05091133522 30569.66988840224 85272.47121530678 36426.95713098119
21/1840
[4.943515966798138, 4.943867740653227]
nanosecondsPerTerm is 4.285993019824335
nanosecondsPerTerm is 4.284721621963097
nanosecondsPerTerm is 4.300733162420747
nanosecondsPerTerm is 4.301760976564324
103025.6370856602 46236.31317810753 139208.2375586226 52364.30770887776
13/1839
[4.943867740653227, 4.944219514508315]
nanosecondsPerTerm is 4.298111393455621
nanosecondsPerTerm is 4.29596384707903
nanosecondsPerTerm is 4.29646013148832
nanosecondsPerTerm is 4.289443389428818
52347.49477242526 28267.78345796007 60106.90853003591 30613.45051350939
1781/1839
[4.943867740653227, 4.94404362758077]
nanosecondsPerTerm is 4.29723778771786
nanosecondsPerTerm is 4.301592883071842
nanosecondsPerTerm is 4.302112359201413
nanosecondsPerTerm is 4.298537120589404
139279.0608684188 52357.15457419107 168140.2018890698 55997.15290613682
287/1839
[4.94404362758077, 4.944219514508315]
nanosecondsPerTerm is 4.292508717636072
nanosecondsPerTerm is 4.2990928874025
nanosecondsPerTerm is 4.295429477990109
nanosecondsPerTerm is 4.302961243854117
55985.5196101798 29399.37411898396 60106.90853003591 30613.45051350939
270/1839
D = 3
[4.944923062218491, 4.947730861297332]
nanosecondsPerTerm is 4.301672479189021
nanosecondsPerTerm is 4.298471543652437
nanosecondsPerTerm is 4.301280606623355
nanosecondsPerTerm is 4.311064453965085
31134.35367096361 22854.18659105937 60450.02362322282 31533.3440166516
92/1840
[4.947730861297332, 4.950538660376173]
nanosecondsPerTerm is 4.300897933395946
nanosecondsPerTerm is 4.302791795725774
nanosecondsPerTerm is 4.301470212244078
nanosecondsPerTerm is 4.301617479623974
58595.16592439457 35674.98063329329 256274.0704484989 77150.2643299795
74/1840
D = 3
[4.950538660376173, 4.953340103863367]
nanosecondsPerTerm is 4.298114360398234
nanosecondsPerTerm is 4.295704881552147
nanosecondsPerTerm is 4.297161902447701
nanosecondsPerTerm is 4.300890032607735
58501.80180207564 49228.46695897775 304952.7331024903 154026.3970686698
1110/1841
[4.953340103863367, 4.956141547350559]
nanosecondsPerTerm is 4.299748846876048
nanosecondsPerTerm is 4.296931598775919
nanosecondsPerTerm is 4.303982857167537
nanosecondsPerTerm is 4.303583962190858
1067541.048026359 159918.3868409831 47031.33831781903 67432.84993070469
140/1841
[4.950538660376173, 4.95193938211977]
nanosecondsPerTerm is 4.295465110833105
nanosecondsPerTerm is 4.298301384135575
nanosecondsPerTerm is 4.3053981033212
nanosecondsPerTerm is 4.308246956530822
73652.94649838333 63547.57737624401 128578.9021566838 118453.3922630915
297/1840
[4.95193938211977, 4.953340103863367]
nanosecondsPerTerm is 4.303406643917204
nanosecondsPerTerm is 4.302349426723825
nanosecondsPerTerm is 4.306739869760692
nanosecondsPerTerm is 4.29635321154678
99525.98842501704 146313.9839787203 321246.7945934415 182583.9105003871
1503/1841
[4.95193938211977, 4.952639742991568]
nanosecondsPerTerm is 4.306595067739921
nanosecondsPerTerm is 4.304803104224563
nanosecondsPerTerm is 4.305499112799716
nanosecondsPerTerm is 4.321267206063774
140326.1242510991 84739.83807148199 226359.5769220238 118757.2981434679
28/1840
[4.952639742991568, 4.953340103863367]
nanosecondsPerTerm is 4.300848303828417
nanosecondsPerTerm is 4.309874289572114
nanosecondsPerTerm is 4.297076709229218
nanosecondsPerTerm is 4.297114371143079
153943.8853102177 1769466.555781611 321246.7945934415 182583.9105003871
1679/1841
[4.952639742991568, 4.952989923427467]
nanosecondsPerTerm is 4.30353731026187
nanosecondsPerTerm is 4.303929411844479
nanosecondsPerTerm is 4.304611372346442
nanosecondsPerTerm is 4.306626370195364
243151.5267559592 122432.9776690089 355578.7325357785 152314.7666898966
15/1840
[4.952989923427467, 4.953340103863367]
nanosecondsPerTerm is 4.303218295559219
nanosecondsPerTerm is 4.299456774610722
nanosecondsPerTerm is 4.298159700104299
nanosecondsPerTerm is 4.296478562881838
209042.9033555721 402312.2803152954 321246.7945934415 182583.9105003871
77/1841
D = 3
[4.956141547350559, 4.958936671089935]
nanosecondsPerTerm is 4.298674474979754
nanosecondsPerTerm is 4.30337451349213
nanosecondsPerTerm is 4.308351541888832
nanosecondsPerTerm is 4.305030570800004
56956.03286132327 142961.9427306435 27888.50234809954 37151.01191098132
86/1842
[4.958936671089935, 4.961731794829312]
nanosecondsPerTerm is 4.304795040094396
nanosecondsPerTerm is 4.302366554746725
nanosecondsPerTerm is 4.305640936143632
nanosecondsPerTerm is 4.304921505423785
36690.50555000389 47290.37019593539 22796.4342990342 24980.35510364257
93/1842
D = 3
[4.961731794829312, 4.964520634342355]
nanosecondsPerTerm is 4.298788208708693
nanosecondsPerTerm is 4.300420664197873
nanosecondsPerTerm is 4.295465163383642
nanosecondsPerTerm is 4.319055475078422
26479.28157177814 29490.72816124132 17140.49000310591 18281.5437530097
1708/1843
[4.964520634342355, 4.967309473855399]
nanosecondsPerTerm is 4.295884238909595
nanosecondsPerTerm is 4.294882622453994
nanosecondsPerTerm is 4.293191311753963
nanosecondsPerTerm is 4.29797239209817
20533.10301636183 18104.53074978686 15026.67573104782 17644.43070946935
147/1844
[4.961731794829312, 4.963126214585833]
nanosecondsPerTerm is 4.295126356082513
nanosecondsPerTerm is 4.298429880897475
nanosecondsPerTerm is 4.304436736598654
nanosecondsPerTerm is 4.303714428506674
23646.39474264577 25559.50331606725 20023.30930580706 20138.28714966953
25/1843
[4.963126214585833, 4.964520634342355]
nanosecondsPerTerm is 4.300336889365973
nanosecondsPerTerm is 4.30482517389249
nanosecondsPerTerm is 4.294091037440286
nanosecondsPerTerm is 4.293446771855888
20587.00333569746 22371.00855456552 17140.49000310591 18281.5437530097
1738/1843
[4.963126214585833, 4.963823424464094]
nanosecondsPerTerm is 4.298540949344709
nanosecondsPerTerm is 4.304957879467662
nanosecondsPerTerm is 4.302364167158725
nanosecondsPerTerm is 4.3009131747182
20558.29674928138 22361.94888638618 18638.89660935082 20074.05673674861
62/1843
[4.963823424464094, 4.964520634342355]
nanosecondsPerTerm is 4.296825812094133
nanosecondsPerTerm is 4.299838589912687
nanosecondsPerTerm is 4.299007752941806
nanosecondsPerTerm is 4.298195543155066
18655.58556216783 20075.8155037447 17140.49000310591 18281.5437530097
1692/1843
[4.963823424464094, 4.964172029403224]
nanosecondsPerTerm is 4.296829006213318
nanosecondsPerTerm is 4.295872316469564
nanosecondsPerTerm is 4.298918174181757
nanosecondsPerTerm is 4.308009722556991
18650.60884955026 20068.77543615582 17850.59326260174 19120.36826780548
1072/1843
[4.964172029403224, 4.964520634342355]
nanosecondsPerTerm is 4.302982157509327
nanosecondsPerTerm is 4.321800548128128
nanosecondsPerTerm is 4.2921053133308
nanosecondsPerTerm is 4.297840878475298
17853.69765394312 19125.95469511328 17140.49000310591 18281.5437530097
674/1843
[4.963823424464094, 4.963997726933659]
nanosecondsPerTerm is 4.288344309918635
nanosecondsPerTerm is 4.306293749450074
nanosecondsPerTerm is 4.299135507018804
nanosecondsPerTerm is 4.298961062795762
18646.69519984804 20075.57750341854 18235.38108511989 19587.33583372832
87/1843
[4.963997726933659, 4.964172029403224]
nanosecondsPerTerm is 4.293610529099557
nanosecondsPerTerm is 4.301018092195472
nanosecondsPerTerm is 4.299099525950311
nanosecondsPerTerm is 4.290860278188864
18238.72592464884 19580.36239232496 17850.59326260174 19120.36826780548
986/1843
[4.963997726933659, 4.964084878168442]
nanosecondsPerTerm is 4.292016465102019
nanosecondsPerTerm is 4.293022649020792
nanosecondsPerTerm is 4.311414417845151
nanosecondsPerTerm is 4.305610324247167
18237.57511066183 19591.8317316698 18040.77063653623 19358.30022466174
217/1843
[4.964084878168442, 4.964172029403224]
nanosecondsPerTerm is 4.296706850436633
nanosecondsPerTerm is 4.304885665497562
nanosecondsPerTerm is 4.2951437345762
nanosecondsPerTerm is 4.292773581193722
18041.80114149301 19346.95438638358 17850.59326260174 19120.36826780548
763/1843
[4.964084878168442, 4.964128453785833]
nanosecondsPerTerm is 4.298135584345633
nanosecondsPerTerm is 4.301332392619136
nanosecondsPerTerm is 4.300591478221487
nanosecondsPerTerm is 4.301496665510833
18042.83702317444 19361.52160986613 17946.53059910808 19247.25294693423
282/1843
[4.964128453785833, 4.964172029403224]
nanosecondsPerTerm is 4.294576219258304
nanosecondsPerTerm is 4.297076680420338
nanosecondsPerTerm is 4.292213286813653
nanosecondsPerTerm is 4.315686230072043
17945.49573129055 19232.82540797461 17850.59326260174 19120.36826780548
479/1843
[4.964172029403224, 4.96434633187279]
nanosecondsPerTerm is 4.293203865904373
nanosecondsPerTerm is 4.289455983427853
nanosecondsPerTerm is 4.303069974657293
nanosecondsPerTerm is 4.296742736583416
17850.97431051887 19119.23895449489 17484.51910087996 18685.51093417789
609/1843
[4.96434633187279, 4.964520634342355]
nanosecondsPerTerm is 4.295644472290595
nanosecondsPerTerm is 4.297069170053799
nanosecondsPerTerm is 4.292870857580828
nanosecondsPerTerm is 4.295315278557105
17486.79612342085 18691.57160692906 17140.49000310591 18281.5437530097
64/1843
[4.964172029403224, 4.964259180638007]
nanosecondsPerTerm is 4.291962963910618
nanosecondsPerTerm is 4.289243547345771
nanosecondsPerTerm is 4.297059863995199
nanosecondsPerTerm is 4.305997577638385
17851.46049176501 19122.28433773544 17665.70540873042 18902.03094653034
442/1843
[4.964259180638007, 4.96434633187279]
nanosecondsPerTerm is 4.298294901219074
nanosecondsPerTerm is 4.297869696075573
nanosecondsPerTerm is 4.284182119712894
nanosecondsPerTerm is 4.300261433708211
17665.0844031325 18899.21943326146 17484.51910087996 18685.51093417789
122/1843
D = 3
[4.978427407545492, 4.981197604344161]
nanosecondsPerTerm is 4.306740295307705
nanosecondsPerTerm is 4.321349536672134
nanosecondsPerTerm is 4.315119325183112
nanosecondsPerTerm is 4.305700019488456
42530.2161897003 20727.95293038677 60056.55388393199 19086.51042907084
1380/1848
[4.981197604344161, 4.98396780114283]
nanosecondsPerTerm is 4.312190863974197
nanosecondsPerTerm is 4.309143676362909
nanosecondsPerTerm is 4.323394865545596
nanosecondsPerTerm is 4.320118449735818
16643.42571710237 17477.31518281199 14982.8353303252 16562.27130778637
166/1849
[4.978427407545492, 4.979812505944826]
nanosecondsPerTerm is 4.305752888533471
nanosecondsPerTerm is 4.304348290354761
nanosecondsPerTerm is 4.307124549353063
nanosecondsPerTerm is 4.304573118640064
49353.0197088471 17068.14109793888 60057.00230397591 17682.22484380682
1670/1847
[4.979812505944826, 4.981197604344161]
nanosecondsPerTerm is 4.319572204181794
nanosecondsPerTerm is 4.326574815128827
nanosecondsPerTerm is 4.315254542982388
nanosecondsPerTerm is 4.302734673729099
30008.2548883712 16432.48349842595 45603.10027536091 16904.81757984347
198/1848
[4.978427407545492, 4.979119956745159]
nanosecondsPerTerm is 4.301188393755937
nanosecondsPerTerm is 4.302545195507639
nanosecondsPerTerm is 4.315309792283633
nanosecondsPerTerm is 4.309040347250627
48126.99922146001 49607.00554586617 50845.4680251719 55530.27582083004
1593/1847
[4.979119956745159, 4.979812505944826]
nanosecondsPerTerm is 4.301001690441209
nanosecondsPerTerm is 4.303319538258959
nanosecondsPerTerm is 4.302560801947815
nanosecondsPerTerm is 4.295654332966012
55338.20144838297 28285.19157973829 60057.00230397591 30379.05979698989
56/1847
[4.978427407545492, 4.978773682145325]
nanosecondsPerTerm is 4.297064963253813
nanosecondsPerTerm is 4.297059390701954
nanosecondsPerTerm is 4.307102856289522
nanosecondsPerTerm is 4.334385200024811
48217.16112872553 49612.30726073379 49797.14083402845 52619.0994528701
115/1847
[4.978773682145325, 4.979119956745159]
nanosecondsPerTerm is 4.319283556703338
nanosecondsPerTerm is 4.308236284478691
nanosecondsPerTerm is 4.296280861381345
nanosecondsPerTerm is 4.292376979342081
52628.24001406413 28528.7327098213 55530.27582083004 29707.58302481014
1816/1847
[4.978773682145325, 4.978946819445243]
nanosecondsPerTerm is 4.299604359694219
nanosecondsPerTerm is 4.324123735449004
nanosecondsPerTerm is 4.30487385949036
nanosecondsPerTerm is 4.306330868675402
52538.49620230794 28636.74844153108 54007.39144309283 29235.30345955546
11/1847
[4.978946819445243, 4.979119956745159]
nanosecondsPerTerm is 4.29940728894505
nanosecondsPerTerm is 4.310856979121519
nanosecondsPerTerm is 4.304750658317182
nanosecondsPerTerm is 4.287864576608433
54106.08357462049 29125.53245070416 55530.27582083004 29707.58302481014
1806/1847
[4.978946819445243, 4.979033388095202]
nanosecondsPerTerm is 4.303565215990674
nanosecondsPerTerm is 4.301758904433328
nanosecondsPerTerm is 4.310559855984206
nanosecondsPerTerm is 4.302004698396583
52958.54694620083 29139.80557978537 53658.6364950098 29432.94007523531
38/1847
[4.979033388095202, 4.979119956745159]
nanosecondsPerTerm is 4.302833164137234
nanosecondsPerTerm is 4.295670434838762
nanosecondsPerTerm is 4.295583907264208
nanosecondsPerTerm is 4.292395168635542
54826.59097646995 29418.84560149512 55530.27582083004 29707.58302481014
1769/1847
[4.979033388095202, 4.979076672420181]
nanosecondsPerTerm is 4.30768185249755
nanosecondsPerTerm is 4.30504146048322
nanosecondsPerTerm is 4.303790061051474
nanosecondsPerTerm is 4.301157243633633
54284.74970518742 29427.90168300377 54632.82201215709 29572.86693421712
1615/1847
[4.979076672420181, 4.979119956745159]
nanosecondsPerTerm is 4.298451705063255
nanosecondsPerTerm is 4.298865539953998
nanosecondsPerTerm is 4.292425306321802
nanosecondsPerTerm is 4.288581032981667
55180.76094030456 29563.84560602958 55530.27582083004 29707.58302481014
145/1847
[4.979033388095202, 4.979055030257691]
nanosecondsPerTerm is 4.289286385647761
nanosecondsPerTerm is 4.290022847388625
nanosecondsPerTerm is 4.321627177067322
nanosecondsPerTerm is 4.310414676159964
54750.02873688179 29431.46404975287 54926.90728225096 29504.08791186845
123/1847
[4.979055030257691, 4.979076672420181]
nanosecondsPerTerm is 4.310168958776889
nanosecondsPerTerm is 4.31371569333852
nanosecondsPerTerm is 4.291564455681991
nanosecondsPerTerm is 4.292854491524484
54459.32510724582 29500.53510339528 54632.82201215709 29572.86693421712
1490/1847
Likely eigenvalue [4.979055030257691, 4.979076672420181]
D = 3
[4.98396780114283, 4.986731852656137]
nanosecondsPerTerm is 4.308062402017748
nanosecondsPerTerm is 4.328148556857798
nanosecondsPerTerm is 4.322536032014943
nanosecondsPerTerm is 4.308083510366646
18333.23326527665 23569.1254370501 13856.71497902474 17427.9348716371
148/1849
[4.986731852656137, 4.989495904169442]
nanosecondsPerTerm is 4.303572185354947
nanosecondsPerTerm is 4.304942268135671
nanosecondsPerTerm is 4.298093650364898
nanosecondsPerTerm is 4.312004568262775
21145.07920003793 20946.45869668521 14143.29683889773 14256.69807347235
1524/1851
[4.986731852656137, 4.98811387841279]
nanosecondsPerTerm is 4.300731866375871
nanosecondsPerTerm is 4.299449522163718
nanosecondsPerTerm is 4.309834071526245
nanosecondsPerTerm is 4.321590661225881
19453.96851755193 23727.37471762525 15967.28213270513 19264.33250041011
72/1851
[4.98811387841279, 4.989495904169442]
nanosecondsPerTerm is 4.302390881832777
nanosecondsPerTerm is 4.318920734124609
nanosecondsPerTerm is 4.318172067137707
nanosecondsPerTerm is 4.298053971024272
17282.74082491654 21007.02767169561 14256.69807347235 17060.61071422991
1751/1851
[4.98811387841279, 4.988804891291116]
nanosecondsPerTerm is 4.301324571760543
nanosecondsPerTerm is 4.300076753592235
nanosecondsPerTerm is 4.30154742475669
nanosecondsPerTerm is 4.301828995043112
17726.85639423262 20638.84324712475 16051.34018731652 18627.85431049055
423/1851
[4.988804891291116, 4.989495904169442]
nanosecondsPerTerm is 4.29757003592656
nanosecondsPerTerm is 4.2956767101627
nanosecondsPerTerm is 4.299085568210833
nanosecondsPerTerm is 4.303495763147552
15672.23902302532 18945.03931072217 14256.69807347235 17060.61071422991
1308/1851
[4.988804891291116, 4.989150397730279]
nanosecondsPerTerm is 4.299815823025451
nanosecondsPerTerm is 4.343828267218217
nanosecondsPerTerm is 4.300679264168619
nanosecondsPerTerm is 4.312349078130513
15945.64640325447 18800.46757712074 15193.78780038 17844.71684394238
1055/1851
[4.989150397730279, 4.989495904169442]
nanosecondsPerTerm is 4.298980896326876
nanosecondsPerTerm is 4.307378757508485
nanosecondsPerTerm is 4.296371176793596
nanosecondsPerTerm is 4.32638503179133
14939.722079067 17977.37022640165 14256.69807347235 17060.61071422991
18/1851
[4.988804891291116, 4.988977644510697]
nanosecondsPerTerm is 4.289944546966684
nanosecondsPerTerm is 4.296478485076332
nanosecondsPerTerm is 4.365200270050468
nanosecondsPerTerm is 4.30615959403801
15927.46150075289 18763.85521274327 15545.78794754221 18281.57573624835
1033/1851
[4.988977644510697, 4.989150397730279]
nanosecondsPerTerm is 4.307897310712994
nanosecondsPerTerm is 4.303588515316776
nanosecondsPerTerm is 4.291191981701856
nanosecondsPerTerm is 4.3169775726382
15563.17149748663 18316.5804098093 15193.78780038 17844.71684394238
27/1851
[4.988804891291116, 4.988891267900907]
nanosecondsPerTerm is 4.291294931757936
nanosecondsPerTerm is 4.291928298813024
nanosecondsPerTerm is 4.303986415289061
nanosecondsPerTerm is 4.307891562767548
16066.27933537285 18751.64167889291 15870.53595490984 18509.31715792333
1185/1851
[4.988891267900907, 4.988977644510697]
nanosecondsPerTerm is 4.300388666490102
nanosecondsPerTerm is 4.301355311732954
nanosecondsPerTerm is 4.294727022887494
nanosecondsPerTerm is 4.296148678399978
15734.99357093257 18521.26211535954 15545.78794754221 18281.57573624835
88/1851
[4.988804891291116, 4.988848079596011]
nanosecondsPerTerm is 4.2944915535066
nanosecondsPerTerm is 4.285262736729059
nanosecondsPerTerm is 4.304528877353262
nanosecondsPerTerm is 4.30722256226692
16067.79808426721 18656.74755696142 15969.50822207976 18536.01495700017
888/1851
[4.988848079596011, 4.988891267900907]
nanosecondsPerTerm is 4.30198821018623
nanosecondsPerTerm is 4.30236959969202
nanosecondsPerTerm is 4.297406490412445
nanosecondsPerTerm is 4.332785125134304
15968.00587472342 18630.12276923193 15870.53595490984 18509.31715792333
277/1851
[4.988804891291116, 4.988826485443563]
nanosecondsPerTerm is 4.29306318721784
nanosecondsPerTerm is 4.300363333649158
nanosecondsPerTerm is 4.307239800810684
nanosecondsPerTerm is 4.309954919887354
16052.54103974113 18630.72440557542 16003.38673970062 18570.38825982181
442/1851
[4.988826485443563, 4.988848079596011]
nanosecondsPerTerm is 4.302536986083576
nanosecondsPerTerm is 4.298955422675579
nanosecondsPerTerm is 4.316274866233947
nanosecondsPerTerm is 4.294946256876518
16018.55286540886 18596.2930286509 15969.50822207976 18536.01495700017
445/1851
D = 3
[5.016954417700457, 5.019682300477436]
nanosecondsPerTerm is 4.296282389540584
nanosecondsPerTerm is 4.292564501237754
nanosecondsPerTerm is 4.295551432986261
nanosecondsPerTerm is 4.306032247904092
387900.5701390499 32173.41514072815 94835.56637100966 25401.95021739618
48/1862
[5.019682300477436, 5.022410183254415]
nanosecondsPerTerm is 4.30159483115509
nanosecondsPerTerm is 4.303655446366617
nanosecondsPerTerm is 4.309131276016554
nanosecondsPerTerm is 4.305107649504933
26296.954823836 37532.87547402074 26940.94346669363 45783.5799024048
445/1863
D = 3
[5.022410183254415, 5.02513215235958]
nanosecondsPerTerm is 4.30207227156206
nanosecondsPerTerm is 4.307429541458072
nanosecondsPerTerm is 4.300498913546641
nanosecondsPerTerm is 4.296686478735412
51642.23031025787 48406.53983569866 80110.20084675853 62947.24156195205
1618/1863
[5.02513215235958, 5.027854121464746]
nanosecondsPerTerm is 4.299894277278497
nanosecondsPerTerm is 4.295415838435211
nanosecondsPerTerm is 4.300922718229441
nanosecondsPerTerm is 4.300414380916182
37800.47732384208 26427.19517931904 46248.69531047543 20860.38156953168
74/1863
[5.022410183254415, 5.023771167806998]
nanosecondsPerTerm is 4.321368447457819
nanosecondsPerTerm is 4.298845874670758
nanosecondsPerTerm is 4.331238864772806
nanosecondsPerTerm is 4.311316231120165
13387.54903469532 37747.46110126798 13528.68367292783 41777.85883737543
261/1863
[5.023771167806998, 5.02513215235958]
nanosecondsPerTerm is 4.306536473663138
nanosecondsPerTerm is 4.361532140289738
nanosecondsPerTerm is 4.295360645112235
nanosecondsPerTerm is 4.296512392798149
63575.66211911625 54220.75629881836 80110.20084675853 62947.24156195205
1527/1863
[5.023771167806998, 5.024451660083288]
nanosecondsPerTerm is 4.331925141896838
nanosecondsPerTerm is 4.30521710017405
nanosecondsPerTerm is 4.340991922008115
nanosecondsPerTerm is 4.305458854654674
13261.47008546011 35236.21713561712 13392.31147663936 37178.29425986831
1499/1863
[5.024451660083288, 5.02513215235958]
nanosecondsPerTerm is 4.329753266304185
nanosecondsPerTerm is 4.307622059216757
nanosecondsPerTerm is 4.324170906941239
nanosecondsPerTerm is 4.296937064733152
14846.69017174638 71102.56021371162 15195.19183910616 80110.20084675853
45/1863
[5.023771167806998, 5.024111413945143]
nanosecondsPerTerm is 4.325147837808664
nanosecondsPerTerm is 4.32553140416111
nanosecondsPerTerm is 4.327710925909256
nanosecondsPerTerm is 4.324943821173674
13526.03828137296 14766.89630773594 13579.69122898381 14927.70718384945
534/1863
[5.024111413945143, 5.024451660083288]
nanosecondsPerTerm is 4.326443627476738
nanosecondsPerTerm is 4.326423296791742
nanosecondsPerTerm is 4.321650260604772
nanosecondsPerTerm is 4.325926346033287
13323.23158162012 14808.57025194169 13392.31147663936 14971.66078468196
396/1863
D = 3
[5.027854121464746, 5.030570208844305]
nanosecondsPerTerm is 4.305139282832461
nanosecondsPerTerm is 4.300729923051497
nanosecondsPerTerm is 4.300735155728496
nanosecondsPerTerm is 4.305399800128064
24523.15287024934 95907.80877637857 18625.8279186015 54527.58727602853
137/1864
[5.030570208844305, 5.033286296223864]
nanosecondsPerTerm is 4.305530803982058
nanosecondsPerTerm is 4.301067074836517
nanosecondsPerTerm is 4.297169266421349
nanosecondsPerTerm is 4.296203287075731
126227.6696816204 402046.7670672436 5225724.43785344 122618.9750566635
229/1865
D = 3
[5.044115608212317, 5.046814239356197]
nanosecondsPerTerm is 4.305328066544474
nanosecondsPerTerm is 4.295451640834885
nanosecondsPerTerm is 4.303323232616474
nanosecondsPerTerm is 4.301691494622365
14051.70762848321 12038.45591219917 16754.60750029304 12080.66236731106
128/1876
[5.046814239356197, 5.049512870500077]
nanosecondsPerTerm is 4.318739102162379
nanosecondsPerTerm is 4.290583146949586
nanosecondsPerTerm is 4.296177356283007
nanosecondsPerTerm is 4.293549292094607
11788.61709962087 14737.03093861413 12494.80078635555 16667.45103098565
1699/1876
[5.046814239356197, 5.048163554928137]
nanosecondsPerTerm is 4.287839226628152
nanosecondsPerTerm is 4.303399693644927
nanosecondsPerTerm is 4.29779337923474
nanosecondsPerTerm is 4.294802978437138
11407.53350709467 11648.01825767091 11469.89427868183 11981.18939100892
176/1876
[5.048163554928137, 5.049512870500077]
nanosecondsPerTerm is 4.294790557744982
nanosecondsPerTerm is 4.2964892286226
nanosecondsPerTerm is 4.285549529272926
nanosecondsPerTerm is 4.28660174377144
12111.55736604738 15578.0840543334 12494.80078635555 16667.45103098565
1575/1876
[5.048163554928137, 5.048838212714108]
nanosecondsPerTerm is 4.314322638576541
nanosecondsPerTerm is 4.296322828870713
nanosecondsPerTerm is 4.317289749062754
nanosecondsPerTerm is 4.297369012758097
82061.95331037811 12037.82670069011 68339.80551480049 12230.81905890077
1589/1876
[5.048838212714108, 5.049512870500077]
nanosecondsPerTerm is 4.300169082537521
nanosecondsPerTerm is 4.291682249793968
nanosecondsPerTerm is 4.285150697972568
nanosecondsPerTerm is 4.288318938928983
12296.19612443734 16086.07121464422 12494.80078635555 16667.45103098565
136/1876
[5.048163554928137, 5.048500883821122]
nanosecondsPerTerm is 4.306849971586254
nanosecondsPerTerm is 4.284905415272565
nanosecondsPerTerm is 4.331589831321822
nanosecondsPerTerm is 4.296447461866203
80642.70149985366 11470.45259668305 73937.38700779884 11489.16131188625
39/1876
[5.048500883821122, 5.048838212714108]
nanosecondsPerTerm is 4.319742565856294
nanosecondsPerTerm is 4.300261854824049
nanosecondsPerTerm is 4.312296347540881
nanosecondsPerTerm is 4.285339780028149
74835.46531301641 12132.30565305304 68339.80551480049 12230.81905890077
1555/1876
[5.048500883821122, 5.048669548267615]
nanosecondsPerTerm is 4.31644987542898
nanosecondsPerTerm is 4.294477445761875
nanosecondsPerTerm is 4.319145550591146
nanosecondsPerTerm is 4.295313331537945
75086.53726444021 12053.37062133095 71714.43649362674 12100.95110200574
149/1876
[5.048669548267615, 5.048838212714108]
nanosecondsPerTerm is 4.30948168351146
nanosecondsPerTerm is 4.2932073212434
nanosecondsPerTerm is 4.310375135158117
nanosecondsPerTerm is 4.2869667714027
71492.91725367706 12181.07187490434 68339.80551480049 12230.81905890077
1406/1876
[5.048669548267615, 5.048753880490861]
nanosecondsPerTerm is 4.311991429027008
nanosecondsPerTerm is 4.31081509128273
nanosecondsPerTerm is 4.320968133778496
nanosecondsPerTerm is 4.297479850702359
71619.18044458245 12098.62041762979 70011.43262803405 12122.76600537742
576/1876
[5.048753880490861, 5.048838212714108]
nanosecondsPerTerm is 4.314845971866969
nanosecondsPerTerm is 4.29890591546773
nanosecondsPerTerm is 4.312149717564107
nanosecondsPerTerm is 4.286335722892764
69892.49562579452 12205.82491779371 68339.80551480049 12230.81905890077
831/1876
[5.048669548267615, 5.048711714379237]
nanosecondsPerTerm is 4.307234597926587
nanosecondsPerTerm is 4.285784702002045
nanosecondsPerTerm is 4.318007511472405
nanosecondsPerTerm is 4.297186937418993
71655.76957521512 12099.93191584532 70844.6167122685 12111.97867895793
146/1876
[5.048711714379237, 5.048753880490861]
nanosecondsPerTerm is 4.32014751402456
nanosecondsPerTerm is 4.294302238654947
nanosecondsPerTerm is 4.311269042161909
nanosecondsPerTerm is 4.288907083000732
70809.293614115 12110.66299113613 70011.43262803405 12122.76600537742
430/1876
[5.048753880490861, 5.048796046602485]
nanosecondsPerTerm is 4.314009218949767
nanosecondsPerTerm is 4.290731124657364
nanosecondsPerTerm is 4.318110896288148
nanosecondsPerTerm is 4.298987562140449
69926.9984938267 12122.80283310504 69143.51564208367 12134.96580914457
617/1876
[5.048796046602485, 5.048838212714108]
nanosecondsPerTerm is 4.319900711453549
nanosecondsPerTerm is 4.297324443630313
nanosecondsPerTerm is 4.307644448169941
nanosecondsPerTerm is 4.292177588208652
69110.17248111758 12218.29213260297 68339.80551480049 12230.81905890077
215/1876
[5.048753880490861, 5.048774963546673]
nanosecondsPerTerm is 4.307952987162603
nanosecondsPerTerm is 4.285785937465675
nanosecondsPerTerm is 4.320215397093834
nanosecondsPerTerm is 4.302968312914312
69958.04141907953 12121.42546092074 69564.30545547376 12127.49692334211
370/1876
[5.048774963546673, 5.048796046602485]
nanosecondsPerTerm is 4.374214933075952
nanosecondsPerTerm is 4.297146813561986
nanosecondsPerTerm is 4.312776168829709
nanosecondsPerTerm is 4.288615269780213
69533.75799759026 12128.87681451295 69143.51564208367 12134.96580914457
247/1876
D = 3
[5.054898619466189, 5.057585767890492]
nanosecondsPerTerm is 4.311510594613877
nanosecondsPerTerm is 4.285138726175819
nanosecondsPerTerm is 4.325273991716768
nanosecondsPerTerm is 4.298066488845638
84778.64509470764 24367.87171209059 136972.3790337943 87075.1742468084
205/1879
[5.057585767890492, 5.060272916314796]
nanosecondsPerTerm is 4.314534242359078
nanosecondsPerTerm is 4.287897066723748
nanosecondsPerTerm is 4.315544953348533
nanosecondsPerTerm is 4.296977112484281
100337.4181048951 73094.71574893077 123089.7218504567 24849.21661514093
1208/1880
[5.057585767890492, 5.058929342102644]
nanosecondsPerTerm is 4.309271767550878
nanosecondsPerTerm is 4.282797595573065
nanosecondsPerTerm is 4.321477609183387
nanosecondsPerTerm is 4.302560651555283
294419.208369775 450027.022782219 187363.1699797325 60230.46178950303
1037/1880
[5.058929342102644, 5.060272916314796]
nanosecondsPerTerm is 4.318710936895114
nanosecondsPerTerm is 4.296861461527565
nanosecondsPerTerm is 4.317546075335326
nanosecondsPerTerm is 4.281366243227819
118736.3543247004 40902.13867839481 141833.6712597274 27069.79612870045
139/1880
[5.057585767890492, 5.058257554996568]
nanosecondsPerTerm is 4.313067766359554
nanosecondsPerTerm is 4.289053510835323
nanosecondsPerTerm is 4.324723823092587
nanosecondsPerTerm is 4.293401399165668
466355.8318215826 433511.4080913069 352401.7715380745 104920.9315107146
1038/1879
[5.058257554996568, 5.058929342102644]
nanosecondsPerTerm is 4.316897056804697
nanosecondsPerTerm is 4.288142373471409
nanosecondsPerTerm is 4.316776602096282
nanosecondsPerTerm is 4.299963146018637
246710.8181304438 106110.8460628005 187363.1699797325 60230.46178950303
177/1880
[5.057585767890492, 5.05792166144353]
nanosecondsPerTerm is 4.311679217975259
nanosecondsPerTerm is 4.288280256532707
nanosecondsPerTerm is 4.32010490408209
nanosecondsPerTerm is 4.296683335194162
494076.2023089649 445488.4109299119 433899.1756065201 171375.2484129896
1062/1879
[5.05792166144353, 5.058257554996568]
nanosecondsPerTerm is 4.319157201952783
nanosecondsPerTerm is 4.295319613575366
nanosecondsPerTerm is 4.30998856869547
nanosecondsPerTerm is 4.280784739180693
345091.3757063853 172086.1062261293 306143.5325500839 106299.5430103398
50/1879
[5.057585767890492, 5.057753714667011]
nanosecondsPerTerm is 4.287254200820394
nanosecondsPerTerm is 4.286800140777715
nanosecondsPerTerm is 4.322728661956261
nanosecondsPerTerm is 4.298765520955171
82887.01497721714 403384.1945565168 94755.81951143473 234005.7694920382
358/1879
[5.057753714667011, 5.05792166144353]
nanosecondsPerTerm is 4.316836577989132
nanosecondsPerTerm is 4.294423086442027
nanosecondsPerTerm is 4.319422916899426
nanosecondsPerTerm is 4.292445535130808
466332.0209815131 247644.2454688097 433899.1756065201 171375.2484129896
614/1879
[5.057753714667011, 5.057837688055271]
nanosecondsPerTerm is 4.321523470476337
nanosecondsPerTerm is 4.304148807686901
nanosecondsPerTerm is 4.320645052446665
nanosecondsPerTerm is 4.304406631574042
468958.1834232249 244607.5305357786 452924.9758149909 200538.963203166
469/1879
[5.057837688055271, 5.05792166144353]
nanosecondsPerTerm is 4.315481498377708
nanosecondsPerTerm is 4.303048092073936
nanosecondsPerTerm is 4.325811488762717
nanosecondsPerTerm is 4.292437835660404
450543.9935015172 202583.7992616248 433899.1756065201 171375.2484129896
136/1879
D = 3
[5.060272916314796, 5.062954369022959]
nanosecondsPerTerm is 4.305065533096989
nanosecondsPerTerm is 4.30686219170927
nanosecondsPerTerm is 4.311123266692827
nanosecondsPerTerm is 4.307436449457636
25152.83068421758 73772.33541419922 15651.19307560137 36889.50994168463
150/1880
[5.062954369022959, 5.065635821731123]
nanosecondsPerTerm is 4.331453940817094
nanosecondsPerTerm is 4.308620205070812
nanosecondsPerTerm is 4.326718406049998
nanosecondsPerTerm is 4.310474131989178
69621.35354249529 27095.86440942363 46456.82140745468 23526.5895216816
380/1881
D = 3
[5.065635821731123, 5.068311608809317]
nanosecondsPerTerm is 4.371179072791467
nanosecondsPerTerm is 4.318804572416484
nanosecondsPerTerm is 4.339714874803147
nanosecondsPerTerm is 4.320562347386117
31546.61927304081 35569.40036099663 22725.52315741393 35391.25110783467
1604/1882
[5.068311608809317, 5.070987395887511]
nanosecondsPerTerm is 4.364271661460853
nanosecondsPerTerm is 4.351261190164226
nanosecondsPerTerm is 4.330380680625007
nanosecondsPerTerm is 4.314901933344858
25855.98152147794 39941.84729017309 13170.83987161812 37223.14099436349
818/1883
[5.065635821731123, 5.06697371527022]
nanosecondsPerTerm is 4.316679864279802
nanosecondsPerTerm is 4.31590644676199
nanosecondsPerTerm is 4.317372767445205
nanosecondsPerTerm is 4.320479182585358
34835.94927903778 16533.98011232776 34788.35602454212 18502.31752359591
113/1882
[5.06697371527022, 5.068311608809317]
nanosecondsPerTerm is 4.329258854500439
nanosecondsPerTerm is 4.316161885539637
nanosecondsPerTerm is 4.317256108924203
nanosecondsPerTerm is 4.316023749461184
11924.87802415774 36389.32688060711 11642.19604493421 21764.48716482523
1412/1882
[5.06697371527022, 5.067642662039768]
nanosecondsPerTerm is 4.337690262988754
nanosecondsPerTerm is 4.315323840130476
nanosecondsPerTerm is 4.331233035008969
nanosecondsPerTerm is 4.317296734945153
26734.18081455875 35346.60890428707 24668.96787092259 35161.65386069796
175/1882
[5.067642662039768, 5.068311608809317]
nanosecondsPerTerm is 4.318861137711695
nanosecondsPerTerm is 4.316538328665377
nanosecondsPerTerm is 4.319869622904633
nanosecondsPerTerm is 4.32285980538563
11741.17291172661 27472.58723042097 11642.19604493421 21764.48716482523
1383/1882
[5.067642662039768, 5.067977135424543]
nanosecondsPerTerm is 4.313468361416599
nanosecondsPerTerm is 4.318188515538619
nanosecondsPerTerm is 4.31487215396306
nanosecondsPerTerm is 4.315948607860902
11724.42450775165 27715.81242320663 11665.09437279265 24517.12831133683
83/1882
[5.067977135424543, 5.068311608809317]
nanosecondsPerTerm is 4.329210403212374
nanosecondsPerTerm is 4.333025510879989
nanosecondsPerTerm is 4.348508430419511
nanosecondsPerTerm is 4.332870233247267
22808.57023142852 11683.11055393946 22001.62655619184 11642.19604493421
553/1882
[5.068311608809317, 5.069649502348414]
nanosecondsPerTerm is 4.340989007457488
nanosecondsPerTerm is 4.313267627436271
nanosecondsPerTerm is 4.336334737333781
nanosecondsPerTerm is 4.310164385451769
33790.27926127981 26987.27782492565 34079.2730774743 17974.64046239511
491/1882
[5.069649502348414, 5.070987395887511]
nanosecondsPerTerm is 4.364478539649109
nanosecondsPerTerm is 4.306904944027507
nanosecondsPerTerm is 4.346606431378597
nanosecondsPerTerm is 4.314708747649504
21366.04741812898 21207.00699908168 23326.4836812865 15743.09199946797
104/1883
D = 3
[5.113399119834751, 5.11602522924426]
nanosecondsPerTerm is 4.319394877109811
nanosecondsPerTerm is 4.31478149489815
nanosecondsPerTerm is 4.32714669887835
nanosecondsPerTerm is 4.313663160762706
66485.61032554865 54668.13340001077 53545.33727365799 47072.16037899619
536/1908
[5.11602522924426, 5.118651338653769]
nanosecondsPerTerm is 4.334387833703246
nanosecondsPerTerm is 4.349146287209935
nanosecondsPerTerm is 4.316678990571272
nanosecondsPerTerm is 4.31940331253147
44674.37644100789 47225.90424898607 41051.01618655813 43329.04837598169
132/1908
D = 3
[5.118651338653769, 5.121272069823144]
nanosecondsPerTerm is 4.33125502299055
nanosecondsPerTerm is 4.318051284966697
nanosecondsPerTerm is 4.340830192858431
nanosecondsPerTerm is 4.31563380142783
48438.10996179529 55787.44659486643 43643.53852330911 47005.95961248722
89/1908
[5.121272069823144, 5.12389280099252]
nanosecondsPerTerm is 4.33104316963422
nanosecondsPerTerm is 4.370227956881968
nanosecondsPerTerm is 4.338872022715284
nanosecondsPerTerm is 4.311562409751266
47674.56308069918 47018.40174720366 42852.89499186993 41419.60459907122
1639/1909
[5.121272069823144, 5.122582435407832]
nanosecondsPerTerm is 4.346689522394252
nanosecondsPerTerm is 4.314559926783359
nanosecondsPerTerm is 4.306914561643268
nanosecondsPerTerm is 4.310653428153653
47621.61373212869 46980.15969565987 44736.20942516098 43734.7880795239
85/1909
[5.122582435407832, 5.12389280099252]
nanosecondsPerTerm is 4.31810970694601
nanosecondsPerTerm is 4.313401136206242
nanosecondsPerTerm is 4.319756703309519
nanosecondsPerTerm is 4.352351457764073
44775.15944182515 43778.84301009448 42852.89499186993 41419.60459907122
1571/1909
[5.122582435407832, 5.123237618200176]
nanosecondsPerTerm is 4.326778643781051
nanosecondsPerTerm is 4.32545360693998
nanosecondsPerTerm is 4.338802378054386
nanosecondsPerTerm is 4.315961355938001
44832.40688245239 43762.01823604895 43749.88534856879 42469.15125490278
1277/1909
[5.123237618200176, 5.12389280099252]
nanosecondsPerTerm is 4.312673970146443
nanosecondsPerTerm is 4.311158248001028
nanosecondsPerTerm is 4.32071067755921
nanosecondsPerTerm is 4.316312439075797
43692.68513854492 42488.22872575872 42852.89499186993 41419.60459907122
307/1909
[5.122582435407832, 5.122910026804004]
nanosecondsPerTerm is 4.308309106678095
nanosecondsPerTerm is 4.320591751791216
nanosecondsPerTerm is 4.309579180066396
nanosecondsPerTerm is 4.310422476808064
44788.77826600288 43748.87553489329 44222.90544222988 43075.41705357496
340/1909
[5.122910026804004, 5.123237618200176]
nanosecondsPerTerm is 4.313171097829149
nanosecondsPerTerm is 4.385962101112344
nanosecondsPerTerm is 4.307135282402541
nanosecondsPerTerm is 4.30834416465509
44260.77364717185 43087.75075668586 43749.88534856879 42469.15125490278
849/1909
[5.122910026804004, 5.123073822502089]
nanosecondsPerTerm is 4.309081843532518
nanosecondsPerTerm is 4.317385620527908
nanosecondsPerTerm is 4.313632847451345
nanosecondsPerTerm is 4.310332561497273
44254.5092859631 43083.4799611124 43991.7404943141 42767.34869835915
531/1909
[5.123073822502089, 5.123237618200176]
nanosecondsPerTerm is 4.304132823466928
nanosecondsPerTerm is 4.305709588593258
nanosecondsPerTerm is 4.316523111869016
nanosecondsPerTerm is 4.31661108854951
43997.7445449525 42771.48439140454 43749.88534856879 42469.15125490278
323/1909
D = 3
[5.12389280099252, 5.126508181373884]
nanosecondsPerTerm is 4.34383103290611
nanosecondsPerTerm is 4.329815322644927
nanosecondsPerTerm is 4.327438902690886
nanosecondsPerTerm is 4.328115656241613
41797.03521043168 68086.67687797185 39233.23944252043 154129.9185206205
64/1909
[5.126508181373884, 5.129123561755248]
nanosecondsPerTerm is 4.347308440477524
nanosecondsPerTerm is 4.372737234874498
nanosecondsPerTerm is 4.333425103413851
nanosecondsPerTerm is 4.325032727080189
145087.9018188575 104697.4801822137 31694.0680477295 30513.09286184346
139/1911
D = 3
[5.165443762289114, 5.16801729833625]
nanosecondsPerTerm is 4.348120401264993
nanosecondsPerTerm is 4.346743273095567
nanosecondsPerTerm is 4.346961259928061
nanosecondsPerTerm is 4.357556993994248
37987.96183744656 594470.0177583857 27953.78647732035 77259.53789364752
1712/1927
[5.16801729833625, 5.170590834383385]
nanosecondsPerTerm is 4.393621775383951
nanosecondsPerTerm is 4.352334432520323
nanosecondsPerTerm is 4.351768780072677
nanosecondsPerTerm is 4.344638056106142
90856.75058623822 102499.1433586786 50415.37049442549 60546.81416191172
246/1928
[5.165443762289114, 5.166730530312682]
nanosecondsPerTerm is 4.347907977311337
nanosecondsPerTerm is 4.342886395504364
nanosecondsPerTerm is 4.344648478367825
nanosecondsPerTerm is 4.35074999970079
51522.90388112559 127448.0596481376 41920.61395965614 65185.00366755963
726/1925
[5.166730530312682, 5.16801729833625]
nanosecondsPerTerm is 4.338891569243056
nanosecondsPerTerm is 4.384517299103265
nanosecondsPerTerm is 4.340889542748611
nanosecondsPerTerm is 4.341431097660602
125320.6358187158 138258.0146212264 64818.50528164115 79809.05248612638
71/1927
[5.165443762289114, 5.166087146300898]
nanosecondsPerTerm is 4.345571765634757
nanosecondsPerTerm is 4.381007150452444
nanosecondsPerTerm is 4.34443204609432
nanosecondsPerTerm is 4.344967648263128
51166.33274565355 116507.6275368689 45811.39134471023 80894.00037188547
235/1925
[5.166087146300898, 5.166730530312682]
nanosecondsPerTerm is 4.337327402625329
nanosecondsPerTerm is 4.336003827548162
nanosecondsPerTerm is 4.333742093297235
nanosecondsPerTerm is 4.32981382340554
46105.5339230364 86082.09428395731 41920.61395965614 65185.00366755963
551/1925
D = 3
[5.185970891047837, 5.18852412430783]
nanosecondsPerTerm is 4.314634604920187
nanosecondsPerTerm is 4.336857153628963
nanosecondsPerTerm is 4.308937184895304
nanosecondsPerTerm is 4.321366835924298
6909.449142816078 7786.800312625752 7159.88947009625 8129.448335920056
531/1934
[5.18852412430783, 5.191077357567823]
nanosecondsPerTerm is 4.387072511460173
nanosecondsPerTerm is 4.385073930929892
nanosecondsPerTerm is 4.394911596072941
nanosecondsPerTerm is 4.3865195171945
19744.93005860326 18499.34000295262 49178.54922547755 32992.85868404006
1642/1935
[5.18852412430783, 5.189800740937827]
nanosecondsPerTerm is 4.383522947315673
nanosecondsPerTerm is 4.382429283861866
nanosecondsPerTerm is 4.394003422269822
nanosecondsPerTerm is 4.390177601204969
19628.68587153358 17566.81265593521 26247.41585826864 20315.50353872611
1774/1934
[5.189800740937827, 5.191077357567823]
nanosecondsPerTerm is 4.391088713736491
nanosecondsPerTerm is 4.395918615882768
nanosecondsPerTerm is 4.386651642756827
nanosecondsPerTerm is 4.394363542873045
26121.48735120304 20612.78037259897 49178.54922547755 32992.85868404006
55/1935
[5.18852412430783, 5.189162432622828]
nanosecondsPerTerm is 4.396185135749791
nanosecondsPerTerm is 4.381401319236996
nanosecondsPerTerm is 4.38102443404686
nanosecondsPerTerm is 4.380479005175511
19592.6557918168 17475.11776552137 21801.8190922592 17779.82733564145
1628/1934
[5.189162432622828, 5.189800740937827]
nanosecondsPerTerm is 4.382267571335367
nanosecondsPerTerm is 4.376879705292194
nanosecondsPerTerm is 4.383646990598856
nanosecondsPerTerm is 4.382858185792492
21729.39022432894 17827.58207402769 26247.41585826864 20315.50353872611
164/1934
[5.18852412430783, 5.188843278465329]
nanosecondsPerTerm is 4.383859973374931
nanosecondsPerTerm is 4.378985903454008
nanosecondsPerTerm is 4.380367815385299
nanosecondsPerTerm is 4.380973598739129
19886.81102344053 17493.05202626078 20684.22578051984 17499.50261614246
208/1934
[5.188843278465329, 5.189162432622828]
nanosecondsPerTerm is 4.378022155686438
nanosecondsPerTerm is 4.369935562194915
nanosecondsPerTerm is 4.382789763710906
nanosecondsPerTerm is 4.374961614937015
20437.00587063246 17477.85833863851 21801.8190922592 17779.82733564145
1455/1934
[5.188843278465329, 5.189002855544079]
nanosecondsPerTerm is 4.382153106288744
nanosecondsPerTerm is 4.37310947357803
nanosecondsPerTerm is 4.377518166144235
nanosecondsPerTerm is 4.384368689552583
20791.74698957313 17457.82449720038 21370.34499364819 17553.44770210266
907/1934
[5.189002855544079, 5.189162432622828]
nanosecondsPerTerm is 4.398969351782762
nanosecondsPerTerm is 4.381344097586248
nanosecondsPerTerm is 4.371358024264504
nanosecondsPerTerm is 4.373855569580288
21048.94545360242 17571.45208374106 21801.8190922592 17779.82733564145
657/1934
[5.188843278465329, 5.188923067004704]
nanosecondsPerTerm is 4.365909511693547
nanosecondsPerTerm is 4.367016257848899
nanosecondsPerTerm is 4.373191016385639
nanosecondsPerTerm is 4.372823293797371
20689.07172092823 17447.27754456751 20959.35324238694 17484.28909699093
288/1934
[5.188923067004704, 5.189002855544079]
nanosecondsPerTerm is 4.367310181922283
nanosecondsPerTerm is 4.375789649720517
nanosecondsPerTerm is 4.364126836103561
nanosecondsPerTerm is 4.367197836337326
21065.06360461076 17494.19317387411 21370.34499364819 17553.44770210266
632/1934
[5.188923067004704, 5.188962961274392]
nanosecondsPerTerm is 4.371602609433011
nanosecondsPerTerm is 4.361239868018494
nanosecondsPerTerm is 4.37022041705644
nanosecondsPerTerm is 4.372432663367479
20969.36900248639 17489.49947399461 21116.42345393548 17516.10873150081
305/1934
[5.188962961274392, 5.189002855544079]
nanosecondsPerTerm is 4.365667759211118
nanosecondsPerTerm is 4.376756254042682
nanosecondsPerTerm is 4.359543491599079
nanosecondsPerTerm is 4.364039503823224
21213.62075644057 17520.59514804071 21370.34499364819 17553.44770210266
374/1934
[5.189002855544079, 5.189082644083453]
nanosecondsPerTerm is 4.356177610506379
nanosecondsPerTerm is 4.359017604950737
nanosecondsPerTerm is 4.36425727481317
nanosecondsPerTerm is 4.371686900384161
21274.44009557331 17562.52504652214 21607.21432608845 17650.31411698583
401/1934
[5.189082644083453, 5.189162432622828]
nanosecondsPerTerm is 4.359047322713136
nanosecondsPerTerm is 4.359559478434971
nanosecondsPerTerm is 4.361486529001126
nanosecondsPerTerm is 4.419056052930669
21407.16106337361 17658.01229372534 21801.8190922592 17779.82733564145
187/1934
D = 3
[5.196173797335217, 5.198717028380287]
nanosecondsPerTerm is 4.335318254422041
nanosecondsPerTerm is 4.302942522530151
nanosecondsPerTerm is 4.303604474048221
nanosecondsPerTerm is 4.302840987083558
188371.8023402299 75527.01509463647 36383.07032286282 63034.02117800504
296/1937
[5.198717028380287, 5.201260259425355]
nanosecondsPerTerm is 4.309640246473162
nanosecondsPerTerm is 4.307154239294126
nanosecondsPerTerm is 4.326767470412269
nanosecondsPerTerm is 4.313986607851674
139442.6864750297 258710.4763495276 70441.21490302506 97849.6791693097
175/1938
D = 3
[5.201260259425355, 5.203798525977868]
nanosecondsPerTerm is 4.307260679195012
nanosecondsPerTerm is 4.31624591685569
nanosecondsPerTerm is 4.341174822529049
nanosecondsPerTerm is 4.333727974185095
68617.22166978462 76198.37093849193 68564.03636033621 66370.81208090618
1854/1938
[5.203798525977868, 5.206336792530382]
nanosecondsPerTerm is 4.310613946290513
nanosecondsPerTerm is 4.31443624013685
nanosecondsPerTerm is 4.318178984839014
nanosecondsPerTerm is 4.329294244802464
14299.00663712108 13636.0428541583 15917.90049744482 15474.25795339013
90/1939
[5.201260259425355, 5.202529392701612]
nanosecondsPerTerm is 4.311859091999289
nanosecondsPerTerm is 4.307059154998782
nanosecondsPerTerm is 4.313902645366651
nanosecondsPerTerm is 4.335852730599074
74397.86251041324 81004.93116676433 71996.46385585808 72168.43087185042
1867/1938
[5.202529392701612, 5.203798525977868]
nanosecondsPerTerm is 4.306353362109429
nanosecondsPerTerm is 4.324607691755017
nanosecondsPerTerm is 4.324194183916344
nanosecondsPerTerm is 4.329501607150703
66299.42677542478 67879.78122691496 68564.03636033621 66370.81208090618
44/1938
[5.201260259425355, 5.201894826063484]
nanosecondsPerTerm is 4.305819461626177
nanosecondsPerTerm is 4.300919060968924
nanosecondsPerTerm is 4.315521835554106
nanosecondsPerTerm is 4.305524864414942
33975.81162875974 75378.48145274527 32158.78492617167 73302.10620786824
1852/1938
[5.201894826063484, 5.202529392701612]
nanosecondsPerTerm is 4.301281950639138
nanosecondsPerTerm is 4.303704714975122
nanosecondsPerTerm is 4.306603561615129
nanosecondsPerTerm is 4.314498956611825
72335.52352099086 75209.86862286388 71996.46385585808 72168.43087185042
1848/1938
[5.201260259425355, 5.20157754274442]
nanosecondsPerTerm is 4.299854172386598
nanosecondsPerTerm is 4.298142713068188
nanosecondsPerTerm is 4.309951591079436
nanosecondsPerTerm is 4.30479299236708
40516.95934223686 96779.87379089255 39381.74288387606 95987.98450940719
1191/1938
[5.20157754274442, 5.201894826063484]
nanosecondsPerTerm is 4.303119747967383
nanosecondsPerTerm is 4.348108595670546
nanosecondsPerTerm is 4.303712587860367
nanosecondsPerTerm is 4.294908636489762
16156.01485231257 32955.51167700919 16816.82185759443 32158.78492617167
463/1938
[5.201260259425355, 5.201418901084887]
nanosecondsPerTerm is 4.298431653156737
nanosecondsPerTerm is 4.298117336163967
nanosecondsPerTerm is 4.366289151264633
nanosecondsPerTerm is 4.308179280925711
41657.51322886493 96348.30087542444 41255.91121071403 95569.94876407897
7/1938
[5.201418901084887, 5.20157754274442]
nanosecondsPerTerm is 4.295390760385657
nanosecondsPerTerm is 4.315048786173439
nanosecondsPerTerm is 4.294972067291073
nanosecondsPerTerm is 4.297315480233235
39911.95325522173 96281.45138912364 39381.74288387606 95987.98450940719
1048/1938
[5.201418901084887, 5.201498221914653]
nanosecondsPerTerm is 4.298715498234839
nanosecondsPerTerm is 4.307622653195123
nanosecondsPerTerm is 4.309278089490818
nanosecondsPerTerm is 4.306141198794123
30249.62063274249 33617.92788487116 30801.41323124794 33447.07766469463
40/1938
[5.201498221914653, 5.20157754274442]
nanosecondsPerTerm is 4.304236237883267
nanosecondsPerTerm is 4.302066376431316
nanosecondsPerTerm is 4.294160558337249
nanosecondsPerTerm is 4.29148201902414
39638.08004231108 96110.27806483436 39381.74288387606 95987.98450940719
774/1938
[5.201498221914653, 5.201537882329536]
nanosecondsPerTerm is 4.298682307423873
nanosecondsPerTerm is 4.307743212549926
nanosecondsPerTerm is 4.319965142970234
nanosecondsPerTerm is 4.303065211616626
32829.37510494745 46985.21152091389 32711.91160555549 46887.2327179917
48/1938
[5.201537882329536, 5.20157754274442]
nanosecondsPerTerm is 4.30427916922262
nanosecondsPerTerm is 4.309136562635585
nanosecondsPerTerm is 4.296148713085542
nanosecondsPerTerm is 4.292557283530523
15883.25674232134 39507.78688544653 15952.33582520158 39381.74288387606
14/1938
[5.201894826063484, 5.202212109382548]
nanosecondsPerTerm is 4.303197062358548
nanosecondsPerTerm is 4.296281062471211
nanosecondsPerTerm is 4.309262216065695
nanosecondsPerTerm is 4.31272248150885
16706.82041096305 39076.20083505832 17544.31780553426 38417.41455162101
980/1938
[5.202212109382548, 5.202529392701612]
nanosecondsPerTerm is 4.301634444941337
nanosecondsPerTerm is 4.300828750332305
nanosecondsPerTerm is 4.298344684074544
nanosecondsPerTerm is 4.301145095510298
71987.57286478383 73426.15673103282 71996.46385585808 72168.43087185042
31/1938
[5.201894826063484, 5.202053467723015]
nanosecondsPerTerm is 4.299153821637138
nanosecondsPerTerm is 4.305306705010633
nanosecondsPerTerm is 4.300262104389107
nanosecondsPerTerm is 4.299820942996521
16758.76530067949 32157.62756090842 17153.57726028397 31828.85678007377
734/1938
[5.202053467723015, 5.202212109382548]
nanosecondsPerTerm is 4.298961735399774
nanosecondsPerTerm is 4.301113833701769
nanosecondsPerTerm is 4.295459909026172
nanosecondsPerTerm is 4.288777566661385
17100.19050833647 38723.08377077452 17544.31780553426 38417.41455162101
248/1938
[5.201894826063484, 5.201974146893249]
nanosecondsPerTerm is 4.299323226075212
nanosecondsPerTerm is 4.307199545386632
nanosecondsPerTerm is 4.30407927815804
nanosecondsPerTerm is 4.29968737356249
16798.83584033306 32151.79040490997 16991.02203869398 31981.75641271482
360/1938
[5.201974146893249, 5.202053467723015]
nanosecondsPerTerm is 4.303445394237143
nanosecondsPerTerm is 4.29263112613701
nanosecondsPerTerm is 4.29518596354639
nanosecondsPerTerm is 4.28570979158274
16950.11087315858 31988.06888896984 17153.57726028397 31828.85678007377
375/1938
D = 3
[5.246597333709888, 5.249091984783208]
nanosecondsPerTerm is 4.345160079494403
nanosecondsPerTerm is 4.327966047312029
nanosecondsPerTerm is 4.311939013697898
nanosecondsPerTerm is 4.314248859727551
12162.71651625956 15260.12709208197 11121.24373005219 13591.9748214939
83/1956
[5.249091984783208, 5.251586635856527]
nanosecondsPerTerm is 4.314897866401801
nanosecondsPerTerm is 4.30252794987911
nanosecondsPerTerm is 4.325392642388513
nanosecondsPerTerm is 4.308573274277522
2696.622527868391 68057.16732788744 2987.685543548041 165383.242363932
64/1956
D = 3
[5.256566475739692, 5.259051686917529]
nanosecondsPerTerm is 4.35065389308818
nanosecondsPerTerm is 4.331776797565879
nanosecondsPerTerm is 4.34213017412223
nanosecondsPerTerm is 4.328523448280388
25606.43154120583 2520.738469049868 21230.25018875387 2635.974405948446
481/1959
[5.259051686917529, 5.261536898095364]
nanosecondsPerTerm is 4.338422025342981
nanosecondsPerTerm is 4.314427818562114
nanosecondsPerTerm is 4.334782630535151
nanosecondsPerTerm is 4.307592727257677
110520.6004136838 23620.43561289111 59415.5030848501 19715.09695511813
672/1959
[5.259051686917529, 5.260294292506446]
nanosecondsPerTerm is 4.336731705902116
nanosecondsPerTerm is 4.321125697862493
nanosecondsPerTerm is 4.342310353148954
nanosecondsPerTerm is 4.334387791200021
132841.5624032995 2572.424925390242 91389.31093488564 2620.562941963245
603/1959
[5.260294292506446, 5.261536898095364]
nanosecondsPerTerm is 4.342771089750054
nanosecondsPerTerm is 4.339475860301874
nanosecondsPerTerm is 4.323743932690941
nanosecondsPerTerm is 4.365430720423491
85626.33231558214 40729.26556848112 59415.5030848501 61729.17352282898
167/1959
[5.259051686917529, 5.259672989711987]
nanosecondsPerTerm is 4.328457744774607
nanosecondsPerTerm is 4.328695218718509
nanosecondsPerTerm is 4.330691489475788
nanosecondsPerTerm is 4.330123789158974
104286.2855218145 130203.1159851704 93578.34992289136 105552.5784259219
45/1959
[5.259672989711987, 5.260294292506446]
nanosecondsPerTerm is 4.327400369966722
nanosecondsPerTerm is 4.319341575974204
nanosecondsPerTerm is 4.341375097795491
nanosecondsPerTerm is 4.323505520120533
112483.787152758 2594.953187615301 91389.31093488564 2620.562941963245
404/1959
D = 3
[5.276392102316358, 5.278858698770645]
nanosecondsPerTerm is 4.349448108795101
nanosecondsPerTerm is 4.342534403887459
nanosecondsPerTerm is 4.363500293118924
nanosecondsPerTerm is 4.351168610489209
28656.47095859841 7566.201786466236 570801.0787990502 10623.23680531332
277/1965
[5.278858698770645, 5.281325295224933]
nanosecondsPerTerm is 4.329410312035765
nanosecondsPerTerm is 4.336401299406544
nanosecondsPerTerm is 4.345995604491626
nanosecondsPerTerm is 4.331434828426548
7639.865679395672 4850.8829027124 11471.44580384988 6040.600309631768
71/1967
D = 3
[5.300966504501612, 5.303410316091119]
nanosecondsPerTerm is 4.345228675111565
nanosecondsPerTerm is 4.325488513233593
nanosecondsPerTerm is 4.331641825439069
nanosecondsPerTerm is 4.33234421097537
48273.11404850905 122482.0259676892 38282.13225674202 186917.8658977376
104/1973
[5.303410316091119, 5.305854127680625]
nanosecondsPerTerm is 4.326335924570068
nanosecondsPerTerm is 4.336951586341966
nanosecondsPerTerm is 4.355829151149661
nanosecondsPerTerm is 4.334350370871083
95443.97019854377 8774.325950307108 71625.50217285092 8034.582134281371
119/1974
D = 3
[5.339818108026964, 5.342226535536183]
nanosecondsPerTerm is 4.323810426693369
nanosecondsPerTerm is 4.325611775960062
nanosecondsPerTerm is 4.331925028828809
nanosecondsPerTerm is 4.337572318873902
92607.12799598818 156268.9165889647 249009.4874059491 225074.4369826772
506/1986
[5.342226535536183, 5.344634963045401]
nanosecondsPerTerm is 4.328224950020343
nanosecondsPerTerm is 4.316416055343165
nanosecondsPerTerm is 4.319636587407228
nanosecondsPerTerm is 4.315386061842873
60571.31365459099 75002.42507761519 330126.3538376662 275657.1924145409
1537/1986
[5.342226535536183, 5.343430749290792]
nanosecondsPerTerm is 4.313255395635127
nanosecondsPerTerm is 4.312019528335568
nanosecondsPerTerm is 4.320682120018663
nanosecondsPerTerm is 4.33283272515321
172707.9819612348 60343.00560654774 79128.49185131869 134460.7077784112
1944/1986
[5.343430749290792, 5.344634963045401]
nanosecondsPerTerm is 4.311352821824777
nanosecondsPerTerm is 4.315282756566612
nanosecondsPerTerm is 4.319574625850171
nanosecondsPerTerm is 4.327358090105144
135482.3403387778 180303.282514426 330126.3538376662 275657.1924145409
352/1986
[5.342226535536183, 5.342828642413487]
nanosecondsPerTerm is 4.311848613799468
nanosecondsPerTerm is 4.309024844308078
nanosecondsPerTerm is 4.317013180416535
nanosecondsPerTerm is 4.32751281005102
206493.5020276769 62106.52068912124 122701.6907755914 85100.58801878311
1965/1986
[5.342828642413487, 5.343430749290792]
nanosecondsPerTerm is 4.313457425506829
nanosecondsPerTerm is 4.314275109316059
nanosecondsPerTerm is 4.306364216301857
nanosecondsPerTerm is 4.303344039236261
110047.0280726931 82178.005643695 79128.49185131869 134460.7077784112
19/1986
[5.342226535536183, 5.342527588974835]
nanosecondsPerTerm is 4.311361286786078
nanosecondsPerTerm is 4.337586065576848
nanosecondsPerTerm is 4.320098266847907
nanosecondsPerTerm is 4.324148971720464
208101.0216685056 62117.87585998052 155523.137841949 71609.3829129283
1974/1986
[5.342527588974835, 5.342828642413487]
nanosecondsPerTerm is 4.308497357677723
nanosecondsPerTerm is 4.326082462739296
nanosecondsPerTerm is 4.306451491241301
nanosecondsPerTerm is 4.307046708815419
154687.6079571479 71594.74913994705 122701.6907755914 85100.58801878311
9/1986
[5.342226535536183, 5.342377062255508]
nanosecondsPerTerm is 4.312782946854467
nanosecondsPerTerm is 4.310229249180147
nanosecondsPerTerm is 4.306856735200615
nanosecondsPerTerm is 4.310894227961072
224381.2939541997 62070.2760345366 190060.1846853421 66426.18058585192
1913/1986
[5.342377062255508, 5.342527588974835]
nanosecondsPerTerm is 4.307798542467647
nanosecondsPerTerm is 4.307707295778521
nanosecondsPerTerm is 4.300438450632947
nanosecondsPerTerm is 4.322288950000144
178260.9136915018 66480.99291256853 155523.137841949 71609.3829129283
106/1986
[5.342226535536183, 5.342301798895845]
nanosecondsPerTerm is 4.312992928296112
nanosecondsPerTerm is 4.312450946956208
nanosecondsPerTerm is 4.329324169795585
nanosecondsPerTerm is 4.317872077906288
224773.0897246021 62044.75339398479 206212.213563924 64136.71900724935
6/1986
[5.342301798895845, 5.342377062255508]
nanosecondsPerTerm is 4.310455172580046
nanosecondsPerTerm is 4.340767561539983
nanosecondsPerTerm is 4.299956005583185
nanosecondsPerTerm is 4.303175284604044
205882.9564753135 64163.7432041401 190060.1846853421 66426.18058585192
1907/1986
[5.342301798895845, 5.342339430575677]
nanosecondsPerTerm is 4.309581684499948
nanosecondsPerTerm is 4.317848938238709
nanosecondsPerTerm is 4.304273287483198
nanosecondsPerTerm is 4.305615983891364
207864.1525699862 64209.08658234755 199495.2406927345 65319.40975056397
3/1986
[5.342339430575677, 5.342377062255508]
nanosecondsPerTerm is 4.30294836391884
nanosecondsPerTerm is 4.351899731442088
nanosecondsPerTerm is 4.301446814858146
nanosecondsPerTerm is 4.305297421626838
197674.6489720433 65272.60654523985 190060.1846853421 66426.18058585192
1904/1986
[5.342339430575677, 5.342358246415593]
nanosecondsPerTerm is 4.312620767814693
nanosecondsPerTerm is 4.305620318135242
nanosecondsPerTerm is 4.333227157828248
nanosecondsPerTerm is 4.313147256534556
197726.4206881636 65252.88901916557 193847.0289767065 65823.92486353991
11/1986
[5.342358246415593, 5.342377062255508]
nanosecondsPerTerm is 4.30781712487046
nanosecondsPerTerm is 4.374494638672976
nanosecondsPerTerm is 4.301240560832134
nanosecondsPerTerm is 4.298625970043592
193797.2742081324 65843.63985376676 190060.1846853421 66426.18058585192
1893/1986
Likely eigenvalue [5.342358246415593, 5.342377062255508]
memory leak= { -17817 -141714 0 0 2083743 -14166249 }
mode = fine
d = 163
symClass = D
D = 0
D = 5.10938
[1.768015858307103, 1.768185260977999]
nanosecondsPerTerm is 4.630282065361604
nanosecondsPerTerm is 4.630072838426816
nanosecondsPerTerm is 4.632343532122386
nanosecondsPerTerm is 4.620835846298638
2720.367982550748 2629.376317685268 2714.442895396734 2623.260295831905
1.768015858307103
1.768185260977999
nanosecondsPerTerm is 4.621607148808147
nanosecondsPerTerm is 4.631018141809217
1.768162118918088
5/1936, 4/1936
Sign changes no longer useful, stopping.
D = 5.1796875
[2.063391002386116, 2.063515631147502]
nanosecondsPerTerm is 4.674163336724387
nanosecondsPerTerm is 4.678896426380876
nanosecondsPerTerm is 4.707031029210532
nanosecondsPerTerm is 4.715008091137164
6774.443443362238 6952.318419090171 6793.617136504214 6973.126408030716
2.063391002386116
2.063515631147502
nanosecondsPerTerm is 4.68824680193075
nanosecondsPerTerm is 4.677432020259587
2.063439662880026
3/2114, 5/2114
Sign changes no longer useful, stopping.
D = 4.8984375
[3.264255571233754, 3.264305828242868]
nanosecondsPerTerm is 4.632199037313648
nanosecondsPerTerm is 4.580342341591967
nanosecondsPerTerm is 4.625282356906118
nanosecondsPerTerm is 4.587127644016783
17443.35092861817 54197.13790497111 17379.81270837432 53653.49471441547
3.264255571233754
3.264305828242868
nanosecondsPerTerm is 4.626936615462116
nanosecondsPerTerm is 4.593462418741075
3.264304413300591
1123/2459, 1052/2459
Sign changes no longer useful, stopping.
D = 4.8984375
[3.264305828242868, 3.264356085251983]
nanosecondsPerTerm is 4.636145805795453
nanosecondsPerTerm is 4.576949910206289
nanosecondsPerTerm is 4.632832629798
nanosecondsPerTerm is 4.585630013775201
17572.38381179129 53677.74551493785 17509.07714041679 53160.32298546118
3.264305828242868
3.264356085251983
nanosecondsPerTerm is 4.621958991482857
nanosecondsPerTerm is 4.575708613625451
3.264307438408941
140/2459, 138/2459
Sign changes no longer useful, stopping.
D = 4.828125
[3.314920592159041, 3.314969326456665]
nanosecondsPerTerm is 4.5964142283694
nanosecondsPerTerm is 4.601359521414313
nanosecondsPerTerm is 4.589520839137041
nanosecondsPerTerm is 4.60184305817731
5193.211820339645 5271.921548413168 5187.850798329775 5258.138170221441
3.314920592159041
3.314969326456665
nanosecondsPerTerm is 4.588751475146733
nanosecondsPerTerm is 4.590669720515821
3.314925695179948
1/2435, 0/2435
Sign changes no longer useful, stopping.
D = 4.828125
[3.315261732242407, 3.315310466540031]
nanosecondsPerTerm is 4.593006822366569
nanosecondsPerTerm is 4.602524407370352
nanosecondsPerTerm is 4.597834767765583
nanosecondsPerTerm is 4.617678374643795
5166.132937634266 5201.03232705915 5167.73677600112 5194.999304402767
3.315261732242407
3.315310466540031
nanosecondsPerTerm is 4.600253901929842
nanosecondsPerTerm is 4.614087529228431
3.315279449510167
3/2435, 3/2435
Sign changes no longer useful, stopping.
D = 4.546875
[3.661800129131437, 3.661840259572635]
nanosecondsPerTerm is 4.583804787788434
nanosecondsPerTerm is 4.588773751406896
nanosecondsPerTerm is 4.63318187585451
nanosecondsPerTerm is 4.636938303127525
41444.73635584603 211193.2367621473 40965.54455076704 221856.3720981613
3.661800129131437
3.661840259572635
nanosecondsPerTerm is 4.553838024522585
nanosecondsPerTerm is 4.561056912118438
3.661805715480199
2/2392, 5/2392
Sign changes no longer useful, stopping.
D = 4.6171875
[3.833185393033067, 3.833221918169062]
nanosecondsPerTerm is 4.53470672178283
nanosecondsPerTerm is 4.541150976006855
nanosecondsPerTerm is 4.525947755675481
nanosecondsPerTerm is 4.528787426749354
37262.74652496153 1253364.767682262 37056.2482609223 1338958.638689665
3.833185393033067
3.833221918169062
nanosecondsPerTerm is 4.543478481723305
nanosecondsPerTerm is 4.537872732275707
3.8331983965739
1/2520, 1/2520
Sign changes no longer useful, stopping.
D = 4.6171875
[3.877016570606375, 3.877052231328173]
nanosecondsPerTerm is 4.578971365057561
nanosecondsPerTerm is 4.52453305833626
nanosecondsPerTerm is 4.547574919496973
nanosecondsPerTerm is 4.524890550185487
30118.17217818461 831814.5575939687 30103.27692173289 678896.8668270085
3.877016570606375
3.877052231328173
nanosecondsPerTerm is 4.549945743883137
nanosecondsPerTerm is 4.520705096938967
3.877027721397085
1/2541, 1/2541
Sign changes no longer useful, stopping.
D = 4.6171875
[3.877515820711534, 3.877551481433331]
nanosecondsPerTerm is 4.535749775471128
nanosecondsPerTerm is 4.526833209511331
nanosecondsPerTerm is 4.534250391292414
nanosecondsPerTerm is 4.520139761585115
30390.55070396295 215726.8485524931 30351.70633662616 203188.1081798972
3.877515820711534
3.877551481433331
nanosecondsPerTerm is 4.537773732732414
nanosecondsPerTerm is 4.546043821879813
3.877541169892784
1/2541, 0/2541
Sign changes no longer useful, stopping.
D = 4.4765625
[4.092079113500025, 4.092111241606409]
nanosecondsPerTerm is 4.634933173405562
nanosecondsPerTerm is 4.510239934423697
nanosecondsPerTerm is 4.627520540143483
nanosecondsPerTerm is 4.504291230736013
21181.61037100953 22367.1410453957 21067.43044751074 22409.83076063126
4.092079113500025
4.092111241606409
nanosecondsPerTerm is 4.627582677400083
nanosecondsPerTerm is 4.512421602033172
4.092093446139859
3/2534, 3/2534
Sign changes no longer useful, stopping.
D = 4.0546875
[4.926316831959586, 4.926338969353909]
nanosecondsPerTerm is 4.439371392735469
nanosecondsPerTerm is 4.406919374251345
nanosecondsPerTerm is 4.414327896703856
nanosecondsPerTerm is 4.413332413348057
92326.490678299 26383.08448119866 92971.67881462355 26458.46486319985
4.926316831959586
4.926338969353909
nanosecondsPerTerm is 4.417499733564303
nanosecondsPerTerm is 4.406398194870738
4.926331118571007
6/2587, 7/2587
Sign changes no longer useful, stopping.
D = 4.125
[4.979055030257691, 4.979076672420181]
nanosecondsPerTerm is 4.578548684283599
nanosecondsPerTerm is 4.568625826272724
nanosecondsPerTerm is 4.563290834124581
nanosecondsPerTerm is 4.567378293596723
41994.29845191049 64008.90816411024 41874.76205767573 63710.43121932175
4.979055030257691
4.979076672420181
nanosecondsPerTerm is 4.563940459495013
nanosecondsPerTerm is 4.570859281890476
4.979064073219422
153/2661, 152/2661
Sign changes no longer useful, stopping.
D = 3.84375
[5.342358246415593, 5.342377062255508]
nanosecondsPerTerm is 4.495621025868053
nanosecondsPerTerm is 4.399104528273775
nanosecondsPerTerm is 4.496215986797442
nanosecondsPerTerm is 4.40323413863954
87312.11776979052 16928.63886159245 86330.55778593681 16904.09398694377
5.342358246415593
5.342377062255508
nanosecondsPerTerm is 4.508099850904118
nanosecondsPerTerm is 4.398301172138254
5.342364176579506
165/2609, 160/2609
Sign changes no longer useful, stopping.
memory leak= { -8263 -83821 0 0 996742 -2464870 }
