/mmfs1/data/mossea/Documents/bianchi-maass-forms/cmake-build-release
c098
Sat Feb  8 08:40:36 EST 2025
mode = coarse
d = 163
symClass = D
D = 0
leftEndpoint = -0.4
rightEndpoint = 6
D = 3
[5.354242711647885, 5.35903368271266]
M0 is 125.0846714754358
MY1 is 176.2805180436888
MY2 is 176.192377784667
7024.782352272833 7133.947800332471 5073.186511831875 5069.30886352635
154/1995
[5.35903368271266, 5.363816102812484]
M0 is 125.1412579978845
MY1 is 176.1839626979361
MY2 is 176.0958707165872
4941.88519919724 5083.097773249925 5485.698770318378 5334.063157624931
1815/1996
[5.363816102812484, 5.368590010000094]
M0 is 125.1977382212799
MY1 is 175.9751300179112
MY2 is 175.8871424529023
6652.001648136159 6520.641332852147 9738.664541820312 8629.031447180545
251/1997
[5.368590010000094, 5.373355442058009]
M0 is 125.2541118543214
MY1 is 175.7492287194976
MY2 is 175.6613541051378
8445.136978363018 9288.563869579335 48887.04378581493 46590.26339961967
1090/1998
[5.373355442058009, 5.378112436501155]
M0 is 125.3103802885436
MY1 is 175.5606313194765
MY2 is 175.4728510038169
140628.4147964389 23024.17763296423 11635.6265606663 17792.94448193567
700/1998
[5.378112436501155, 5.38286103057947]
M0 is 125.3665432290844
MY1 is 175.3608449269634
MY2 is 175.2731645044999
19616.27672700769 57551.23594101409 6481.888208557469 8849.980624929414
111/2000
[5.38286103057947, 5.387601261280467]
M0 is 125.4226020629754
MY1 is 175.1950408220472
MY2 is 175.1074433016362
24108.18026414659 30252.47094366402 9340.30063607999 10537.53522304564
244/2000
[5.387601261280467, 5.392333165331772]
M0 is 125.4785564918602
MY1 is 204.2093568454793
MY2 is 174.9686978974459
15263.44939786287 17271.06107738511 14347.3792649345 36805.85710296952
153/2003
[5.392333165331772, 5.397056779203626]
M0 is 125.534407337687
MY1 is 188.9428512079884
MY2 is 174.7620069883353
19332.27479077898 13082.42007605597 2217347.603917167 18524.61003751914
418/2003
[5.397056779203626, 5.401772139111361]
M0 is 125.5901548596428
MY1 is 188.7146529242337
MY2 is 174.5509358109645
111820.3503875534 20320.01422413897 26257.19982834333 19044.33601380581
524/2005
[5.401772139111361, 5.406479281017841]
M0 is 125.6457998756317
MY1 is 188.5780691557602
MY2 is 188.4837801211824
24728.34536110078 159310.3600761626 32446.69258013583 241080.832166151
1784/2007
[5.406479281017841, 5.411178240635877]
M0 is 125.7013420809845
MY1 is 188.3904782772697
MY2 is 188.2962830381311
169281.609544988 62357.8992178852 81525.85385086696 380802.9546171171
147/2009
[5.411178240635877, 5.415869053430611]
M0 is 125.7567834101221
MY1 is 188.1849018677664
MY2 is 188.0908094168325
32377.34260995008 20140.58397855593 214433.6370720477 36116.80979925983
640/2013
[5.415869053430611, 5.420551754621872]
M0 is 125.8121224348948
MY1 is 187.9705076600314
MY2 is 187.8765224062014
6748.208842925393 7573.206562401878 6278.056033592645 6550.982086316265
60/2014
[5.420551754621872, 5.425226379186503]
M0 is 125.8673610856471
MY1 is 187.8285763587065
MY2 is 187.7346620705272
6877.702161702555 22915.08767701757 6770.360893998602 15061.48739498281
1112/2016
[5.425226379186503, 5.429892961860659]
M0 is 125.9224990511592
MY1 is 187.6852605882811
MY2 is 187.591417957987
64816.99769564724 98870.07947929883 34326.07796615859 183422.0795188377
110/2017
[5.429892961860659, 5.434551537142083]
M0 is 125.977537138066
MY1 is 187.4948975954556
MY2 is 187.4011501466578
27213.06959882121 14915.7381094157 34110.28233898156 17507.82346440769
73/2020
[5.434551537142083, 5.439202139292341]
M0 is 126.0324755916491
MY1 is 221.770200468034
MY2 is 187.278993457722
31430.56207890985 10462.24931036403 47134.3636917869 11453.56542146936
148/2021
[5.439202139292341, 5.44384480233905]
M0 is 126.087314655698
MY1 is 221.4819383999143
MY2 is 173.6914195089281
7653.870617827184 7114.498148792907 11343.56616217839 6000.212368213369
87/2021
[5.44384480233905, 5.448479560078061]
M0 is 126.1420551314161
MY1 is 221.2747071518648
MY2 is 173.52890382074
27179.50441091548 7706.136490627459 46423.26107503008 6644.633416738147
189/2025
[5.448479560078061, 5.45310644607563]
M0 is 126.1966972591741
MY1 is 221.0178340479305
MY2 is 173.3274578049688
10919.3433996036 14564.68496580874 13012.89185727547 18348.03394431253
81/2025
[5.45310644607563, 5.457725493670552]
M0 is 126.2512418364687
MY1 is 220.7241156023818
MY2 is 173.0971167933635
32994.76403321442 11737.56672677878 14990.73957099164 13906.5943810429
319/2026
[5.457725493670552, 5.46233673597628]
M0 is 126.3056885418898
MY1 is 220.5128362873802
MY2 is 172.9314265145056
24736.88036325333 14207.3105010701 68602.97876652822 26120.7886827283
1563/2026
[5.46233673597628, 5.466940205883009]
M0 is 126.3600387280192
MY1 is 172.8136002660957
MY2 is 172.7271934659627
24154.40256043077 23064.58588373132 106885.6716199644 91205.59814238621
473/2028
[5.466940205883009, 5.471535936059744]
M0 is 126.4142920704551
MY1 is 172.6625313933553
MY2 is 172.5762001276586
38027.75426821622 32727.1280491371 345463.717221679 142376.5461319671
1522/2030
[5.471535936059744, 5.476123958956338]
M0 is 126.468448801974
MY1 is 172.5487235174234
MY2 is 172.4624491556647
24575.1295722446 22369.04772990022 100740.5346016661 30852.32457196184
414/2030
[5.476123958956338, 5.480704306805512]
M0 is 126.5225102695507
MY1 is 172.4348672456904
MY2 is 172.3486498120676
46850.34071812458 262748.2983907548 1422522.424773692 1010843.762766487
1104/2031
[5.480704306805512, 5.485277011624843]
M0 is 126.5764761446293
MY1 is 172.2830548016551
MY2 is 172.1969132742543
197831.1639323111 2206464.816504351 2658919.220476034 186912.675263271
1857/2032
[5.485277011624843, 5.489842105218736]
M0 is 126.6303472128785
MY1 is 172.1470349509725
MY2 is 172.060961433497
62553.41220794556 79925.56562548832 39701.24452901477 358889.3304387851
63/2034
[5.489842105218736, 5.494399619180373]
M0 is 126.6841237006725
MY1 is 171.9619400783646
MY2 is 171.8759591083254
8264.538162261222 13014.99423165904 6804.899363502629 10012.77616071191
191/2038
[5.494399619180373, 5.498949584893632]
M0 is 126.7378058330506
MY1 is 171.9085415664316
MY2 is 171.8225872956484
43030.65449722031 59907.41127844797 20307.5235045497 25483.14326311419
488/2040
[5.498949584893632, 5.503492033534992]
M0 is 126.7913943907423
MY1 is 171.7087161847266
MY2 is 171.6228618266343
105000.3256706243 113931.7417767476 82520.42811669542 82044.70089434598
1959/2043
[5.503492033534992, 5.508026996075412]
M0 is 126.8448895956877
MY1 is 180.6657722990381
MY2 is 171.5947999188823
7127.841015039439 63039.54148798161 4066.594840053741 29486.35489039955
480/2044
[5.508026996075412, 5.512554503282192]
M0 is 126.8982916685281
MY1 is 180.5457870364323
MY2 is 180.4555141429141
6660.286460702208 31384.74507616348 4050.661526614457 15082.63076906276
256/2044
[5.512554503282192, 5.517074585720803]
M0 is 126.9516013851668
MY1 is 180.0126431363171
MY2 is 171.3168402366405
180078.3757548629 14889.40842045356 19938.45665983664 14082.24428349627
192/2045
[5.517074585720803, 5.521587273756714]
M0 is 127.0048189632192
MY1 is 171.2035022966885
MY2 is 171.1179005455401
17756.0170808244 15208.46050392151 14637.24281708424 14309.46804946161
92/2049
[5.521587273756714, 5.526092597557176]
M0 is 127.057944619037
MY1 is 171.0947743693827
MY2 is 171.009226982198
14491.15783586594 19190.90007148663 12672.89569859597 17440.87317335979
95/2050
[5.526092597557176, 5.530590587093]
M0 is 127.1109785677193
MY1 is 170.9344323269276
MY2 is 170.8489651107642
169368.6872285052 35869521.35003508 142858.3762741965 189237.6885819025
1995/2050
[5.530590587093, 5.535081272140317]
M0 is 127.1639221349908
MY1 is 170.8384411572532
MY2 is 170.7530219366746
102691.9735776839 294421.1020077476 698418.2303534142 480953.5348130669
109/2050
[5.535081272140317, 5.539564682282307]
M0 is 127.2167744209968
MY1 is 179.3004252786287
MY2 is 179.2107750659894
14572.82920162861 21057.44107675895 212849.2203936669 39584.17445250349
1623/2052
[5.539564682282307, 5.544040846910916]
M0 is 127.2695367483992
MY1 is 179.1806030237193
MY2 is 179.0910127222074
278292.3010071354 46092.3746179744 23572.43864340143 21256.17444703709
497/2053
[5.544040846910916, 5.54850979522855]
M0 is 127.3222093264776
MY1 is 178.9967198036889
MY2 is 178.9072214437871
14265.25127841595 12908.14644717887 17103.65115993322 16698.40279452805
309/2056
[5.54850979522855, 5.552971556249752]
M0 is 127.374791807992
MY1 is 178.7735322215796
MY2 is 178.6841454554688
14201.85807701991 5639.811413611567 19005.20341561208 5591.949165477754
138/2056
[5.552971556249752, 5.557426158802865]
M0 is 127.4272855106354
MY1 is 217.1304643543251
MY2 is 178.5644320236929
63994.37086326606 5561.899466503107 18138.69042201242 5949.553989144236
915/2057
[5.557426158802865, 5.56187363153166]
M0 is 127.4796906396698
MY1 is 216.8942222702313
MY2 is 178.3701505179087
25099.72542225077 7355.199988437399 17536.01815674718 8412.581749381709
515/2057
[5.56187363153166, 5.56631400289697]
M0 is 127.5320068443249
MY1 is 216.7305778668366
MY2 is 216.6222125779032
35039.33174676958 30909.52306201883 107884.2606754792 26166.19051374423
1198/2057
[5.56631400289697, 5.570747301178281]
M0 is 127.584235437426
MY1 is 216.475725541533
MY2 is 216.3674876787622
20642.75767664425 29864.13955767911 11334.70343431596 10741.53299619396
163/2064
[5.570747301178281, 5.575173554475327]
M0 is 127.6363760657495
MY1 is 216.246310634923
MY2 is 216.1381874796056
37673.22186481804 62666.49004490604 10752.79525082983 11173.85538619605
186/2064
[5.575173554475327, 5.579592790709651]
M0 is 127.6884289299534
MY1 is 216.1013310878106
MY2 is 215.9932804222668
44719.91505097482 14759.04996166832 12236.40558132833 21339.48432797025
596/2070
[5.579592790709651, 5.584005037626153]
M0 is 127.7403953380935
MY1 is 215.8476908683182
MY2 is 215.7397670228841
13395.86541889449 20862.99754350865 11762.49044204063 12126.00650205365
506/2073
[5.584005037626153, 5.588410322794632]
M0 is 127.7922749335685
MY1 is 215.7025598625501
MY2 is 215.5947085826189
22283.63478742684 36743.24880221899 14609.16196790975 14615.28152299969
381/2074
[5.588410322794632, 5.592808673611294]
M0 is 127.8440684671958
MY1 is 215.499206499282
MY2 is 215.3914568960324
29887.12413103543 13969.60050926679 20905.94731387842 206973.3625891012
310/2077
[5.592808673611294, 5.597200117300252]
M0 is 127.8957755804723
MY1 is 215.3051581937784
MY2 is 215.1975056146815
95988.79814004048 50378.34533250299 11932.71453588293 35707.89564439756
1611/2080
[5.597200117300252, 5.601584680915015]
M0 is 127.9473975753917
MY1 is 215.1314294912974
MY2 is 215.0238637765517
17233.72733297132 18783.36647921066 192357.4095875651 297259.338780774
451/2083
[5.601584680915015, 5.605962391339946]
M0 is 127.9989335376233
MY1 is 172.3618992799292
MY2 is 172.2757183302893
66864.21692806794 13151.2215832491 78668.88006855341 29440.79859031682
94/2084
[5.605962391339946, 5.610333275291721]
M0 is 128.0503853197771
MY1 is 214.659486701479
MY2 is 214.5521569581283
6877.584060863242 6187.144633753393 16654.90742437368 13778.31988129547
1683/2087
[5.610333275291721, 5.614697359320756]
M0 is 128.1017525587571
MY1 is 214.4244476055385
MY2 is 214.3172353817357
16011.72615266634 175712.6840421756 11081.01182391453 19818.50852483036
855/2088
[5.614697359320756, 5.619054669812633]
M0 is 128.1530348910141
MY1 is 214.1509885715619
MY2 is 196.1067812101299
21867.67171258462 21856.40413253784 18905.08200825847 33524.08166059408
1747/2090
[5.619054669812633, 5.623405232989501]
M0 is 128.2042336112999
MY1 is 195.9740329111531
MY2 is 195.8760458946975
17787.1315140806 20694.47063529811 8036.244793158049 8730.822749966901
125/2091
[5.623405232989501, 5.627749074911462]
M0 is 128.255348906609
MY1 is 195.8069011360993
MY2 is 195.7089976855313
13681.04053164974 19552.15645135408 7110.714333823077 8513.807867215888
129/2092
[5.627749074911462, 5.63208622147795]
M0 is 128.3063809629122
MY1 is 195.6995843850247
MY2 is 195.6017345928322
10816.51868455103 12056.46809515378 6504.08609399408 7121.236064214937
244/2094
[5.63208622147795, 5.636416698429087]
M0 is 128.3573299651653
MY1 is 195.4679872954251
MY2 is 176.7738946822989
5691.109497626756 9402.014087527454 9806.944817200576 8027.026492093416
168/2096
[5.636416698429087, 5.640740531347027]
M0 is 128.4081960973173
MY1 is 195.3551397695985
MY2 is 176.6718396249893
4992.932903302232 11699.5262773158 8923.023889270535 9767.719774284995
158/2099
[5.640740531347027, 5.645057745657288]
M0 is 128.4589806466707
MY1 is 176.4862127919907
MY2 is 176.3979696855947
6976.664007700859 7961.006529653582 7436.519576229372 9050.779639015876
343/2100
[5.645057745657288, 5.649368366630065]
M0 is 128.5096826902431
MY1 is 176.3698842085668
MY2 is 176.2816992664626
12223.22978325083 18500.76272119644 10089.76236866475 13411.80419450154
181/2100
[5.649368366630065, 5.653672419381532]
M0 is 128.5603029608944
MY1 is 176.1748299991689
MY2 is 176.0867425841693
22212.49920255852 37874.5741630328 12070.68778558726 18852.14828543898
255/2105
[5.653672419381532, 5.657969928875135]
M0 is 128.6108421899222
MY1 is 175.9981745271701
MY2 is 175.9101754399066
24898.62095526424 69570.82835820329 11904.18350797059 29056.05625177141
1792/2107
[5.657969928875135, 5.662260919922856]
M0 is 128.6613005554835
MY1 is 175.8778403232385
MY2 is 175.7899014030769
99463.20987622222 127358.4105274168 14351.42718812338 13859.6457778004
387/2109
[5.662260919922856, 5.666545417186485]
M0 is 128.7116782347785
MY1 is 175.6860003474584
MY2 is 175.5981573472847
23649.1995219612 303600.7130032457 11354.59882088033 21063.78250436086
253/2110
[5.666545417186485, 5.67082344517886]
M0 is 128.7619754040585
MY1 is 175.3953947382415
MY2 is 175.3076970408724
5470.33657641023 5529.840631849959 5462.52500744692 5518.307442177252
333/2111
[5.67082344517886, 5.675095028265101]
M0 is 128.8121927897833
MY1 is 175.2007351125508
MY2 is 175.1131347449945
6798.444178608931 6338.995667225058 6586.956650246439 6231.081376972714
519/2113
[5.675095028265101, 5.679360190663838]
M0 is 128.8623300148872
MY1 is 174.9229871705363
MY2 is 174.835525676951
7487.079888152497 6947.992815082702 12404.14565940063 10870.69016424432
225/2115
[5.679360190663838, 5.683618956448412]
M0 is 128.9123878036786
MY1 is 174.715576462549
MY2 is 174.6282186743177
9811.603162109168 7812.795562820913 32534.91957287096 15306.10256462632
62/2116
[5.683618956448412, 5.687871349548073]
M0 is 128.9623668789658
MY1 is 179.2849845429259
MY2 is 174.4206228780295
108258.592495838 32209.97154478635 70833.34296116747 44085.67138255995
267/2119
[5.687871349548073, 5.692117393749163]
M0 is 129.0122668609289
MY1 is 179.2041461705808
MY2 is 179.1145440974956
41567.7300429559 51690.88512591847 78822.61078672623 89107.35230370723
123/2122
[5.692117393749163, 5.69635711269629]
M0 is 129.062087919849
MY1 is 179.0652547660753
MY2 is 178.9757221386922
28087.15631299586 65807.40083669337 24275.92307521791 102151.2185845638
453/2123
[5.69635711269629, 5.700590529893483]
M0 is 129.1118313256682
MY1 is 178.8720524872117
MY2 is 178.7826164609681
113485.4726691804 38128.02247578007 34940.31407376385 20128.20848223193
252/2124
[5.700590529893483, 5.704817668705339]
M0 is 129.1614961457462
MY1 is 178.7383170794386
MY2 is 178.6489479208989
42280.9673839117 352275.1154918676 18519.63434409264 31671.90343041571
183/2125
[5.704817668705339, 5.709038552358161]
M0 is 129.2110841976673
MY1 is 178.6149405383187
MY2 is 178.5256330680496
33807.24785298086 47177.81237922106 19367.40181000769 25111.01848687273
533/2128
[5.709038552358161, 5.713253203941076]
M0 is 129.2605939973351
MY1 is 178.468323676612
MY2 is 178.3790895147737
192219.6839392494 138419.4030087655 25895.8269630539 22556.41332388361
625/2130
[5.713253203941076, 5.717461646407152]
M0 is 129.3100273597279
MY1 is 178.3580836984338
MY2 is 178.2689046565846
22344.93233450135 66870.27865299574 13782.57263102503 44462.40989320964
1351/2130
[5.717461646407152, 5.721663902574492]
M0 is 129.359383899004
MY1 is 178.1664473396025
MY2 is 178.0773641159328
40260.9502936421 43391.75237419616 72309.17693635054 103418.1376662959
1871/2130
[5.721663902574492, 5.725859995127329]
M0 is 129.4086637784587
MY1 is 178.0823278928137
MY2 is 177.9932867288672
49421.50586559244 38804.79413301095 5736091.528528515 37670.44856290802
1397/2131
[5.725859995127329, 5.730049946617099]
M0 is 129.4578677098133
MY1 is 177.9585771707098
MY2 is 177.8695978821244
24526.26231081135 20500.06069372562 69267.21437486896 31151.91937097326
408/2133
[5.730049946617099, 5.734233779463509]
M0 is 129.5069953051189
MY1 is 177.8275346089651
MY2 is 177.7386208416606
30675.7431307698 73606.99951004768 81707.25814677989 60105.3185584436
650/2135
[5.734233779463509, 5.738411515955595]
M0 is 129.5560478231255
MY1 is 177.6619380739736
MY2 is 177.5731071049366
114980.1926105153 37620.84723651092 28961.97356952778 52698.57024013805
351/2138
[5.738411515955595, 5.742583178252763]
M0 is 129.6050243252393
MY1 is 177.6064819517623
MY2 is 177.5176787107864
2956766.972728508 291012.7831809606 44009.37084491067 33272.53816896664
553/2139
[5.742583178252763, 5.746748788385823]
M0 is 129.6539260679941
MY1 is 177.46343279625
MY2 is 177.3747010798519
19141.58361814517 14676.63822931479 117896.4496776355 31759.25031650968
213/2141
[5.746748788385823, 5.750908368258021]
M0 is 129.7027532088531
MY1 is 177.2509450603631
MY2 is 177.162319587833
25459.67114354492 13802.30263214884 150336.525741303 40060.73626377794
1999/2142
[5.750908368258021, 5.755061939646041]
M0 is 129.751505904474
MY1 is 176.996366989684
MY2 is 173.2306303501211
18363.05489992374 115080.3440194953 34405.84766428328 67261.33288619769
1933/2146
[5.755061939646041, 5.759209524201017]
M0 is 129.8001843107149
MY1 is 173.1344132864604
MY2 is 173.0478460798172
61179.54237874502 65718.63267471765 64764.34249970508 109836.6687856403
2017/2148
[5.759209524201017, 5.76335114344952]
M0 is 129.8487885826404
MY1 is 173.0260883139237
MY2 is 172.9395752697667
118634.7336014427 54234.99357787253 129563.087879118 127598.6898295864
911/2148
[5.76335114344952, 5.767486818794548]
M0 is 129.8973194225207
MY1 is 172.8312502829113
MY2 is 172.7448346577698
90185.87809942217 90055.07675751837 67896.81404675955 98798.49259178143
772/2150
[5.767486818794548, 5.771616571516492]
M0 is 129.9457764355763
MY1 is 172.7228709087348
MY2 is 172.6365094732804
121009.0102565103 39226.7156833847 114772.8347582166 41229.6102162056
142/2152
[5.771616571516492, 5.775740422774105]
M0 is 129.994160322239
MY1 is 172.6144383924385
MY2 is 172.5281311732423
93387.93568548776 84542.01864136863 68452.37794528605 62653.26346127533
592/2154
[5.775740422774105, 5.779858393605456]
M0 is 130.0424717816079
MY1 is 172.5139345769289
MY2 is 172.4276776096404
42621.90614690758 37035.62974128584 42796.90588589942 42812.41254785155
142/2155
[5.779858393605456, 5.783970504928868]
M0 is 130.0907104165979
MY1 is 172.3548307010047
MY2 is 172.2686532856542
55240.33002027895 535356.0698420947 54036.30554271773 766802.4182623158
216/2156
[5.783970504928868, 5.788076777543862]
M0 is 130.1388769245079
MY1 is 172.2888300033183
MY2 is 172.2026855883166
91750.08686881153 319669.2623843098 66281.92400508358 225293.981044603
203/2158
[5.788076777543862, 5.792177232132076]
M0 is 130.1869709070266
MY1 is 172.1989218704687
MY2 is 172.1128224095335
slurmstepd: error: *** JOB 3309270 ON c098 CANCELLED AT 2025-02-12T08:40:55 DUE TO TIME LIMIT ***
