/mmfs1/data/mossea/Documents/bianchi-maass-forms/cmake-build-release
c102
Mon Feb 24 01:19:58 EST 2025
mode = coarse
d = 163
symClass = D
D = 0
leftEndpoint = -0.4
rightEndpoint = 5.94388
Range already complete.
mode = medium
d = 163
symClass = D
D = 0
D = 3
[5.88492778914272, 5.88691115681047]
M0 is 131.2970452621994
MY1 is 204.9940803217182
MY2 is 204.8915832815574
98505.61097171856 51858.07450941391 122162.565589186 2692268.583540346
1705/2191
[5.88691115681047, 5.888894524478219]
M0 is 131.32026467897
MY1 is 204.9037356765078
MY2 is 204.8012838086695
163490.2633141916 116629.8710730829 102614.316503846 137722.8135023743
1248/2191
[5.88492778914272, 5.885919472976595]
M0 is 131.2854350229929
MY1 is 204.9795781502963
MY2 is 204.8770883612212
105383.2766635514 58013.74494204195 2297141.000458766 134834.1927355736
1658/2191
[5.885919472976595, 5.88691115681047]
M0 is 131.2970452621994
MY1 is 204.9940803217182
MY2 is 204.8915832815574
5494015.65161993 106853.9367533822 122162.565589186 2692268.583540346
2105/2191
[5.88492778914272, 5.885423631059657]
M0 is 131.2796303826875
MY1 is 204.9723280263528
MY2 is 204.8698418623397
105819.9631915601 58562.89991350839 231298.9414521326 82779.3183514891
428/2191
[5.885423631059657, 5.885919472976595]
M0 is 131.2854350229929
MY1 is 204.9795781502963
MY2 is 204.8770883612212
229818.5237564747 81786.57907419164 2297141.000458766 134834.1927355736
2085/2191
[5.885423631059657, 5.885671552018126]
M0 is 131.2825327308878
MY1 is 204.9759531377829
MY2 is 204.873465161214
216441.3561918601 82455.01403106969 461670.0107183346 103155.1781743184
80/2191
[5.885671552018126, 5.885919472976595]
M0 is 131.2854350229929
MY1 is 204.9795781502963
MY2 is 204.8770883612212
523314.2001161438 102108.6002550211 2297141.000458766 134834.1927355736
2153/2191
[5.885671552018126, 5.88579551249736]
M0 is 131.2839841559275
MY1 is 204.9777661748677
MY2 is 204.8752772917803
534316.5404569682 102327.2302250784 1456320.579256593 116601.9269739821
21/2191
[5.88579551249736, 5.885919472976595]
M0 is 131.2854350229929
MY1 is 204.9795781502963
MY2 is 204.8770883612212
1378158.99394517 116312.3984572404 2297141.000458766 134834.1927355736
2176/2191
[5.88579551249736, 5.885857492736978]
M0 is 131.2847098631869
MY1 is 204.978672684133
MY2 is 204.876183347791
1457011.592821881 116780.2369223861 9711063.189381238 125458.1707520897
6/2191
[5.885857492736978, 5.885919472976595]
M0 is 131.2854350229929
MY1 is 204.9795781502963
MY2 is 204.8770883612212
7040150.081081346 124920.2557644005 2297141.000458766 134834.1927355736
2182/2191
[5.885857492736978, 5.885888482856787]
M0 is 131.2850727155015
MY1 is 204.9791259364465
MY2 is 204.8766363734783
1915331.654000173 125188.5231481817 4339703.281894215 129984.9634414177
4/2191
[5.885888482856787, 5.885919472976595]
M0 is 131.2854350229929
MY1 is 204.9795781502963
MY2 is 204.8770883612212
6783246.230680089 129696.213181952 2297141.000458766 134834.1927355736
4/2191
[5.885919472976595, 5.886415314893533]
M0 is 131.2912405267766
MY1 is 204.9868299523366
MY2 is 204.8843365373605
7735812.254880737 126296.5803607939 221068.017783232 299799.9946464745
51/2191
[5.886415314893533, 5.88691115681047]
M0 is 131.2970452621994
MY1 is 204.9940803217182
MY2 is 204.8915832815574
236336.9109149081 211828.5938672768 122162.565589186 2692268.583540346
39/2191
[5.88691115681047, 5.887902840644344]
M0 is 131.3086551475591
MY1 is 204.9060776558352
MY2 is 204.8036246170072
3606112.933533351 145820.9035380386 137369.9717550982 514252.8776417872
201/2191
[5.887902840644344, 5.888894524478219]
M0 is 131.32026467897
MY1 is 204.9082518877285
MY2 is 204.8057977617847
205272.8449595627 1618090.675719496 84973.2495177743 126679.7153884433
180/2191
D = 3
[5.90076278144635, 5.902735529131309]
M0 is 131.4822759969742
MY1 is 204.0459066000671
MY2 is 203.9438836467671
68452.77323441523 28659.18432435805 588520.6663706634 27972.89813759621
125/2196
[5.902735529131309, 5.904708276816268]
M0 is 131.5053642516416
MY1 is 203.803680518367
MY2 is 173.0561816945536
30309.31664532086 46562.87170539045 31888.28906044348 40014.56803134084
904/2197
[5.902735529131309, 5.903721902973789]
M0 is 131.4938202974299
MY1 is 203.8877338576398
MY2 is 173.0409902789874
29445.89216185769 46530.3231853514 31109.68791899701 42630.97756279622
632/2196
[5.903721902973789, 5.904708276816268]
M0 is 131.5053642516416
MY1 is 203.803680518367
MY2 is 173.0561816945536
30773.26151728268 42662.12196322235 31888.28906044348 40014.56803134084
271/2197
D = 3
[5.912583488037074, 5.914548363449852]
M0 is 131.6205143719338
MY1 is 186.716493270801
MY2 is 172.7027452650695
215656.9829363754 22052.21219195444 129132.8514953152 49371.60933540257
1524/2201
[5.914548363449852, 5.916513238862631]
M0 is 131.6435046527907
MY1 is 186.6494765096799
MY2 is 186.5561517714251
41731.00394585619 61015.72808819205 57099.43590078218 38734.52066956014
259/2204
[5.912583488037074, 5.913565925743463]
M0 is 131.6090184493357
MY1 is 186.7033147510356
MY2 is 172.7769443130241
681478.9993315599 28162.96348729243 221667.2453090076 43197.25834654972
1776/2200
[5.913565925743463, 5.914548363449852]
M0 is 131.6205143719338
MY1 is 189.9186151529175
MY2 is 186.6231350241655
61166.3738983693 35981.88914048436 50187.5316468942 36907.44906712713
117/2201
[5.912583488037074, 5.913074706890268]
M0 is 131.6032706997876
MY1 is 186.6967258948175
MY2 is 172.7708469255975
765776.3906629415 37732.50254681918 572997.8991706551 48821.82496471552
1917/2200
[5.913074706890268, 5.913565925743463]
M0 is 131.6090184493357
MY1 is 189.9052106261948
MY2 is 186.7033147510356
65955.40927049067 633795.6282520979 59031.322544319 221667.2453090076
214/2200
[5.912583488037074, 5.912829097463671]
M0 is 131.6003967422093
MY1 is 186.6934313340853
MY2 is 172.7677981091533
976279.8660238788 37760.94675422066 386817.4643476788 42551.4113764771
111/2200
[5.912829097463671, 5.913074706890268]
M0 is 131.6032706997876
MY1 is 189.8985087734209
MY2 is 186.6967258948175
64009.58693664514 4271174.447191248 60514.79227945606 572997.8991706551
94/2200
D = 3
[5.916513238862631, 5.918475507594665]
M0 is 131.6664641176654
MY1 is 186.5824450327834
MY2 is 186.489153810267
33696.77538930574 18993.65204345529 37253.34125333674 15048.54573701756
101/2205
[5.918475507594665, 5.920437776326699]
M0 is 131.6894227711618
MY1 is 186.4651002203774
MY2 is 186.3718676702672
14251.12102762918 16050.62315371791 12559.69295650829 13570.10151819534
120/2205
D = 3
[5.92435711768557, 5.92631419889495]
M0 is 131.7581714195709
MY1 is 186.2646772416351
MY2 is 186.1715449030143
17836.66210900966 21101.12762895233 25537.86208941198 30450.31264319723
903/2208
[5.92631419889495, 5.92827128010433]
M0 is 131.7810659189954
MY1 is 203.4320694518931
MY2 is 186.1047860027753
75046.52202407933 32782.04369726811 74848.82580769208 74976.70245629856
1579/2210
[5.92435711768557, 5.92533565829026]
M0 is 131.7467239388545
MY1 is 186.2515003838242
MY2 is 186.1583746336323
18322.3926951261 20971.2169887056 21411.9867892461 24554.78618197229
182/2207
[5.92533565829026, 5.92631419889495]
M0 is 131.7581714195709
MY1 is 203.5050439385875
MY2 is 186.1715449030143
24797.76428228739 24717.04118445049 24370.8986910079 30450.31264319723
96/2208
[5.92631419889495, 5.92729273949964]
M0 is 131.7696185654848
MY1 is 186.1665098799666
MY2 is 186.0734266250267
32153.4373191513 34414.66651825031 43213.58506357344 47553.2637154661
1932/2210
[5.92729273949964, 5.92827128010433]
M0 is 131.7810659189954
MY1 is 203.4320694518931
MY2 is 186.1047860027753
78729.16767264665 45073.03683559818 74848.82580769208 74976.70245629856
391/2210
[5.92631419889495, 5.926803469197295]
M0 is 131.7638948309284
MY1 is 203.4907006312576
MY2 is 186.1584232838494
57017.57947427895 32133.35376954735 55888.75784052091 36750.33918949871
216/2208
[5.926803469197295, 5.92729273949964]
M0 is 131.7696185654848
MY1 is 203.4176801879902
MY2 is 186.091622341379
80296.75664944449 37843.07396343179 80844.27048442433 44996.7761424588
1018/2210
[5.926803469197295, 5.927048104348467]
M0 is 131.7667569968981
MY1 is 203.414083390977
MY2 is 186.0883319007901
79983.28400047074 37777.92733931942 80539.94867875207 41010.14832681567
384/2208
[5.927048104348467, 5.92729273949964]
M0 is 131.7696185654848
MY1 is 203.4176801879902
MY2 is 186.091622341379
80878.66166968338 41081.85176807029 80844.27048442433 44996.7761424588
637/2210
D = 3
[5.92827128010433, 5.930225780380921]
M0 is 131.8039292234428
MY1 is 203.3052155344099
MY2 is 186.0817777297238
51422.36105443804 71816.17766389376 55768.77691074646 170879.338757006
2105/2210
[5.930225780380921, 5.932180280657513]
M0 is 131.8267917384789
MY1 is 203.2315593727387
MY2 is 203.1299435930523
51462.34156821504 40313.65397761682 64176.62587945859 53432.20406226581
375/2210
[5.92827128010433, 5.929248530242625]
M0 is 131.7924974664081
MY1 is 203.3447153045232
MY2 is 186.0248722264149
51408.53271384589 68821.30218060028 52448.209481279 203681.152302545
48/2210
[5.929248530242625, 5.930225780380921]
M0 is 131.8039292234428
MY1 is 203.3052155344099
MY2 is 203.2035629266427
53425.10351015582 48004.68532807394 55768.77691074646 51077.11057484769
317/2210
D = 3
[5.932180280657513, 5.93413220849364]
M0 is 131.8496231126667
MY1 is 203.0563087956491
MY2 is 185.9469311252711
63766.23967560793 376321.4147717461 75706.27480860699 45105.85383818897
2093/2210
[5.93413220849364, 5.936084136329767]
M0 is 131.8724542469518
MY1 is 185.879521725352
MY2 is 185.7865819644894
50779.14610297461 48529.3080204907 25859.74365466594 24355.41414628052
616/2211
[5.932180280657513, 5.933156244575576]
M0 is 131.8382075910687
MY1 is 203.1439159151548
MY2 is 185.9341429540038
53453.51654066002 388391.1550843743 67299.81670568539 81272.99416837269
74/2210
[5.933156244575576, 5.93413220849364]
M0 is 131.8496231126667
MY1 is 203.0563087956491
MY2 is 185.8539576597085
68292.35407340896 101207.4217209502 75706.27480860699 50741.58676935815
2140/2210
[5.933156244575576, 5.933644226534608]
M0 is 131.8439151898796
MY1 is 203.0493260538184
MY2 is 185.847566475843
68651.82931729702 101080.2461376843 70866.77706183953 67641.00388378043
939/2210
[5.933644226534608, 5.93413220849364]
M0 is 131.8496231126667
MY1 is 203.0563087956491
MY2 is 185.8539576597085
71429.33045940226 67710.53011293714 75706.27480860699 50741.58676935815
1230/2210
[5.933156244575576, 5.933400235555093]
M0 is 131.8410616889266
MY1 is 203.1474092708369
MY2 is 203.0458355662015
67432.44401687346 68768.84310260447 72587.80870162835 69794.89705988734
46/2210
[5.933400235555093, 5.933644226534608]
M0 is 131.8439151898796
MY1 is 203.0493260538184
MY2 is 185.847566475843
69661.5205907726 81104.77247536212 70866.77706183953 67641.00388378043
852/2210
[5.933400235555093, 5.933522231044851]
M0 is 131.8424887173846
MY1 is 203.0475813349869
MY2 is 185.8459695646133
69687.96668607996 81156.95628374127 70267.72909648035 73815.18289525453
137/2210
[5.933522231044851, 5.933644226534608]
M0 is 131.8439151898796
MY1 is 203.0493260538184
MY2 is 185.847566475843
70236.56981525586 73774.03978066154 70866.77706183953 67641.00388378043
716/2210
[5.933522231044851, 5.933583228789729]
M0 is 131.8432019553369
MY1 is 203.0484536973774
MY2 is 185.8467680229508
70243.98542013766 73813.30862203482 70553.03506645952 70611.48742365112
177/2210
[5.933583228789729, 5.933644226534608]
M0 is 131.8439151898796
MY1 is 203.0493260538184
MY2 is 185.847566475843
70544.35987519909 70576.74618275907 70866.77706183953 67641.00388378043
538/2210
[5.933644226534608, 5.933888217514124]
M0 is 131.8467691785677
MY1 is 203.0528174723558
MY2 is 185.8507621113633
70616.53103231726 67715.6769240299 72061.5373774709 58021.05227040314
1107/2210
[5.933888217514124, 5.93413220849364]
M0 is 131.8496231126667
MY1 is 203.0563087956491
MY2 is 185.8539576597085
73389.6167841593 58022.89239227765 75706.27480860699 50741.58676935815
82/2210
[5.933644226534608, 5.933766222024365]
M0 is 131.8453421910473
MY1 is 203.0510717749931
MY2 is 185.8491643045001
70689.95816221951 67699.709388755 71367.55332995151 62485.59134315731
944/2210
[5.933766222024365, 5.933888217514124]
M0 is 131.8467691785677
MY1 is 203.0528174723558
MY2 is 185.8507621113633
71303.64624760406 62499.68879345708 72061.5373774709 58021.05227040314
173/2210
[5.933644226534608, 5.933705224279487]
M0 is 131.8446289633262
MY1 is 203.0501994304522
MY2 is 185.8483658625003
69712.53173337092 67657.51475677828 69999.45533682597 64952.01664956321
690/2210
[5.933705224279487, 5.933766222024365]
M0 is 131.8453421910473
MY1 is 203.0510717749931
MY2 is 185.8491643045001
71020.72211962008 64989.78466309033 71367.55332995151 62485.59134315731
261/2210
[5.933644226534608, 5.933674725407048]
M0 is 131.844272348187
MY1 is 203.0497632559513
MY2 is 185.8479666394587
70850.0512055509 67645.10207335134 71016.27499563061 66265.46633855277
380/2210
[5.933674725407048, 5.933705224279487]
M0 is 131.8446289633262
MY1 is 203.0501994304522
MY2 is 185.8483658625003
69854.09588239873 66277.59023655867 69999.45533682597 64952.01664956321
302/2210
D = 3
[5.936084136329767, 5.93803350017313]
M0 is 131.8952537519576
MY1 is 185.8054464755026
MY2 is 185.7125437522649
24209.48108515991 27150.90920802186 20000.83420952105 20333.83732946689
200/2213
[5.93803350017313, 5.939982864016494]
M0 is 131.9180530241802
MY1 is 185.6977033392948
MY2 is 185.6048544876251
19940.42886768575 18817.27125937393 26068.90242508884 25267.97714213646
99/2214
D = 3
[5.939982864016494, 5.941929672270496]
M0 is 131.9408212628979
MY1 is 185.6708338480557
MY2 is 185.5779984311317
25085.27893323659 22833.38693530457 52039.98519434676 41303.63742324556
82/2214
[5.941929672270496, 5.943876480524499]
M0 is 131.9635887338305
MY1 is 189.0069504013907
MY2 is 185.5416086808241
40280.72441049359 37196.05307965399 31538.78722016419 323516.4064159774
1934/2214
[5.941929672270496, 5.942903076397497]
M0 is 131.9522051621497
MY1 is 185.6214555963551
MY2 is 185.5286448685569
49899.36099070773 37184.74676567096 117062.9031734774 64832.14883907346
2118/2214
[5.942903076397497, 5.943876480524499]
M0 is 131.9635887338305
MY1 is 189.0069504013907
MY2 is 185.5416086808241
35133.22318860169 64762.5548394768 31538.78722016419 323516.4064159774
999/2214
[5.941929672270496, 5.942416374333996]
M0 is 131.946513321216
MY1 is 185.614970391176
MY2 is 185.5221629059805
49875.57335360433 37187.37501958238 69603.76029223269 47000.87013882279
38/2214
[5.942416374333996, 5.942903076397497]
M0 is 131.9522051621497
MY1 is 185.6214555963551
MY2 is 185.5286448685569
69627.39254583399 46980.40104505802 117062.9031734774 64832.14883907346
2157/2214
[5.942416374333996, 5.942659725365747]
M0 is 131.9493592688559
MY1 is 185.6182130369566
MY2 is 185.5254039304382
69596.82242602475 46992.68929443249 87156.3471182529 54413.50257718861
20/2214
[5.942659725365747, 5.942903076397497]
M0 is 131.9522051621497
MY1 is 185.6214555963551
MY2 is 185.5286448685569
87195.25940199742 54392.49224479538 117062.9031734774 64832.14883907346
2175/2214
[5.942659725365747, 5.942781400881622]
M0 is 131.9507822222961
MY1 is 185.619834327454
MY2 is 185.5270244102903
87230.45897723474 54401.49444475534 99954.20629159464 59141.93019454191
103/2214
[5.942781400881622, 5.942903076397497]
M0 is 131.9522051621497
MY1 is 188.9937444653228
MY2 is 185.5286448685569
32604.70065425837 59129.86687261157 32523.95422455797 64832.14883907346
616/2214
[5.942903076397497, 5.943389778460999]
M0 is 131.957897327682
MY1 is 189.0003480795021
MY2 is 185.5351274089892
35689.48961903715 64731.97880546096 33696.84435533523 106738.1475195814
943/2214
[5.943389778460999, 5.943876480524499]
M0 is 131.9635887338305
MY1 is 189.0069504013907
MY2 is 185.5416086808241
33178.59536551083 106779.5275931684 31538.78722016419 323516.4064159774
63/2214
[5.942903076397497, 5.943146427429248]
M0 is 131.9550510010975
MY1 is 188.9970458461617
MY2 is 185.5318857203373
32536.65809089338 64778.15624420081 32412.64241934699 80503.31120697029
875/2214
[5.943146427429248, 5.943389778460999]
M0 is 131.957897327682
MY1 is 189.0003480795021
MY2 is 185.5351274089892
34649.22956799229 80418.2995157236 33696.84435533523 106738.1475195814
129/2214
[5.942903076397497, 5.943024751913373]
M0 is 131.9536280884169
MY1 is 188.9953951667361
MY2 is 185.5302653052396
32507.52345775918 65549.84023293683 32437.88824077196 72716.85162631243
672/2214
[5.943024751913373, 5.943146427429248]
M0 is 131.9550510010975
MY1 is 188.9970458461617
MY2 is 185.5318857203373
32468.70578568698 71754.5569681304 32412.64241934699 80503.31120697029
205/2214
[5.942903076397497, 5.942963914155435]
M0 is 131.9529166269816
MY1 is 188.9945698187777
MY2 is 185.5294550895962
32523.45785575428 64804.1064057945 32487.33216870793 68109.72718172197
400/2214
[5.942963914155435, 5.943024751913373]
M0 is 131.9536280884169
MY1 is 188.9953951667361
MY2 is 185.5302653052396
32471.23961587746 68939.37865916333 32437.88824077196 72716.85162631243
270/2214
memory leak= { -5975 -120234 0 0 470691 -4689854 }
mode = fine
d = 163
symClass = D
D = 0
D = 3.77344
[5.480579062919011, 5.480596954902797]
104802.229699395 125445.7368148988 102410.900936392 130219.1954971146
5.480579062919011
5.480596954902797
5.480589000408856
1/2612, 2/2612
Sign changes no longer useful, stopping.
D = 3.7734375
[5.538023510045997, 5.538041023366865]
5051.390076218816 7121.837134033964 5053.419306000937 7103.469168129098
5.538023510045997
5.538041023366865
5.538023738860223
1/2636, 0/2636
Sign changes no longer useful, stopping.
D = 3.7734375
[5.538041023366865, 5.538058536687732]
5220.719247507692 7104.378838895957 5223.299694344763 7086.111497904421
5.538041023366865
5.538058536687732
5.538055233626224
1/2636, 1/2636
Sign changes no longer useful, stopping.
D = 3.421875
[5.607977095661467, 5.607994169426904]
19888.57764309824 19904.75931239831 19926.91965070879 19943.17488123204
5.607977095661467
5.607994169426904
5.607984630431112
10/2394, 10/2394
Sign changes no longer useful, stopping.
D = 3.421875
[5.607994169426904, 5.60801124319234]
19276.10933589191 19939.5305128606 19313.5079058089 19978.30191409271
5.607994169426904
5.60801124319234
5.607996732499584
4/2394, 4/2394
Sign changes no longer useful, stopping.
D = 3.703125
[5.720202961953815, 5.720219377016969]
24506.67348530521 25356.94320177972 24612.20359777914 25439.36949825877
5.720202961953815
5.720219377016969
5.720216672149288
1/2658, 2/2658
Sign changes no longer useful, stopping.
memory leak= { -3415 -142368 0 0 -265660 -2054956 }
