/mmfs1/data/mossea/Documents/bianchi-maass-forms/cmake-build-release
c109
Fri Feb 14 10:32:18 EST 2025
mode = coarse
d = 163
symClass = D
D = 0
leftEndpoint = -0.4
rightEndpoint = 5.94388
D = 3
[5.844962902507637, 5.848984012406947]
M0 is 130.8528645623253
MY1 is 206.4426341218901
MY2 is 206.3394128048291
29552.07597628362 184711.3018609982 34628.39755608982 127640.044935688
930/2179
[5.848984012406947, 5.85299960096085]
M0 is 130.8999082204172
MY1 is 206.2412571338045
MY2 is 206.1381365052377
97927.28170433981 41494.51293029333 1372001.570220331 60359.27870800928
2047/2179
[5.85299960096085, 5.857009687083658]
M0 is 130.9468832681825
MY1 is 206.133195153667
MY2 is 206.0301285560902
84530.49994631988 56472.63698157025 151946.4709581071 140337.2657184904
919/2182
[5.857009687083658, 5.861014289586223]
M0 is 130.9937909313057
MY1 is 205.9881558530496
MY2 is 205.8851617751231
122808.5231745859 371481.0373801462 65882.7580337416 37615.99593521653
304/2183
[5.861014289586223, 5.865013427176718]
M0 is 131.0406307997403
MY1 is 205.7376731137259
MY2 is 205.634804277169
32722.99683157768 36048.67488802877 14929.76390136962 15637.52801857108
90/2185
[5.865013427176718, 5.869007118461401]
M0 is 131.0874035523865
MY1 is 205.6091097916115
MY2 is 205.5063052367157
15632.47747850798 14460.19862602123 13930.0552229996 12093.33437574098
136/2188
[5.869007118461401, 5.87299538194538]
M0 is 131.1341093225668
MY1 is 205.523785760009
MY2 is 205.421023867129
11406.73718167565 10828.32622781451 13167.0096523929 15239.29719015631
406/2189
[5.87299538194538, 5.876978236033368]
M0 is 131.1807476987129
MY1 is 205.4273482675121
MY2 is 205.3246345933783
13358.46594180712 12712.38059387622 21182.03238790751 18603.14690521164
189/2191
[5.876978236033368, 5.88095569903043]
M0 is 131.227319357398
MY1 is 205.2721354825378
MY2 is 205.1694994147966
17903.73052130391 14742.0052865275 32757.50680249342 25205.5470030723
2086/2191
[5.88095569903043, 5.88492778914272]
M0 is 131.2738249740213
MY1 is 205.1258301826845
MY2 is 205.0232672675932
19119.3238146617 17176.03945912364 61303.95576330434 42315.8682088264
361/2191
[5.88492778914272, 5.888894524478219]
M0 is 131.32026467897
MY1 is 204.920571483832
MY2 is 204.8181111980902
47113.51382224155 37005.93590280134 80596.23850874884 119236.1135548562
1775/2191
[5.888894524478219, 5.892855923047457]
M0 is 131.3666375145928
MY1 is 204.7117896110281
MY2 is 204.6094337162225
50384.10368223036 43125.25365516706 67667.21906691574 71274.21727045007
446/2193
[5.892855923047457, 5.896812002764238]
M0 is 131.4129452415755
MY1 is 204.486892060133
MY2 is 204.384648614103
34405.19706870252 41155.90664639076 291582.7029368968 577476.6652247347
376/2195
[5.896812002764238, 5.90076278144635]
M0 is 131.4591874446139
MY1 is 204.2170032189187
MY2 is 204.1148947173092
37206.0484234509 35470.54566236913 227804.7978473638 95644.42531124661
102/2196
[5.90076278144635, 5.904708276816268]
M0 is 131.5053642516416
MY1 is 216.9512795864872
MY2 is 173.1427530710891
450696.0357989079 60842.49621143765 49902.45462516358 41373.6863013699
1471/2197
[5.904708276816268, 5.908648506501859]
M0 is 131.5514757899901
MY1 is 173.0157637090073
MY2 is 172.9292558271528
46033.77312113794 17203.55023272497 37626.92264729549 15916.21179944837
476/2199
[5.908648506501859, 5.912583488037074]
M0 is 131.5975227294281
MY1 is 190.0818408813396
MY2 is 172.851174798287
57571.28361989286 16920.47747028522 23950.39075181018 40862.57058375145
445/2200
[5.912583488037074, 5.916513238862631]
M0 is 131.6435046527907
MY1 is 186.6494765096799
MY2 is 172.7271219151678
96834.83317285586 22967.64601749035 57099.43590078541 123241.452031035
1598/2204
[5.916513238862631, 5.920437776326699]
M0 is 131.6894227711618
MY1 is 186.5154329486211
MY2 is 172.6030767855168
26268.81111111428 58021.78537136138 33226.06261667058 42989.97380831825
1861/2205
[5.920437776326699, 5.92435711768557]
M0 is 131.7352761234361
MY1 is 186.3314887966996
MY2 is 186.2383230523012
16601.87040437365 13602.01668286159 17835.01403576953 18281.87579307499
372/2207
[5.92435711768557, 5.92827128010433]
M0 is 131.7810659189954
MY1 is 186.1826829088759
MY2 is 186.0895915674215
22175.37491576798 23210.85518787555 68306.87156386521 80272.18979914185
2052/2210
[5.92827128010433, 5.932180280657513]
M0 is 131.8267917384789
MY1 is 203.2315593727387
MY2 is 186.0143615079189
45458.53235369374 69423.51289228778 64176.62587945859 42569.90584735783
2014/2210
[5.932180280657513, 5.936084136329767]
M0 is 131.8724542469518
MY1 is 202.9826969116409
MY2 is 185.879521725352
58894.80824813663 4835306.652293424 26346.63466940191 25859.74365466594
1736/2211
[5.936084136329767, 5.939982864016494]
M0 is 131.9180530241802
MY1 is 185.7381472718661
MY2 is 171.8837695559311
28367.97918190206 204831.9303165278 26083.35868444988 46346.39047320669
1697/2214
[5.939982864016494, 5.943876480524499]
M0 is 131.9635887338305
MY1 is 185.6035404327172
MY2 is 171.6733235620343
22640.23604355123 28063.25807008486 483690.7255309767 35792.41942476264
2040/2214
memory leak= { -748 -100548 0 0 -30833 -2703664 }
mode = medium
d = 163
symClass = D
D = 0
D = 3
[5.35903368271266, 5.361424892762572]
M0 is 125.1129655395008
MY1 is 176.2121567779525
MY2 is 176.1240506995635
4990.930300776871 4991.52548652342 4681.642495821856 4677.904292831647
380/1996
[5.361424892762572, 5.363816102812484]
M0 is 125.1412579978845
MY1 is 176.0616369079266
MY2 is 175.9736060894726
4860.148944689585 7739.27201652777 5431.855474197347 7710.723599820937
1407/1996
[5.361424892762572, 5.362620497787528]
M0 is 125.1271118290381
MY1 is 176.1336103751095
MY2 is 176.045543569922
4669.342385299467 4840.471650292655 4805.381364577385 5010.466548366671
1573/1996
[5.362620497787528, 5.363816102812484]
M0 is 125.1412579978845
MY1 is 176.0616369079266
MY2 is 175.9736060894726
5033.826181696122 7699.276502093138 5431.855474197347 7710.723599820937
77/1996
[5.361424892762572, 5.36202269527505]
M0 is 125.1200391207257
MY1 is 176.1255603762876
MY2 is 176.0374975960995
4669.341847973071 4841.409839559523 4702.366219511995 4898.960025342269
1521/1996
[5.36202269527505, 5.362620497787528]
M0 is 125.1271118290381
MY1 is 176.1336103751095
MY2 is 176.045543569922
4702.717495333117 4898.155792384649 4805.381364577385 5010.466548366671
52/1996
[5.361424892762572, 5.361723794018811]
M0 is 125.1165020880704
MY1 is 176.1215342491999
MY2 is 176.0334734820753
4669.646175872882 4841.467189126187 4678.15320212892 4863.625255162109
1382/1996
[5.361723794018811, 5.36202269527505]
M0 is 125.1200391207257
MY1 is 176.1255603762876
MY2 is 176.0374975960995
4677.954057341218 4863.615912947746 4702.366219511995 4898.960025342269
138/1996
[5.361424892762572, 5.361574343390691]
M0 is 125.1147341044369
MY1 is 176.1195220870136
MY2 is 176.0314623259701
4669.933913228656 4841.389032508301 4672.299612987507 4850.857546982551
954/1996
[5.361574343390691, 5.361723794018811]
M0 is 125.1165020880704
MY1 is 176.1215342491999
MY2 is 176.0334734820753
4672.059845261747 4850.948489124851 4678.15320212892 4863.625255162109
426/1996
[5.361424892762572, 5.361499618076632]
M0 is 125.1138498243995
MY1 is 176.1185155212884
MY2 is 176.0304562635278
4670.27842132068 4841.389176293907 4671.018455716603 4845.726123440775
387/1996
[5.361499618076632, 5.361574343390691]
M0 is 125.1147341044369
MY1 is 176.1195220870136
MY2 is 176.0314623259701
4670.67508546253 4845.730042635308 4672.299612987507 4850.857546982551
571/1996
D = 3
[5.368590010000094, 5.370972726029052]
M0 is 125.2259255452119
MY1 is 175.8519072375731
MY2 is 175.7639812839543
8362.739213207731 9166.101528817617 14408.21862633035 16048.39698803527
123/1997
[5.370972726029052, 5.373355442058009]
M0 is 125.2541118543214
MY1 is 175.7492287194976
MY2 is 175.6613541051378
14153.61047473567 14728.69556384705 48887.04378581493 46590.26339961967
854/1998
[5.370972726029052, 5.372164084043531]
M0 is 125.240019037289
MY1 is 175.7336490910949
MY2 is 175.6457822665494
14229.97150979029 15338.16363629023 22039.92571812132 24064.90842546425
104/1998
[5.372164084043531, 5.373355442058009]
M0 is 125.2541118543214
MY1 is 175.6613541051378
MY2 is 175.5735234280853
22194.17394911971 24262.94069662956 46590.26339961967 55321.49642018798
168/1998
D = 3
[5.373355442058009, 5.375733939279582]
M0 is 125.2822465717028
MY1 is 175.604595288787
MY2 is 175.5167929911427
62661.1567619917 132534.5978368819 31448.63926708837 25021.27308617706
146/1998
[5.375733939279582, 5.378112436501155]
M0 is 125.3103802885436
MY1 is 175.5606313194765
MY2 is 175.4728510038169
24789.55237666043 194676.8301689099 11635.6265606663 17792.94448193567
409/1998
D = 3
[5.401772139111361, 5.404125710064601]
M0 is 125.6179778258472
MY1 is 188.5448741789114
MY2 is 188.450601741822
25857.44434207664 112786.5680126001 27779.48102491262 151578.2926202865
214/2005
[5.404125710064601, 5.406479281017841]
M0 is 125.6457998756317
MY1 is 188.4661578286365
MY2 is 188.3719247497223
202108.3595920994 82466.03311890122 499370.7428387864 109596.8917121706
1969/2007
[5.404125710064601, 5.405302495541221]
M0 is 125.6318888953515
MY1 is 188.4496041456442
MY2 is 188.3553793435714
271812.7159843503 145068.8581692931 1478487.79111583 199603.4818145018
23/2007
[5.405302495541221, 5.406479281017841]
M0 is 125.6457998756317
MY1 is 188.4283647869622
MY2 is 188.3341506045687
306691.3974819031 97340.22749377439 4403425.051648964 129447.1704549346
1979/2007
[5.405302495541221, 5.405890888279531]
M0 is 125.6388442565726
MY1 is 188.4200054164335
MY2 is 188.3257954137252
310114.6035211992 96817.84148315515 646785.3837574311 108602.144625233
17/2007
[5.405890888279531, 5.406479281017841]
M0 is 125.6457998756317
MY1 is 188.4283647869622
MY2 is 188.3341506045687
611831.4031726487 109171.9679818787 4403425.051648964 129447.1704549346
1992/2007
[5.405890888279531, 5.406185084648686]
M0 is 125.6423221039185
MY1 is 188.4241851643766
MY2 is 188.3299730717944
512025.0107792898 107689.6179216415 965226.4201452333 116209.7014458062
9/2007
[5.406185084648686, 5.406479281017841]
M0 is 125.6457998756317
MY1 is 188.4283647869622
MY2 is 188.3341506045687
1366777.191550391 117909.9550369037 4403425.051648964 129447.1704549346
2001/2007
[5.406185084648686, 5.406332182833264]
M0 is 125.6440609992292
MY1 is 188.4262749913392
MY2 is 188.3320618538435
1392122.730829416 116509.6779694627 4072390.026033267 121722.1595416579
4/2007
[5.406332182833264, 5.406479281017841]
M0 is 125.6457998756317
MY1 is 188.4283647869622
MY2 is 188.3341506045687
3859553.720251882 123266.0174260845 4403425.051648964 129447.1704549346
2003/2007
[5.406332182833264, 5.406405731925553]
M0 is 125.6449301596287
MY1 is 188.427319386515
MY2 is 188.3331057268217
3872755.841639501 124211.7601790763 61991082.30362344 127236.7609098047
1/2007
[5.406405731925553, 5.406479281017841]
M0 is 125.6457998756317
MY1 is 188.4233665814511
MY2 is 188.3291548981604
3058102.041426311 105187.0441117938 12205389.06788375 107330.9948157706
2/2007
D = 3
[5.411178240635877, 5.413523647033244]
M0 is 125.7290634701661
MY1 is 188.15165521692
MY2 is 188.0575793893115
33435.13916207017 21853.85899207145 61835.06532274669 27292.3399048557
38/2011
[5.413523647033244, 5.415869053430611]
M0 is 125.7567834101221
MY1 is 188.0920197820024
MY2 is 187.9979737721114
24676.68475661489 11320.19095793306 36250.3098875096 10623.91909819861
243/2013
D = 3
[5.420551754621872, 5.422889066904188]
M0 is 125.8397427510791
MY1 is 187.8891614276374
MY2 is 187.7952168469236
6609.480579258046 6870.484908957248 6504.424124246897 6816.290011757395
88/2016
[5.422889066904188, 5.425226379186503]
M0 is 125.8673610856471
MY1 is 187.7477714785902
MY2 is 187.6538975928509
12491.50614386881 24646.37568979078 11203.58125444564 18908.80387947863
170/2016
D = 3
[5.457725493670552, 5.460031114823416]
M0 is 126.2784661263299
MY1 is 220.6407740480111
MY2 is 220.5304536609872
49282.91363876089 119445.1890857706 24708.26043198312 26557.4343457899
274/2026
[5.460031114823416, 5.46233673597628]
M0 is 126.3056885418898
MY1 is 220.5128362873802
MY2 is 220.4025798692365
69458.30038031745 20308.18415782551 68602.9787666401 43277.41906935623
1252/2026
[5.460031114823416, 5.461183925399848]
M0 is 126.2920773590493
MY1 is 220.4937750220849
MY2 is 220.3835281345739
25381.09617034256 18687.3797095753 44001.37326477458 24862.10496261522
95/2026
[5.461183925399848, 5.46233673597628]
M0 is 126.3056885418898
MY1 is 220.5128362873802
MY2 is 220.4025798692365
45894734.97052781 28006.08727075426 68602.9787666401 43277.41906935623
1328/2026
[5.461183925399848, 5.461760330688064]
M0 is 126.2988830963289
MY1 is 220.5033059368878
MY2 is 220.3930542839194
124709.8528318158 28233.49448823438 64739.1741555254 34481.70697833433
352/2026
[5.461760330688064, 5.46233673597628]
M0 is 126.3056885418898
MY1 is 220.5128362873802
MY2 is 220.4025798692365
137073.6395197038 34161.91017516672 68602.9787666401 43277.41906935623
526/2026
D = 3
[5.466940205883009, 5.469238070971377]
M0 is 126.3871660443052
MY1 is 172.7194038680375
MY2 is 172.6330441661036
169832.2261665574 34051.96933872336 101511.4647786109 65923.31215929771
1988/2029
[5.469238070971377, 5.471535936059744]
M0 is 126.4142920704551
MY1 is 172.6625313933553
MY2 is 172.5762001276586
83382.03792814651 51618.52397606272 345463.717221679 142376.5461319671
1819/2030
[5.466940205883009, 5.468089138427193]
M0 is 126.3736021286737
MY1 is 220.1135533438803
MY2 is 172.7910471547758
14854.00911876348 229018.907762769 19794.03086797136 294816.6638764234
1900/2028
[5.468089138427193, 5.469238070971377]
M0 is 126.3871660443052
MY1 is 220.0222890181131
MY2 is 172.7194038680375
10316.43337341412 519450.758727397 12126.40507328702 101511.4647786109
110/2029
[5.466940205883009, 5.467514672155101]
M0 is 126.3668202941719
MY1 is 220.2142598877556
MY2 is 220.1041527578118
27957.68628394818 13585.55474552593 37364.98006026342 15372.19232930045
9/2028
[5.467514672155101, 5.468089138427193]
M0 is 126.3736021286737
MY1 is 220.1135533438803
MY2 is 172.7910471547758
16972.30679058084 2012745.820866918 19794.03086797136 294816.6638764234
1946/2028
[5.467514672155101, 5.467801905291147]
M0 is 126.3702115267783
MY1 is 220.108853710622
MY2 is 172.7873579019351
16683.65748053441 3303571.749144415 17938.20443593161 609880.0542517162
1994/2028
[5.467801905291147, 5.468089138427193]
M0 is 126.3736021286737
MY1 is 220.1135533438803
MY2 is 172.7910471547758
18276.22361063443 691844.3724943096 19794.03086797136 294816.6638764234
50/2028
[5.467514672155101, 5.467658288723124]
M0 is 126.368516198655
MY1 is 220.106503841523
MY2 is 172.7855132343258
15345.45944365197 3758906.510873578 15866.79373882496 1420102.335506822
2014/2028
[5.467658288723124, 5.467801905291147]
M0 is 126.3702115267783
MY1 is 220.108853710622
MY2 is 172.7873579019351
17288.52440134004 1497181.724570565 17938.20443593161 609880.0542517162
20/2028
[5.467514672155101, 5.467586480439112]
M0 is 126.3676679695592
MY1 is 220.2154354319445
MY2 is 220.1053277142285
37325.86178773364 15367.87842736673 38938.8869241241 15624.91027365475
3/2028
[5.467586480439112, 5.467658288723124]
M0 is 126.368516198655
MY1 is 220.106503841523
MY2 is 172.7855132343258
15601.7826235075 4567755.146858016 15866.79373882496 1420102.335506822
6/2028
[5.469238070971377, 5.47038700351556]
M0 is 126.4007288001271
MY1 is 220.041079230682
MY2 is 172.7341543477635
11670.70565994893 94745.46559233785 14186.61410413306 54874.19555651562
101/2030
[5.47038700351556, 5.471535936059744]
M0 is 126.4142920704551
MY1 is 219.9498408056857
MY2 is 172.6625313933553
18165.66700881402 216932.3335868879 110500.4995790559 345463.717221679
1914/2030
[5.47038700351556, 5.470961469787651]
M0 is 126.4075103012343
MY1 is 219.9404494390122
MY2 is 172.7415298540464
17009.22429478587 55694.48694460285 28236.12817559315 45844.34089567369
77/2030
[5.470961469787651, 5.471535936059744]
M0 is 126.4142920704551
MY1 is 219.9498408056857
MY2 is 172.6625313933553
30774.62631125683 1148397.995392822 110500.4995790559 345463.717221679
1930/2030
[5.470961469787651, 5.471248702923697]
M0 is 126.4109012220986
MY1 is 219.9451451922862
MY2 is 172.6588452961388
27634.70448389902 343804.8730211736 41554.81161275173 926369.4900170935
13/2030
[5.471248702923697, 5.471535936059744]
M0 is 126.4142920704551
MY1 is 219.9498408056857
MY2 is 172.6625313933553
48156.53641265044 991188.9511535988 110500.4995790559 345463.717221679
76/2030
D = 3
[5.476123958956338, 5.478414132880925]
M0 is 126.4954801681382
MY1 is 172.4917892010574
MY2 is 172.4055433064569
31739.44937541407 43774.27694744734 50128.99800262382 73072.0087397918
68/2030
[5.478414132880925, 5.480704306805512]
M0 is 126.5225102695507
MY1 is 172.4348672456904
MY2 is 172.3486498120676
82327.15888581937 384873.2213918169 1422522.424773638 1010843.762771845
1107/2031
[5.478414132880925, 5.479559219843218]
M0 is 126.5089952375687
MY1 is 172.4202052251387
MY2 is 172.3339951225261
71211.34607935639 316347.5714652141 123507.6726104126 420451.1856399244
34/2030
[5.479559219843218, 5.480704306805512]
M0 is 126.5225102695507
MY1 is 172.4348672456904
MY2 is 172.3486498120676
162343.6251182992 537697.399601889 1422522.424773638 1010843.762771845
1140/2031
[5.479559219843218, 5.480131763324366]
M0 is 126.5157526188026
MY1 is 172.4275359920946
MY2 is 172.3413222240986
176402.8333060022 547669.4295817682 429757.0316455141 712221.8438887818
100/2030
[5.480131763324366, 5.480704306805512]
M0 is 126.5225102695507
MY1 is 172.4348672456904
MY2 is 172.3486498120676
352850.2187309379 692878.0992862667 1422522.424773638 1010843.762771845
1226/2031
[5.480131763324366, 5.480418035064939]
M0 is 126.5191317591171
MY1 is 172.4312021345942
MY2 is 172.3449865335268
365115.400702249 702731.0314366901 1007003.492604969 833151.9967321908
114/2031
[5.480418035064939, 5.480704306805512]
M0 is 126.5225102695507
MY1 is 172.4348672456904
MY2 is 172.3486498120676
916259.4283391862 818841.224889747 1422522.424773638 1010843.762771845
1336/2031
[5.480418035064939, 5.480561170935225]
M0 is 126.5208210233426
MY1 is 172.4330347037604
MY2 is 172.3468181864085
965523.4151411677 821119.558055929 6933982.714005936 906632.1071583243
205/2031
[5.480561170935225, 5.480704306805512]
M0 is 126.5225102695507
MY1 is 172.4348672456904
MY2 is 172.3486498120676
4985165.18303858 903721.0682850211 1422522.424773638 1010843.762771845
1526/2031
[5.480561170935225, 5.480632738870368]
M0 is 126.5216656486988
MY1 is 172.4339509781297
MY2 is 172.3477340026406
5809565.026992813 899257.6665506663 3593458.37589792 949052.3717084711
1829/2031
[5.480632738870368, 5.480704306805512]
M0 is 126.5225102695507
MY1 is 172.4348672456904
MY2 is 172.3486498120676
4006346.818470771 953989.7718587329 1422522.424773638 1010843.762771845
309/2031
[5.480561170935225, 5.480596954902797]
M0 is 126.521243057686
MY1 is 172.433492380582
MY2 is 172.3472756343918
6132063.008663372 902028.6549076668 16202345.69734354 926346.6437785567
1950/2031
[5.480596954902797, 5.480632738870368]
M0 is 126.5216656486988
MY1 is 172.4339509781297
MY2 is 172.3477340026406
18982906.33323492 923415.4291420582 3593458.37589792 949052.3717084711
120/2031
[5.480561170935225, 5.480579062919011]
M0 is 126.5210320406549
MY1 is 172.4332635423839
MY2 is 172.3470469106127
6398045.251395106 912892.2482186775 22745393.0810089 925169.6381492545
39/2031
[5.480579062919011, 5.480596954902797]
M0 is 126.521243057686
MY1 is 172.433492380582
MY2 is 172.3472756343918
19693398.21890736 914009.1237007108 16202345.69734354 926346.6437785567
1987/2031
Likely eigenvalue [5.480579062919011, 5.480596954902797]
D = 3
[5.480704306805512, 5.482990659215178]
M0 is 126.5494935543006
MY1 is 172.3070348197353
MY2 is 172.2208813023255
412743.121836206 80119.59083392685 714419.8721619444 95151.84644974358
1996/2032
[5.482990659215178, 5.485277011624843]
M0 is 126.5764761446293
MY1 is 172.2830548016551
MY2 is 172.1969132742543
351204.9199399099 395705.8555909988 2658919.220476034 186912.675263271
1931/2032
[5.480704306805512, 5.481847483010345]
M0 is 126.5360019289067
MY1 is 172.3632788547446
MY2 is 172.2770972153172
59488.86934470443 2445082.656990084 91990.73564720707 541614.504595828
95/2031
[5.481847483010345, 5.482990659215178]
M0 is 126.5494935543006
MY1 is 172.3396388895111
MY2 is 172.2534690700664
57462191.23246109 289447.5468234671 526594.5287643282 463050.8343184713
1983/2032
[5.481847483010345, 5.482419071112761]
M0 is 126.5427481641635
MY1 is 172.3322392710532
MY2 is 172.2460731514177
15959041.1929974 289133.5056924545 1001798.07084837 352489.6940920789
21/2032
[5.482419071112761, 5.482990659215178]
M0 is 126.5494935543006
MY1 is 172.3396388895111
MY2 is 172.2534690700664
1093134.776000696 352476.4222891883 526594.5287643282 463050.8343184713
29/2032
[5.482990659215178, 5.48413383542001]
M0 is 126.5629851454981
MY1 is 172.2682623467902
MY2 is 172.1821282156168
472026.56723411 350976.1259668198 1726731.114277145 241189.7179742442
62/2032
[5.48413383542001, 5.485277011624843]
M0 is 126.5764761446293
MY1 is 172.2830548016551
MY2 is 172.1969132742543
724294.0772079895 261076.0498202931 2658919.220476034 186912.675263271
1983/2032
[5.48413383542001, 5.484705423522427]
M0 is 126.5697307887862
MY1 is 172.2756587911562
MY2 is 172.1895209617607
719684.0198412407 238219.5163687866 1827532.022671718 202780.2287495837
21/2032
[5.484705423522427, 5.485277011624843]
M0 is 126.5764761446293
MY1 is 172.2830548016551
MY2 is 172.1969132742543
1848939.477959625 219241.3492538097 2658919.220476034 186912.675263271
2007/2032
[5.484705423522427, 5.484991217573635]
M0 is 126.5731032238156
MY1 is 172.2793563939012
MY2 is 172.1932167157042
1956213.763094217 218239.8401865388 16336311.7372918 201242.5352896726
11/2032
[5.484991217573635, 5.485277011624843]
M0 is 126.5764761446293
MY1 is 172.2830548016551
MY2 is 172.1969132742543
10832950.41251338 202096.227074308 2658919.220476034 186912.675263271
2016/2032
[5.484991217573635, 5.485134114599239]
M0 is 126.5747896932063
MY1 is 172.2812056113389
MY2 is 172.1950650085332
11699348.50679953 201861.7446058883 6823145.596347266 194071.2394773652
2023/2032
[5.485134114599239, 5.485277011624843]
M0 is 126.5764761446293
MY1 is 172.2830548016551
MY2 is 172.1969132742543
7175056.662642009 194280.0468423836 2658919.220476034 186912.675263271
6/2032
[5.484991217573635, 5.485062666086437]
M0 is 126.5739464607569
MY1 is 172.2802810060102
MY2 is 172.1941408655072
17313725.46111099 201202.7949399434 17320316.16286595 197272.5640008737
2027/2032
[5.485062666086437, 5.485134114599239]
M0 is 126.5747896932063
MY1 is 172.2812056113389
MY2 is 172.1950650085332
33426421.89216687 197908.3699008892 6823145.596347266 194071.2394773652
3/2032
[5.484991217573635, 5.485026941830036]
M0 is 126.5735248428478
MY1 is 172.2798187008033
MY2 is 172.1936787914529
14448394.53523271 201406.5280970568 85982099.24939406 199421.918421406
4/2032
[5.485026941830036, 5.485062666086437]
M0 is 126.5739464607569
MY1 is 172.2802810060102
MY2 is 172.1941408655072
5986944333.71044 199222.9733667542 17320316.16286595 197272.5640008737
2030/2032
[5.485026941830036, 5.485044803958236]
M0 is 126.5737356519427
MY1 is 172.2800498536186
MY2 is 172.1939098286918
552408872.9631672 199118.4505906191 32543730.44016349 198140.4962567122
0/2032
[5.485044803958236, 5.485062666086437]
M0 is 126.5739464607569
MY1 is 172.2802810060102
MY2 is 172.1941408655072
34788371.59427529 198244.1315307216 17320316.16286595 197272.5640008737
0/2032
D = 3
[5.498949584893632, 5.501220809214312]
M0 is 126.7646007131729
MY1 is 180.9361172219528
MY2 is 171.7656454207582
7459.299537615534 181699.0916368679 5585.354626607051 56564.28080364161
185/2043
[5.501220809214312, 5.503492033534992]
M0 is 126.7913943907423
MY1 is 180.87614856583
MY2 is 180.7857104915471
5083.928915600714 6770.974408579722 4321.911387989515 4961.136909227374
195/2043
D = 3
[5.526092597557176, 5.528341592325088]
M0 is 127.0844621585169
MY1 is 170.9593948846567
MY2 is 170.8739151872143
46640.14463913276 68546.06932433479 46320.02126464405 69430.53252956914
72/2050
[5.528341592325088, 5.530590587093]
M0 is 127.1109785677193
MY1 is 170.9344323269276
MY2 is 170.8489651107642
158313.2602635249 365408.3461779545 142858.3762743405 189237.688581663
37/2050
D = 3
[5.535081272140317, 5.537322977211312]
M0 is 127.1903488313751
MY1 is 179.3603088575471
MY2 is 179.2706287031183
16518.32597056051 14752.44901342941 27889.09510302524 28186.06857803335
530/2051
[5.537322977211312, 5.539564682282307]
M0 is 127.2167744209968
MY1 is 179.3004252786287
MY2 is 179.2107750659894
28939.44180524933 137302.7798656579 212849.220393038 39584.17445250078
1846/2052
[5.537322977211312, 5.538443829746809]
M0 is 127.2035619035722
MY1 is 179.2855273869133
MY2 is 179.1958846232198
28403.72863161627 85059.98037355651 48815.76943029099 176204.6022803587
1921/2051
[5.538443829746809, 5.539564682282307]
M0 is 127.2167744209968
MY1 is 179.3004252786287
MY2 is 179.2107750659894
52218.00226760343 100100.197084152 212849.220393038 39584.17445250078
98/2052
[5.537322977211312, 5.537883403479061]
M0 is 127.1969552283737
MY1 is 179.2780777882736
MY2 is 179.1884387493795
27429.1499769236 89293.50259795896 34342.75912148894 439485.6336010508
57/2051
[5.537883403479061, 5.538443829746809]
M0 is 127.2035619035722
MY1 is 179.2855273869133
MY2 is 179.1958846232198
36061.13645282649 356124.6887425553 48815.76943029099 176204.6022803587
1983/2051
[5.537883403479061, 5.538163616612935]
M0 is 127.2002586006801
MY1 is 179.2818026419917
MY2 is 179.1921617406707
36290.11470533325 388654.618676138 41874.91462889696 581040.5847138133
2015/2051
[5.538163616612935, 5.538443829746809]
M0 is 127.2035619035722
MY1 is 179.2855273869133
MY2 is 179.1958846232198
41527.51930232065 670218.7932356106 48815.76943029099 176204.6022803587
34/2051
[5.537883403479061, 5.538023510045997]
M0 is 127.1986072011204
MY1 is 179.2799407030439
MY2 is 179.1903007326924
36385.32669977923 415520.3022867101 39001.17041866329 4052688.649798892
17/2051
[5.538023510045997, 5.538163616612935]
M0 is 127.2002586006801
MY1 is 179.2818026419917
MY2 is 179.1921617406707
38893.79689035381 2430860.03610794 41874.91462889696 581040.5847138133
2030/2051
[5.538023510045997, 5.538093563329467]
M0 is 127.1994329030689
MY1 is 179.2808716759165
MY2 is 179.1912312400785
38905.54155999862 2876279.778931783 40344.28814073444 1385578.261657291
2035/2051
[5.538093563329467, 5.538163616612935]
M0 is 127.2002586006801
MY1 is 179.2818026419917
MY2 is 179.1921617406707
40332.20909405412 1518636.67286114 41874.91462889696 581040.5847138133
6/2051
[5.538023510045997, 5.538058536687732]
M0 is 127.1990200526368
MY1 is 179.2804061903298
MY2 is 179.1907659872347
36426.82889653544 3175543.373826314 37031.83675028802 4532059.960945288
2044/2051
[5.538058536687732, 5.538093563329467]
M0 is 127.1994329030689
MY1 is 179.2808716759165
MY2 is 179.1912312400785
39612.54943359064 5320949.427329189 40344.28814073444 1385578.261657291
9/2051
[5.538023510045997, 5.538041023366865]
M0 is 127.1988133490977
MY1 is 179.2801729725882
MY2 is 179.1905328861019
38970.00419888185 3816219.277956843 39321.7058791161 168395159.0822132
2046/2051
[5.538041023366865, 5.538058536687732]
M0 is 127.1990200526368
MY1 is 179.2804061903298
MY2 is 179.1907659872347
36726.97647480107 21321820.15168554 37031.83675028802 4532059.960945288
2048/2051
Likely eigenvalue [5.538023510045997, 5.538041023366865]
Likely eigenvalue [5.538041023366865, 5.538058536687732]
D = 3
[5.552971556249752, 5.555198857526308]
M0 is 127.4010391896024
MY1 is 178.6243108194689
MY2 is 178.5349986640592
5320.041872366368 5482.715156988238 5600.138980219921 5510.86027010932
77/2057
[5.555198857526308, 5.557426158802865]
M0 is 127.4272855106354
MY1 is 178.5644320236929
MY2 is 178.475149807681
5565.209666130181 6785.711884175588 5949.553989143905 7362.759189641611
63/2057
D = 3
[5.56187363153166, 5.564093817214316]
M0 is 127.5058489834385
MY1 is 216.6959463364999
MY2 is 216.5875983633317
36119.14766535124 26359.37676271697 99177.73888150718 734663.8057451884
1211/2057
[5.564093817214316, 5.56631400289697]
M0 is 127.5320068443249
MY1 is 216.6222125779032
MY2 is 216.5139014716142
184773.2439637541 10592.74755310599 26166.19051373371 17018.21339346967
177/2057
[5.56187363153166, 5.562983724372987]
M0 is 127.4927700799327
MY1 is 216.6953819714421
MY2 is 216.5870342804564
40690.43799596729 50870.0404287143 161951.9592183965 5258930.88699201
1946/2057
[5.562983724372987, 5.564093817214316]
M0 is 127.5058489834385
MY1 is 216.6959463364999
MY2 is 216.5875983633317
120825.4432374541 56118.3163549458 99177.73888150718 734663.8057451884
238/2057
[5.56187363153166, 5.562428677952324]
M0 is 127.4862302187639
MY1 is 216.6863818128347
MY2 is 178.288370216041
38933.53701068219 8329.725695207593 60824.44618120156 8574.182385585475
111/2057
[5.562428677952324, 5.562983724372987]
M0 is 127.4927700799327
MY1 is 216.6483673383222
MY2 is 178.2570921142578
41805.47691605494 10498.50190962372 69865.30319231762 10770.78589161974
139/2057
D = 3
[5.592808673611294, 5.595004395455772]
M0 is 127.8699227809404
MY1 is 215.3842075456037
MY2 is 215.2765154418309
slurmstepd: error: *** JOB 3314635 ON c109 CANCELLED AT 2025-02-18T10:32:45 DUE TO TIME LIMIT ***
