/mmfs1/data/mossea/Documents/bianchi-maass-forms/cmake-build-release
c109
Tue Feb 18 10:39:44 EST 2025
mode = coarse
d = 163
symClass = D
D = 0
leftEndpoint = -0.4
rightEndpoint = 5.94388
Range already complete.
mode = medium
d = 163
symClass = D
D = 0
D = 3
[5.592808673611294, 5.595004395455772]
M0 is 127.8699227809404
MY1 is 215.3842075456037
MY2 is 215.2765154418309
38043.49013741718 2796364.307556809 14698.87671161699 24121.63661166541
118/2078
[5.595004395455772, 5.597200117300252]
M0 is 127.8957755804723
MY1 is 215.3051581937784
MY2 is 215.1975056146815
19280.43653859574 186993.9134095735 11932.71453588337 35707.89564440093
230/2080
D = 3
[5.605962391339946, 5.608147833315833]
M0 is 128.024659892753
MY1 is 214.7257376978698
MY2 is 214.6183748290209
8010.506156343992 6856.480363859644 12031.273954051 9544.377638973636
1897/2085
[5.608147833315833, 5.610333275291721]
M0 is 128.0503853197771
MY1 is 214.5949465515116
MY2 is 214.4876490782358
8538.916118006713 19847.00745327535 15138.92456656499 15484.95898967916
240/2087
[5.605962391339946, 5.60705511232789]
M0 is 128.0117972462235
MY1 is 214.8156655892221
MY2 is 214.7082577564275
11677.0089182723 8142.07569232735 16772.4087658819 9862.817568453966
28/2085
[5.60705511232789, 5.608147833315833]
M0 is 128.024659892753
MY1 is 214.7257376978698
MY2 is 214.6183748290209
9457.540036192573 7912.753662769263 12031.273954051 9544.377638973636
1922/2085
[5.60705511232789, 5.607601472821861]
M0 is 128.018228425519
MY1 is 214.7169974173901
MY2 is 214.6096389186814
9746.223402218891 7924.32169961232 10987.42933194478 8653.38272774325
41/2085
[5.607601472821861, 5.608147833315833]
M0 is 128.024659892753
MY1 is 214.7257376978698
MY2 is 214.6183748290209
10552.3592335477 8635.420233411707 12031.273954051 9544.377638973636
1919/2085
[5.607601472821861, 5.607874653068848]
M0 is 128.0214441923281
MY1 is 214.7213676196691
MY2 is 214.6140069358592
11177.21336576906 8642.550793209397 12018.40166643307 9072.006051485607
59/2085
[5.607874653068848, 5.608147833315833]
M0 is 128.024659892753
MY1 is 214.7257376978698
MY2 is 214.6183748290209
11234.1645245418 9062.928075781301 12031.273954051 9544.377638973636
1858/2085
[5.607874653068848, 5.60801124319234]
M0 is 128.0230520508386
MY1 is 214.7235526742792
MY2 is 214.6161908979421
11730.62742599227 9013.115280691811 12169.87225937511 9237.123187112331
1362/2085
[5.60801124319234, 5.608147833315833]
M0 is 128.024659892753
MY1 is 214.7257376978698
MY2 is 214.6183748290209
11616.78756610592 9296.358189372168 12031.273954051 9544.377638973636
1349/2085
[5.607874653068848, 5.607942948130594]
M0 is 128.0222481236578
MY1 is 214.7224601508516
MY2 is 214.6150989207762
11736.49642697868 9014.095492305105 11951.79412858059 9124.678571536029
108/2085
[5.607942948130594, 5.60801124319234]
M0 is 128.0230520508386
MY1 is 214.7235526742792
MY2 is 214.6161908979421
11945.59439967524 9123.483172416558 12169.87225937511 9237.123187112331
1251/2085
[5.607942948130594, 5.607977095661467]
M0 is 128.0226503644885
MY1 is 214.7230069714119
MY2 is 214.6156454679262
11949.26113064724 9183.147800976967 12060.29302247228 9242.117201978885
162/2085
[5.607977095661467, 5.60801124319234]
M0 is 128.0230520508386
MY1 is 214.7235526742792
MY2 is 214.6161908979421
12056.53598717667 9179.886058976555 12169.87225937511 9237.123187112331
1046/2085
[5.607977095661467, 5.607994169426904]
M0 is 128.022851207793
MY1 is 214.7232798230875
MY2 is 214.6159181831759
12302.67661613874 9180.571021879929 12363.23089166152 9209.091022345088
642/2085
[5.607994169426904, 5.60801124319234]
M0 is 128.0230520508386
MY1 is 214.7235526742792
MY2 is 214.6161908979421
12112.90045572959 9208.399305410809 12169.87225937511 9237.123187112331
667/2085
Likely eigenvalue [5.607977095661467, 5.607994169426904]
Likely eigenvalue [5.607994169426904, 5.60801124319234]
[5.60801124319234, 5.608079538254087]
M0 is 128.0238559738704
MY1 is 214.724645189952
MY2 is 214.617282867357
11623.22175455436 9234.371643365841 11826.57669273568 9351.310039531099
1032/2085
[5.608079538254087, 5.608147833315833]
M0 is 128.024659892753
MY1 is 214.7257376978698
MY2 is 214.6183748290209
11819.8329423191 9418.468329481319 12031.273954051 9544.377638973636
127/2085
[5.60801124319234, 5.608045390723214]
M0 is 128.0234542895935
MY1 is 214.7240994909596
MY2 is 214.6167374412142
11627.2920002693 9235.755791447602 11728.03629278325 9293.817823631794
853/2085
[5.608045390723214, 5.608079538254087]
M0 is 128.0238559738704
MY1 is 214.724645189952
MY2 is 214.617282867357
11723.87583029838 9292.407270495527 11826.57669273568 9351.310039531099
181/2085
[5.60801124319234, 5.608028316957776]
M0 is 128.0232534470666
MY1 is 214.7238266407376
MY2 is 214.6164647274173
12166.96343554121 9236.760008399089 12224.52485490983 9265.6941554511
299/2085
[5.608028316957776, 5.608045390723214]
M0 is 128.0234542895935
MY1 is 214.7240994909596
MY2 is 214.6167374412142
11677.41142815004 9264.679432496692 11728.03629278325 9293.817823631794
265/2085
D = 3
[5.610333275291721, 5.612515317306238]
M0 is 128.0760693980023
MY1 is 214.4973949355773
MY2 is 214.3901462381095
15965.91505966565 15971.13110850436 13212.29242173529 12742.41981730764
98/2088
[5.612515317306238, 5.614697359320756]
M0 is 128.1017525587571
MY1 is 214.4244476055385
MY2 is 214.3172353817357
13016.06872039984 33383.85058200327 11081.01182391453 19818.50852483036
685/2088
[5.612515317306238, 5.613606338313497]
M0 is 128.0889112314601
MY1 is 214.4072973486392
MY2 is 214.3000936999649
13135.60005882073 32090.37029241376 11962.19294086438 23808.60109022652
120/2088
[5.613606338313497, 5.614697359320756]
M0 is 128.1017525587571
MY1 is 214.3172353817357
MY2 is 196.1608906742636
24549.14744573886 23147.32923828191 19818.50852483036 39011.92390152579
78/2088
D = 3
[5.614697359320756, 5.616876014566694]
M0 is 128.1273944548553
MY1 is 214.2234428626292
MY2 is 196.0750439897743
34488.39858418428 22796.31421715133 25414.20210751557 181380.9190570615
156/2089
[5.616876014566694, 5.619054669812633]
M0 is 128.1530348910141
MY1 is 214.0439130772761
MY2 is 196.0087278195249
150710.3842881447 56282.05221366361 82077.14671825137 48196.9314452588
1562/2090
[5.616876014566694, 5.617965342189663]
M0 is 128.1402149246347
MY1 is 214.1336602843867
MY2 is 195.9928675353995
20818.22212716772 18378.45709024054 20012.23552169511 13688.37316662486
47/2089
[5.617965342189663, 5.619054669812633]
M0 is 128.1530348910141
MY1 is 196.0281218396015
MY2 is 195.9301077786817
3627935.12549848 29910.62046742027 51607.95234173931 19813.93650471969
332/2090
D = 3
[5.653672419381532, 5.655821174128334]
M0 is 128.5855732584163
MY1 is 176.0583219953602
MY2 is 175.9702928343625
22895.95751939129 22321.05278140016 15347.26879820636 15515.31182181498
145/2107
[5.655821174128334, 5.657969928875135]
M0 is 128.6108421899222
MY1 is 175.9101754399066
MY2 is 175.8222203521866
159937.9014398659 46391.24234892933 29056.05625177141 273614.5183217195
2011/2107
[5.655821174128334, 5.656895551501734]
M0 is 128.5982079639615
MY1 is 175.9842340133002
MY2 is 175.8962418962936
16370.69163331969 122000.0488729013 13715.0011271188 47921.57078594545
85/2107
[5.656895551501734, 5.657969928875135]
M0 is 128.6108421899222
MY1 is 175.9101754399066
MY2 is 175.8222203521866
50919.77451695768 100445.4426446124 29056.05625177141 273614.5183217195
2057/2107
[5.656895551501734, 5.657432740188434]
M0 is 128.6045252058661
MY1 is 175.9912044673575
MY2 is 175.9032088651238
13774.09273504308 49174.74890684555 12694.42043786589 36406.60571573847
39/2107
[5.657432740188434, 5.657969928875135]
M0 is 128.6108421899222
MY1 is 175.9101754399066
MY2 is 175.8222203521866
37183.29434200635 296324.7370326099 29056.05625177141 273614.5183217195
2083/2107
[5.657432740188434, 5.657701334531785]
M0 is 128.6076837301251
MY1 is 175.9946895465446
MY2 is 175.9066922017713
12724.8064246476 36640.59278103515 12240.75661865137 32299.3811287039
18/2107
[5.657701334531785, 5.657969928875135]
M0 is 128.6108421899222
MY1 is 175.9101754399066
MY2 is 175.8222203521866
32650.88812753822 11372744.43309115 29056.05625177141 273614.5183217195
15/2107
D = 3
[5.713253203941076, 5.715357425174114]
M0 is 129.2853115677419
MY1 is 178.3262186435736
MY2 is 178.2370555342518
22176.17012159241 68058.40963973144 15241.87033315183 185636.8234369041
1732/2130
[5.715357425174114, 5.717461646407152]
M0 is 129.3100273597279
MY1 is 178.2689046565846
MY2 is 178.1797702042563
197142.3380766452 40488.54979592586 44462.40989320964 419667.6796148206
151/2130
[5.713253203941076, 5.714305314557595]
M0 is 129.2729530047872
MY1 is 178.3126208274728
MY2 is 178.2234645170591
21607.17086800413 51015.69864171463 17435.81409105094 104247.4852390206
161/2130
[5.714305314557595, 5.715357425174114]
M0 is 129.2853115677419
MY1 is 178.3262186435736
MY2 is 178.2370555342518
17781.96670494471 215180.1095523989 15241.87033315183 185636.8234369041
1918/2130
[5.714305314557595, 5.714831369865855]
M0 is 129.2791324105575
MY1 is 178.3194199277534
MY2 is 178.2302602177895
17551.41295158045 101298.1308264596 16143.97373974595 209435.267089544
99/2130
[5.714831369865855, 5.715357425174114]
M0 is 129.2853115677419
MY1 is 178.3262186435736
MY2 is 178.2370555342518
16324.82976440995 2376445.218087473 15241.87033315183 185636.8234369041
121/2130
D = 3
[5.717461646407152, 5.719562774490822]
M0 is 129.3347059641561
MY1 is 178.1946038074365
MY2 is 178.1055065055328
209694.8760712037 52050.42030537679 81082.92804308646 382195.0151570693
90/2130
[5.719562774490822, 5.721663902574492]
M0 is 129.359383899004
MY1 is 178.1664473396025
MY2 is 178.0773641159328
403626.3864668717 283595.8551844052 72309.17693635054 103418.1376662959
2018/2130
[5.719562774490822, 5.720613338532656]
M0 is 129.3470448779597
MY1 is 178.1526783675168
MY2 is 178.063602028333
1940277.210698336 198101.0218822009 111120.1760677532 384230.2681491542
2059/2130
[5.720613338532656, 5.721663902574492]
M0 is 129.359383899004
MY1 is 178.1664473396025
MY2 is 178.0773641159328
151573.2205518785 254162.3563183628 72309.17693635054 103418.1376662959
40/2130
[5.719562774490822, 5.720088056511739]
M0 is 129.3408755450425
MY1 is 178.1457942200931
MY2 is 178.056721322983
1542617.741242504 208633.2638729313 196026.2931070449 1262986.078189991
47/2130
[5.720088056511739, 5.720613338532656]
M0 is 129.3470448779597
MY1 is 178.1526783675168
MY2 is 178.063602028333
201004.8155059781 970854.7309227736 111120.1760677532 384230.2681491542
2102/2130
[5.720088056511739, 5.720350697522198]
M0 is 129.3439602424972
MY1 is 178.1492363416051
MY2 is 178.0601617234343
201247.2846828941 1085747.606706034 142064.3325925011 1062712.304671515
2111/2130
[5.720350697522198, 5.720613338532656]
M0 is 129.3470448779597
MY1 is 178.1526783675168
MY2 is 178.063602028333
141962.5745000297 1196453.818815327 111120.1760677532 384230.2681491542
7/2130
[5.720088056511739, 5.720219377016969]
M0 is 129.3424179015189
MY1 is 178.1475152927988
MY2 is 178.0584415351524
197794.1078537891 1157848.329798708 163836.0350336129 12825135.18179439
2117/2130
[5.720219377016969, 5.720350697522198]
M0 is 129.3439602424972
MY1 is 178.1492363416051
MY2 is 178.0601617234343
166169.0015545601 45051962.27398364 142064.3325925011 1062712.304671515
7/2130
[5.720088056511739, 5.720153716764354]
M0 is 129.3416470000231
MY1 is 178.1466552155911
MY2 is 178.0575818879833
197259.3255721286 1197034.031324257 178681.5196615182 2764013.502776367
3/2130
[5.720153716764354, 5.720219377016969]
M0 is 129.3424179015189
MY1 is 178.1475152927988
MY2 is 178.0584415351524
179110.0879650255 2565333.58772519 163836.0350336129 12825135.18179439
2121/2130
[5.720153716764354, 5.720186546890662]
M0 is 129.3420327260596
MY1 is 178.1470857110986
MY2 is 178.058012168243
179216.3152470223 2775394.830436325 171207.4839129514 7956446.539896979
6/2130
[5.720186546890662, 5.720219377016969]
M0 is 129.3424179015189
MY1 is 178.1475152927988
MY2 is 178.0584415351524
171107.5535891437 6445015.674016382 163836.0350336129 12825135.18179439
2126/2130
[5.720186546890662, 5.720202961953815]
M0 is 129.3422250391058
MY1 is 178.1473000459789
MY2 is 178.0582263959559
170874.1545120628 7514737.631433247 167163.3988630336 61313891.32361363
1/2130
[5.720202961953815, 5.720219377016969]
M0 is 129.3424179015189
MY1 is 178.1475152927988
MY2 is 178.0584415351524
167386.7760093529 26039903.64488424 163836.0350336129 12825135.18179439
2127/2130
Likely eigenvalue [5.720202961953815, 5.720219377016969]
D = 3
[5.721663902574492, 5.72376194885091]
M0 is 129.3840241688917
MY1 is 178.0782261169363
MY2 is 177.9891870038778
418954.9679988242 44176.85929132373 128554.9631423056 43025.5933611879
767/2130
[5.72376194885091, 5.725859995127329]
M0 is 129.4086637784587
MY1 is 178.0222132747425
MY2 is 177.9332021681051
53358.13037600202 24401.15984839747 145537.0274114088 22195.5570157408
781/2131
[5.721663902574492, 5.722712925712701]
M0 is 129.3717039790266
MY1 is 178.0646977733434
MY2 is 177.9756654244567
613900.7980393657 43520.10279952487 141643.6192956636 42194.38869171947
464/2130
[5.722712925712701, 5.72376194885091]
M0 is 129.3840241688917
MY1 is 178.0551154691958
MY2 is 177.9660879114612
80517.30565259876 37306.43546742092 155642.3788508459 36456.83262594583
1596/2130
[5.722712925712701, 5.723237437281806]
M0 is 129.3778641976185
MY1 is 178.0483123269393
MY2 is 177.9592881707758
94969.34011293543 36740.69302579432 132615.8131095241 36202.35128242554
1588/2130
[5.723237437281806, 5.72376194885091]
M0 is 129.3840241688917
MY1 is 178.0551154691958
MY2 is 177.9660879114612
108417.8808508466 36797.01753584675 155642.3788508459 36456.83262594583
291/2130
[5.722712925712701, 5.722975181497253]
M0 is 129.3747841192374
MY1 is 178.0449106127284
MY2 is 177.9558881574221
95692.48114687789 36818.54279529434 112233.0887616329 36531.77066019829
1504/2130
[5.722975181497253, 5.723237437281806]
M0 is 129.3778641976185
MY1 is 178.0483123269393
MY2 is 177.9592881707758
111282.2405358663 36454.69014977814 132615.8131095241 36202.35128242554
124/2130
[5.722712925712701, 5.722844053604977]
M0 is 129.3732440568607
MY1 is 178.0432097198521
MY2 is 177.9541881149923
96153.40106965016 36557.9991998957 103967.1136616154 36410.93164747513
528/2130
[5.722844053604977, 5.722975181497253]
M0 is 129.3747841192374
MY1 is 178.0449106127284
MY2 is 177.9558881574221
103434.0395612775 36671.37235317167 112233.0887616329 36531.77066019829
982/2130
[5.722844053604977, 5.722909617551115]
M0 is 129.3740143647393
MY1 is 178.0440606281331
MY2 is 177.9550385978191
103800.2991776801 36376.90215637691 108083.6020032642 36306.31050953025
708/2130
[5.722909617551115, 5.722975181497253]
M0 is 129.3747841192374
MY1 is 178.0449106127284
MY2 is 177.9558881574221
107689.3447555622 36600.56947583847 112233.0887616329 36531.77066019829
272/2130
[5.722844053604977, 5.722876835578045]
M0 is 129.373629486042
MY1 is 178.0436356336015
MY2 is 177.9546138157847
103930.5772949182 36410.13999563053 106042.2439871056 36374.55800584971
397/2130
[5.722876835578045, 5.722909617551115]
M0 is 129.3740143647393
MY1 is 178.0440606281331
MY2 is 177.9550385978191
105907.1646249026 36341.35820694084 108083.6020032642 36306.31050953025
312/2130
[5.72376194885091, 5.72481097198912]
M0 is 129.3963444683843
MY1 is 178.0085598249643
MY2 is 177.9195555450518
57110.4409033576 24536.31644926308 91665.26121202706 23135.54594765493
268/2131
[5.72481097198912, 5.725859995127329]
M0 is 129.4086637784587
MY1 is 178.0222132747425
MY2 is 177.9332021681051
84116.36725776216 22895.30016408549 145537.0274114088 22195.5570157408
552/2131
D = 3
[5.730049946617099, 5.732141863040304]
M0 is 129.4824321030521
MY1 is 177.807737896609
MY2 is 177.7188340276607
30233.49256572802 46750.80752355626 88289.83512253495 138089.3781218627
214/2133
[5.732141863040304, 5.734233779463509]
M0 is 129.5069953051189
MY1 is 177.7386208416606
MY2 is 177.6497515312398
453479.3077837101 49332.60492414539 60105.3185584436 478457.4636539196
131/2135
D = 3
[5.746748788385823, 5.748828578321922]
M0 is 129.678340215709
MY1 is 177.3128150124902
MY2 is 177.224158604984
19562.50323477988 23029.25866641089 33866.20638012163 50874.14465294691
159/2142
[5.748828578321922, 5.750908368258021]
M0 is 129.7027532088531
MY1 is 177.2509450603631
MY2 is 177.162319587833
62914.37296492229 19963.46429541411 150336.525741303 40060.73626377794
2079/2142
[5.748828578321922, 5.749868473289972]
M0 is 129.6905469252434
MY1 is 177.2375521249564
MY2 is 177.148933348894
51633.91661573412 19908.81564373193 134068.4446165123 26469.99610659876
39/2142
[5.749868473289972, 5.750908368258021]
M0 is 129.7027532088531
MY1 is 177.162319587833
MY2 is 177.0737384280391
26531.22832122673 28632.07748313471 40060.73626377794 43162.27171689992
79/2142
D = 3
[5.750908368258021, 5.752985153952031]
M0 is 129.7271301294311
MY1 is 177.0583012400818
MY2 is 173.2912469007269
36331.78461347973 344904.0942788277 133545.9877362455 127080.9729232341
48/2145
[5.752985153952031, 5.755061939646041]
M0 is 129.751505904474
MY1 is 173.2306303501211
MY2 is 173.1440150349461
86529.50549325706 65268.85688802616 67261.33288619769 75920.99466427403
2032/2146
[5.752985153952031, 5.754023546799036]
M0 is 129.739317954541
MY1 is 176.9830693733262
MY2 is 173.2176156509892
22740.03866923918 87706.56485252309 27067.2031450005 74201.63849138678
1937/2146
[5.754023546799036, 5.755061939646041]
M0 is 129.751505904474
MY1 is 173.2306303501211
MY2 is 173.1440150349461
73604.40828744226 70559.37838764746 67261.33288619769 75920.99466427403
41/2146
[5.752985153952031, 5.753504350375534]
M0 is 129.7332241634876
MY1 is 176.9764209175147
MY2 is 173.2111086462938
22714.75161617058 89892.80101414514 24624.08133712575 82416.05562661249
1829/2145
[5.753504350375534, 5.754023546799036]
M0 is 129.739317954541
MY1 is 176.9830693733262
MY2 is 173.2176156509892
24648.13955977574 80103.38679407192 27067.2031450005 74201.63849138678
107/2146
[5.752985153952031, 5.753244752163782]
M0 is 129.7301769025948
MY1 is 177.0616269080489
MY2 is 176.9730960945949
122777.4099586218 22686.81948774897 158218.962995446 23576.24680257581
749/2145
[5.753244752163782, 5.753504350375534]
M0 is 129.7332241634876
MY1 is 176.9764209175147
MY2 is 173.2111086462938
23614.3237362227 85959.75527582137 24624.08133712575 82416.05562661249
1398/2145
[5.752985153952031, 5.753114953057906]
M0 is 129.7286535236057
MY1 is 177.0599640857017
MY2 is 176.9714341036589
132434.0546361102 22696.9014172977 151256.0256917452 23133.77114642922
784/2145
[5.753114953057906, 5.753244752163782]
M0 is 129.7301769025948
MY1 is 177.0616269080489
MY2 is 176.9730960945949
138856.8162382162 23118.9309342982 158218.962995446 23576.24680257581
21/2145
[5.752985153952031, 5.753050053504969]
M0 is 129.7278918284166
MY1 is 177.0591326658004
MY2 is 176.9706030994675
132940.0900327555 22692.04668576715 141943.869955693 22907.49232639575
725/2145
[5.753050053504969, 5.753114953057906]
M0 is 129.7286535236057
MY1 is 177.0599640857017
MY2 is 176.9714341036589
141370.4535406323 22912.23590115403 151256.0256917452 23133.77114642922
64/2145
[5.752985153952031, 5.7530176037285]
M0 is 129.7275109793983
MY1 is 177.0587169536679
MY2 is 176.970187595191
133198.310509229 22694.85459589654 137604.5899163192 22801.81935279985
591/2145
[5.7530176037285, 5.753050053504969]
M0 is 129.7278918284166
MY1 is 177.0591326658004
MY2 is 176.9706030994675
137329.1411351193 22799.00648546234 141943.869955693 22907.49232639575
135/2145
[5.753244752163782, 5.753374551269658]
M0 is 129.7317008148738
MY1 is 176.9747589731089
MY2 is 173.2094820610598
23616.60714281928 86086.33630494626 24107.50957125764 84252.57953091584
1161/2145
[5.753374551269658, 5.753504350375534]
M0 is 129.7332241634876
MY1 is 176.9764209175147
MY2 is 173.2111086462938
24104.45853427124 84136.39904791371 24624.08133712575 82416.05562661249
235/2145
[5.753244752163782, 5.75330965171672]
M0 is 129.7309391348724
MY1 is 177.0624592217935
MY2 is 176.9739279921827
222955.2890146436 23609.98224418153 243149.4813594199 23851.87461637647
9/2145
[5.75330965171672, 5.753374551269658]
M0 is 129.7317008148738
MY1 is 176.9747589731089
MY2 is 173.2094820610598
23858.49238511899 85156.71379279897 24107.50957125764 84252.57953091584
516/2145
D = 3
[5.755061939646041, 5.75713573192353]
M0 is 129.7758456758596
MY1 is 173.154477926373
MY2 is 173.0679006874098
69671.60350801972 57875.54337961376 78691.87742322075 65917.86157709629
1506/2146
[5.75713573192353, 5.759209524201017]
M0 is 129.8001843107149
MY1 is 173.0940637177075
MY2 is 173.0075166858487
74382.90781795054 95067.23042786308 88852.64667234269 135194.3006369287
89/2148
[5.755061939646041, 5.756098835784785]
M0 is 129.7636757265234
MY1 is 173.1774003000683
MY2 is 173.0908115999183
73360.23199989706 60942.09623137072 80106.26749517172 60688.72739147214
132/2146
[5.756098835784785, 5.75713573192353]
M0 is 129.7758456758596
MY1 is 173.154477926373
MY2 is 173.0679006874098
72849.44441462155 62006.48199968148 78691.87742322075 65917.86157709629
781/2146
[5.756098835784785, 5.756617283854157]
M0 is 129.7697605482028
MY1 is 173.1479332108638
MY2 is 173.0613592442584
72608.94881768711 62005.05367815425 75050.48148143917 63949.60126868427
536/2146
[5.756617283854157, 5.75713573192353]
M0 is 129.7758456758596
MY1 is 173.154477926373
MY2 is 173.0679006874098
75302.09710798878 63990.45333794547 78691.87742322075 65917.86157709629
257/2146
D = 3
[5.759209524201017, 5.761280333825269]
M0 is 129.8244870104559
MY1 is 173.0441788234119
MY2 is 172.9576567340002
135363.4302452294 89461.92990465865 183235.1300164077 127944.2793978067
135/2148
[5.761280333825269, 5.76335114344952]
M0 is 129.8487885826404
MY1 is 172.9838048485236
MY2 is 172.8973129460993
120046.3636324319 107037.6401599029 217855.580130166 158810.6382835087
531/2148
D = 3
[5.76335114344952, 5.765418981122034]
M0 is 129.8730542878908
MY1 is 172.923409331389
MY2 is 172.8369476267233
168599.1557894979 133206.7949910818 445867.4335541743 109031.2184097562
125/2148
[5.765418981122034, 5.767486818794548]
M0 is 129.8973194225207
MY1 is 172.8892343941987
MY2 is 172.8027897770016
115632.7626005034 100947.2244056257 87381.83682589376 96765.04410628423
523/2150
D = 3
[5.792177232132077, 5.794224560695132]
M0 is 130.2109825121311
MY1 is 176.1064860994757
MY2 is 176.018432856426
16685.39807815674 17877.74435634956 22932.8183836596 21898.96589012324
254/2158
[5.794224560695132, 5.796271889258187]
M0 is 130.2349930596761
MY1 is 175.9564381863236
MY2 is 175.8684599672304
29464.53311498372 27961.44348959452 31135.56963040143 31665.65389894941
1873/2158
[5.794224560695132, 5.795248224976659]
M0 is 130.2229879865447
MY1 is 176.0314469076462
MY2 is 175.9434311841924
22083.74575768064 30849.7836061625 24819.13489977307 32376.29650763916
155/2158
[5.795248224976659, 5.796271889258187]
M0 is 130.2349930596761
MY1 is 175.9564381863236
MY2 is 175.8684599672304
30539.56614863011 29966.7866820818 31135.56963040143 31665.65389894941
1882/2158
[5.795248224976659, 5.795760057117423]
M0 is 130.2289909151692
MY1 is 175.9499353148432
MY2 is 175.8619603471858
32199.17450567471 27440.61984674034 32771.40017153804 28116.98164245621
1912/2158
[5.795760057117423, 5.796271889258187]
M0 is 130.2349930596761
MY1 is 175.9564381863236
MY2 is 175.8684599672304
30910.62397715852 30874.3247292636 31135.56963040143 31665.65389894941
929/2158
[5.795248224976659, 5.795504141047042]
M0 is 130.2259892069775
MY1 is 175.9466828450955
MY2 is 175.8587095036729
32798.2634472172 30154.48967340708 33106.36555505391 30619.44577674097
573/2158
[5.795504141047042, 5.795760057117423]
M0 is 130.2289909151692
MY1 is 175.9499353148432
MY2 is 175.8619603471858
32505.19135150377 27788.95533968395 32771.40017153804 28116.98164245621
1788/2158
[5.795504141047042, 5.795632099082233]
M0 is 130.2274900684841
MY1 is 175.9483090912306
MY2 is 175.860334936685
32566.7053964648 30587.43752772613 32704.8798538148 30811.0571683452
433/2158
[5.795632099082233, 5.795760057117423]
M0 is 130.2289909151692
MY1 is 175.9499353148432
MY2 is 175.8619603471858
32643.5429532681 27955.73992212411 32771.40017153804 28116.98164245621
776/2158
[5.795632099082233, 5.795696078099828]
M0 is 130.2282402201647
MY1 is 175.9491217563981
MY2 is 175.8611471955199
32700.59304495964 30787.57218032433 32765.97814611211 30896.89460734289
139/2158
[5.795696078099828, 5.795760057117423]
M0 is 130.2289909151692
MY1 is 175.9499353148432
MY2 is 175.8619603471858
32708.81614570189 28037.08271250443 32771.40017153804 28116.98164245621
167/2158
[5.795760057117423, 5.796015973187805]
M0 is 130.2319920170567
MY1 is 175.9531867956125
MY2 is 175.8652102022147
34314.18656649085 30925.68128572176 34511.36438456582 31337.96911379312
184/2158
[5.796015973187805, 5.796271889258187]
M0 is 130.2349930596761
MY1 is 175.9564381863236
MY2 is 175.8684599672304
31042.75764638909 31287.06012466935 31135.56963040143 31665.65389894941
325/2158
D = 3
[5.812592950391932, 5.814625937519441]
M0 is 130.4502037857681
MY1 is 171.4883189429865
MY2 is 171.402574783515
580834.2143860587 280133.6835299525 110510.2149049112 596422.531989916
2111/2166
[5.814625937519441, 5.816658924646951]
M0 is 130.4740369698349
MY1 is 207.7242063297236
MY2 is 171.4279827512392
129700.4689484354 1838288.069596691 265813.2715208278 189038.5866035508
656/2167
[5.812592950391932, 5.813609443955686]
M0 is 130.4382866080244
MY1 is 171.5613885220343
MY2 is 171.4756078277733
10212.28832236888 500835.3640106512 10459.41811415179 173857.0329464539
158/2166
[5.813609443955686, 5.814625937519441]
M0 is 130.4502037857681
MY1 is 207.7973174247878
MY2 is 171.4883189429865
56382.0817336699 182441.6033109233 48639.14333957599 110510.2149049112
68/2166
[5.814625937519441, 5.815642431083196]
M0 is 130.462120573073
MY1 is 207.708812861326
MY2 is 171.501029540808
133244.8537926211 11209.55735023334 188788.3491490672 11562.95744854268
76/2166
[5.815642431083196, 5.816658924646951]
M0 is 130.4740369698349
MY1 is 207.7242063297236
MY2 is 171.4279827512392
187984.0295151932 331276.9324327008 265813.2715208278 189038.5866035508
134/2167
D = 3
[5.828822867504941, 5.83084456076535]
M0 is 130.6403115523411
MY1 is 207.1565892767798
MY2 is 207.0530109821414
231160.5707633923 68697.60669505334 1068510.126410594 138298.0833852695
85/2173
[5.83084456076535, 5.832866254025758]
M0 is 130.6640049020245
MY1 is 207.0657324449942
MY2 is 206.9621995787717
56563.87608646935 746315.1966434186 100675.0292289251 87187.4103652271
2090/2175
[5.83084456076535, 5.831855407395554]
M0 is 130.6521586911434
MY1 is 207.0506397932317
MY2 is 206.9471144733351
58798.19416375104 893182.1260195826 77769.70679708675 183972.3005369276
2124/2173
[5.831855407395554, 5.832866254025758]
M0 is 130.6640049020245
MY1 is 207.0727464405633
MY2 is 206.969210067343
73133.92153246565 188216.1275306664 99852.78804031479 86062.10905757434
35/2175
[5.83084456076535, 5.831349984080452]
M0 is 130.6462349648269
MY1 is 207.0430923208881
MY2 is 206.9395707747277
59307.24283345807 823522.9720363214 67829.49418947357 516664.8546758764
2151/2173
[5.831349984080452, 5.831855407395554]
M0 is 130.6521586911434
MY1 is 207.0506397932317
MY2 is 206.9471144733351
67224.07110154594 472462.4517785929 77769.70679708675 183972.3005369276
24/2173
[5.83084456076535, 5.831097272422901]
M0 is 130.6432732875794
MY1 is 207.1428904001661
MY2 is 207.039318954966
2620972.949644163 56328.20675736044 1488102.232077168 59972.5023244902
8/2173
[5.831097272422901, 5.831349984080452]
M0 is 130.6462349648269
MY1 is 207.0430923208881
MY2 is 206.9395707747277
63335.14350702155 2866934.217648102 67829.49418947357 516664.8546758764
7/2173
D = 3
[5.832866254025758, 5.834885148259652]
M0 is 130.6876645797132
MY1 is 206.9682287798441
MY2 is 206.8647446654542
869085.2037817686 4125655.189861037 90133.59637950266 145603.9099491228
238/2175
[5.834885148259652, 5.836904042493546]
M0 is 130.7113232833764
MY1 is 206.9177894701725
MY2 is 206.8143305754374
165741.1913495451 179815.3129444615 62282.66044347755 773335.4174353353
2143/2176
[5.834885148259652, 5.835894595376599]
M0 is 130.6994941215697
MY1 is 206.9030313600719
MY2 is 206.7995798443918
143567.8728123352 210993.9924766428 85754.00622629499 699194.398685423
21/2175
[5.835894595376599, 5.836904042493546]
M0 is 130.7113232833764
MY1 is 206.8815604238868
MY2 is 206.7781196436748
134425.5374432026 131624.3775380729 79662.2626282845 208238.9284575163
20/2176
D = 3
[5.840936252244366, 5.842949577376002]
M0 is 130.7821630821073
MY1 is 206.66208957117
MY2 is 206.5587585263844
1227523.589078695 325703.2709003831 146206.2880329888 134911.5040178743
116/2177
[5.842949577376002, 5.844962902507637]
M0 is 130.8057527025035
MY1 is 206.5889450237663
MY2 is 206.4856505512545
126383.49160806 47539.42127200819 68278.42316327713 54773.97709421099
361/2179
D = 3
[5.844962902507637, 5.846973457457292]
M0 is 130.8293093799214
MY1 is 206.5157799983461
MY2 is 206.4125221083469
95388.9311236958 31772.83514439393 52852.00775170924 31347.92969720066
126/2179
[5.846973457457292, 5.848984012406947]
M0 is 130.8528645623253
MY1 is 206.3394128048291
MY2 is 206.2362430984267
124551.0516221543 69514.39570203313 127640.0449355575 69603.61058711399
775/2179
[5.846973457457292, 5.84797873493212]
M0 is 130.8410868854302
MY1 is 206.427577891513
MY2 is 206.3243641025673
30686.06309374854 124185.1661817523 32688.99485928006 120982.2743820851
190/2179
[5.84797873493212, 5.848984012406947]
M0 is 130.8528645623253
MY1 is 206.3278049815621
MY2 is 206.2246410790714
80841.10372122795 79572.65782895262 84698.21430704468 81925.06548020926
101/2179
D = 3
[5.848984012406947, 5.850991806683899]
M0 is 130.8763868622412
MY1 is 206.3073513910049
MY2 is 206.2041977153093
47827.32413433799 97927.28170405564 56912.14966558497 148347.7386083594
74/2179
[5.850991806683899, 5.85299960096085]
M0 is 130.8999082204172
MY1 is 206.2063024663321
MY2 is 206.1031993150989
46993.07687843646 52409.66365238177 69624.11020399864 64443.37469011057
1794/2179
[5.850991806683899, 5.851995703822374]
M0 is 130.8881474546964
MY1 is 206.1912338581632
MY2 is 206.0881382412342
47615.97195529253 51001.84155330605 55448.54347191762 55970.67353746528
633/2179
[5.851995703822374, 5.85299960096085]
M0 is 130.8999082204172
MY1 is 206.2063024663321
MY2 is 206.1031993150989
54302.31273729172 57546.67081166789 69624.11020399864 64443.37469011057
1207/2179
[5.851995703822374, 5.852497652391612]
M0 is 130.8940276796394
MY1 is 206.1987678479007
MY2 is 206.0956684639767
55033.27083931977 58370.1931189758 61387.15246642024 61549.14944607191
1164/2179
[5.852497652391612, 5.85299960096085]
M0 is 130.8999082204172
MY1 is 206.2063024663321
MY2 is 206.1031993150989
60397.94173220923 60694.43386029953 69624.11020399864 64443.37469011057
53/2179
[5.851995703822374, 5.852246678106994]
M0 is 130.8910878683709
MY1 is 206.1950014213187
MY2 is 206.091903920608
55194.3104430083 55860.12140930416 58095.38250162278 57327.62074325538
862/2179
[5.852246678106994, 5.852497652391612]
M0 is 130.8940276796394
MY1 is 206.1987678479007
MY2 is 206.0956684639767
57905.48850534368 59894.50631571227 61387.15246642024 61549.14944607191
214/2179
[5.851995703822374, 5.852121190964684]
M0 is 130.8896176686984
MY1 is 206.1931176524387
MY2 is 206.0900210936124
55243.27962738095 55914.5695029222 56631.47798795901 56636.1535626441
532/2179
[5.852121190964684, 5.852246678106994]
M0 is 130.8910878683709
MY1 is 206.1950014213187
MY2 is 206.091903920608
56577.34356406591 56579.82600155918 58095.38250162278 57327.62074325538
330/2179
D = 3
[5.85299960096085, 5.855004644022253]
M0 is 130.9233962111502
MY1 is 206.1039854020494
MY2 is 206.0009334093484
70201.37124822586 57411.95479638109 105390.2509516961 99417.39546946838
681/2180
[5.855004644022253, 5.857009687083658]
M0 is 130.9468832681825
MY1 is 206.0326546412295
MY2 is 205.9296383139089
99462.12266094754 73516.04862647069 132021.2234304126 168509.3049616659
499/2182
[5.85299960096085, 5.854002122491551]
M0 is 130.9116521280431
MY1 is 206.0893796708247
MY2 is 205.9863349809893
59988.40081961596 50956.5227855361 66645.34707462623 56813.84328624998
53/2180
[5.854002122491551, 5.855004644022253]
M0 is 130.9233962111502
MY1 is 206.1039854020494
MY2 is 206.0009334093484
81858.36601674382 64967.56843670845 105390.2509516961 99417.39546946838
371/2180
D = 3
[5.876978236033368, 5.878966967531899]
M0 is 131.2040339714018
MY1 is 205.2426069250919
MY2 is 205.1399856216293
18196.70223987651 15249.63762117758 23533.8817893661 19225.81618842707
353/2191
[5.878966967531899, 5.88095569903043]
M0 is 131.227319357398
MY1 is 205.1694994147966
MY2 is 205.0669146650892
18643.61271800543 14774.93725733795 25205.54700307755 19828.73828778398
1797/2191
[5.878966967531899, 5.879961333281164]
M0 is 131.215677115394
MY1 is 205.1547433128077
MY2 is 205.0521659411513
19001.13954171624 14516.49324744268 21813.48654807978 16583.99006426476
1317/2191
[5.879961333281164, 5.88095569903043]
M0 is 131.227319357398
MY1 is 205.1694994147966
MY2 is 205.0669146650892
21445.15203964324 16914.03044275447 25205.54700307755 19828.73828778398
714/2191
[5.878966967531899, 5.879464150406532]
M0 is 131.2098556561465
MY1 is 205.249989660697
MY2 is 205.1473646658667
23010.2024237876 19067.04726986945 24772.73060624989 20375.29888096566
1574/2191
[5.879464150406532, 5.879961333281164]
M0 is 131.215677115394
MY1 is 205.1547433128077
MY2 is 205.0521659411513
20313.98574911098 15477.14835198897 21813.48654807978 16583.99006426476
1068/2191
[5.878966967531899, 5.879215558969216]
M0 is 131.206945114049
MY1 is 205.246298857154
MY2 is 205.1436757077255
23470.62373596879 19079.2165687454 24356.19459261557 19712.13682361442
592/2191
[5.879215558969216, 5.879464150406532]
M0 is 131.2098556561465
MY1 is 205.249989660697
MY2 is 205.1473646658667
23859.18967554578 19700.18328155438 24772.73060624989 20375.29888096566
854/2191
[5.879215558969216, 5.879339854687874]
M0 is 131.2084003921435
MY1 is 205.2481442713458
MY2 is 205.1455201992101
23902.13217803287 19702.66504174567 24349.32518127901 20034.21676965563
623/2191
[5.879339854687874, 5.879464150406532]
M0 is 131.2098556561465
MY1 is 205.249989660697
MY2 is 205.1473646658667
24307.40725877053 20032.2307825521 24772.73060624989 20375.29888096566
235/2191
[5.879464150406532, 5.879712741843848]
M0 is 131.2127661418781
MY1 is 205.1510535247019
MY2 is 205.0484779979396
20098.81872481558 15505.63963752241 20811.60153224446 16040.30482034538
355/2191
[5.879712741843848, 5.879961333281164]
M0 is 131.215677115394
MY1 is 205.1547433128077
MY2 is 205.0521659411513
21037.94071779237 16010.31867995719 21813.48654807978 16583.99006426476
630/2191
[5.879961333281164, 5.880458516155797]
M0 is 131.2214983491445
MY1 is 205.1621215624512
MY2 is 205.05954050167
21775.13483510356 16947.67251470037 23500.75904228391 18286.73657877163
596/2191
[5.880458516155797, 5.88095569903043]
M0 is 131.227319357398
MY1 is 205.1694994147966
MY2 is 205.0669146650892
23176.27960562883 18250.52671208907 25205.54700307755 19828.73828778398
163/2191
D = 3
[5.88492778914272, 5.88691115681047]
M0 is 131.2970452621994
MY1 is 204.9940803217182
MY2 is 204.8915832815574
98505.61097150267 51858.07450940754 122162.565589186 2692268.583540346
1705/2191
[5.88691115681047, 5.888894524478219]
M0 is 131.32026467897
MY1 is 204.9037356765078
MY2 is 204.8012838086695
slurmstepd: error: *** JOB 3320075 ON c109 CANCELLED AT 2025-02-22T10:39:48 DUE TO TIME LIMIT ***
