/mmfs1/data/mossea/Documents/bianchi-maass-forms/cmake-build-release
c116
Fri Feb 21 13:14:56 EST 2025
mode = coarse
d = 43
symClass = C
D = 0
leftEndpoint = -0.4
rightEndpoint = 15
Range already complete.
mode = medium
d = 43
symClass = C
D = 0
Range already complete.
mode = fine
d = 43
symClass = C
D = 0
D = 9.5
[14.8225009158146, 14.82251822315376]
33255.982040681 66852.36832623939 33290.93392328891 66821.9240029491
14.8225009158146
14.82251822315376
14.82251763040866
1/2567, 0/2567
Sign changes no longer useful, stopping.
D = 9.703125
[14.82692920601083, 14.8269465030096]
2355663.561996206 32611.29741962066 2366181.93434678 32623.64710877587
14.82692920601083
14.8269465030096
ZERO SIGN CHANGES DETECTED. CONDUCT FURTHER INVESTIGATION
[14.82692920601083, 14.8269465030096]
!!!!!!!!!!!!!!!!!!!!!!!!!!!!!!!!!!!!!!!!!!!!!!!!!!!!!!!!!!!!!!!!!
D = 9.75390625
[14.8269465030096, 14.82696380000838]
16553.49510392185 15975.54206947855 16587.36152023069 15995.53246833522
14.8269465030096
14.82696380000838
14.8269547295125
0/2637, 1/2637
Sign changes no longer useful, stopping.
D = 10.2109375
[14.83225348131217, 14.83227075767643]
49592.9922397495 386426.044818293 49672.98357938279 371879.868776615
14.83225348131217
14.83227075767643
14.83225978259459
2/2775, 2/2775
Sign changes no longer useful, stopping.
D = 9.90625
[14.84816880568301, 14.84818605121057]
52913.79698435286 13927.02866615976 53182.00401061094 13944.15016167338
14.84816880568301
14.84818605121057
14.8481830194693
1/2680, 1/2680
Sign changes no longer useful, stopping.
D = 10.109375
[14.91790071794857, 14.91791780130792]
311155.9724915596 26506.9301874882 314386.7081707417 26625.53796897154
14.91790071794857
14.91791780130792
14.91790473535965
1/2762, 2761/2762
14.91790476339821
14/2762, 2747/2762
14.91790476379006
2728/2762, 19/2762
14.91790476359548
1362/2762, 1366/2762
Sign changes no longer useful, stopping.
D = 10.109375
[14.9238262514344, 14.92384332478451]
289225.8492706646 28217.62422912162 286425.5508444495 28195.10066627812
14.9238262514344
14.92384332478451
14.9238342902738
2762/2763, 0/2763
14.92383426269876
2743/2763, 19/2763
14.92383426253063
33/2763, 2710/2763
14.92383426261447
1351/2763, 1359/2763
Sign changes no longer useful, stopping.
D = 9.09375
[14.99218112707037, 14.99219804224195]
17789.97525006619 36761.527132093 17758.66570114698 36731.12084466508
14.99218112707037
14.99219804224195
14.99218825144139
2438/2473, 33/2473
14.99218824973638
1221/2473, 1217/2473
Sign changes no longer useful, stopping.
memory leak= { -6030 -197578 0 0 -345150 -3101423 }
