/mmfs1/data/mossea/Documents/bianchi-maass-forms/cmake-build-release
c104
Mon Feb 17 08:22:51 EST 2025
mode = coarse
d = 43
symClass = C
D = 0
leftEndpoint = -0.4
rightEndpoint = 15
Range already complete.
mode = medium
d = 43
symClass = C
D = 0
Range already complete.
mode = fine
d = 43
symClass = C
D = 0
D = 11.0234
[12.44587840769973, 12.4459029575942]
34583.94669622262 26053.5940756342 34639.82803947071 26077.93648825443
12.44587840769973
12.4459029575942
12.44588923287852
0/2627, 2626/2627
12.44588923487164
1110/2627, 1516/2627
Sign changes no longer useful, stopping.
D = 11.2265625
[12.55279714531515, 12.5528212824965]
7383.20229150884 12746.01115751225 7375.850356087965 12731.56610603127
12.55279714531515
12.5528212824965
12.55280346044375
1/2701, 0/2701
Sign changes no longer useful, stopping.
D = 10.6171875
[12.67659350628039, 12.67661715687933]
158852.6461273233 8713.269198263382 161066.8410847218 8728.913880781032
12.67659350628039
12.67661715687933
12.67659895376701
1/2546, 2/2546
Sign changes no longer useful, stopping.
D = 10.66796875
[12.68593116100489, 12.68595478904208]
225350.7109562474 18857.917518608 228645.8847807227 18836.03644124296
12.68593116100489
12.68595478904208
12.68594461926805
1/2566, 1/2566
Sign changes no longer useful, stopping.
D = 11.0234375
[12.72767608161118, 12.72769955320919]
31214.17522498898 60637.55158719777 31078.37294238812 59926.35819673475
12.72767608161118
12.72769955320919
12.72767970451104
2/2668, 1/2668
Sign changes no longer useful, stopping.
D = 11.0234375
[12.72786385439522, 12.72788732599322]
30264.98339149285 55698.47239190261 30142.85398801793 55096.82275979123
12.72786385439522
12.72788732599322
12.7278815114667
3/2668, 3/2668
Sign changes no longer useful, stopping.
D = 11.0234375
[12.73044495536061, 12.73046840482104]
26056.83454707346 45176.47312000837 25953.6345048391 45021.66475429396
12.73044495536061
12.73046840482104
12.73045812952361
2667/2669, 0/2669
12.73045812756537
1521/2669, 1146/2669
Sign changes no longer useful, stopping.
D = 10.2109375
[12.73953965773845, 12.73956308511343]
33563.56478556117 34448.27326067753 33605.41929587624 34429.87180877301
12.73953965773845
12.73956308511343
12.73954346103255
0/2441, 2436/2441
12.73954347510726
192/2441, 2244/2441
12.73954347521725
2074/2441, 170/2441
12.739543475161
1037/2441, 1037/2441
Sign changes no longer useful, stopping.
D = 10.2109375
[12.7973219131263, 12.79734512247103]
141864.9704359052 16948.1299960456 143313.1005617091 16878.2770508443
12.7973219131263
12.79734512247103
12.79733795595117
2/2449, 2448/2449
12.79733797797784
152/2449, 2296/2449
12.79733797803962
2141/2449, 155/2449
12.79733797800799
1069/2449, 1072/2449
Sign changes no longer useful, stopping.
D = 11.17578125
[12.83290123237871, 12.83292431331852]
144233.242250638 61391.43488460325 146698.1337417811 61630.68731506939
12.83290123237871
12.83292431331852
12.83290789344246
1/2736, 2733/2736
12.83290799312369
0/2736, 2733/2736
12.83290799610892
2735/2736, 2/2736
12.83290799463911
1353/2736, 1382/2736
Sign changes no longer useful, stopping.
D = 10.515625
[12.83970745605886, 12.83973051577016]
1018817.154657781 62740.04749501163 927207.411098251 62987.98426914411
12.83970745605886
12.83973051577016
12.8397184556056
2/2537, 2/2537
Sign changes no longer useful, stopping.
D = 10.921875
[12.88921101382155, 12.88923390544456]
11514.4676278381 86818.41020034277 11526.55751341501 87830.47493584726
12.88921101382155
12.88923390544456
12.88921755843931
1/2667, 2666/2667
12.88921758851746
5/2667, 2661/2667
12.88921758879449
2650/2667, 11/2667
12.88921758865662
1326/2667, 1324/2667
Sign changes no longer useful, stopping.
D = 10.87109375
[12.93361098726212, 12.93363371382681]
20226.59969694716 398928.2138146883 20195.71684792438 374010.7428267316
12.93361098726212
12.93363371382681
12.93362500282534
6/2659, 6/2659
Sign changes no longer useful, stopping.
D = 10.87109375
[12.94680173264358, 12.94682441840693]
48165.54439766127 137390.9437056905 48654.26921363562 138249.1116396121
12.94680173264358
12.94682441840693
12.94681447214325
2/2662, 2660/2662
12.94681450182091
45/2662, 2615/2662
12.94681450195922
2587/2662, 28/2662
12.94681450189018
1289/2662, 1298/2662
Sign changes no longer useful, stopping.
D = 10.97265625
[13.02699940131728, 13.02702180651284]
23720.57638722623 8955.797106781807 23821.04996699677 8948.327428479259
13.02699940131728
13.02702180651284
13.0270090799444
2708/2709, 0/2709
13.02700907706836
1963/2709, 745/2709
13.0270090770664
437/2709, 1526/2709
13.02700907706758
765/2709, 761/2709
Sign changes no longer useful, stopping.
D = 10.97265625
[13.0473085314804, 13.04733085809634]
36485.73757031079 368410.7886022573 36318.29859622021 353765.9267367077
13.0473085314804
13.04733085809634
ZERO SIGN CHANGES DETECTED. CONDUCT FURTHER INVESTIGATION
[13.0473085314804, 13.04733085809634]
!!!!!!!!!!!!!!!!!!!!!!!!!!!!!!!!!!!!!!!!!!!!!!!!!!!!!!!!!!!!!!!!!
D = 10.97265625
[13.04733085809634, 13.04735318471229]
36889.42882148293 354479.2219333924 36717.55008983428 340889.9363129005
13.04733085809634
13.04735318471229
13.04734264043099
2/2711, 1/2711
Sign changes no longer useful, stopping.
D = 10.97265625
[13.08680586120973, 13.08682805195483]
20409.9060935601 25334.19163018428 20397.70818205568 25279.96135551823
13.08680586120973
13.08682805195483
13.08682036628063
2712/2715, 2/2715
13.08682036425606
1856/2715, 860/2715
Sign changes no longer useful, stopping.
D = 10.921875
[13.22524611573274, 13.22526785588892]
42351.85710306137 67442.18896234104 42186.20796233613 67706.69266840648
13.22524611573274
13.22526785588892
13.22525288711642
4/2724, 5/2724
Sign changes no longer useful, stopping.
D = 10.97265625
[13.22526785588892, 13.2252895960451]
66542.22136063341 53911.52292440865 66457.73253487625 54025.74818583516
13.22526785588892
13.2252895960451
ZERO SIGN CHANGES DETECTED. CONDUCT FURTHER INVESTIGATION
[13.22526785588892, 13.2252895960451]
!!!!!!!!!!!!!!!!!!!!!!!!!!!!!!!!!!!!!!!!!!!!!!!!!!!!!!!!!!!!!!!!!
D = 10.66796875
[13.25629765329729, 13.25631928434423]
37527.1010625499 33229.01821988213 37570.33721522957 33238.51008978377
13.25629765329729
13.25631928434423
13.25630162808405
2502/2654, 155/2654
13.25630162807149
1252/2654, 1250/2654
Sign changes no longer useful, stopping.
D = 10.46484375
[13.48165077319189, 13.48167169367078]
136420.5238865123 20207.17960043619 138414.9670450531 20198.51429848161
13.48165077319189
13.48167169367078
13.48166852090843
6/2629, 2625/2629
13.48166856964859
40/2629, 2587/2629
13.48166856991401
2547/2629, 40/2629
13.48166856978144
1270/2629, 1277/2629
Sign changes no longer useful, stopping.
D = 10.76953125
[13.61746716401018, 13.61748766314818]
28218.51852611487 38579.63193103278 28305.91941782123 38679.89994687705
13.61746716401018
13.61748766314818
13.61748325456932
7/2744, 0/2744
Sign changes no longer useful, stopping.
D = 10.76953125
[13.61748766314818, 13.61750816228618]
28300.83415916507 38675.93135120851 28389.66381565362 38777.91441440193
13.61748766314818
13.61750816228618
13.61749248538644
0/2744, 2740/2744
13.61749249880862
95/2744, 2651/2744
13.61749249888279
2575/2744, 76/2744
13.61749249884571
1289/2744, 1286/2744
Sign changes no longer useful, stopping.
D = 10.76953125
[13.68383343506652, 13.68385373135823]
76137.66671948436 72524.53612119875 75262.90628461812 71837.41454885743
13.68383343506652
13.68385373135823
13.68384387867388
2756/2760, 3/2760
13.68384377293979
2756/2760, 0/2760
13.68384377067589
3/2760, 2759/2760
13.68384377179545
1330/2760, 1429/2760
Sign changes no longer useful, stopping.
D = 10.56640625
[13.70708075832198, 13.70710099320326]
137011.6018082501 56869.95743399054 137614.1987807713 56957.46663721027
13.70708075832198
13.70710099320326
13.7070918720054
0/2693, 2691/2693
13.70709190678617
4/2693, 2689/2693
13.70709190700322
2683/2693, 6/2693
13.70709190689503
1333/2693, 1350/2693
Sign changes no longer useful, stopping.
D = 10.26171875
[13.80184743004668, 13.80186739422432]
350375.2058279715 27115.04234686284 373734.4112651077 27126.9844986937
13.80184743004668
13.80186739422432
13.80185371452634
5/2625, 2617/2625
13.80185403902997
0/2625, 2617/2625
13.80185407236623
2624/2625, 7/2625
13.80185405662294
462/2625, 2162/2625
13.80185405662422
1086/2625, 1076/2625
Sign changes no longer useful, stopping.
D = 10.36328125
[13.89560505810307, 13.8956247461577]
47116.23451690558 41931.66567631922 47109.11139170858 41859.56329581496
13.89560505810307
13.8956247461577
13.89562445195781
2351/2667, 318/2667
13.895624451876
1181/2667, 1170/2667
Sign changes no longer useful, stopping.
D = 10.36328125
[13.8956247461577, 13.89564443421233]
47104.19270187184 41881.67655599565 47097.15683992094 41810.3089918814
13.8956247461577
13.89564443421233
13.89562481921684
0/2667, 3/2667
Sign changes no longer useful, stopping.
D = 10.3125
[13.89855808079858, 13.89857775458403]
64613.9555397905 1105794.66216849 64716.14924328616 1272163.011440696
13.89855808079858
13.89857775458403
13.89856567721602
0/2654, 1/2654
Sign changes no longer useful, stopping.
D = 10.3125
[13.91332227521474, 13.91334192053924]
194128.1689165461 95100.51052072273 193726.4329215279 94955.489987725
13.91332227521474
13.91334192053924
13.91332926868231
2654/2656, 1/2656
13.91332926310502
2007/2656, 649/2656
13.91332926309791
473/2656, 1534/2656
13.91332926310222
768/2656, 766/2656
Sign changes no longer useful, stopping.
D = 10.26171875
[14.09365142312491, 14.09367055984498]
15185.26934684827 27695.36730037086 15198.32264341933 27629.17825063863
14.09365142312491
14.09367055984498
14.09366571335343
2665/2667, 1/2667
14.09366570957875
2046/2667, 619/2667
14.09366570957066
409/2667, 1637/2667
14.09366570957548
818/2667, 819/2667
Sign changes no longer useful, stopping.
D = 10.3125
[14.10781934133776, 14.10783843825214]
1121156.48553494 46443.57923881391 984555.4005705847 46578.93110047789
14.10781934133776
14.10783843825214
14.10783728719944
2679/2680, 0/2680
14.10783715527021
2679/2680, 0/2680
14.10783712505356
0/2680, 2679/2680
14.10783713819299
2618/2680, 61/2680
14.10783713819154
1318/2680, 1300/2680
Sign changes no longer useful, stopping.
D = 10.36328125
[14.14772219915012, 14.14774119092021]
44765.11830787837 290542.0826425006 44627.90848520152 298328.2614227129
14.14772219915012
14.14774119092021
14.14772647915386
2/2711, 2706/2711
14.14772656358109
1/2711, 2705/2711
14.14772656691163
2709/2711, 4/2711
14.14772656528011
1344/2711, 1365/2711
Sign changes no longer useful, stopping.
D = 10.3125
[14.21492301503237, 14.21494182623517]
17289.95162873797 374341.722640398 17316.27736498436 344669.5556183013
14.21492301503237
14.21494182623517
14.21493657186166
2699/2707, 1/2707
14.21493631817761
2700/2707, 1/2707
14.21493629361497
7/2707, 2705/2707
14.21493630525933
1403/2707, 1302/2707
Sign changes no longer useful, stopping.
D = 10.36328125
[14.33321651579127, 14.33323501497533]
33408.23095853902 310496.6885615056 33553.50843896647 313314.112029351
14.33321651579127
14.33323501497533
14.33323407597263
3/2739, 2735/2739
14.3332340790986
1274/2739, 1461/2739
Sign changes no longer useful, stopping.
D = 10.36328125
[14.33575090400685, 14.33576940319091]
145060.5853839318 26743.66392911645 147866.4381408218 26823.2866519799
14.33575090400685
14.33576940319091
14.3357581744632
1/2739, 2/2739
Sign changes no longer useful, stopping.
D = 9.6015625
[14.4021105634676, 14.40212889348837]
334478.4003963595 179346.6617733723 318256.4338523973 179480.7494532121
14.4021105634676
14.40212889348837
14.40211835466536
2517/2524, 6/2524
14.40211821541526
2500/2524, 17/2524
14.40211821169052
10/2524, 2490/2524
14.4021182135273
1245/2524, 1245/2524
Sign changes no longer useful, stopping.
D = 9.6015625
[14.41231220147734, 14.41233050764658]
76911.96205312922 171721.1917904413 77133.41541945424 173262.2438865513
14.41231220147734
14.41233050764658
14.41232885657714
0/2524, 1/2524
Sign changes no longer useful, stopping.
D = 9.6015625
[14.41728873137496, 14.41730702564751]
82585.13516608466 264160.1155525885 82898.49181901994 265412.1511489889
14.41728873137496
14.41730702564751
14.41729608947111
1/2525, 2514/2525
14.41729613040425
574/2525, 1940/2525
14.4172961310212
1617/2525, 323/2525
14.41729613066758
809/2525, 808/2525
Sign changes no longer useful, stopping.
D = 10.3125
[14.46553921132863, 14.46555737600103]
21156.62992067493 135484.547190574 21122.58931116651 138571.7289640542
14.46553921132863
14.46555737600103
ZERO SIGN CHANGES DETECTED. CONDUCT FURTHER INVESTIGATION
[14.46553921132863, 14.46555737600103]
!!!!!!!!!!!!!!!!!!!!!!!!!!!!!!!!!!!!!!!!!!!!!!!!!!!!!!!!!!!!!!!!!
D = 10.3125
[14.46555737600103, 14.46557554067342]
436369.1481417065 138281.638641182 444418.7527546121 141489.2230583386
14.46555737600103
14.46557554067342
14.46556522924114
5/2749, 6/2749
Sign changes no longer useful, stopping.
D = 9.90625
[14.4964129699136, 14.49643106485634]
22701.14043899839 9688.96353003773 22777.47334976774 9687.654826496542
14.4964129699136
14.49643106485634
14.49642058317515
2610/2629, 18/2629
14.49642058204359
1307/2629, 1303/2629
Sign changes no longer useful, stopping.
D = 10.2109375
[14.52205570103255, 14.52207372691101]
127547.4719991954 27915.03685528158 127060.9019239344 27989.26688116244
14.52205570103255
14.52207372691101
14.52206642401067
2722/2725, 0/2725
14.5220664010232
2710/2725, 12/2725
14.52206640087839
14/2725, 2696/2725
14.52206640095058
1348/2725, 1348/2725
Sign changes no longer useful, stopping.
D = 10.16015625
[14.52654293141273, 14.52656094584445]
557211.3708450199 107835.0110579539 568477.9325357036 109089.6354600428
14.52654293141273
14.52656094584445
14.52654933675156
0/2712, 2710/2712
14.52654940405822
6/2712, 2706/2712
14.52654940546766
2700/2712, 6/2712
14.5265494047704
1350/2712, 1350/2712
Sign changes no longer useful, stopping.
D = 10.16015625
[14.58459081628643, 14.58460868354602]
160282.8305553314 41437.02142343618 159139.3747736053 41376.61043808536
14.58459081628643
14.58460868354602
14.58460787862789
1/2720, 0/2720
Sign changes no longer useful, stopping.
D = 10.16015625
[14.58460868354602, 14.58462655080561]
159116.3933183446 41311.03596975574 157991.1828316867 41251.26819212397
14.58460868354602
14.58462655080561
14.58461115913656
2719/2720, 2/2720
14.58461114161498
2537/2720, 182/2720
14.58461114157424
171/2720, 2366/2720
14.58461114159497
1186/2720, 1180/2720
Sign changes no longer useful, stopping.
D = 9.44921875
[14.64829499253554, 14.64831270462025]
12755.49550059336 304475.5050085802 12752.85160122749 299318.4826410545
14.64829499253554
14.64831270462025
ZERO SIGN CHANGES DETECTED. CONDUCT FURTHER INVESTIGATION
[14.64829499253554, 14.64831270462025]
!!!!!!!!!!!!!!!!!!!!!!!!!!!!!!!!!!!!!!!!!!!!!!!!!!!!!!!!!!!!!!!!!
D = 10.109375
[14.7042090368741, 14.70422661860321]
55878.26036684938 18651.65666926432 55713.99881742748 18706.06197999768
14.7042090368741
14.70422661860321
14.70422491907486
2708/2724, 13/2724
14.704224916979
1455/2724, 1253/2724
Sign changes no longer useful, stopping.
D = 9.90625
[14.75067387100723, 14.75069134592176]
3400351.834694267 43213.37429246434 3705864.222091296 43220.33192073677
14.75067387100723
14.75069134592176
ZERO SIGN CHANGES DETECTED. CONDUCT FURTHER INVESTIGATION
[14.75067387100723, 14.75069134592176]
!!!!!!!!!!!!!!!!!!!!!!!!!!!!!!!!!!!!!!!!!!!!!!!!!!!!!!!!!!!!!!!!!
D = 9.95703125
[14.76050430755307, 14.76052176129885]
423000.2415569559 50857.83881543398 425324.7984761973 50722.7682161224
14.76050430755307
14.76052176129885
14.76052156080837
6/2680, 0/2680
Sign changes no longer useful, stopping.
D = 9.95703125
[14.76052176129885, 14.76053921504463]
433080.2828712889 50658.55883008372 435581.1356532851 50524.05574111173
14.76052176129885
14.76053921504463
14.76052197933456
7/2680, 2677/2680
14.76052198061887
536/2680, 2141/2680
14.76052198063707
1809/2680, 332/2680
14.76052198062709
907/2680, 902/2680
Sign changes no longer useful, stopping.
D = 10.05859375
[14.7766962268395, 14.77671363843945]
15348.92345656297 15151.85909897572 15350.80080890473 15149.11049828197
14.7766962268395
14.77671363843945
14.776696473779
89/2720, 2629/2720
14.77669647394811
1313/2720, 1316/2720
Sign changes no longer useful, stopping.
D = 9.703125
[14.8225009158146, 14.82251822315376]
17559.22257000576 125159.9900819203 17575.64836467053 125941.5476913754
14.8225009158146
14.82251822315376
slurmstepd: error: *** JOB 3318825 ON c104 CANCELLED AT 2025-02-21T08:23:00 DUE TO TIME LIMIT ***
