/mmfs1/data/mossea/Documents/bianchi-maass-forms/cmake-build-release
c104
Wed Feb 12 23:46:44 EST 2025
mode = coarse
d = 43
symClass = C
D = 0
leftEndpoint = -0.4
rightEndpoint = 15
Range already complete.
mode = medium
d = 43
symClass = C
D = 0
Range already complete.
mode = fine
d = 43
symClass = C
D = 0
D = 12.1406
[10.05722768310968, 10.05726529772548]
7782.298517930275 5022.593886203549 7797.690034844284 5025.46517849807
10.05722768310968
10.05726529772548
10.05726484247642
0/2556, 2555/2556
10.05726484544026
302/2556, 2253/2556
10.05726484544077
1979/2556, 274/2556
10.05726484544049
913/2556, 1066/2556
Sign changes no longer useful, stopping.
D = 12.29296875
[10.05726529772548, 10.05730291234127]
6178.896635717481 5536.065935875788 6187.908753652182 5542.593364158141
10.05726529772548
10.05730291234127
10.05727038356318
0/2596, 1/2596
Sign changes no longer useful, stopping.
D = 12.4453125
[10.20978930439492, 10.20982574183197]
130734.3219986983 46477.21924212389 127245.4481433521 46925.50246126933
10.20978930439492
10.20982574183197
10.20982130834484
2/2661, 2/2661
Sign changes no longer useful, stopping.
D = 12.4453125
[10.20982574183197, 10.20986217926902]
127482.5191737072 46913.38316595773 124146.6711053161 47370.35191969429
10.20982574183197
10.20986217926902
10.20984331674269
3/2661, 3/2661
Sign changes no longer useful, stopping.
D = 11.88671875
[10.23561625443721, 10.23565255937685]
31709.18322731037 32655.9564852128 31770.31628671017 32655.90754490574
10.23561625443721
10.23565255937685
10.23562276951186
0/2508, 2504/2508
10.23562285978082
0/2508, 2504/2508
10.23562286227559
2507/2508, 3/2508
10.23562286104577
1298/2508, 1208/2508
Sign changes no longer useful, stopping.
D = 12.2421875
[10.27843536220388, 10.27847134110348]
58945.25992129779 67833.85379576303 59153.84117252811 67269.5008296835
10.27843536220388
10.27847134110348
10.27845443265924
2614/2616, 2/2616
10.27845437810903
2614/2616, 0/2616
10.27845437775643
1/2616, 2615/2616
10.27845437793216
1190/2616, 1425/2616
Sign changes no longer useful, stopping.
D = 12.140625
[10.42883575337756, 10.42887073625904]
132598.5306184024 147142.8932515738 134396.4182062923 156483.6432080721
10.42883575337756
10.42887073625904
10.42884988962784
0/2614, 2608/2614
10.42885040303572
0/2614, 2608/2614
10.42885044024376
2613/2614, 5/2614
10.42885042235692
42/2614, 2571/2614
10.42885042235754
1247/2614, 1324/2614
Sign changes no longer useful, stopping.
D = 12.19140625
[10.43100127327451, 10.43103619617784]
125141.0741141822 73074.05620585172 122418.05727912 71688.83565197213
10.43100127327451
10.43103619617784
10.43102977061388
4/2627, 4/2627
Sign changes no longer useful, stopping.
D = 12.140625
[10.45039108069265, 10.45042588440718]
21696.21334798272 57201.99401731176 21742.85996537123 57633.00465271499
10.45039108069265
10.45042588440718
10.45042325438245
2606/2616, 1/2616
10.4504232532509
1927/2616, 695/2616
10.45042325324937
431/2616, 1496/2616
10.4504232532503
748/2616, 748/2616
Sign changes no longer useful, stopping.
D = 12.140625
[10.45307096671191, 10.45310577042645]
53187.80413051144 125259.1052048297 53541.54251472633 126300.3066466134
10.45307096671191
10.45310577042645
10.45310404707725
1/2616, 1/2616
Sign changes no longer useful, stopping.
D = 11.88671875
[10.47667616033054, 10.47671078715469]
40253.89019345797 48707.60009969237 40238.18912837987 48605.47020812196
10.47667616033054
10.47671078715469
10.47669498615338
2545/2551, 8/2551
10.47669491714068
2545/2551, 0/2551
10.47669491653506
4/2551, 2549/2551
10.47669491683651
1177/2551, 1372/2551
Sign changes no longer useful, stopping.
D = 12.2421875
[10.48926874814238, 10.48930331650099]
306280.7415389255 714870.3965282328 316256.6709431845 639223.7440398317
10.48926874814238
10.48930331650099
10.4892757143373
2643/2651, 43/2651
10.48927537518855
2643/2651, 0/2651
10.48927536615987
7/2651, 2650/2651
10.48927537061014
2616/2651, 34/2651
10.4892753706101
920/2651, 1696/2651
Sign changes no longer useful, stopping.
D = 12.2421875
[10.59798046916453, 10.59801429928508]
81639.49628203668 255779.0388559397 80572.52914760466 258040.5087104823
10.59798046916453
10.59801429928508
10.59801325122346
6/2667, 2666/2667
10.59801325697286
97/2667, 2569/2667
10.59801325697491
2467/2667, 102/2667
10.59801325697387
1238/2667, 1229/2667
Sign changes no longer useful, stopping.
D = 11.88671875
[10.81334363031661, 10.81337614543551]
58216.53484751389 51361.33198819562 57391.83448649992 50776.78721909368
10.81334363031661
10.81337614543551
10.81337102483528
2598/2607, 2/2607
10.81337097592984
2599/2607, 1/2607
10.81337097499405
8/2607, 2605/2607
10.81337097545742
1309/2607, 1296/2607
Sign changes no longer useful, stopping.
D = 11.8359375
[10.91071673183769, 10.91074865976538]
16595.75161541386 14564.14329202916 16585.61738419265 14608.52998892995
10.91071673183769
10.91074865976538
10.91074008205129
3/2609, 2608/2609
10.91074008315388
995/2609, 1613/2609
Sign changes no longer useful, stopping.
D = 11.8359375
[10.95863181795383, 10.95866346207984]
20818.19407463182 16032.41373852309 20789.16681790933 15997.75605591761
10.95863181795383
10.95866346207984
10.95863200194919
0/2614, 1/2614
Sign changes no longer useful, stopping.
D = 11.8359375
[11.01982902921764, 11.01986035009249]
34484.06204850126 35013.0919251814 34449.96497731481 34979.34460942406
11.01982902921764
11.01986035009249
11.01983997037299
2624/2625, 0/2625
11.0198399500204
2624/2625, 0/2625
11.01983994998016
1/2625, 2623/2625
11.01983995000026
1502/2625, 1121/2625
Sign changes no longer useful, stopping.
D = 11.88671875
[11.04197940173793, 11.04201058658476]
11662.28050024484 62697.68616062865 11637.35439036707 62649.88337466605
11.04197940173793
11.04201058658476
ZERO SIGN CHANGES DETECTED. CONDUCT FURTHER INVESTIGATION
[11.04197940173793, 11.04201058658476]
!!!!!!!!!!!!!!!!!!!!!!!!!!!!!!!!!!!!!!!!!!!!!!!!!!!!!!!!!!!!!!!!!
D = 11.88671875
[11.04201058658476, 11.04204177143159]
11641.5571166791 62646.25195271358 11616.76320609285 62599.07369738903
11.04201058658476
11.04204177143159
11.04201810627902
1/2642, 0/2642
Sign changes no longer useful, stopping.
D = 11.88671875
[11.04565840338752, 11.04568954321902]
11356.10751921901 59215.24292216379 11335.04707321272 59218.27056315501
11.04565840338752
11.04568954321902
11.04568912498899
2/2642, 2639/2642
11.04568912504911
1323/2642, 1316/2642
Sign changes no longer useful, stopping.
D = 11.88671875
[11.12132208540951, 11.1213528272871]
114085.8517442124 29794.93982097624 115990.4688570025 29922.19023591914
11.12132208540951
11.1213528272871
11.12132296959167
0/2656, 2655/2656
11.12132298683311
0/2656, 2655/2656
11.12132298750544
2655/2656, 0/2656
11.12132298717596
1179/2656, 1476/2656
Sign changes no longer useful, stopping.
D = 11.8359375
[11.24455765876221, 11.2445877235745]
68382.10870397014 62364.35728363524 68289.22668155763 62204.88872693106
11.24455765876221
11.2445877235745
11.24458503269763
3/2661, 2660/2661
11.24458504569929
4/2661, 2656/2661
11.24458504571157
2645/2661, 11/2661
11.24458504570543
1296/2661, 1349/2661
Sign changes no longer useful, stopping.
D = 11.8359375
[11.24996764046427, 11.24999766419097]
426931.2603408461 45318.24367407685 391707.6149023115 45058.03655229525
11.24996764046427
11.24999766419097
11.24998209432538
2/2661, 1/2661
Sign changes no longer useful, stopping.
D = 11.8359375
[11.25239956232666, 11.25242958605335]
1403565.746037727 586456.9645548934 1453511.123129253 544601.0086402902
11.25239956232666
11.25242958605335
11.25241138340089
33/2662, 32/2662
Sign changes no longer useful, stopping.
D = 11.8359375
[11.25483148418904, 11.25486150791573]
250936.9457706284 73427.93541747924 245849.9256892032 72425.4986208256
11.25483148418904
11.25486150791573
11.2548522692952
19/2662, 2652/2662
11.25485227945415
424/2662, 2246/2662
11.25485227946709
1969/2662, 277/2662
11.25485227946027
983/2662, 986/2662
Sign changes no longer useful, stopping.
D = 11.8359375
[11.28935874264421, 11.28938856302898]
42401.31323476628 40396.91270734648 42192.44839927796 40309.57820827347
11.28935874264421
11.28938856302898
11.28936795745695
2664/2667, 5/2667
11.28936784139687
2664/2667, 0/2667
11.28936784009534
2/2667, 2666/2667
11.28936784074239
1380/2667, 1286/2667
Sign changes no longer useful, stopping.
D = 11.68359375
[11.33933890454533, 11.33936848541074]
28990.40617811685 56595.29029126092 28968.82728633099 56546.46141431025
11.33933890454533
11.33936848541074
11.33936732246187
0/2629, 2628/2629
11.33936732352249
171/2629, 2457/2629
11.33936732352257
2252/2629, 205/2629
11.33936732352253
799/2629, 1455/2629
Sign changes no longer useful, stopping.
D = 11.8359375
[11.37491275233761, 11.37494213724024]
9875.924248226171 57058.61914631896 9873.236386186582 55693.68395300061
11.37491275233761
11.37494213724024
11.37491873471717
3/2678, 3/2678
Sign changes no longer useful, stopping.
D = 11.8359375
[11.48410066763208, 11.48412948359656]
42189.90250374988 12357.38701054976 42335.71167795879 12345.09165384421
11.48410066763208
11.48412948359656
11.48410653044229
2700/2701, 2/2701
11.48410652509584
1968/2701, 732/2701
11.48410652509211
434/2701, 1534/2701
11.48410652509436
769/2701, 765/2701
Sign changes no longer useful, stopping.
D = 11.48046875
[11.59096796445458, 11.59099627359597]
29450.18556953275 44094.57813958996 29503.60032470115 43861.48603982923
11.59096796445458
11.59099627359597
11.59099411927954
2611/2616, 1/2616
11.59099411566488
2606/2616, 9/2616
11.59099411565276
15/2616, 2595/2616
11.59099411565881
1338/2616, 1257/2616
Sign changes no longer useful, stopping.
D = 11.53125
[11.61671637012831, 11.61674453851725]
21473.51385726042 54443.65302770293 21434.71403360572 55543.18835146682
11.61671637012831
11.61674453851725
11.61674311834925
9/2634, 2632/2634
11.61674313382949
13/2634, 2619/2634
11.61674313384763
2610/2634, 9/2634
11.61674313383856
1322/2634, 1288/2634
Sign changes no longer useful, stopping.
D = 11.27734375
[11.65140411860277, 11.65143211348922]
13385.387505425 20707.4312704131 13391.67521062083 20691.75165182331
11.65140411860277
11.65143211348922
11.65143058991784
1/2569, 0/2569
Sign changes no longer useful, stopping.
D = 11.07421875
[11.65624723395859, 11.65627522884504]
19051.04030478176 50759.36725284633 19006.04893985046 51644.94113420437
11.65624723395859
11.65627522884504
11.65626000951583
1/2511, 1/2511
Sign changes no longer useful, stopping.
D = 11.17578125
[11.65700282084677, 11.65703078135248]
105891.0420240663 29511.35540851239 104399.8488333102 29574.06141926821
11.65700282084677
11.65703078135248
11.65700794906195
2530/2534, 16/2534
11.65700787692869
2530/2534, 0/2534
11.65700787647046
2/2534, 2530/2534
11.65700787669881
1257/2534, 1273/2534
Sign changes no longer useful, stopping.
D = 11.68359375
[11.7454623675578, 11.74548992356791]
84185.69760134927 11812.07921355222 83257.75004886233 11817.31042689744
11.7454623675578
11.74548992356791
11.7454728735628
2699/2701, 2/2701
11.74547280792154
2699/2701, 0/2701
11.74547280741591
1/2701, 2700/2701
11.74547280766774
1373/2701, 1326/2701
Sign changes no longer useful, stopping.
D = 11.125
[11.90168965318326, 11.90171650423231]
74818.82159993044 199327.2226751834 73726.14352243129 192604.805242771
11.90168965318326
11.90171650423231
11.90169452426872
2566/2569, 11/2569
11.9016943769863
2564/2569, 2/2569
11.90169437500147
2/2569, 2566/2569
11.90169437598697
1292/2569, 1274/2569
Sign changes no longer useful, stopping.
D = 11.125
[11.93578354502493, 11.93581024206875]
19935.05653793494 21183.32664114423 19955.10476898413 21159.13989441681
11.93578354502493
11.93581024206875
11.93579284584575
2/2573, 2568/2573
11.93579287725724
2/2573, 2568/2573
11.93579287746903
2564/2573, 6/2573
11.93579287736353
1309/2573, 1255/2573
Sign changes no longer useful, stopping.
D = 11.53125
[11.95259754569294, 11.95262415138775]
77683.10418815666 74894.08143256616 79271.89050076004 76302.30034745768
11.95259754569294
11.95262415138775
11.95261677161234
8/2686, 2682/2686
11.95261690351737
0/2686, 2682/2686
11.95261690532486
2685/2686, 3/2686
11.95261690442747
1311/2686, 1374/2686
Sign changes no longer useful, stopping.
D = 10.921875
[12.03405305310547, 12.03407930107419]
84000.10967561742 90624.38955823447 84120.83329132713 90792.11493298052
12.03405305310547
12.03407930107419
12.03407837721347
0/2525, 1/2525
Sign changes no longer useful, stopping.
D = 10.97265625
[12.0361003946654, 12.03612664263411]
80393.76827784025 107061.9716453044 80401.47734892202 106980.2959408239
12.0361003946654
12.03612664263411
12.03612474009648
0/2542, 2541/2542
12.03612474912784
133/2542, 2408/2542
12.0361247491345
2277/2542, 131/2542
12.03612474913115
1169/2542, 1108/2542
Sign changes no longer useful, stopping.
D = 10.921875
[12.16004650003263, 12.16007220546342]
103665.8049157909 27825.43656560954 103409.2790418526 27662.16146116066
12.16004650003263
12.16007220546342
12.16006989383994
2551/2552, 0/2552
12.16006988421948
2545/2552, 6/2552
12.16006988413938
1/2552, 2544/2552
12.16006988417926
1281/2552, 1263/2552
Sign changes no longer useful, stopping.
D = 11.27734375
[12.21285605431353, 12.21288153957018]
54424.91678849058 713922.1707516024 54118.86108616252 657509.1477025644
12.21285605431353
12.21288153957018
ZERO SIGN CHANGES DETECTED. CONDUCT FURTHER INVESTIGATION
[12.21285605431353, 12.21288153957018]
!!!!!!!!!!!!!!!!!!!!!!!!!!!!!!!!!!!!!!!!!!!!!!!!!!!!!!!!!!!!!!!!!
D = 11.27734375
[12.32824243134558, 12.32826743799349]
44595.45185509941 22571.30807261785 44423.89960261025 22593.3829101856
12.32824243134558
12.32826743799349
12.3282542154317
2672/2674, 1/2674
12.32825419810476
2644/2674, 30/2674
12.3282541980596
18/2674, 2626/2674
12.32825419808216
1315/2674, 1311/2674
Sign changes no longer useful, stopping.
D = 11.48046875
[12.3709670162231, 12.37099186827151]
29152.26219598191 38964.98960418141 29191.64089707607 38994.6366252329
12.3709670162231
12.37099186827151
12.3709912759623
3/2749, 2747/2749
12.37099127621271
1332/2749, 1415/2749
Sign changes no longer useful, stopping.
D = 11.17578125
[12.44587840769973, 12.4459029575942]
21594.63686375338 20693.93622385475 21606.13759638844 20696.88760267161
12.44587840769973
12.4459029575942
12.44588924241022
2665/2667, 0/2667
12.44588923487817
2460/2667, 205/2667
12.44588923486963
211/2667, 2249/2667
slurmstepd: error: *** JOB 3314047 ON c104 CANCELLED AT 2025-02-16T23:47:01 DUE TO TIME LIMIT ***
