/mmfs1/data/mossea/Documents/bianchi-maass-forms/cmake-build-release
c111
Thu Oct  3 21:15:45 EDT 2024
mode = coarse
d = 43
symClass = C
D = 0
leftEndpoint = -0.4
rightEndpoint = 10
Range already complete.
mode = medium
d = 43
symClass = C
D = 0
Range already complete.
mode = fine
d = 43
symClass = C
D = 0
D = 13.4609
[7.177996590351412, 7.178070362197635]
nanosecondsPerTerm is 4.716335163280338
nanosecondsPerTerm is 4.701890310269896
nanosecondsPerTerm is 4.694446724389207
nanosecondsPerTerm is 4.705175281280449
30629.25828428142 32125.40587756112 31049.40590020512 32592.95238149609
7.177996590351412
7.178070362197635
nanosecondsPerTerm is 4.691050545287167
nanosecondsPerTerm is 4.701941327758145
7.178047438212168
8/2438, 2435/2438
nanosecondsPerTerm is 4.691313889803239
nanosecondsPerTerm is 4.697962125568399
7.17804784123426
0/2438, 2435/2438
nanosecondsPerTerm is 4.697319517449032
nanosecondsPerTerm is 4.705906043926809
7.178047847589951
2437/2438, 2/2438
nanosecondsPerTerm is 4.686052446512516
nanosecondsPerTerm is 4.7043852595303
7.17804784443782
333/2438, 2102/2438
nanosecondsPerTerm is 4.694226233251279
nanosecondsPerTerm is 4.711407840835074
7.178047844437839
713/2438, 1391/2438
nanosecondsPerTerm is 4.691933067576758
nanosecondsPerTerm is 4.700710290593773
7.178047844437867
1417/2438, 64/2438
nanosecondsPerTerm is 4.673202880110447
nanosecondsPerTerm is 4.708620155439165
7.178047844437846
940/2438, 488/2438
Sign changes no longer useful, stopping.
D = 13.71484375
[7.196028659253753, 7.19610204547225]
nanosecondsPerTerm is 4.715508231403689
nanosecondsPerTerm is 4.689687079548397
nanosecondsPerTerm is 4.690575333709929
nanosecondsPerTerm is 4.700103912577219
14020.56307895599 14010.6861326132 14008.81655621415 13994.40038282668
7.196028659253753
7.19610204547225
nanosecondsPerTerm is 4.663978819566371
nanosecondsPerTerm is 4.679882809466593
7.196079743596964
4/2504, 2497/2504
nanosecondsPerTerm is 4.684685233180398
nanosecondsPerTerm is 4.682902796329686
7.196079829478253
0/2504, 2497/2504
nanosecondsPerTerm is 4.667327297702715
nanosecondsPerTerm is 4.676143897814224
7.196079829769673
2503/2504, 6/2504
nanosecondsPerTerm is 4.687959781121395
nanosecondsPerTerm is 4.691937098842845
7.196079829624228
1351/2504, 1152/2504
Sign changes no longer useful, stopping.
D = 12.80078125
[7.342641473048027, 7.342711945960664]
nanosecondsPerTerm is 4.681701304985284
nanosecondsPerTerm is 4.691563158531467
nanosecondsPerTerm is 4.675377218854896
nanosecondsPerTerm is 4.67171382549795
18464.52724760962 32680.59430378758 18317.20106261606 32166.40112070418
7.342641473048027
7.342711945960664
nanosecondsPerTerm is 4.666018595952129
nanosecondsPerTerm is 4.695437885808056
7.34269101608067
2285/2286, 0/2286
nanosecondsPerTerm is 4.655576082236896
nanosecondsPerTerm is 4.685836596016714
7.342690623993646
2285/2286, 0/2286
nanosecondsPerTerm is 4.655133898878867
nanosecondsPerTerm is 4.691658272849965
7.342690609334547
0/2286, 2285/2286
nanosecondsPerTerm is 4.651731487682653
nanosecondsPerTerm is 4.679927820726218
7.342690616523368
2144/2286, 141/2286
nanosecondsPerTerm is 4.649578180824171
nanosecondsPerTerm is 4.689628447296535
7.342690616523347
1622/2286, 534/2286
nanosecondsPerTerm is 4.668004008333814
nanosecondsPerTerm is 4.685310625448258
7.342690616523339
319/2286, 1315/2286
nanosecondsPerTerm is 4.660013409549835
nanosecondsPerTerm is 4.686689894830296
7.342690616523345
494/2286, 823/2286
Sign changes no longer useful, stopping.
D = 12.75
[7.847474413732106, 7.847536100899234]
nanosecondsPerTerm is 4.677375167224771
nanosecondsPerTerm is 4.683325738757337
nanosecondsPerTerm is 4.647615845750744
nanosecondsPerTerm is 4.675266395908243
238403.1347840023 12962.03826510395 260094.2787213713 12990.5192265127
7.847474413732106
7.847536100899234
nanosecondsPerTerm is 4.660418370828628
nanosecondsPerTerm is 4.695499105125897
7.847504417638033
19/2351, 2314/2351
nanosecondsPerTerm is 4.640749198783175
nanosecondsPerTerm is 4.666700796423043
7.847506027148194
2/2351, 2316/2351
nanosecondsPerTerm is 4.651751959489644
nanosecondsPerTerm is 4.696362650960894
7.847506198019303
2350/2351, 34/2351
nanosecondsPerTerm is 4.649912932817386
nanosecondsPerTerm is 4.677619851161937
7.84750611763538
4/2351, 2346/2351
nanosecondsPerTerm is 4.649960712274479
nanosecondsPerTerm is 4.681238194458758
7.847506117648349
1278/2351, 1068/2351
Sign changes no longer useful, stopping.
D = 12.953125
[7.970004748744943, 7.970064527038493]
nanosecondsPerTerm is 4.655844115390685
nanosecondsPerTerm is 4.658776737287799
nanosecondsPerTerm is 4.64896824218964
nanosecondsPerTerm is 4.693420455147765
45433.71587138311 6130.234020966641 46552.6546289673 6114.018547978771
7.970004748744943
7.970064527038493
nanosecondsPerTerm is 4.66130697630658
nanosecondsPerTerm is 4.659367244577602
7.970064266978813
14/2428, 2427/2428
nanosecondsPerTerm is 4.659622128281748
nanosecondsPerTerm is 4.671503123047259
7.97006427032274
45/2428, 2382/2428
nanosecondsPerTerm is 4.656186777615035
nanosecondsPerTerm is 4.672996344455182
7.970064270323133
2317/2428, 67/2428
nanosecondsPerTerm is 4.660959400512537
nanosecondsPerTerm is 4.675346380635807
7.970064270322939
1458/2428, 881/2428
Sign changes no longer useful, stopping.
D = 12.80078125
[8.220253860949171, 8.220310031673481]
nanosecondsPerTerm is 4.728826243672796
nanosecondsPerTerm is 4.688708927055852
nanosecondsPerTerm is 4.710643012293463
nanosecondsPerTerm is 4.68118026514905
400443.1366880423 398753.8306106199 396821.9486842762 397591.6945969376
8.220253860949171
8.220310031673481
nanosecondsPerTerm is 4.716510581755129
nanosecondsPerTerm is 4.687116193828895
8.220270393910084
2416/2428, 19/2428
nanosecondsPerTerm is 4.714081075983358
nanosecondsPerTerm is 4.675622197741081
8.220270362392156
2418/2428, 20/2428
nanosecondsPerTerm is 4.72335291876219
nanosecondsPerTerm is 4.686117736651296
8.220270362370895
25/2428, 2393/2428
nanosecondsPerTerm is 4.705673023947533
nanosecondsPerTerm is 4.679315922944861
8.220270362381527
1301/2428, 1092/2428
Sign changes no longer useful, stopping.
D = 12.80078125
[8.221545787608306, 8.221601958332617]
nanosecondsPerTerm is 4.744480806434058
nanosecondsPerTerm is 4.670617117239753
nanosecondsPerTerm is 4.726443250287102
nanosecondsPerTerm is 4.691309804014027
400098.2719020257 1258807.978233087 395361.0695193794 801523.6278081168
8.221545787608306
8.221601958332617
nanosecondsPerTerm is 4.704546239077962
nanosecondsPerTerm is 4.677312096153809
8.221558146241252
2426/2428, 3/2428
nanosecondsPerTerm is 4.72164800931496
nanosecondsPerTerm is 4.678590483928675
8.221554920646613
2426/2428, 0/2428
nanosecondsPerTerm is 4.705975336941814
nanosecondsPerTerm is 4.68419980065284
8.221554444231957
1/2428, 2427/2428
nanosecondsPerTerm is 4.716085932629927
nanosecondsPerTerm is 4.679440655446887
8.221554656420482
2427/2428, 0/2428
nanosecondsPerTerm is 4.70800887226392
nanosecondsPerTerm is 4.67828334933585
8.221554655944022
2426/2428, 1/2428
nanosecondsPerTerm is 4.701320444680563
nanosecondsPerTerm is 4.671020286600206
8.221554655942304
0/2428, 2426/2428
nanosecondsPerTerm is 4.70962446816068
nanosecondsPerTerm is 4.66810020386073
8.22155465594316
551/2428, 1875/2428
nanosecondsPerTerm is 4.70555327952242
nanosecondsPerTerm is 4.688018680489876
8.221554655943162
1273/2428, 602/2428
Reached final precision, stopping.
D = 12.8515625
[8.411601360256768, 8.411655114994952]
nanosecondsPerTerm is 4.674446375062459
nanosecondsPerTerm is 4.696724204876393
nanosecondsPerTerm is 4.679689456156563
nanosecondsPerTerm is 4.688485917154682
74527.52011524161 53380.11836798213 75101.78205518228 53740.89133703504
8.411601360256768
8.411655114994952
nanosecondsPerTerm is 4.669865014536303
nanosecondsPerTerm is 4.697505070438704
8.411641052155893
1/2474, 2473/2474
nanosecondsPerTerm is 4.674111680427995
nanosecondsPerTerm is 4.685604896586153
8.411641164103047
0/2474, 2473/2474
nanosecondsPerTerm is 4.68728639061304
nanosecondsPerTerm is 4.702971570354442
8.411641164733645
2473/2474, 0/2474
nanosecondsPerTerm is 4.664865966674999
nanosecondsPerTerm is 4.694222621676298
8.411641164419235
250/2474, 2222/2474
nanosecondsPerTerm is 4.668741572909791
nanosecondsPerTerm is 4.694167187599277
8.411641164419297
2130/2474, 114/2474
nanosecondsPerTerm is 4.669329936982995
nanosecondsPerTerm is 4.686151451132606
8.411641164419269
600/2474, 1530/2474
nanosecondsPerTerm is 4.65486763182998
nanosecondsPerTerm is 4.676904786458147
8.411641164419276
616/2474, 912/2474
Sign changes no longer useful, stopping.
D = 13.00390625
[8.598428764360149, 8.598480189098396]
nanosecondsPerTerm is 4.681700025866368
nanosecondsPerTerm is 4.685274942030686
nanosecondsPerTerm is 4.653169273782093
nanosecondsPerTerm is 4.687445204678553
39544.66938537778 40093.17937351237 39515.88642790644 40069.31181716736
8.598428764360149
8.598480189098396
nanosecondsPerTerm is 4.66811836923635
nanosecondsPerTerm is 4.684251818881799
8.598459345531188
1/2551, 2550/2551
nanosecondsPerTerm is 4.673179384214067
nanosecondsPerTerm is 4.689433736708299
8.598459389410266
0/2551, 2550/2551
nanosecondsPerTerm is 4.666567190073266
nanosecondsPerTerm is 4.698756020434218
8.598459389535879
2550/2551, 0/2551
nanosecondsPerTerm is 4.680072897591425
nanosecondsPerTerm is 4.677852771407093
8.598459389473174
591/2551, 1959/2551
nanosecondsPerTerm is 4.649167754724473
nanosecondsPerTerm is 4.68686636399462
8.598459389473213
1035/2551, 927/2551
Sign changes no longer useful, stopping.
D = 13.00390625
[8.601617098131552, 8.601668522869801]
nanosecondsPerTerm is 4.66387828523446
nanosecondsPerTerm is 4.663335017978704
nanosecondsPerTerm is 4.681883405028036
nanosecondsPerTerm is 4.684575138207361
35651.17298441155 44681.37137084715 35610.28149873743 44632.44598117223
8.601617098131552
8.601668522869801
nanosecondsPerTerm is 4.643638906287686
nanosecondsPerTerm is 4.68706980465925
8.601639493573199
1/2551, 1/2551
Sign changes no longer useful, stopping.
D = 13.00390625
[8.640949598600136, 8.641000556267716]
nanosecondsPerTerm is 4.657926768489338
nanosecondsPerTerm is 4.670054430642491
nanosecondsPerTerm is 4.657978102229506
nanosecondsPerTerm is 4.672081424818222
52321.2182228788 56887.78225347903 52150.28945375446 56713.80606274601
8.640949598600136
8.641000556267716
nanosecondsPerTerm is 4.664653153807371
nanosecondsPerTerm is 4.689006592406652
8.640991309027113
2556/2558, 0/2558
nanosecondsPerTerm is 4.647607990835708
nanosecondsPerTerm is 4.673470608829935
8.64099130531125
2554/2558, 4/2558
nanosecondsPerTerm is 4.677586389683053
nanosecondsPerTerm is 4.674219045057255
8.640991305308328
12/2558, 2542/2558
nanosecondsPerTerm is 4.663966333671392
nanosecondsPerTerm is 4.697928397463441
8.640991305309802
2330/2558, 234/2558
nanosecondsPerTerm is 4.661514548557157
nanosecondsPerTerm is 4.678797423599087
8.640991305309756
184/2558, 2190/2558
nanosecondsPerTerm is 4.669016768132066
nanosecondsPerTerm is 4.673696605141767
8.640991305309772
326/2558, 2390/2558
nanosecondsPerTerm is 4.675359025081105
nanosecondsPerTerm is 4.675540303459295
8.640991305309795
2162/2558, 235/2558
nanosecondsPerTerm is 4.657816971666993
nanosecondsPerTerm is 4.686211398441454
8.640991305309791
1801/2558, 428/2558
nanosecondsPerTerm is 4.655351800335175
nanosecondsPerTerm is 4.66898283124573
8.64099130530979
2356/2558, 570/2558
nanosecondsPerTerm is 4.673563696184291
nanosecondsPerTerm is 4.674278837125685
8.640991305309781
240/2558, 2124/2558
nanosecondsPerTerm is 4.652504108915967
nanosecondsPerTerm is 4.680568934383772
8.640991305309784
179/2558, 2247/2558
Reached final precision, stopping.
D = 13.0546875
[8.669877536455299, 8.669928037515284]
nanosecondsPerTerm is 4.712656504099656
nanosecondsPerTerm is 4.683779378239371
nanosecondsPerTerm is 4.707926539915944
nanosecondsPerTerm is 4.675142155973382
10735.45461552174 9275.759043773729 10755.22710535061 9276.841014572621
8.669877536455299
8.669928037515284
nanosecondsPerTerm is 4.690123263906137
nanosecondsPerTerm is 4.681412818874851
8.669921658112154
1/2574, 2573/2574
nanosecondsPerTerm is 4.688386456849414
nanosecondsPerTerm is 4.664608861846795
8.669921663332444
4/2574, 2569/2574
nanosecondsPerTerm is 4.686533293746869
nanosecondsPerTerm is 4.67007099893871
8.669921663333687
2564/2574, 5/2574
nanosecondsPerTerm is 4.701136545821022
nanosecondsPerTerm is 4.676724873295051
8.669921663333065
1023/2574, 1544/2574
Sign changes no longer useful, stopping.
D = 13.0546875
[8.724554954145194, 8.724604862033924]
nanosecondsPerTerm is 4.692502714065234
nanosecondsPerTerm is 4.708277440074877
nanosecondsPerTerm is 4.658063472550051
nanosecondsPerTerm is 4.684905856023679
23414.64646792115 75239.02833117789 23159.88374982222 76157.49200094807
8.724554954145194
8.724604862033924
nanosecondsPerTerm is 4.690392238909807
nanosecondsPerTerm is 4.683911000005029
8.724583097681741
12/2583, 12/2583
Sign changes no longer useful, stopping.
D = 13.0546875
[8.725702835585992, 8.725752743474722]
nanosecondsPerTerm is 4.686050919940585
nanosecondsPerTerm is 4.701618843173558
nanosecondsPerTerm is 4.672582271132143
nanosecondsPerTerm is 4.686034494850611
23282.75410524517 81231.70250351394 23379.16329522842 82340.58019698244
8.725702835585992
8.725752743474722
nanosecondsPerTerm is 4.683665092104337
nanosecondsPerTerm is 4.701159785606476
8.725726310157849
13/2583, 13/2583
Sign changes no longer useful, stopping.
D = 13.00390625
[8.797661019517772, 8.797710069498688]
nanosecondsPerTerm is 4.725846107715699
nanosecondsPerTerm is 4.693118293656275
nanosecondsPerTerm is 4.694734476642736
nanosecondsPerTerm is 4.694718962089768
18094.89536584808 20907.90923403302 18058.23810314766 20866.75448199847
8.797661019517772
8.797710069498688
nanosecondsPerTerm is 4.694546510293492
nanosecondsPerTerm is 4.686945422894045
8.797694532349038
2578/2582, 0/2582
nanosecondsPerTerm is 4.69693389615245
nanosecondsPerTerm is 4.680267659787167
8.797694496317087
2578/2582, 2/2582
nanosecondsPerTerm is 4.689234775462062
nanosecondsPerTerm is 4.676918316562982
8.797694496150033
3/2582, 2579/2582
nanosecondsPerTerm is 4.705046189038752
nanosecondsPerTerm is 4.689930076458158
8.797694496233365
1203/2582, 1375/2582
Sign changes no longer useful, stopping.
D = 12.6484375
[8.939183727577152, 8.93923129637488]
nanosecondsPerTerm is 4.672769481332924
nanosecondsPerTerm is 4.691754429742745
nanosecondsPerTerm is 4.711606438457302
nanosecondsPerTerm is 4.699743987100668
11240.7240234784 10385.63132062821 11256.84278647428 10389.85134291532
8.939183727577152
8.93923129637488
nanosecondsPerTerm is 4.675296092700449
nanosecondsPerTerm is 4.689098554465001
8.939199783542126
0/2504, 2502/2504
nanosecondsPerTerm is 4.679983111927593
nanosecondsPerTerm is 4.697613063789212
8.939199784369777
628/2504, 1876/2504
nanosecondsPerTerm is 4.665485845520097
nanosecondsPerTerm is 4.684888846535732
8.939199784369906
1500/2504, 376/2504
nanosecondsPerTerm is 4.663050604082854
nanosecondsPerTerm is 4.692707187017225
8.939199784369828
732/2504, 768/2504
Sign changes no longer useful, stopping.
D = 11.8359375
[9.060741114379663, 9.060787429806179]
nanosecondsPerTerm is 4.697928206120646
nanosecondsPerTerm is 4.709111658449347
nanosecondsPerTerm is 4.691958635695461
nanosecondsPerTerm is 4.701039187413193
19711.67577199064 16111.80030755804 19769.98290238584 16136.49085949766
9.060741114379663
9.060787429806179
nanosecondsPerTerm is 4.693618041969088
nanosecondsPerTerm is 4.714183610975377
9.060762091575274
1/2306, 2300/2306
nanosecondsPerTerm is 4.674076341003812
nanosecondsPerTerm is 4.705148526271501
9.060762251214705
0/2306, 2300/2306
nanosecondsPerTerm is 4.708085820934769
nanosecondsPerTerm is 4.7126481070302
9.060762253639032
2305/2306, 5/2306
nanosecondsPerTerm is 4.685847484830437
nanosecondsPerTerm is 4.714576521905297
9.060762252436207
1166/2306, 1139/2306
Sign changes no longer useful, stopping.
D = 12.140625
[9.114326452152994, 9.114372171189125]
nanosecondsPerTerm is 4.679896402395215
nanosecondsPerTerm is 4.682205584182069
nanosecondsPerTerm is 4.655650270015317
nanosecondsPerTerm is 4.691269416489034
11075.33275826465 31718.36938324444 11056.01092426502 31784.46402828565
9.114326452152994
9.114372171189125
nanosecondsPerTerm is 4.672457242356125
nanosecondsPerTerm is 4.707615190641008
9.114334151490064
2392/2395, 4/2395
nanosecondsPerTerm is 4.663559592031114
nanosecondsPerTerm is 4.691586282412784
9.114334096384296
2393/2395, 1/2395
nanosecondsPerTerm is 4.674458852861939
nanosecondsPerTerm is 4.697834156122567
9.114334096224615
3/2395, 2392/2395
nanosecondsPerTerm is 4.681942333194852
nanosecondsPerTerm is 4.711518256127007
9.11433409630434
1195/2395, 1197/2395
Sign changes no longer useful, stopping.
D = 12.69921875
[9.271939981332768, 9.271984235595093]
nanosecondsPerTerm is 4.693407901599158
nanosecondsPerTerm is 4.700841897760263
nanosecondsPerTerm is 4.677635130150822
nanosecondsPerTerm is 4.683962680403752
22851.67316911188 67369.90482574776 22750.71310462936 65858.11126038858
9.271939981332768
9.271984235595093
nanosecondsPerTerm is 4.65449987439553
nanosecondsPerTerm is 4.691092681813235
9.271940958689436
2574/2575, 1/2575
nanosecondsPerTerm is 4.685791537246623
nanosecondsPerTerm is 4.711320170996227
9.271940935360426
2574/2575, 0/2575
nanosecondsPerTerm is 4.675292500643802
nanosecondsPerTerm is 4.689039751935081
9.271940935335364
0/2575, 2574/2575
nanosecondsPerTerm is 4.658623313520511
nanosecondsPerTerm is 4.674357589570264
9.271940935347887
1357/2575, 1217/2575
Sign changes no longer useful, stopping.
D = 12.69921875
[9.329774673848501, 9.329818395310037]
nanosecondsPerTerm is 4.686429490096951
nanosecondsPerTerm is 4.69793731408295
nanosecondsPerTerm is 4.68582267495106
nanosecondsPerTerm is 4.68464047158622
24224.43017999795 23107.80946808376 24216.98913992504 23209.4051319761
9.329774673848501
9.329818395310037
nanosecondsPerTerm is 4.678536179021028
nanosecondsPerTerm is 4.683211379559419
9.329807581372258
3/2588, 2587/2588
nanosecondsPerTerm is 4.675617547609842
nanosecondsPerTerm is 4.698118420164263
9.329807616156151
1/2588, 2586/2588
nanosecondsPerTerm is 4.688303883653417
nanosecondsPerTerm is 4.667447852689116
9.329807616229642
2586/2588, 0/2588
nanosecondsPerTerm is 4.668061929542491
nanosecondsPerTerm is 4.676375427665401
9.329807616192936
1492/2588, 1094/2588
Sign changes no longer useful, stopping.
D = 12.6484375
[9.390821578212163, 9.390864681040608]
nanosecondsPerTerm is 4.69113522584418
nanosecondsPerTerm is 4.697631840299499
nanosecondsPerTerm is 4.675439918706688
nanosecondsPerTerm is 4.683291946348884
17623.60749452977 29444.3704404439 17607.76326291456 29445.49446027204
9.390821578212163
9.390864681040608
nanosecondsPerTerm is 4.671000780523872
nanosecondsPerTerm is 4.697468582253602
9.390834291900257
2582/2583, 1/2583
nanosecondsPerTerm is 4.676758296148841
nanosecondsPerTerm is 4.680479263522571
9.390834291531849
1817/2583, 765/2583
nanosecondsPerTerm is 4.685413742771631
nanosecondsPerTerm is 4.702668299178772
9.390834291531831
420/2583, 1397/2583
nanosecondsPerTerm is 4.680551129547267
nanosecondsPerTerm is 4.710286029980377
9.390834291531842
662/2583, 735/2583
Sign changes no longer useful, stopping.
D = 12.19140625
[9.462270391980713, 9.462312897604784]
nanosecondsPerTerm is 4.697238224975245
nanosecondsPerTerm is 4.718953935692406
nanosecondsPerTerm is 4.678293214175931
nanosecondsPerTerm is 4.713903175501703
25203.52013635869 16135.09536520834 25132.38844465813 16158.22899433237
9.462270391980713
9.462312897604784
nanosecondsPerTerm is 4.687485974876129
nanosecondsPerTerm is 4.725689553754879
9.462293713057417
2468/2469, 0/2469
nanosecondsPerTerm is 4.672507659873122
nanosecondsPerTerm is 4.713819327605718
9.462293698720178
2461/2469, 7/2469
nanosecondsPerTerm is 4.680922838726919
nanosecondsPerTerm is 4.718673995981976
9.462293698698751
9/2469, 2452/2469
nanosecondsPerTerm is 4.670459940558222
nanosecondsPerTerm is 4.720015747538498
9.462293698709457
1246/2469, 1206/2469
Sign changes no longer useful, stopping.
D = 12.2421875
[9.569035821004785, 9.569077375786375]
nanosecondsPerTerm is 4.713615086131408
nanosecondsPerTerm is 4.715683816327305
nanosecondsPerTerm is 4.717274669517958
nanosecondsPerTerm is 4.710233992262034
43092.17053479904 15159.97469875614 42971.89815770406 15098.70575955185
9.569035821004785
9.569077375786375
nanosecondsPerTerm is 4.692096653744114
nanosecondsPerTerm is 4.704947726124566
9.56906525429503
2492/2493, 1/2493
nanosecondsPerTerm is 4.693136224743544
nanosecondsPerTerm is 4.710934248703326
9.569065239364454
2491/2493, 1/2493
nanosecondsPerTerm is 4.699896103054176
nanosecondsPerTerm is 4.703098443675069
9.569065239327658
0/2493, 2491/2493
nanosecondsPerTerm is 4.690852996540475
nanosecondsPerTerm is 4.702640883420616
9.569065239346031
1198/2493, 1293/2493
Sign changes no longer useful, stopping.
D = 12.75
[9.68341352328736, 9.683454091397133]
nanosecondsPerTerm is 4.693098507391852
nanosecondsPerTerm is 4.696797398875511
nanosecondsPerTerm is 4.671133044650121
nanosecondsPerTerm is 4.692673718175636
111005.2682649473 12225.59878501294 112479.5463706021 12295.20355427308
9.68341352328736
9.683454091397133
nanosecondsPerTerm is 4.669150348240551
nanosecondsPerTerm is 4.704892162906597
9.683440268758666
2/2659, 2658/2659
nanosecondsPerTerm is 4.664846438256053
nanosecondsPerTerm is 4.691431322438261
9.683440379268784
0/2659, 2658/2659
nanosecondsPerTerm is 4.667767103559791
nanosecondsPerTerm is 4.701070987129194
9.68344038018097
2658/2659, 0/2659
nanosecondsPerTerm is 4.666422985126535
nanosecondsPerTerm is 4.692932142052986
9.683440379726788
1386/2659, 1272/2659
Sign changes no longer useful, stopping.
D = 12.4453125
[9.699764365018552, 9.69980475996528]
nanosecondsPerTerm is 4.699233073319813
nanosecondsPerTerm is 4.691445332391992
nanosecondsPerTerm is 4.658886633308608
nanosecondsPerTerm is 4.704018835839668
15753.52340012262 647946.9338610049 15907.00531009783 675355.0030210725
9.699764365018552
9.69980475996528
nanosecondsPerTerm is 4.675775813675944
nanosecondsPerTerm is 4.692152066954094
9.6997936559387
3/2575, 2573/2575
nanosecondsPerTerm is 4.66486747775048
nanosecondsPerTerm is 4.699274036617088
9.699793987865029
0/2575, 2573/2575
nanosecondsPerTerm is 4.665259808195698
nanosecondsPerTerm is 4.703128760245652
9.699793995407196
2574/2575, 1/2575
nanosecondsPerTerm is 4.685858973156506
nanosecondsPerTerm is 4.715790451543844
9.699793991680789
178/2575, 2396/2575
nanosecondsPerTerm is 4.675975614222173
nanosecondsPerTerm is 4.708754108084399
9.699793991680806
896/2575, 1500/2575
Sign changes no longer useful, stopping.
D = 12.4453125
[9.70981514834236, 9.709855457398049]
nanosecondsPerTerm is 4.678383201228818
nanosecondsPerTerm is 4.711816390852988
nanosecondsPerTerm is 4.665144753742633
nanosecondsPerTerm is 4.713344025886552
21955.30184229006 76764.73873429242 21986.8626293048 76657.071861973
9.70981514834236
9.709855457398049
nanosecondsPerTerm is 4.689558563341933
nanosecondsPerTerm is 4.721237390286785
9.70982411279237
2579/2580, 0/2580
nanosecondsPerTerm is 4.69471140606962
nanosecondsPerTerm is 4.719144445978513
9.709824066408235
2579/2580, 0/2580
nanosecondsPerTerm is 4.68787147256355
nanosecondsPerTerm is 4.71270101102595
9.709824066271228
0/2580, 2579/2580
nanosecondsPerTerm is 4.686574332604274
nanosecondsPerTerm is 4.721940793475366
9.709824066339628
1228/2580, 1351/2580
Sign changes no longer useful, stopping.
D = 12.49609375
[9.801368482218312, 9.801408038282727]
nanosecondsPerTerm is 4.695279145791842
nanosecondsPerTerm is 4.721094921710513
nanosecondsPerTerm is 4.677898044545724
nanosecondsPerTerm is 4.721197798300331
30815.46402795913 22116.37364131943 31038.67295385431 22022.09173843858
9.801368482218312
9.801408038282727
nanosecondsPerTerm is 4.687607090870163
nanosecondsPerTerm is 4.7267139395318
9.801406512239545
3/2612, 2611/2612
nanosecondsPerTerm is 4.671085818393555
nanosecondsPerTerm is 4.716481307703141
9.801406515295922
33/2612, 2578/2612
nanosecondsPerTerm is 4.680034056657998
nanosecondsPerTerm is 4.719769615040419
9.801406515296422
2540/2612, 38/2612
nanosecondsPerTerm is 4.678297834677192
nanosecondsPerTerm is 4.717287330958897
9.801406515296172
1282/2612, 1258/2612
Sign changes no longer useful, stopping.
D = 12.49609375
[9.807341447945021, 9.807381004009436]
nanosecondsPerTerm is 4.685856266829307
nanosecondsPerTerm is 4.726229504403932
nanosecondsPerTerm is 4.696298317150647
nanosecondsPerTerm is 4.742154181135865
14001.00554861857 33325.10247438767 14002.94406576074 33303.89911687695
9.807341447945021
9.807381004009436
nanosecondsPerTerm is 4.678616697121753
nanosecondsPerTerm is 4.718792935649477
9.807354606307605
1/2612, 1/2612
Sign changes no longer useful, stopping.
D = 12.49609375
[9.839409816236159, 9.839449048767587]
nanosecondsPerTerm is 4.709936427618334
nanosecondsPerTerm is 4.724841912075227
nanosecondsPerTerm is 4.689026976145942
nanosecondsPerTerm is 4.731399318026734
38837.84255893299 93798.81344396929 39014.34513909728 93821.79464202997
9.839409816236159
9.839449048767587
nanosecondsPerTerm is 4.6910163921077
nanosecondsPerTerm is 4.724691272350909
9.839427421903926
2611/2614, 6/2614
nanosecondsPerTerm is 4.697819026849864
nanosecondsPerTerm is 4.731622448711034
9.839427391266149
2606/2614, 9/2614
nanosecondsPerTerm is 4.681806734491568
nanosecondsPerTerm is 4.722115838316334
9.839427391176645
11/2614, 2595/2614
nanosecondsPerTerm is 4.688093162367231
nanosecondsPerTerm is 4.731204451262768
9.839427391221331
1293/2614, 1302/2614
Sign changes no longer useful, stopping.
D = 12.140625
[9.982755498074543, 9.982793648359184]
nanosecondsPerTerm is 4.718369429340402
nanosecondsPerTerm is 4.721739976274829
nanosecondsPerTerm is 4.715581143064934
nanosecondsPerTerm is 4.717187125605133
9626.408522392079 14689.65319061323 9579.727979197367 14551.33888565179
9.982755498074543
9.982793648359184
nanosecondsPerTerm is 4.704080830222134
nanosecondsPerTerm is 4.71778341677833
9.982774750060518
1/2532, 1/2532
Sign changes no longer useful, stopping.
D = 12.19140625
[9.983098850636317, 9.983137000920959]
nanosecondsPerTerm is 4.701941997947826
nanosecondsPerTerm is 4.705324264251944
nanosecondsPerTerm is 4.687964497444848
nanosecondsPerTerm is 4.712046452374929
16003.06280896539 67910.3798544485 15831.63664733608 65427.93431069713
9.983098850636317
9.983137000920959
nanosecondsPerTerm is 4.686733320797102
nanosecondsPerTerm is 4.712389707588895
9.983114401359087
5/2556, 5/2556
Sign changes no longer useful, stopping.
D = 12.19140625
[9.983137000920959, 9.9831751512056]
nanosecondsPerTerm is 4.702158362572349
nanosecondsPerTerm is 4.718489931215518
nanosecondsPerTerm is 4.690263978218487
nanosecondsPerTerm is 4.70316287465287
15846.09773969719 65612.05562782359 15678.28009983348 63282.59210778002
9.983137000920959
9.9831751512056
nanosecondsPerTerm is 4.698520201535009
nanosecondsPerTerm is 4.710317294656018
9.983149331105903
3/2556, 3/2556
Sign changes no longer useful, stopping.
memory leak= { -32915 -404351 0 0 4454875 -10636308 }
