/mmfs1/data/mossea/Documents/bianchi-maass-forms/cmake-build-release
c126
Tue Feb  4 14:45:24 EST 2025
mode = coarse
d = 19
symClass = C
D = 0
leftEndpoint = -0.4
rightEndpoint = 25
Range already complete.
mode = medium
d = 19
symClass = C
D = 0
Range already complete.
mode = fine
d = 19
symClass = C
D = 0
D = 16
[14.65421386608808, 14.65426803485949]
8732.377514270311 5659.504168007884 8726.252138863334 5643.232438369786
14.65421386608808
14.65426803485949
ZERO SIGN CHANGES DETECTED. CONDUCT FURTHER INVESTIGATION
[14.65421386608808, 14.65426803485949]
!!!!!!!!!!!!!!!!!!!!!!!!!!!!!!!!!!!!!!!!!!!!!!!!!!!!!!!!!!!!!!!!!
D = 16
[14.92775467280843, 14.92780688293781]
11482.34663148922 11454.03818193307 11468.54048662988 11441.04542349408
14.92775467280843
14.92780688293781
14.92779420226835
1467/1468, 0/1468
14.92779417010064
1467/1468, 0/1468
14.9277941699376
0/1468, 1467/1468
14.92779417001891
1053/1468, 414/1468
14.92779417001887
358/1468, 703/1468
Sign changes no longer useful, stopping.
D = 16
[14.96869815817497, 14.96874999749348]
27665.34664216694 11777.06770278274 28169.37664193564 11721.76707329274
14.96869815817497
14.96874999749348
14.968705971824
2/1470, 1467/1470
14.9687060599879
0/1470, 1467/1470
14.96870606198068
1469/1470, 2/1470
14.9687060609957
669/1470, 800/1470
Sign changes no longer useful, stopping.
D = 16
[15.03412247099079, 15.03417391057597]
85769.29174571145 35318.02655587165 87922.34904798497 35611.99970173414
15.03412247099079
15.03417391057597
15.03414361571897
0/1476, 1475/1476
15.03414411875562
0/1476, 1475/1476
15.0341441425665
1475/1476, 0/1476
15.0341441309545
1/1476, 1474/1476
15.03414413095462
528/1476, 946/1476
Sign changes no longer useful, stopping.
D = 16
[15.05989699900817, 15.05994825913973]
74830.94125413623 8056.555066474023 74292.6918110812 8050.455170868482
15.05989699900817
15.05994825913973
ZERO SIGN CHANGES DETECTED. CONDUCT FURTHER INVESTIGATION
[15.05989699900817, 15.05994825913973]
!!!!!!!!!!!!!!!!!!!!!!!!!!!!!!!!!!!!!!!!!!!!!!!!!!!!!!!!!!!!!!!!!
D = 16
[15.05994825913973, 15.05999951927128]
74382.25333252344 8057.58819210958 73852.54778400742 8051.629039944349
15.05994825913973
15.05999951927128
ZERO SIGN CHANGES DETECTED. CONDUCT FURTHER INVESTIGATION
[15.05994825913973, 15.05999951927128]
!!!!!!!!!!!!!!!!!!!!!!!!!!!!!!!!!!!!!!!!!!!!!!!!!!!!!!!!!!!!!!!!!
D = 16
[15.0601020395344, 15.06015329966596]
73080.91595503689 8043.989584198736 72575.75376807888 8038.463623989868
15.0601020395344
15.06015329966596
15.06012898268782
1477/1478, 2/1478
15.0601288969967
1477/1478, 0/1478
15.0601288963914
0/1478, 1477/1478
15.06012889669297
787/1478, 690/1478
Sign changes no longer useful, stopping.
D = 16
[15.0942637298408, 15.09431472370452]
46461.38321091588 105803.1700282902 46542.11885562949 95488.74670534479
15.0942637298408
15.09431472370452
15.09427366329544
5/1479, 1471/1479
15.09427373978454
0/1479, 1471/1479
15.09427374096813
1478/1479, 7/1479
15.09427374038096
854/1479, 624/1479
Sign changes no longer useful, stopping.
D = 16
[15.40336409756852, 15.40341307914954]
18697.67719915632 4694.379023999622 18715.27182271802 4703.024957631491
15.40336409756852
15.40341307914954
15.40337906829681
0/1505, 1502/1505
15.40337910578245
0/1505, 1502/1505
15.4033791059698
1504/1505, 2/1505
15.40337910587636
219/1505, 1285/1505
15.40337910587636
697/1505, 599/1505
Sign changes no longer useful, stopping.
D = 16
[15.68254796911873, 15.68259527144984]
23038.92377129118 19190.05214826393 23119.03920129617 19256.75128802061
15.68254796911873
15.68259527144984
15.68257565507617
1/1524, 1/1524
Sign changes no longer useful, stopping.
D = 16
[15.71655210475077, 15.71659918911235]
56969.71015817767 85435.92685077677 56619.62452399919 84844.46921353826
15.71655210475077
15.71659918911235
ZERO SIGN CHANGES DETECTED. CONDUCT FURTHER INVESTIGATION
[15.71655210475077, 15.71659918911235]
!!!!!!!!!!!!!!!!!!!!!!!!!!!!!!!!!!!!!!!!!!!!!!!!!!!!!!!!!!!!!!!!!
D = 16
[15.89426586595683, 15.89431189698735]
7514.858891974142 106102.2042327474 7513.301549903566 104090.0894342643
15.89426586595683
15.89431189698735
ZERO SIGN CHANGES DETECTED. CONDUCT FURTHER INVESTIGATION
[15.89426586595683, 15.89431189698735]
!!!!!!!!!!!!!!!!!!!!!!!!!!!!!!!!!!!!!!!!!!!!!!!!!!!!!!!!!!!!!!!!!
D = 16
[15.89619916923872, 15.89624520026925]
48061.23124937272 89586.47207823519 47680.07805978462 88219.28872186346
15.89619916923872
15.89624520026925
15.89622153789269
1/1537, 0/1537
Sign changes no longer useful, stopping.
D = 16
[15.90585335241205, 15.90589931530315]
28936.90282991052 40535.01065262359 28798.36240964141 40290.19381604731
15.90585335241205
15.90589931530315
15.90587380795549
4/1537, 3/1537
Sign changes no longer useful, stopping.
D = 16
[15.91402775458166, 15.91407364958494]
19848.27700989054 42945.67891067897 19783.55806640794 42622.45826125266
15.91402775458166
15.91407364958494
ZERO SIGN CHANGES DETECTED. CONDUCT FURTHER INVESTIGATION
[15.91402775458166, 15.91407364958494]
!!!!!!!!!!!!!!!!!!!!!!!!!!!!!!!!!!!!!!!!!!!!!!!!!!!!!!!!!!!!!!!!!
D = 16
[16.06876770385531, 16.06881273855435]
31409.33441610559 3358.338226617746 31296.82963365277 3359.855381784089
16.06876770385531
16.06881273855435
16.0687894877988
1549/1550, 1/1550
16.06878948334936
1543/1550, 6/1550
16.06878948334762
2/1550, 1541/1550
16.06878948334849
671/1550, 870/1550
Sign changes no longer useful, stopping.
D = 16
[16.14311493351, 16.14315952139488]
6901.560013290013 355492.4274895272 6895.393755673264 369711.3046588572
16.14311493351
16.14315952139488
16.14313351266187
1/1551, 1548/1551
16.14313393569357
1/1551, 1549/1551
16.14313395494719
1550/1551, 1/1551
16.14313394554828
1/1551, 1549/1551
16.14313394554836
1433/1551, 115/1551
16.14313394554836
1433/1551, 0/1551
16.14313394554836
1465/1551, 31/1551
16.14313394554836
39/1551, 1426/1551
Reached final precision, stopping.
D = 16
[16.14873300700542, 16.1487775948903]
8489.53559548894 75043.34923042609 8512.591348666101 74284.43528982514
16.14873300700542
16.1487775948903
ZERO SIGN CHANGES DETECTED. CONDUCT FURTHER INVESTIGATION
[16.14873300700542, 16.1487775948903]
!!!!!!!!!!!!!!!!!!!!!!!!!!!!!!!!!!!!!!!!!!!!!!!!!!!!!!!!!!!!!!!!!
D = 16
[16.15621848562332, 16.15626301057913]
42468.29454916194 56126.43783636871 43656.69681390341 56078.64974934884
16.15621848562332
16.15626301057913
16.15625152668591
0/1553, 1552/1553
16.15625179068012
0/1553, 1552/1553
16.15625179488647
1552/1553, 0/1553
16.15625179280058
233/1553, 1319/1553
16.15625179280058
1061/1553, 258/1553
Reached final precision, stopping.
D = 16
[16.26047037808653, 16.26051434650372]
34452.57383794086 25953.96371548838 33968.12505158784 26240.63535831657
16.26047037808653
16.26051434650372
16.26047547528065
0/1556, 1549/1556
16.26047551919382
0/1556, 1549/1556
16.26047551995019
1555/1556, 6/1556
16.26047551957529
744/1556, 811/1556
Sign changes no longer useful, stopping.
D = 16
[16.32393061967226, 16.32397422659965]
241754.1630941544 15447.57272551646 232522.3376371244 15403.52393090607
16.32393061967226
16.32397422659965
16.32396264255258
1556/1565, 0/1565
16.32396226359473
1556/1565, 0/1565
16.32396223884085
8/1565, 1564/1565
16.3239622507949
1549/1565, 15/1565
16.32396225079474
1099/1565, 454/1565
16.32396225079473
297/1565, 802/1565
16.32396225079474
625/1565, 179/1565
Sign changes no longer useful, stopping.
D = 16
[16.45192428849591, 16.45196725158419]
11968.22655668182 26078.68003782054 11947.95220296279 26099.15551459353
16.45192428849591
16.45196725158419
16.45193421660855
1570/1571, 0/1571
16.45193421161831
1570/1571, 0/1571
16.45193421161681
0/1571, 1570/1571
16.45193421161756
548/1571, 1022/1571
Sign changes no longer useful, stopping.
D = 16
[16.4985649727823, 16.49860770758326]
109200.5358156691 24601.0914500329 111103.6485497441 24491.7741006749
16.4985649727823
16.49860770758326
16.49857995221296
4/1576, 1572/1576
16.4985800752189
0/1576, 1572/1576
16.49858007724736
1575/1576, 3/1576
16.49858007624161
1428/1576, 147/1576
16.49858007624159
79/1576, 1365/1576
Reached final precision, stopping.
D = 16
[16.52504158617474, 16.52508415173807]
13622.50631695673 33812.64260337436 13575.69746958242 33672.87516151596
16.52504158617474
16.52508415173807
16.52504328131492
1576/1577, 0/1577
16.52504327826475
1563/1577, 13/1577
16.5250432782643
13/1577, 1550/1577
16.52504327826453
970/1577, 580/1577
Sign changes no longer useful, stopping.
D = 16
[16.60397206106178, 16.6040142381698]
13760.44864575686 51506.3752562489 13745.76918584079 51388.04536141967
16.60397206106178
16.6040142381698
16.60398223911103
1583/1584, 0/1584
16.60398223589112
1571/1584, 12/1584
16.60398223589048
6/1584, 1565/1584
16.6039822358908
1153/1584, 412/1584
16.60398223589079
283/1584, 870/1584
Reached final precision, stopping.
D = 16
[16.95216447565954, 16.95220493422674]
29571.28318403901 32082.08942732475 29592.94320635168 31976.07127569941
16.95216447565954
16.95220493422674
16.95219737349948
1/1611, 0/1611
Sign changes no longer useful, stopping.
D = 16
[16.95867494800232, 16.95871535720222]
27632.01028403453 34343.13287929014 27631.75959337214 34171.23251538978
16.95867494800232
16.95871535720222
16.95869737940776
0/1613, 1/1613
Sign changes no longer useful, stopping.
D = 16
[17.10542198500369, 17.1054617185189]
5876.919630049286 331809.5683383998 5882.665783675379 328062.403028962
17.10542198500369
17.1054617185189
ZERO SIGN CHANGES DETECTED. CONDUCT FURTHER INVESTIGATION
[17.10542198500369, 17.1054617185189]
!!!!!!!!!!!!!!!!!!!!!!!!!!!!!!!!!!!!!!!!!!!!!!!!!!!!!!!!!!!!!!!!!
D = 16
[17.17021584803665, 17.17025530051382]
10612.53549544636 56915.05118751684 10624.36222513696 56091.32109412031
17.17021584803665
17.17025530051382
17.17022667103137
1623/1625, 2/1625
17.17022653915947
1623/1625, 0/1625
17.17022653794458
1/1625, 1624/1625
17.17022653854918
290/1625, 1334/1625
17.17022653854918
1128/1625, 208/1625
Reached final precision, stopping.
D = 16
[17.19329041831119, 17.19332973212198]
10264.32823661787 17099.92359240496 10260.78309837883 17080.40426708528
17.19329041831119
17.19332973212198
17.19329141395259
1/1628, 0/1628
Sign changes no longer useful, stopping.
D = 16
[17.20543296351645, 17.2054722313753]
10905.82026676243 10055.91423894929 10879.60444884059 10061.68554980982
17.20543296351645
17.2054722313753
ZERO SIGN CHANGES DETECTED. CONDUCT FURTHER INVESTIGATION
[17.20543296351645, 17.2054722313753]
!!!!!!!!!!!!!!!!!!!!!!!!!!!!!!!!!!!!!!!!!!!!!!!!!!!!!!!!!!!!!!!!!
D = 16
[17.20935974940152, 17.20939901726037]
10709.8533151567 20437.1435248531 10729.49906009436 20497.71080450315
17.20935974940152
17.20939901726037
ZERO SIGN CHANGES DETECTED. CONDUCT FURTHER INVESTIGATION
[17.20935974940152, 17.20939901726037]
!!!!!!!!!!!!!!!!!!!!!!!!!!!!!!!!!!!!!!!!!!!!!!!!!!!!!!!!!!!!!!!!!
D = 16
[17.21155792477502, 17.21159714681598]
12201.48000407431 10321.75987685522 12239.73353886987 10327.90083473753
17.21155792477502
17.21159714681598
17.21156554423115
1/1628, 0/1628
Sign changes no longer useful, stopping.
D = 16
[17.21406813539606, 17.21410735743702]
46244.61836329534 11198.14444008442 46309.71195954529 11222.25618126001
17.21406813539606
17.21410735743702
17.21409513519439
0/1628, 1/1628
Sign changes no longer useful, stopping.
D = 16
[17.27512882279037, 17.27516777270414]
104592.3704651571 114679.1090371033 106694.9559764204 113007.8500238792
17.27512882279037
17.27516777270414
17.27514606036885
1/1634, 1632/1634
17.27514606150088
5/1634, 1629/1634
17.27514606150122
1622/1634, 7/1634
17.27514606150105
813/1634, 809/1634
Sign changes no longer useful, stopping.
D = 16
[17.28132136521366, 17.28136027023056]
63663.70609413662 72114.66285128512 63840.42098244394 72245.38676200123
17.28132136521366
17.28136027023056
17.28134012180227
6/1636, 6/1636
Sign changes no longer useful, stopping.
D = 16
[17.28373347626148, 17.28377238127838]
86632.43829026942 61500.58196606984 86135.63881309153 61624.43696099427
17.28373347626148
17.28377238127838
17.28373486056649
1/1636, 1629/1636
17.28373486213689
0/1636, 1629/1636
17.28373486214051
1633/1636, 8/1636
17.2837348621387
1038/1636, 594/1636
Sign changes no longer useful, stopping.
D = 16
[17.31399488662371, 17.31403365772258]
28381.5767073013 851017.1138345399 28415.78617525887 847261.5227046197
17.31399488662371
17.31403365772258
17.3140134382652
1636/1637, 2/1637
17.31401331059809
1636/1637, 0/1637
17.31401330899777
0/1637, 1636/1637
17.31401330979285
269/1637, 1367/1637
17.31401330979286
1195/1637, 177/1637
Reached final precision, stopping.
D = 16
[17.46404407309738, 17.46408219149554]
27110.10653655017 317555.1653666638 27148.98650070676 414817.9206470439
17.46404407309738
17.46408219149554
17.46406106010635
3/1644, 5/1644
Sign changes no longer useful, stopping.
D = 16
[17.53779072149155, 17.53782850285129]
42541.2778449567 21988.83503021255 42131.47599970588 21951.3801469115
17.53779072149155
17.53782850285129
17.53780673545003
1649/1652, 1/1652
17.53780672497658
1649/1652, 0/1652
17.53780672496648
2/1652, 1651/1652
17.53780672497153
559/1652, 1092/1652
Sign changes no longer useful, stopping.
D = 16
[17.71176934099052, 17.71180639051219]
61285.13663110288 66343.99944502168 62619.95304269035 65660.54107588193
17.71176934099052
17.71180639051219
17.71177124227368
0/1660, 1653/1660
17.71177126262954
0/1660, 1653/1660
17.71177126306576
1659/1660, 6/1660
17.71177126285001
828/1660, 831/1660
Sign changes no longer useful, stopping.
D = 16
[17.7157336398099, 17.71577068933158]
120853.8468081712 54119.68532163461 117070.3264485331 53927.36556448437
17.7157336398099
17.71577068933158
17.71574489083496
3/1662, 3/1662
Sign changes no longer useful, stopping.
D = 16
[17.77836846646474, 17.77840524082826]
6171.919313471351 7867.730630066569 6154.5531219788 7881.693676766211
17.77836846646474
17.77840524082826
17.77837656977646
1664/1666, 1/1666
17.77837656720874
1656/1666, 10/1666
17.77837656720828
6/1666, 1650/1666
17.77837656720851
633/1666, 1018/1666
Sign changes no longer useful, stopping.
D = 16
[17.9037461492453, 17.90378242589412]
63002.79207843546 22585.12632037298 62235.80673490896 22656.49548092706
17.9037461492453
17.90378242589412
17.90377263352964
1673/1674, 0/1674
17.90377253209176
1673/1674, 0/1674
17.90377252999095
0/1674, 1673/1674
17.90377253103032
319/1674, 1354/1674
17.90377253103032
1101/1674, 263/1674
Reached final precision, stopping.
D = 16
[18.09470974847847, 18.09474525561889]
360518.5933423919 6492.508825024074 384477.3195202952 6503.265978183159
18.09470974847847
18.09474525561889
18.09474214801724
7/1688, 1687/1688
18.0947423216247
0/1688, 1687/1688
18.09474232347059
1687/1688, 0/1688
18.09474232255287
381/1688, 1306/1688
18.09474232255287
0/1688, 1306/1688
18.09474232255288
964/1688, 346/1688
Reached final precision, stopping.
D = 16
[18.15483250760159, 18.15486776719139]
102609.3535760345 33758.84224794 101898.8797167719 33710.87937458886
18.15483250760159
18.15486776719139
18.15486776346299
1680/1697, 1/1697
18.15486776344488
1468/1697, 212/1697
18.15486776344469
259/1697, 1209/1697
18.1548677634448
653/1697, 560/1697
Sign changes no longer useful, stopping.
D = 16
[18.2011642977027, 18.20119938309185]
32841.57772607158 157240.470984763 33018.40014186192 161950.929373162
18.2011642977027
18.20119938309185
18.20118385991393
2/1699, 1696/1699
18.2011839167231
0/1699, 1696/1699
18.20118391705472
1698/1699, 2/1699
18.2011839168894
338/1699, 1360/1699
18.20118391688942
1280/1699, 194/1699
Reached final precision, stopping.
D = 16
[18.26337754568513, 18.26341239077211]
11618.36585052386 22796.89364839461 11626.68644098841 22810.21282839454
18.26337754568513
18.26341239077211
18.26340587428892
1/1705, 2/1705
Sign changes no longer useful, stopping.
D = 16
[18.32240058026324, 18.32243522262274]
39072.24282054879 75914.77423056903 38971.94995245443 75339.380160585
18.32240058026324
18.32243522262274
18.32240988568781
1706/1707, 0/1707
18.3224098187714
1706/1707, 0/1707
18.3224098184181
0/1707, 1706/1707
18.32240981859426
1035/1707, 671/1707
Sign changes no longer useful, stopping.
D = 16
[18.4821946307553, 18.48222865011341]
24321.73430038564 39854.67039426275 24309.21857813514 40743.77822788904
18.4821946307553
18.48222865011341
18.48220689117149
1/1715, 1706/1715
18.4822070231055
0/1715, 1706/1715
18.48220702595184
1714/1715, 8/1715
18.48220702454429
595/1715, 1119/1715
Sign changes no longer useful, stopping.
D = 16
[18.56398365056449, 18.56401738445457]
6688.911888540909 7219.902985055783 6691.978378562755 7213.276234337675
18.56398365056449
18.56401738445457
18.5640073363587
1/1723, 1722/1723
18.56400734520629
1/1723, 1721/1723
18.56400734521295
1720/1723, 1/1723
18.56400734520961
1046/1723, 670/1723
Sign changes no longer useful, stopping.
D = 16
[18.630099606966, 18.63013309207786]
31165.12896870324 11126.16344115059 31116.99836745097 11108.09894244737
18.630099606966
18.63013309207786
18.6301059656112
1729/1730, 0/1730
18.63010595057459
1729/1730, 0/1730
18.63010595055791
0/1730, 1729/1730
18.63010595056624
447/1730, 1281/1730
18.63010595056625
990/1730, 323/1730
Reached final precision, stopping.
D = 16
[18.73666736140032, 18.7367004818097]
167056.2666786893 21335.68649314068 165800.4527009425 21379.87930286333
18.73666736140032
18.7367004818097
18.73669462517415
1737/1738, 0/1738
18.73669461523619
1737/1738, 0/1738
18.73669461520253
0/1738, 1737/1738
18.73669461521933
619/1738, 1118/1738
Sign changes no longer useful, stopping.
D = 16
[18.74229477660553, 18.74232786706992]
863016.7068846368 56760.28360390644 995594.2964498468 55144.64359757731
18.74229477660553
18.74232786706992
18.74231548094191
5/1741, 7/1741
Sign changes no longer useful, stopping.
D = 16
[18.74567000397337, 18.74570309443776]
17801.69894367644 18429.25350365375 17731.43614830762 18345.06185204324
18.74567000397337
18.74570309443776
18.7456983394029
1739/1741, 0/1741
18.74569832466297
1739/1741, 0/1741
18.74569832457151
1/1741, 1740/1741
18.7456983246171
1187/1741, 553/1741
Sign changes no longer useful, stopping.
D = 16
[18.77816566471392, 18.77819863607188]
24528.11679835049 39420.00836226941 24497.95467896538 39505.35472042528
18.77816566471392
18.77819863607188
18.77817216908621
0/1741, 1740/1741
18.77817217012698
3/1741, 1737/1741
18.77817217012732
1735/1741, 2/1741
18.77817217012715
778/1741, 956/1741
Sign changes no longer useful, stopping.
D = 16
[18.98711871898555, 18.98715096949081]
79799.73691866592 25171.52432477842 79169.62058521903 25148.72724613483
18.98711871898555
18.98715096949081
18.98712916003618
1752/1753, 2/1753
18.98712910784186
1752/1753, 0/1753
18.98712910759133
0/1753, 1752/1753
18.98712910771629
837/1753, 915/1753
Sign changes no longer useful, stopping.
D = 16
[19.10409350707964, 19.10412537078038]
132274.8129727682 31898.56582359576 128286.1373979479 31859.36813787533
19.10409350707964
19.10412537078038
19.10409617533263
1757/1758, 3/1758
19.10409609963737
1757/1758, 0/1758
19.10409609924517
0/1758, 1757/1758
19.10409609944075
55/1758, 1702/1758
19.10409609944075
1669/1758, 35/1758
Reached final precision, stopping.
D = 16
[19.19204476511493, 19.19207633291748]
8592.858168146911 41216.87531141617 8588.115942407163 41710.90538458289
19.19204476511493
19.19207633291748
19.19205803334813
0/1764, 1762/1764
19.19205812486284
0/1764, 1762/1764
19.19205812612523
1763/1764, 1/1764
19.19205812549844
852/1764, 911/1764
Sign changes no longer useful, stopping.
D = 16
[19.26041370156248, 19.26044503231714]
207802.7107050314 189214.2599346786 199306.9451667283 190147.5432396177
19.26041370156248
19.26044503231714
19.26042642125779
2/1771, 1769/1771
19.26042645319158
0/1771, 1769/1771
19.26042645335347
1770/1771, 1/1771
19.26042645327273
1259/1771, 511/1771
19.26042645327273
203/1771, 1064/1771
Reached final precision, stopping.
D = 16
[19.3986492307124, 19.39868012561168]
10602.11318807789 29787.37450961936 10575.80553110606 29516.37786949032
19.3986492307124
19.39868012561168
19.39865236591266
1779/1780, 0/1780
19.39865233359129
1779/1780, 0/1780
19.39865233351619
0/1780, 1779/1780
19.39865233355369
1172/1780, 607/1780
Sign changes no longer useful, stopping.
D = 16
[19.65634058247674, 19.65637067298099]
161917.6578737858 90892.15579820254 158792.867014112 90134.2924718936
19.65634058247674
19.65637067298099
19.65635749526215
1800/1802, 1/1802
19.65635735416095
1800/1802, 0/1802
19.65635735112625
1/1802, 1801/1802
19.65635735262697
1571/1802, 230/1802
19.65635735262696
653/1802, 918/1802
Sign changes no longer useful, stopping.
D = 16
[19.71280316422108, 19.71283309074926]
25495.34460543259 19470.6907534669 25444.07720374348 19426.42016411728
19.71280316422108
19.71283309074926
19.71282400467732
1800/1804, 0/1804
19.71282399758299
1802/1804, 2/1804
19.71282399757193
3/1804, 1801/1804
19.71282399757746
1230/1804, 571/1804
Sign changes no longer useful, stopping.
D = 16
[20.08369878115312, 20.08372759813697]
535103.1104218599 98741.45437828006 553831.2990602476 99509.53306724086
20.08369878115312
20.08372759813697
20.08371220285846
0/1837, 1835/1837
20.0837124929378
0/1837, 1835/1837
20.08371250543478
1836/1837, 1/1837
20.08371249932648
8/1837, 1828/1837
20.08371249932654
1825/1837, 11/1837
20.08371249932653
488/1837, 1345/1837
Reached final precision, stopping.
D = 16
[20.1074187498468, 20.10744750349854]
49197.7268305719 62207.48364312136 49259.85575686649 62894.84326707596
20.1074187498468
20.10744750349854
20.10744138580578
1/1837, 2/1837
Sign changes no longer useful, stopping.
D = 16
[20.11466176746531, 20.11469050008358]
1358106.406849944 35682.93354531227 1816441.28014968 35375.38081328352
20.11466176746531
20.11469050008358
20.11469039250258
1662/1837, 0/1837
20.11469039165398
1662/1837, 0/1837
20.1146903916406
170/1837, 1832/1837
20.11469039164724
731/1837, 1109/1837
Sign changes no longer useful, stopping.
D = 16
[20.22680802818432, 20.22683644984916]
23823.22376128782 41568.68106201448 23740.45814719267 41719.87907972869
20.22680802818432
20.22683644984916
20.22682674498212
1840/1844, 1/1844
20.22682673383338
1839/1844, 1/1844
20.2268267338078
2/1844, 1841/1844
20.22682673382058
921/1844, 919/1844
Sign changes no longer useful, stopping.
D = 16
[20.30580264916351, 20.30583084807743]
24441.6812237256 68044.68495286649 24537.62426671122 68444.24099031462
20.30580264916351
20.30583084807743
20.30581140696328
1/1848, 1844/1848
20.30581143565522
0/1848, 1844/1848
20.30581143584333
1847/1848, 3/1848
20.30581143574958
430/1848, 1417/1848
20.30581143574959
1065/1848, 366/1848
Reached final precision, stopping.
D = 16
[20.37405478767829, 20.37408278783822]
2376813.323622131 70978.37675255934 2823462.899081496 71330.48200642643
20.37405478767829
20.37408278783822
20.37406743655883
0/1853, 1851/1853
20.37406848122086
0/1853, 1851/1853
20.37406865268406
1852/1853, 1/1853
20.37406857518833
0/1853, 1852/1853
20.37406857523062
5/1853, 1847/1853
20.37406857523066
1837/1853, 10/1853
20.37406857523064
28/1853, 1809/1853
20.37406857523064
1775/1853, 34/1853
Reached final precision, stopping.
D = 16
[20.37929081758529, 20.37931881774522]
159699.7724185899 251154.2021091958 156173.2594174272 244724.0996727515
20.37929081758529
20.37931881774522
20.37931068270392
1851/1853, 0/1853
20.37931044696055
1851/1853, 0/1853
20.37931043333838
1/1853, 1852/1853
20.37931043994442
1845/1853, 7/1853
20.37931043994432
59/1853, 1788/1853
20.37931043994434
110/1853, 1684/1853
20.37931043994435
1677/1853, 7/1853
Reached final precision, stopping.
D = 16
[20.40246811913298, 20.40249604076712]
16356.69019243425 17530.18869075401 16340.56323566122 17491.26415743513
20.40246811913298
20.40249604076712
ZERO SIGN CHANGES DETECTED. CONDUCT FURTHER INVESTIGATION
[20.40246811913298, 20.40249604076712]
!!!!!!!!!!!!!!!!!!!!!!!!!!!!!!!!!!!!!!!!!!!!!!!!!!!!!!!!!!!!!!!!!
D = 16
[20.40425510371752, 20.40428302535166]
15294.91677865564 15525.6307185153 15278.22883231249 15496.53246962695
20.40425510371752
20.40428302535166
20.4042737284436
1/1855, 1/1855
Sign changes no longer useful, stopping.
D = 16
[20.40626546137513, 20.40629338300927]
14144.02851603286 15672.0213813978 14127.93288032084 15645.3939016338
20.40626546137513
20.40629338300927
20.40626766335716
1/1855, 1/1855
Sign changes no longer useful, stopping.
D = 16
[20.43130372138482, 20.43133156504141]
44146.02599259156 56746.32694396668 43324.95084851056 55525.82510402946
20.43130372138482
20.43133156504141
20.43131707367017
1856/1857, 5/1857
20.43131682532109
1856/1857, 0/1857
20.43131681683819
0/1857, 1856/1857
20.43131682100455
1833/1857, 23/1857
20.43131682100453
1144/1857, 691/1857
Sign changes no longer useful, stopping.
D = 16
[20.43255668593137, 20.43258452958796]
25641.55696952541 33066.70909353172 25373.83643802264 32676.22501031559
20.43255668593137
20.43258452958796
20.43256311112263
1/1857, 1/1857
Sign changes no longer useful, stopping.
D = 16
[20.49756200747153, 20.49758967765176]
25353.27033208657 14338.53882456037 25170.67853339808 14329.08126776956
20.49756200747153
20.49758967765176
20.49758315621976
1860/1862, 0/1862
20.497583117573
1860/1862, 0/1862
20.49758311711495
1/1862, 1861/1862
20.4975831173426
872/1862, 989/1862
Sign changes no longer useful, stopping.
D = 16
[20.64654996965686, 20.64657724535675]
22392.73369521342 20509.7851428895 22483.63566405778 20556.36008803337
20.64654996965686
20.64657724535675
20.64656490153689
0/1875, 1873/1875
20.64656492755129
0/1875, 1873/1875
20.64656492764198
1874/1875, 1/1875
20.64656492759671
945/1875, 929/1875
Sign changes no longer useful, stopping.
D = 16
[20.69416332817676, 20.69419047548061]
12004.15975542097 132302.7293102589 12009.74603829538 133601.6803979393
20.69416332817676
20.69419047548061
20.69418592821279
2/1875, 3/1875
Sign changes no longer useful, stopping.
D = 16
[20.69419047548061, 20.69421762278446]
12009.08118454146 133412.7364291707 12014.71911851977 134731.2575791947
20.69419047548061
20.69421762278446
20.69419758585285
1/1875, 1/1875
Sign changes no longer useful, stopping.
D = 16
[20.73731577313216, 20.73734281157753]
20668.93358535074 34181.60488599801 20695.27981030801 33972.92183793281
20.73731577313216
20.73734281157753
20.73732073982827
1878/1879, 1/1879
20.73732072194029
1878/1879, 0/1879
20.73732072191129
0/1879, 1878/1879
20.73732072192578
1408/1879, 470/1879
20.73732072192578
355/1879, 1061/1879
Reached final precision, stopping.
D = 16
[20.80671858370481, 20.80674544312145]
46553.33671719304 56945.04014191392 47190.97904614356 56873.51963430281
20.80671858370481
20.80674544312145
20.80672125729075
0/1883, 1882/1883
20.80672129080947
0/1883, 1882/1883
20.80672129165006
1882/1883, 0/1883
20.80672129123511
1197/1883, 685/1883
Sign changes no longer useful, stopping.
D = 16
[20.86936420931129, 20.86939089263356]
27881.18150927132 26124.72247353072 27915.48757757526 26194.19845189582
20.86936420931129
20.86939089263356
20.86938110490809
1888/1889, 0/1889
20.86938110446762
1499/1889, 389/1889
20.86938110446758
416/1889, 1117/1889
20.86938110446761
655/1889, 497/1889
Sign changes no longer useful, stopping.
D = 16
[20.88246142759899, 20.88248809347026]
22088.95655026638 551683.6698040311 22058.21718286034 534626.2044961463
20.88246142759899
20.88248809347026
20.88248576370243
1888/1889, 0/1889
20.88248569564679
1888/1889, 0/1889
20.88248569167047
0/1889, 1888/1889
20.88248569359864
1869/1889, 19/1889
20.88248569359863
99/1889, 1774/1889
Reached final precision, stopping.
D = 16
[20.93362517793365, 20.93365170521682]
22865.93551750113 10825.85464700086 22899.61552802026 10840.89269223735
20.93362517793365
20.93365170521682
20.93364254303281
0/1891, 1889/1891
20.93364255258163
0/1891, 1889/1891
20.93364255259214
1890/1891, 1/1891
20.93364255258689
906/1891, 984/1891
Sign changes no longer useful, stopping.
D = 16
[20.98662592135489, 20.98665231183672]
36307.76155673095 20171.972514417 36513.18209303727 20192.08970297573
20.98662592135489
20.98665231183672
20.98665063144193
1/1895, 1894/1895
20.98665064537531
0/1895, 1894/1895
20.98665064539101
1894/1895, 0/1895
20.98665064538316
1611/1895, 283/1895
20.98665064538316
91/1895, 1536/1895
Reached final precision, stopping.
D = 16
[21.00553354392821, 21.00555988356269]
43464.30084063664 45655.62801468455 43348.44899671098 45287.50433488503
21.00553354392821
21.00555988356269
21.00554053012157
1895/1896, 0/1896
21.00554051230202
1895/1896, 0/1896
21.005540512269
0/1896, 1895/1896
21.0055405122855
1695/1896, 200/1896
21.00554051228549
629/1896, 1078/1896
Sign changes no longer useful, stopping.
D = 16
[21.07860118012495, 21.07862735202157]
10261.96907307375 16038.70545602688 10277.94658965989 16053.3469121661
21.07860118012495
21.07862735202157
21.07861994964612
1/1902, 1/1902
Sign changes no longer useful, stopping.
D = 16
[21.09611606775519, 21.09614218984932]
16644.27535197446 10736.67248905239 16655.83576837958 10734.58216254999
21.09611606775519
21.09614218984932
21.09611830340346
0/1903, 1898/1903
21.09611830431551
16/1903, 1890/1903
21.09611830431625
1867/1903, 23/1903
21.09611830431588
1005/1903, 862/1903
Sign changes no longer useful, stopping.
D = 16
[21.19876653191441, 21.19879239234202]
10556.43868678606 119413.5908317425 10556.50234468802 118999.7943004969
21.19876653191441
21.19879239234202
ZERO SIGN CHANGES DETECTED. CONDUCT FURTHER INVESTIGATION
[21.19876653191441, 21.19879239234202]
!!!!!!!!!!!!!!!!!!!!!!!!!!!!!!!!!!!!!!!!!!!!!!!!!!!!!!!!!!!!!!!!!
D = 16
[21.20673063993954, 21.20675648423002]
139137.932045805 11095.8493027828 138700.4755825264 11100.95879891529
21.20673063993954
21.20675648423002
21.20674876669604
2/1915, 1/1915
Sign changes no longer useful, stopping.
D = 16
[21.2169101646665, 21.21693599284501]
109216.9590921162 11382.60340330729 108359.2636243338 11385.81052883891
21.2169101646665
21.21693599284501
ZERO SIGN CHANGES DETECTED. CONDUCT FURTHER INVESTIGATION
[21.2169101646665, 21.21693599284501]
!!!!!!!!!!!!!!!!!!!!!!!!!!!!!!!!!!!!!!!!!!!!!!!!!!!!!!!!!!!!!!!!!
D = 16
[21.23855474480333, 21.23858050878418]
53631.60927227712 118680.7933890645 53692.6399315354 118512.7633716086
21.23855474480333
21.23858050878418
21.23857954426676
1915/1916, 0/1916
21.23857954187359
1913/1916, 2/1916
21.23857954186172
0/1916, 1913/1916
21.23857954186764
1425/1916, 488/1916
21.23857954186762
609/1916, 821/1916
Sign changes no longer useful, stopping.
D = 16
[21.25920312650453, 21.25922884259818]
164343.8576643176 9244200.222645 156979.7698638499 7250967.699846418
21.25920312650453
21.25922884259818
21.2592184005889
1913/1919, 6/1919
21.25921709380147
1914/1919, 1/1919
21.25921676963119
4/1919, 1918/1919
21.25921690650584
1918/1919, 0/1919
21.25921690627345
1917/1919, 1/1919
21.25921690627288
0/1919, 1917/1919
21.25921690627316
187/1919, 1730/1919
21.25921690627316
26/1919, 1756/1919
21.25921690627317
1695/1919, 61/1919
Reached final precision, stopping.
D = 16
[21.27429064717911, 21.27431633147134]
18964.85530348146 62122.89806328358 18954.52281613719 61828.67844082777
21.27429064717911
21.27431633147134
21.2743062804208
1/1920, 1/1920
Sign changes no longer useful, stopping.
D = 16
[21.27888748506859, 21.27891315349693]
62008.16969583894 50844.51335820201 61359.60487258103 50767.31771997456
21.27888748506859
21.27891315349693
21.27888861415222
1919/1920, 1/1920
21.2788886028213
1919/1920, 0/1920
21.27888860281083
0/1920, 1919/1920
21.27888860281606
599/1920, 1320/1920
Sign changes no longer useful, stopping.
D = 16
[21.28237839132361, 21.28240405975196]
33707.34431405534 62244.84013618589 33670.20478285903 62188.83659754802
21.28237839132361
21.28240405975196
ZERO SIGN CHANGES DETECTED. CONDUCT FURTHER INVESTIGATION
[21.28237839132361, 21.28240405975196]
!!!!!!!!!!!!!!!!!!!!!!!!!!!!!!!!!!!!!!!!!!!!!!!!!!!!!!!!!!!!!!!!!
D = 16
[21.28425218659286, 21.2842778550212]
74605.42045760652 50499.68836261379 74696.03231766085 50514.14482487641
21.28425218659286
21.2842778550212
ZERO SIGN CHANGES DETECTED. CONDUCT FURTHER INVESTIGATION
[21.28425218659286, 21.2842778550212]
!!!!!!!!!!!!!!!!!!!!!!!!!!!!!!!!!!!!!!!!!!!!!!!!!!!!!!!!!!!!!!!!!
D = 16
[21.29938098485795, 21.29940660584126]
76695.60485039109 20998.90980335535 76732.22331943848 20958.19195761122
21.29938098485795
21.29940660584126
21.2993821434188
1919/1920, 0/1920
21.29938213906994
1919/1920, 0/1920
21.29938213906839
0/1920, 1919/1920
21.29938213906917
358/1920, 1561/1920
21.29938213906917
1416/1920, 145/1920
Reached final precision, stopping.
D = 16
[21.42947444399633, 21.42949975418998]
26463.95785986546 13342.30711908663 26418.98625779268 13330.35337169533
21.42947444399633
21.42949975418998
21.42949142734714
1933/1935, 0/1935
21.42949142109327
1933/1935, 0/1935
21.42949142108388
1/1935, 1934/1935
21.42949142108857
517/1935, 1416/1935
21.42949142108858
1108/1935, 308/1935
Reached final precision, stopping.
D = 16
[21.47247312824209, 21.47249834702414]
67774.38956798949 66714.50581698286 68461.25648781371 65364.01198345353
21.47247312824209
21.47249834702414
21.47248713430057
3/1937, 1934/1937
21.4724871461381
0/1937, 1934/1937
21.47248714615888
1935/1937, 3/1937
21.4724871461485
1547/1937, 388/1937
21.4724871461485
181/1937, 1368/1937
Reached final precision, stopping.
D = 16
[21.55490506239205, 21.55493008591623]
46085.11696917521 47750.88350566199 46186.81749171996 47489.65468517978
21.55490506239205
21.55493008591623
21.55491923910775
1941/1943, 0/1943
21.55491921341991
1941/1943, 0/1943
21.55491921329767
1/1943, 1942/1943
21.55491921335864
1716/1943, 226/1943
21.55491921335864
272/1943, 1452/1943
Reached final precision, stopping.
D = 16
[21.57335433490986, 21.57337931390929]
217511.2148720317 58975.74130656711 211971.2041823913 59118.29092254939
21.57335433490986
21.57337931390929
21.57336352803669
1945/1947, 3/1947
21.57336340993331
1945/1947, 0/1947
21.57336340816138
1/1947, 1946/1947
21.57336340904056
1398/1947, 548/1947
21.57336340904056
1398/1947, 0/1947
21.57336340904056
88/1947, 1378/1947
Reached final precision, stopping.
D = 16
[21.68937543666169, 21.68940015261236]
14863.02411994537 397413.8836457632 14902.95062073769 406761.1141527491
21.68937543666169
21.68940015261236
21.68937717341913
0/1953, 1951/1953
21.68937721253921
0/1953, 1951/1953
21.68937721430089
1952/1953, 1/1953
21.68937721344037
1761/1953, 191/1953
21.68937721344037
1761/1953, 0/1953
21.68937721344037
63/1953, 1698/1953
Reached final precision, stopping.
D = 16
[21.8432695510629, 21.8432939129178]
10142266.34028204 747685.233606194 9210381.060466133 713478.0013611853
21.8432695510629
21.8432939129178
21.84328769215496
1943/1961, 9/1961
21.84328749150568
1944/1961, 1/1961
21.84328747847141
16/1961, 1960/1961
21.84328748476727
1924/1961, 36/1961
21.84328748476719
964/1961, 1030/1961
Sign changes no longer useful, stopping.
D = 16
[21.90732999295084, 21.90735421668325]
351793.0376172988 49610.86135107675 349548.8651330798 49630.79509613411
21.90732999295084
21.90735421668325
21.90733810654868
1965/1967, 0/1967
21.90733806879235
1965/1967, 0/1967
21.90733806861449
1/1967, 1966/1967
21.90733806870321
1886/1967, 80/1967
21.9073380687032
730/1967, 1156/1967
Sign changes no longer useful, stopping.
D = 16
[21.95950118089174, 21.95952528197493]
232354.6872850014 37593.7307959231 234386.00949866 37332.04438954099
21.95950118089174
21.95952528197493
21.95950873730517
0/1970, 1966/1970
21.9595087597617
0/1970, 1966/1970
21.95950875989573
1969/1970, 3/1970
21.95950875982892
1130/1970, 839/1970
Sign changes no longer useful, stopping.
D = 16
[22.08350494495355, 22.08352877895454]
24404.09954240466 34416.12561208973 24410.08297650563 34555.75569377148
22.08350494495355
22.08352877895454
22.08352421911833
2/1979, 1978/1979
22.08352423656289
0/1979, 1978/1979
22.08352423659437
1978/1979, 0/1979
22.08352423657864
1566/1979, 412/1979
22.08352423657864
453/1979, 1119/1979
Reached final precision, stopping.
D = 16
[22.12355012835387, 22.12357388366408]
38915.36384595985 13604.09787767065 38932.50187666345 13597.9334099277
22.12355012835387
22.12357388366408
22.12355454223282
1/1984, 0/1984
Sign changes no longer useful, stopping.
D = 16
[22.12934376142274, 22.12936750368088]
14967.3755273897 13061.45761349614 14897.11453376926 13080.25013865023
22.12934376142274
22.12936750368088
22.12936329307609
1984/1985, 0/1985
22.1293632839385
1984/1985, 0/1985
22.12936328389882
0/1985, 1984/1985
22.12936328391861
578/1985, 1406/1985
22.12936328391862
1249/1985, 159/1985
Reached final precision, stopping.
D = 16
[22.13717479675661, 22.13719851296432]
88892.08062875975 497270.9267124255 90261.73103927681 512192.2474348419
22.13717479675661
22.13719851296432
22.13717693724128
2/1985, 3/1985
Sign changes no longer useful, stopping.
D = 16
[22.14049506583602, 22.14051878204373]
334343.290042219 7163.183126495602 334461.1081788897 7173.248993954958
22.14049506583602
22.14051878204373
22.14049556714392
0/1987, 1/1987
Sign changes no longer useful, stopping.
D = 16
[22.21760653707363, 22.21763008567861]
48383.55555990116 22482.07141548027 48411.6952255645 22385.1335904384
22.21760653707363
22.21763008567861
22.21761417233054
0/1988, 1983/1988
22.21761417859864
1/1988, 1984/1988
22.21761417860888
1986/1988, 4/1988
22.21761417860377
901/1988, 1085/1988
Sign changes no longer useful, stopping.
D = 16
[22.33065988328974, 22.33068319218498]
54118.91459032205 96826.7278819022 54164.03644249774 97184.8709422465
22.33065988328974
22.33068319218498
22.33066126417393
0/1999, 1996/1999
22.33066126927017
0/1999, 1996/1999
22.33066126930778
1998/1999, 2/1999
22.33066126928904
484/1999, 1514/1999
22.33066126928905
339/1999, 1180/1999
22.33066126928907
972/1999, 208/1999
Sign changes no longer useful, stopping.
D = 16
[22.44908669365707, 22.44910975671291]
38319.09171807964 28872.17071909856 38554.20312657812 28993.19882671263
22.44908669365707
22.44910975671291
22.44910095892874
0/2009, 2008/2009
22.44910099937093
0/2009, 2008/2009
22.4491009996002
2008/2009, 0/2009
22.44910099948589
1620/2009, 388/2009
22.44910099948589
238/2009, 1394/2009
Reached final precision, stopping.
D = 16
[22.46146675535824, 22.46148979418554]
36418.80394049823 87464.20544739201 36302.21681036463 88163.124114128
22.46146675535824
22.46148979418554
22.46147812569747
0/2009, 2007/2009
22.46147815528055
0/2009, 2007/2009
22.46147815543499
2008/2009, 1/2009
22.46147815535798
169/2009, 1839/2009
22.46147815535798
1652/2009, 263/2009
Reached final precision, stopping.
D = 16
[22.510254844772, 22.51027778731779]
21061.96981421826 187379.3688381871 21118.64432566605 186616.665742054
22.510254844772
22.51027778731779
22.51027068938424
2008/2009, 0/2009
22.510270672515
2008/2009, 0/2009
22.51027067243478
0/2009, 2008/2009
22.51027067247479
82/2009, 1926/2009
22.51027067247481
1898/2009, 38/2009
Reached final precision, stopping.
D = 16
[22.57574657321551, 22.5757693850031]
425383.0734611675 223271.5992037979 446972.0811226096 223887.7924067402
22.57574657321551
22.5757693850031
22.57576566602951
2/2009, 2005/2009
22.57576583766006
0/2009, 2005/2009
22.57576584070978
2008/2009, 3/2009
22.57576583919925
139/2009, 1869/2009
22.57576583919925
905/2009, 964/2009
Sign changes no longer useful, stopping.
D = 16
[22.58137893808167, 22.58140173807438]
28994.76559689795 535461.7962230582 28931.6053274555 539047.1588999352
22.58137893808167
22.58140173807438
22.5814009834327
1/2009, 0/2009
Sign changes no longer useful, stopping.
D = 16
[22.58274693764424, 22.58276973763695]
194233.4097691652 776568.2227453998 196160.075617778 743918.4511921363
22.58274693764424
22.58276973763695
22.58276317721149
2001/2009, 4/2009
22.58276307507594
2001/2009, 0/2009
22.58276307185555
7/2009, 2008/2009
22.58276307343979
1804/2009, 204/2009
22.58276307343979
924/2009, 882/2009
Sign changes no longer useful, stopping.
D = 16
[22.5831117139683, 22.58313450218137]
236093.0670274594 462561.3228924451 239638.3497446294 450469.5062469864
22.5831117139683
22.58313450218137
22.58312498347099
5/2009, 7/2009
Sign changes no longer useful, stopping.
D = 16
[22.58673503984615, 22.58675782805922]
253396.7829965082 123214.9570765465 258059.2816444046 122344.686927517
22.58673503984615
22.58675782805922
22.5867394308197
1/2009, 0/2009
Sign changes no longer useful, stopping.
D = 16
[22.71957341914834, 22.71959594056316]
78517.58356846418 10834.89735160964 78512.50078540992 10847.53078388781
22.71957341914834
22.71959594056316
22.71958436025102
2029/2030, 0/2030
22.71958435809721
2011/2030, 18/2030
22.71958435809641
11/2030, 2000/2030
22.71958435809681
848/2030, 1152/2030
Sign changes no longer useful, stopping.
D = 16
[22.77918786329711, 22.77921027112729]
29246.74446486164 261505.0967552541 29208.92559747657 253288.8847621238
22.77918786329711
22.77921027112729
22.77919606852967
1/2034, 0/2034
Sign changes no longer useful, stopping.
D = 16
[22.83378789656348, 22.8338101922304]
34597.20913626954 54432.21477009987 34654.36253802435 54154.06240829611
22.83378789656348
22.8338101922304
22.83379578056981
4/2040, 4/2040
Sign changes no longer useful, stopping.
D = 16
[22.85506116151147, 22.85508341270473]
1241154.019732516 24325.47304682723 1236063.472754608 24277.33101935692
22.85506116151147
22.85508341270473
22.85507988505955
2038/2040, 0/2040
22.85507987826358
2038/2040, 0/2040
22.85507987823769
1/2040, 2039/2040
22.85507987825061
150/2040, 1889/2040
22.85507987825062
1685/2040, 208/2040
Reached final precision, stopping.
D = 16
[23.06330999713837, 23.06333184720845]
34628.6380000135 261290.6715177979 34963.12246788864 264116.8357863713
23.06330999713837
23.06333184720845
23.0633317287583
3/2058, 2057/2058
23.0633317300644
21/2058, 2036/2058
23.06333173006455
2003/2058, 33/2058
23.06333173006448
1187/2058, 816/2058
Sign changes no longer useful, stopping.
D = 16
[23.08193677091787, 23.08195858925283]
164598.0330265202 19424.54225894928 163593.806224387 19388.19524089989
23.08193677091787
23.08195858925283
23.08193714248225
2057/2058, 0/2058
23.0819371398966
2051/2058, 6/2058
23.08193713989598
4/2058, 2047/2058
23.08193713989629
717/2058, 1330/2058
Sign changes no longer useful, stopping.
D = 16
[23.09380043827712, 23.09382223551926]
33224.69110242834 16721.80590339197 33368.87618066429 16688.42672109596
23.09380043827712
23.09382223551926
ZERO SIGN CHANGES DETECTED. CONDUCT FURTHER INVESTIGATION
[23.09380043827712, 23.09382223551926]
!!!!!!!!!!!!!!!!!!!!!!!!!!!!!!!!!!!!!!!!!!!!!!!!!!!!!!!!!!!!!!!!!
D = 16
[23.15261175583808, 23.15263343797436]
6108.99690628501 24180.81346191894 6113.515553866973 24213.48009258675
23.15261175583808
23.15263343797436
ZERO SIGN CHANGES DETECTED. CONDUCT FURTHER INVESTIGATION
[23.15261175583808, 23.15263343797436]
!!!!!!!!!!!!!!!!!!!!!!!!!!!!!!!!!!!!!!!!!!!!!!!!!!!!!!!!!!!!!!!!!
D = 16
[23.15263343797436, 23.15265512011064]
6088.042096656777 24211.35016932262 6092.554618072215 24244.1474387729
23.15263343797436
23.15265512011064
23.15263347296139
2059/2064, 4/2064
23.1526334729607
977/2064, 1082/2064
Sign changes no longer useful, stopping.
D = 16
[23.37443535880914, 23.37445663485844]
41986.27639230069 77047.33982001351 41930.30328572615 76859.67203639699
23.37443535880914
23.37445663485844
23.37444863431353
0/2081, 2079/2081
23.37444864020684
0/2081, 2079/2081
23.37444864021207
2080/2081, 1/2081
23.37444864020945
575/2081, 1505/2081
23.37444864020946
1150/2081, 393/2081
Reached final precision, stopping.
D = 16
[23.42653268402498, 23.42655386149589]
34897.25851546806 66110.88322850155 34849.64846741116 66733.87401714805
23.42653268402498
23.42655386149589
23.42653466482217
0/2086, 2082/2086
23.4265346766738
0/2086, 2082/2086
23.42653467681565
2085/2086, 3/2086
23.42653467674515
517/2086, 1568/2086
23.42653467674515
915/2086, 653/2086
Sign changes no longer useful, stopping.
D = 16
[23.44932359616011, 23.44934473451836]
slurmstepd: error: *** JOB 3306581 ON c126 CANCELLED AT 2025-02-08T14:45:49 DUE TO TIME LIMIT ***
