/mmfs1/data/mossea/Documents/bianchi-maass-forms/cmake-build-release
c101
Sun Feb  9 03:18:19 EST 2025
mode = coarse
d = 19
symClass = C
D = 0
leftEndpoint = -0.4
rightEndpoint = 25
Range already complete.
mode = medium
d = 19
symClass = C
D = 0
Range already complete.
mode = fine
d = 19
symClass = C
D = 0
D = 16
[23.44932359616011, 23.44934473451836]
106392.9988590476 89457.31299283248 105885.2580808507 89804.42100531922
23.44932359616011
23.44934473451836
23.44933972830091
4/2087, 3/2087
Sign changes no longer useful, stopping.
D = 16
[23.5006684987299, 23.5006895497411]
32206.63171214283 391002.8616139639 32293.88148143167 399053.4916242252
23.5006684987299
23.5006895497411
23.50068220151442
2086/2092, 2/2092
23.50068219109313
2085/2092, 1/2092
23.50068219106365
5/2092, 2090/2092
23.50068219107836
914/2092, 1176/2092
Sign changes no longer useful, stopping.
D = 16
[23.5392928626073, 23.53931384630265]
1091345.373126963 143827.2664124076 968416.5140634577 142377.3874957188
23.5392928626073
23.53931384630265
23.539308091561
2092/2093, 1/2093
23.53930763042556
2092/2093, 0/2093
23.53930755665997
0/2093, 2092/2093
23.53930759023436
2092/2093, 0/2093
23.53930759022703
2045/2093, 47/2093
23.53930759022702
41/2093, 2004/2093
Reached final precision, stopping.
D = 16
[23.54038374673058, 23.54040472085326]
213027.0063896199 746053.9529283857 217589.2652754953 703636.4870739905
23.54038374673058
23.54040472085326
ZERO SIGN CHANGES DETECTED. CONDUCT FURTHER INVESTIGATION
[23.54038374673058, 23.54040472085326]
!!!!!!!!!!!!!!!!!!!!!!!!!!!!!!!!!!!!!!!!!!!!!!!!!!!!!!!!!!!!!!!!!
D = 16
[23.6752937387738, 23.67531447707455]
27245.10594462902 154461.3842289605 27333.78893993722 155084.6505363446
23.6752937387738
23.67531447707455
23.67530470463396
0/2099, 2096/2099
23.67530473052475
0/2099, 2096/2099
23.67530473064682
2098/2099, 2/2099
23.67530473058593
878/2099, 1220/2099
Sign changes no longer useful, stopping.
D = 16
[23.68418784864706, 23.68420856836754]
25573.85116165029 18327.3064135085 25561.45611326167 18260.23184044974
23.68418784864706
23.68420856836754
23.68419617942348
0/2103, 1/2103
Sign changes no longer useful, stopping.
D = 16
[23.69655333069722, 23.69657403187899]
295496.6882558251 49415.45766128005 294053.8218195609 49186.05497832223
23.69655333069722
23.69657403187899
23.69657396948112
2098/2103, 0/2103
23.69657396923182
2097/2103, 1/2103
23.69657396922982
4/2103, 2095/2103
23.69657396923083
1866/2103, 228/2103
23.69657396923082
776/2103, 1115/2103
Sign changes no longer useful, stopping.
D = 16
[23.85048697810402, 23.85050741505455]
12879.50452002005 75947.99113563725 12870.82885696955 76295.27733101434
23.85048697810402
23.85050741505455
ZERO SIGN CHANGES DETECTED. CONDUCT FURTHER INVESTIGATION
[23.85048697810402, 23.85050741505455]
!!!!!!!!!!!!!!!!!!!!!!!!!!!!!!!!!!!!!!!!!!!!!!!!!!!!!!!!!!!!!!!!!
D = 16
[23.85050741505455, 23.85052785200509]
12871.15918478176 76377.63510059992 12862.60473629135 76729.45045478124
23.85050741505455
23.85052785200509
ZERO SIGN CHANGES DETECTED. CONDUCT FURTHER INVESTIGATION
[23.85050741505455, 23.85052785200509]
!!!!!!!!!!!!!!!!!!!!!!!!!!!!!!!!!!!!!!!!!!!!!!!!!!!!!!!!!!!!!!!!!
D = 16
[23.98092989424467, 23.98095011006529]
50712.34425125858 24853.68840468163 50723.60890062901 24835.53873771777
23.98092989424467
23.98095011006529
23.98094734512565
2114/2122, 1/2122
23.98094734412636
2111/2122, 13/2122
23.98094734412562
18/2122, 2093/2122
23.98094734412599
983/2122, 1110/2122
Sign changes no longer useful, stopping.
D = 16
[24.13974970808639, 24.13976965785285]
38456.4528761955 33667.4802897197 38389.13478435666 33561.71281036996
24.13974970808639
24.13976965785285
24.1397578049293
2132/2135, 1/2135
24.13975778298453
2132/2135, 0/2135
24.1397577829032
2/2135, 2134/2135
24.13975778294379
1159/2135, 975/2135
Sign changes no longer useful, stopping.
D = 16
[24.15749154462593, 24.15751146069761]
73247.41433501002 97429.39460727018 73479.91042242943 96426.90282630512
24.15749154462593
24.15751146069761
24.1575014289672
3/2136, 3/2136
Sign changes no longer useful, stopping.
D = 16
[24.16567562183355, 24.16569552950374]
48526.40072230352 131293.180116647 48568.68637107111 132824.2195300357
24.16567562183355
24.16569552950374
24.16568826130466
1/2136, 1/2136
Sign changes no longer useful, stopping.
D = 16
[24.18854630504262, 24.18856617083792]
42669.30097342194 65245332.15370515 42721.26984578474 13001703.54474833
24.18854630504262
24.18856617083792
24.18856423729764
4/2137, 1/2137
Sign changes no longer useful, stopping.
D = 16
[24.37273334737252, 24.37275291803826]
542095.5256875338 87111.90964421901 523492.9162918912 87186.1651186329
24.37273334737252
24.37275291803826
24.37274735644058
2154/2155, 0/2155
24.37274722134451
2154/2155, 0/2155
24.37274721478544
0/2155, 2154/2155
24.37274721798259
2147/2155, 7/2155
24.37274721798257
2051/2155, 96/2155
24.37274721798256
25/2155, 2044/2155
Reached final precision, stopping.
D = 16
[24.47562537797672, 24.47564478147547]
28117.24448427969 19520.51143234369 28047.43191883053 19505.07563734932
24.47562537797672
24.47564478147547
24.47564348327739
2161/2162, 0/2162
24.47564348023533
2161/2162, 0/2162
24.47564348022108
0/2162, 2161/2162
24.47564348022819
713/2162, 1448/2162
Sign changes no longer useful, stopping.
D = 16
[24.48307477081559, 24.48309416644287]
93585.90996291421 301085.4633582401 92684.89561685102 297042.5914520238
24.48307477081559
24.48309416644287
ZERO SIGN CHANGES DETECTED. CONDUCT FURTHER INVESTIGATION
[24.48307477081559, 24.48309416644287]
!!!!!!!!!!!!!!!!!!!!!!!!!!!!!!!!!!!!!!!!!!!!!!!!!!!!!!!!!!!!!!!!!
D = 16
[24.54208259766135, 24.54210189944965]
40502.22124701492 219749.9766349737 40484.3443534892 216648.3818471206
24.54208259766135
24.54210189944965
24.54208897000703
2166/2168, 1/2168
24.54208890436851
2166/2168, 0/2168
24.54208890370199
1/2168, 2167/2168
24.54208890403353
1921/2168, 246/2168
24.54208890403352
264/2168, 1659/2168
Reached final precision, stopping.
D = 16
[24.62832208090129, 24.62834124403721]
243365.674044738 186038.4115233735 247813.3796552371 184681.3857597228
24.62832208090129
24.62834124403721
24.62833461079265
2174/2176, 2/2176
24.62833458578731
2174/2176, 0/2176
24.62833458559864
1/2176, 2175/2176
24.62833458569262
1665/2176, 510/2176
24.62833458569262
1033/2176, 634/2176
Sign changes no longer useful, stopping.
D = 16
[24.73153552755389, 24.73155453203732]
35887.69056881475 28134.67819125876 36069.71326332909 28134.59708060175
24.73153552755389
24.73155453203732
24.73153702963825
0/2180, 2179/2180
24.73153703658413
0/2180, 2179/2180
24.73153703664837
2179/2180, 0/2180
24.7315370366164
809/2180, 1370/2180
Sign changes no longer useful, stopping.
D = 16
[24.77524758197457, 24.77526651946319]
31234.07120535884 113487.9466447431 31121.20618506848 113248.9840315058
24.77524758197457
24.77526651946319
24.77525871063774
2188/2190, 1/2190
24.77525868228474
2188/2190, 0/2190
24.77525868207902
1/2190, 2189/2190
24.77525868218151
1683/2190, 506/2190
24.7752586821815
339/2190, 1348/2190
Reached final precision, stopping.
D = 16
[24.77933776099731, 24.77935669107848]
7707337.502429094 247355.850596718 9242307.009368872 246677.7160373206
24.77933776099731
24.77935669107848
24.77933986741805
3/2190, 3/2190
Sign changes no longer useful, stopping.
D = 16
[24.79948445526103, 24.79950335578464]
151057.7463866314 111098.1195062729 148626.8449431892 111559.7124654357
24.79948445526103
24.79950335578464
24.79948974810938
2190/2191, 2/2191
24.79948967968833
2190/2191, 0/2191
24.79948967900061
0/2191, 2190/2191
24.79948967934271
1639/2191, 551/2191
24.79948967934271
807/2191, 832/2191
Sign changes no longer useful, stopping.
D = 16
[24.94791846881772, 24.94793714411917]
12042.12238041931 12726.72242332843 12039.31379377444 12736.2559461319
24.94791846881772
24.94793714411917
24.94793626860811
0/2200, 2199/2200
24.94793626866965
872/2200, 1326/2200
Sign changes no longer useful, stopping.
memory leak= { -21821 -169031 0 0 -828989 -11912747 }
