/mmfs1/data/mossea/Documents/bianchi-maass-forms/cmake-build-release
c102
Tue Feb  4 22:50:32 EST 2025
mode = coarse
d = 67
symClass = D
D = 0
leftEndpoint = -0.4
rightEndpoint = 9
Range already complete.
mode = medium
d = 67
symClass = D
D = 0
Range already complete.
mode = fine
d = 67
symClass = D
D = 0
D = 7.97656
[8.804773138721229, 8.804798937908906]
1654599.942635594 786706.9694786207 1441326.962814093 733726.8214978463
8.804773138721229
8.804798937908906
8.804789976126933
23/2571, 14/2571
Sign changes no longer useful, stopping.
D = 8.12890625
[8.80861721768516, 8.808643016872839]
109671.459234225 72412.69530990737 108335.8213808851 71470.86694867593
8.80861721768516
8.808643016872839
8.808632783064194
58/2641, 2575/2641
8.808632856842475
1254/2641, 1321/2641
Sign changes no longer useful, stopping.
D = 7.9765625
[8.868588423128219, 8.868613842420697]
51249.53456854531 50717.06990684875 51420.18698336421 50811.97728525206
8.868588423128219
8.868613842420697
8.868606148476468
1/2590, 1/2590
Sign changes no longer useful, stopping.
D = 7.875
[8.933202554800079, 8.933227607880291]
43903.54286489809 42773.09184750688 43965.52772136341 42816.10921819228
8.933202554800079
8.933227607880291
8.933218257625533
0/2563, 1/2563
Sign changes no longer useful, stopping.
D = 7.875
[8.933227607880291, 8.933252660960502]
43958.35032112603 37334.91030517067 44020.65117739701 37369.57968191805
8.933227607880291
8.933252660960502
8.933237303487358
2/2563, 2/2563
Sign changes no longer useful, stopping.
D = 7.9765625
[9.047300478740009, 9.047324904692957]
69599.26125563119 21941.87376736252 69898.6120739965 21940.92103557006
9.047300478740009
9.047324904692957
9.047304316970008
1709/2636, 922/2636
Sign changes no longer useful, stopping.
D = 7.31640625
[9.122436220478555, 9.122460249588634]
15392.71293167448 18807.29016798974 15401.11751428055 18783.41343893146
9.122436220478555
9.122460249588634
9.122444679921999
0/2382, 1/2382
Sign changes no longer useful, stopping.
D = 7.31640625
[9.122460249588634, 9.122484278698714]
15392.05212327704 18702.56789850271 15400.50213853645 18679.15773562832
9.122460249588634
9.122484278698714
ZERO SIGN CHANGES DETECTED. CONDUCT FURTHER INVESTIGATION
[9.122460249588634, 9.122484278698714]
!!!!!!!!!!!!!!!!!!!!!!!!!!!!!!!!!!!!!!!!!!!!!!!!!!!!!!!!!!!!!!!!!
D = 7.31640625
[9.122484278698714, 9.122508307808793]
15400.73183724093 18679.9757359986 15409.24729458183 18656.73633901232
9.122484278698714
9.122508307808793
ZERO SIGN CHANGES DETECTED. CONDUCT FURTHER INVESTIGATION
[9.122484278698714, 9.122508307808793]
!!!!!!!!!!!!!!!!!!!!!!!!!!!!!!!!!!!!!!!!!!!!!!!!!!!!!!!!!!!!!!!!!
D = 7.82421875
[9.622329318068708, 9.622350935594429]
104212.8171348383 24201.11301828548 104416.1184454866 24242.57238571324
9.622329318068708
9.622350935594429
9.622345024708645
3/2702, 0/2702
Sign changes no longer useful, stopping.
D = 7.82421875
[9.651129245662426, 9.651150715228393]
7317.8026328112 185194.7266228871 7312.377408651094 192762.2591102545
9.651129245662426
9.651150715228393
9.651132952305572
2/2708, 2691/2708
9.651133080501712
39/2708, 2656/2708
9.651133089345866
2636/2708, 20/2708
9.651133085078424
1316/2708, 1320/2708
Sign changes no longer useful, stopping.
D = 7.671875
[9.682427023516347, 9.68244837169973]
11341.55935607574 139799.5019415987 11346.98339340693 141032.1055323851
9.682427023516347
9.68244837169973
9.68243740859141
14/2654, 2639/2654
9.682437446186801
1200/2654, 1439/2654
Sign changes no longer useful, stopping.
D = 7.51953125
[9.72404888854032, 9.724070046034342]
12698.59679434398 31628.4662404892 12701.82962107308 31420.75228993555
9.72404888854032
9.724070046034342
9.724065870054833
1/2600, 1/2600
Sign changes no longer useful, stopping.
D = 7.11328125
[9.758748308531681, 9.758769325774349]
307885.4759656189 40483.55047371738 309732.4432425149 40692.11583728004
9.758748308531681
9.758769325774349
9.758752098668682
3/2450, 1/2450
Sign changes no longer useful, stopping.
D = 7.11328125
[9.76172949286385, 9.761750486956684]
365315.1105204229 627899.6456891894 350518.7568530653 600200.0178401736
9.76172949286385
9.761750486956684
9.761738408128867
7/2450, 13/2450
Sign changes no longer useful, stopping.
D = 7.31640625
[9.849074494249843, 9.849095126414511]
119484.8094766802 97920.12370943047 121530.2981099551 99205.1642184739
9.849074494249843
9.849095126414511
9.849085848505068
23/2547, 2524/2547
9.849085953188295
930/2547, 1594/2547
Sign changes no longer useful, stopping.
memory leak= { -9305 -118544 0 0 1296861 -3040605 }
