/mmfs1/data/mossea/Documents/bianchi-maass-forms/cmake-build-release
c102
Mon Oct 14 04:03:06 EDT 2024
mode = coarse
d = 67
symClass = D
D = 0
leftEndpoint = -0.4
rightEndpoint = 9
Range already complete.
mode = medium
d = 67
symClass = D
D = 0
Range already complete.
mode = fine
d = 67
symClass = D
D = 0
D = 7.875
[8.755757805541805, 8.755783919057297]
nanosecondsPerTerm is 4.569279056378511
nanosecondsPerTerm is 4.556722791607195
nanosecondsPerTerm is 4.582512541650416
nanosecondsPerTerm is 4.55262117620745
26243.5295622633 37004.02803870858 26205.96599915371 36749.92044535198
8.755757805541805
8.755783919057297
nanosecondsPerTerm is 4.557599489246103
nanosecondsPerTerm is 4.556220460165979
8.755781672438486
2371/2525, 154/2525
nanosecondsPerTerm is 4.552290245947443
nanosecondsPerTerm is 4.549214180450162
8.755781657422862
1214/2525, 1157/2525
Sign changes no longer useful, stopping.
D = 8.02734375
[8.755783919057297, 8.755810032572791]
nanosecondsPerTerm is 4.66007861631399
nanosecondsPerTerm is 4.561383419992311
nanosecondsPerTerm is 4.642244405431724
nanosecondsPerTerm is 4.553150475759557
24880.65825366503 22703.13572471711 25108.32021566706 22719.72626369508
8.755783919057297
8.755810032572791
nanosecondsPerTerm is 4.651505500745999
nanosecondsPerTerm is 4.555046985463517
8.75578477763173
0/2582, 7/2582
Sign changes no longer useful, stopping.
D = 8.12890625
[8.789988907060081, 8.790014783941167]
nanosecondsPerTerm is 4.631062130383086
nanosecondsPerTerm is 4.598170669016576
nanosecondsPerTerm is 4.62044381438083
nanosecondsPerTerm is 4.587451008159952
76516.98457177264 147125.248833287 75209.10161852402 151918.4890413183
8.789988907060081
8.790014783941167
nanosecondsPerTerm is 4.620913011869307
nanosecondsPerTerm is 4.58869976564911
8.790013543550179
2/2636, 0/2636
Sign changes no longer useful, stopping.
D = 8.1796875
[8.804773138721229, 8.804798937908906]
nanosecondsPerTerm is 4.575985240891423
nanosecondsPerTerm is 4.587075627035524
nanosecondsPerTerm is 4.57905164836928
nanosecondsPerTerm is 4.581381022738335
485243.4571033195 1392224.251961214 476953.0008869355 1520341.474004022
8.804773138721229
8.804798937908906
Segmentation fault (core dumped)
