/mmfs1/data/mossea/Documents/bianchi-maass-forms/cmake-build-release
c098
Tue Feb  4 23:09:32 EST 2025
mode = coarse
d = 67
symClass = C
D = 0
leftEndpoint = -0.4
rightEndpoint = 9
Range already complete.
mode = medium
d = 67
symClass = C
D = 0
Range already complete.
mode = fine
d = 67
symClass = C
D = 0
D = 10.0586
[4.141666134380881, 4.141782460493641]
3219.928767850511 3015.792394873242 3235.171094447978 3028.50753116248
4.141666134380881
4.141782460493641
4.141782360109838
6/2292, 0/2292
Sign changes no longer useful, stopping.
D = 10.16015625
[4.275636997188596, 4.275747086137716]
6644.69195716544 6613.849019921613 6677.427834342143 6644.503169703132
4.275636997188596
4.275747086137716
4.275726329275165
2357/2359, 2/2359
4.27572631555773
1897/2359, 462/2359
4.275726315535878
303/2359, 1594/2359
4.275726315548042
797/2359, 797/2359
Sign changes no longer useful, stopping.
D = 9.65234375
[4.541809549003824, 4.541906065737733]
7587.192333883197 7124.483411900639 7585.510125351387 7115.074305701428
4.541809549003824
4.541906065737733
4.541868195676122
1/2236, 2234/2236
4.541868507335453
9/2236, 2227/2236
4.541868510664209
2225/2236, 2/2236
4.541868509008835
1111/2236, 1114/2236
Sign changes no longer useful, stopping.
D = 9.65234375
[4.586552742197552, 4.58664822528187]
32497.74397412143 31064.92376315138 33491.79434230903 31960.05247340702
4.586552742197552
4.58664822528187
4.586562357289874
0/2246, 2244/2246
4.586562793059754
0/2246, 2244/2246
4.586562832518963
2244/2246, 0/2246
4.586562813729763
1115/2246, 1129/2246
Sign changes no longer useful, stopping.
D = 9.85546875
[5.083685048084926, 5.083762512010059]
7473.907571649313 6900.867236013427 7483.839651260819 6906.983393006434
5.083685048084926
5.083762512010059
5.083731595760102
1/2442, 2436/2442
5.083731614013701
1090/2442, 1352/2442
Sign changes no longer useful, stopping.
D = 9.8046875
[5.113858486512987, 5.113934764374642]
60800.51285275555 31238.8647257206 60228.47289905659 31080.3912235843
5.113858486512987
5.113934764374642
5.113916411977921
2423/2424, 1/2424
5.113916368032704
2418/2424, 5/2424
5.113916367820914
8/2424, 2410/2424
5.113916367926565
1205/2424, 1205/2424
Sign changes no longer useful, stopping.
D = 9.8046875
[5.167754799603561, 5.167829935783598]
10057.84639830299 9536.351408216095 10045.13698417162 9518.715238138655
5.167754799603561
5.167829935783598
5.167796000939658
3/2442, 2439/2442
5.167796011555898
1126/2442, 1313/2442
Sign changes no longer useful, stopping.
D = 9.1953125
[5.232621232336234, 5.232694208107756]
6013.322031599912 6034.492687250633 6018.779947932097 6038.953024382658
5.232621232336234
5.232694208107756
5.232634330054398
2221/2223, 1/2223
5.23263432586973
1129/2223, 1092/2223
Sign changes no longer useful, stopping.
D = 9.24609375
[5.443496160572139, 5.443563487569493]
22406.99141881143 21479.76352002439 22462.1369510381 21544.71856197479
5.443496160572139
5.443563487569493
5.443518511904045
3/2297, 2294/2297
5.443518529070754
495/2297, 1799/2297
5.443518529109151
1430/2297, 369/2297
5.443518529087212
717/2297, 713/2297
Sign changes no longer useful, stopping.
D = 9.5
[5.74396426993648, 5.744024880295484]
10932.89367386508 12503.48610859429 10873.55467212884 12422.5076074528
5.74396426993648
5.744024880295484
5.743988957625369
7/2462, 4/2462
Sign changes no longer useful, stopping.
D = 9.296875
[5.7529939126158, 5.753054197771733]
6464.134219940996 7033.174075708606 6444.702149255784 7007.411267038778
5.7529939126158
5.753054197771733
5.753021556493152
2377/2381, 2/2381
5.7530215146576
1705/2381, 672/2381
5.753021514480947
479/2381, 1226/2381
5.7530215145938
613/2381, 613/2381
Sign changes no longer useful, stopping.
D = 9.1953125
[5.941542931003747, 5.941599626883077]
27348.91734584797 22833.94056244657 27138.89288573644 22661.75667995164
5.941542931003747
5.941599626883077
5.941598304805304
2/2385, 0/2385
Sign changes no longer useful, stopping.
D = 9.1953125
[5.941599626883077, 5.941656322762408]
26894.23875273641 22671.66586885432 26691.20495637361 22502.31632535312
5.941599626883077
5.941656322762408
5.941600129494605
2378/2385, 8/2385
5.94160012256434
1198/2385, 1180/2385
Sign changes no longer useful, stopping.
D = 9.3984375
[6.05283562314425, 6.052890205438452]
26225.45012382927 27080.96488196235 26255.55382421225 27085.98601032173
6.05283562314425
6.052890205438452
6.052848988888288
2490/2493, 2/2493
6.052848972924773
1439/2493, 1051/2493
Sign changes no longer useful, stopping.
D = 9.24609375
[6.138277806284375, 6.138330927275828]
45913.9491677271 52478.12403292971 45638.8152285783 52053.27633196735
6.138277806284375
6.138330927275828
6.138313043443795
2452/2455, 3/2455
6.138312597236977
2441/2455, 13/2455
6.138312575152503
16/2455, 2425/2455
6.138312585922553
1212/2455, 1213/2455
Sign changes no longer useful, stopping.
D = 9.34765625
[6.340470448854058, 6.340520307938998]
15555.95283779908 16058.96026117677 15461.94953839847 16134.87054749416
6.340470448854058
6.340520307938998
6.340496444227556
2537/2540, 6/2540
6.340496377086105
2245/2540, 292/2540
6.34049637670168
279/2540, 1966/2540
6.340496376906342
983/2540, 983/2540
Sign changes no longer useful, stopping.
D = 9.1953125
[6.426718014195529, 6.426766514499196]
82897.5432635797 74063.82043794436 82809.04761752783 73315.83030062212
6.426718014195529
6.426766514499196
6.426726388201004
0/2505, 2503/2505
6.426726401584279
346/2505, 2157/2505
6.426726401630685
1792/2505, 365/2505
6.426726401605489
896/2505, 896/2505
Sign changes no longer useful, stopping.
D = 9.1953125
[6.56912837584719, 6.569174748726583]
1138047.5944053 33102.30642203135 1366340.164168834 33178.8353986689
6.56912837584719
6.569174748726583
6.569163019130722
0/2535, 2533/2535
6.569164487930942
0/2535, 2533/2535
6.569164611930031
2534/2535, 1/2535
6.56916455305816
75/2535, 2459/2535
6.569164553074207
1227/2535, 1232/2535
Sign changes no longer useful, stopping.
D = 9.1953125
[6.601190048627799, 6.601235925318949]
21176.04272705737 16377.20124103943 21315.55152473187 16333.83012594319
6.601190048627799
6.601235925318949
6.601215457013058
1/2544, 2539/2544
6.601215526827719
265/2544, 2274/2544
6.601215527235684
2001/2544, 273/2544
6.6012155270199
1000/2544, 1001/2544
Sign changes no longer useful, stopping.
D = 8.83984375
[6.890239563080315, 6.890281633715347]
6108.169105803438 5837.462202240779 6086.354394681171 5805.977364406411
6.890239563080315
6.890281633715347
6.890256696081823
2475/2478, 2/2478
6.89025665186213
1541/2478, 934/2478
Sign changes no longer useful, stopping.
D = 8.7890625
[7.083082329467842, 7.08312218926608]
109155.718487705 98408.39139028841 107441.0568495679 96935.24175864607
7.083082329467842
7.08312218926608
7.083100051165797
2495/2503, 5/2503
7.083099894342472
1691/2503, 804/2503
Sign changes no longer useful, stopping.
D = 8.890625
[7.105658290498051, 7.105697922283085]
9343.784469842869 31819.63071386114 9331.113457955727 31981.85757625399
7.105658290498051
7.105697922283085
7.10569189879831
28/2544, 2515/2544
7.105691913463347
1247/2544, 1268/2544
Sign changes no longer useful, stopping.
D = 8.94140625
[7.309767005355644, 7.309804425150148]
16356.97557106777 26240.29651940221 16344.70418853222 26163.57244535986
7.309767005355644
7.309804425150148
7.309801374093697
2611/2615, 2/2615
7.309801359507302
2331/2615, 282/2615
7.309801359358805
244/2615, 2087/2615
7.309801359436292
1043/2615, 1044/2615
Sign changes no longer useful, stopping.
D = 8.890625
[7.387776812498236, 7.387813467865264]
84804.32446439314 91307.8139120906 84503.08506422277 90718.41017258307
7.387776812498236
7.387813467865264
7.387812015305277
2485/2613, 140/2613
7.387811992348063
1322/2613, 1163/2613
Sign changes no longer useful, stopping.
D = 8.83984375
[7.43331083310277, 7.43334703013088]
14370.67110559231 15900.80116090417 14382.02251393012 15900.73365839889
7.43331083310277
7.43334703013088
7.433327600102367
2316/2600, 280/2600
7.43332759469512
1154/2600, 1162/2600
Sign changes no longer useful, stopping.
D = 8.6875
[7.575467305923906, 7.575502127501698]
13524.02276008777 144804.7249828892 13542.12056120807 144645.5069654766
7.575467305923906
7.575502127501698
7.575483096383376
2568/2569, 8/2569
7.575482804236121
2351/2569, 217/2569
7.575482795106856
192/2569, 2159/2569
7.575482799711633
1080/2569, 1079/2569
Sign changes no longer useful, stopping.
D = 8.53515625
[7.796969481790274, 7.797002395260126]
15948.9614131668 14802.14979805494 15996.66951962172 14820.59975987903
7.796969481790274
7.797002395260126
7.796969758489462
2/2564, 3/2564
Sign changes no longer useful, stopping.
D = 7.3671875
[8.12157490077816, 8.121605244338509]
20899.71059656587 5646.631588517006 20992.55076058625 5655.585231823641
8.12157490077816
8.121605244338509
8.121587456238617
1/2194, 1/2194
Sign changes no longer useful, stopping.
D = 8.3828125
[8.242444085130071, 8.242473533894994]
54767.25346536466 78404.13067611556 54984.6189362775 78895.11419651961
8.242444085130071
8.242473533894994
ZERO SIGN CHANGES DETECTED. CONDUCT FURTHER INVESTIGATION
[8.242444085130071, 8.242473533894994]
!!!!!!!!!!!!!!!!!!!!!!!!!!!!!!!!!!!!!!!!!!!!!!!!!!!!!!!!!!!!!!!!!
D = 8.53515625
[8.250827630538335, 8.250857025552714]
78768.50784222783 78024.43532681887 79414.95987837823 78623.81630350488
8.250827630538335
8.250857025552714
8.250855722801793
9/2676, 0/2676
Sign changes no longer useful, stopping.
D = 8.53515625
[8.261569518743816, 8.261598806989118]
44599.70784162955 48739.21811580119 44053.95986939981 48089.38853261764
8.261569518743816
8.261598806989118
8.261569596601145
0/2678, 1/2678
Sign changes no longer useful, stopping.
D = 8.28125
[8.426009332379351, 8.426037506887301]
207036.8758436586 174430.2649284913 195884.438500186 180938.8302928076
8.426009332379351
8.426037506887301
8.426032521385515
12/2613, 5/2613
Sign changes no longer useful, stopping.
D = 8.3828125
[8.472693138297682, 8.472721027070886]
16219.98520674846 22734.05453829498 16354.45632475394 22713.7761889483
8.472693138297682
8.472721027070886
8.4726998523637
1/2665, 1/2665
Sign changes no longer useful, stopping.
D = 8.1796875
[8.57750646241602, 8.577533667461996]
6647.845309677028 6898.099977062732 6648.004650696941 6896.727913353056
8.57750646241602
8.577533667461996
ZERO SIGN CHANGES DETECTED. CONDUCT FURTHER INVESTIGATION
[8.57750646241602, 8.577533667461996]
!!!!!!!!!!!!!!!!!!!!!!!!!!!!!!!!!!!!!!!!!!!!!!!!!!!!!!!!!!!!!!!!!
D = 7.41796875
[8.69111565714517, 8.691142135960899]
157310.7758325622 225156.0296461693 156918.0801634306 226101.3237750959
8.69111565714517
8.691142135960899
8.691137947233125
0/2334, 1/2334
Sign changes no longer useful, stopping.
D = 8.12890625
[8.715703300827997, 8.715729615720216]
17839.13328455488 26092.25305148861 17826.47392281547 26176.32692776575
8.715703300827997
8.715729615720216
8.715721795001993
690/2619, 1930/2619
8.715721801864859
963/2619, 967/2619
Sign changes no longer useful, stopping.
D = 7.9765625
[8.850850093245022, 8.850875625032593]
17272.4264387041 98752.67564362928 17308.41471835217 98208.92827512808
8.850850093245022
8.850875625032593
8.850875077822936
1622/2584, 962/2584
Sign changes no longer useful, stopping.
D = 8.02734375
[8.850875625032593, 8.850901156820164]
156576.2909624308 105619.8843263747 147526.7813269672 107811.405117718
8.850875625032593
8.850901156820164
8.850876292642241
0/2606, 13/2606
Sign changes no longer useful, stopping.
D = 8.1796875
[8.87984124103974, 8.87986662310848]
9933.435794968322 224300.6245684337 9922.038375250211 218777.5674519981
8.87984124103974
8.87986662310848
8.879865740393935
2498/2678, 185/2678
8.87986573008447
1294/2678, 1204/2678
Sign changes no longer useful, stopping.
D = 7.875
[8.946518378224876, 8.946543359635596]
35114.57802750618 53802.80423860375 34758.80147086528 55089.75650917591
8.946518378224876
8.946543359635596
8.946522532928901
1/2564, 0/2564
Sign changes no longer useful, stopping.
D = 7.31640625
[9.118564093508471, 9.118588155073715]
13587.92486907015 30856.55177674576 13632.20036507107 30888.53691558855
9.118564093508471
9.118588155073715
9.11857632383467
2/2382, 3/2382
Sign changes no longer useful, stopping.
D = 7.7734375
[9.168024897534902, 9.168048702484455]
33790.19773588179 27134.52092297724 34097.99974367579 27143.81183271261
9.168024897534902
9.168048702484455
9.168035718311724
606/2571, 1964/2571
9.168035731580183
982/2571, 982/2571
Sign changes no longer useful, stopping.
D = 7.9765625
[9.261739898675486, 9.261763210318206]
310950.1618683538 30602.58674130906 332761.8191975395 30668.39337336175
9.261739898675486
9.261763210318206
9.261742033441232
1/2684, 2682/2684
9.261742162179463
38/2684, 2644/2684
9.261742177699396
2616/2684, 28/2684
9.261742170436651
1307/2684, 1309/2684
Sign changes no longer useful, stopping.
D = 7.9765625
[9.344120100504767, 9.344143000905262]
47441.42958746292 49932.15535064417 47757.38175121209 49708.93553291051
9.344120100504767
9.344143000905262
ZERO SIGN CHANGES DETECTED. CONDUCT FURTHER INVESTIGATION
[9.344120100504767, 9.344143000905262]
!!!!!!!!!!!!!!!!!!!!!!!!!!!!!!!!!!!!!!!!!!!!!!!!!!!!!!!!!!!!!!!!!
D = 7.875
[9.351719964320731, 9.351742836037594]
26349.58850392726 17565.70887642917 26452.16173778463 17568.76821308686
9.351719964320731
9.351742836037594
9.351731700635616
5/2659, 2654/2659
9.351731741721906
680/2659, 1974/2659
9.351731742139426
1503/2659, 471/2659
9.351731741886397
751/2659, 752/2659
Sign changes no longer useful, stopping.
D = 7.72265625
[9.438384844186714, 9.438407296161966]
77491.37607729773 34937.33114039905 76041.30813559363 34968.87206463818
9.438384844186714
9.438407296161966
9.438395133035595
2610/2621, 10/2621
9.438395014583365
1736/2621, 874/2621
Sign changes no longer useful, stopping.
D = 7.5703125
[9.447247095121098, 9.447269519795089]
15993.26745471885 60278.87395060049 15957.60901899802 59915.10600968893
9.447247095121098
9.447269519795089
9.447257161771731
2/2552, 0/2552
Sign changes no longer useful, stopping.
D = 7.31640625
[9.555077312818488, 9.555099234063736]
107042.5394570243 18434.81410000135 111099.3843211677 18557.78910658558
9.555077312818488
9.555099234063736
9.555079639715938
0/2483, 2481/2483
9.555079728375924
18/2483, 2465/2483
9.555079735120321
2443/2483, 22/2483
9.555079731881055
1221/2483, 1222/2483
Sign changes no longer useful, stopping.
D = 7.671875
[9.962061228006331, 9.962081387141499]
59168.35031531894 62408.3168826632 59288.85860288168 62431.67338965663
9.962061228006331
9.962081387141499
9.962075827458417
3/2715, 1/2715
Sign changes no longer useful, stopping.
D = 7.671875
[9.962081387141499, 9.962101546276667]
59323.34448869205 62385.69185675904 59447.33082535334 62411.58292918076
9.962081387141499
9.962101546276667
9.962092092591504
2/2715, 1/2715
Sign changes no longer useful, stopping.
memory leak= { -41911 -473438 0 0 5689695 -12386352 }
