/mmfs1/data/mossea/Documents/bianchi-maass-forms/cmake-build-release
c124
Thu Oct  3 21:15:45 EDT 2024
mode = coarse
d = 67
symClass = C
D = 0
leftEndpoint = -0.4
rightEndpoint = 9
Range already complete.
mode = medium
d = 67
symClass = C
D = 0
D = 3.88672
[9.302165113865009, 9.305122391863957]
nanosecondsPerTerm is 4.326883664830008
nanosecondsPerTerm is 4.316683202758515
nanosecondsPerTerm is 4.325863589467204
nanosecondsPerTerm is 4.356338988832015
13191.16800613376 5978.25013724313 14132.25711288058 5665.394962556755
77/1264
[9.305122391863957, 9.308079669862908]
nanosecondsPerTerm is 4.320302632754595
nanosecondsPerTerm is 4.307768580317266
nanosecondsPerTerm is 4.343613090587561
nanosecondsPerTerm is 4.302348608950123
12304.52771259328 5808.876239307678 13130.42357413518 5412.140513957526
1156/1264
[9.305122391863957, 9.306601030863433]
nanosecondsPerTerm is 4.325545251168879
nanosecondsPerTerm is 4.384589754811804
nanosecondsPerTerm is 4.317385264625219
nanosecondsPerTerm is 4.325726322578577
13332.23758057714 11184.08643800347 13901.36339697487 11427.58331841049
1244/1264
[9.306601030863433, 9.308079669862908]
nanosecondsPerTerm is 4.311634533881998
nanosecondsPerTerm is 4.360807112792188
nanosecondsPerTerm is 4.29917304807289
nanosecondsPerTerm is 4.301255867608595
12664.33779586433 11709.24424899731 13130.42357413518 11643.97688093129
18/1264
[9.305122391863957, 9.305861711363695]
nanosecondsPerTerm is 4.302588113516028
nanosecondsPerTerm is 4.314153385890664
nanosecondsPerTerm is 4.315168532763784
nanosecondsPerTerm is 4.31272199449812
13506.34193105403 11360.12319874438 13813.79173372764 11480.78055022023
1257/1264
[9.305861711363695, 9.306601030863433]
nanosecondsPerTerm is 4.308699792647941
nanosecondsPerTerm is 4.305576783068214
nanosecondsPerTerm is 4.307037903307333
nanosecondsPerTerm is 4.30787036298632
13594.55499667235 11298.34591987109 13901.36339697487 11427.58331841049
12/1264
[9.305122391863957, 9.305492051613825]
nanosecondsPerTerm is 4.309684890096505
nanosecondsPerTerm is 4.307963354207404
nanosecondsPerTerm is 4.309396522466883
nanosecondsPerTerm is 4.323095713832734
15322.98036695314 12455.41234020434 15528.06680659216 12545.44291408632
1235/1264
[9.305492051613825, 9.305861711363695]
nanosecondsPerTerm is 4.303764844585541
nanosecondsPerTerm is 4.317599583502549
nanosecondsPerTerm is 4.300024973540414
nanosecondsPerTerm is 4.29827053734424
13654.25826649062 11418.73775854227 13813.79173372764 11480.78055022023
6/1264
[9.305122391863957, 9.305307221738891]
nanosecondsPerTerm is 4.310135229552085
nanosecondsPerTerm is 4.30411559200834
nanosecondsPerTerm is 4.33717881379482
nanosecondsPerTerm is 4.30028554372644
14217.50162552939 11732.81379907441 14295.55420217334 11767.90405166062
383/1264
[9.305307221738891, 9.305492051613825]
nanosecondsPerTerm is 4.308315515664757
nanosecondsPerTerm is 4.313129845071963
nanosecondsPerTerm is 4.313131331712669
nanosecondsPerTerm is 4.297198483713766
15423.64260274657 12499.86750142329 15528.06680659216 12545.44291408632
1029/1264
[9.305122391863957, 9.305214806801423]
nanosecondsPerTerm is 4.303482825828238
nanosecondsPerTerm is 4.38416295720649
nanosecondsPerTerm is 4.296962404614164
nanosecondsPerTerm is 4.296145954789935
14761.41522922385 11698.8879519769 14809.46062359657 11716.61416155348
84/1264
[9.305214806801423, 9.305307221738891]
nanosecondsPerTerm is 4.299730154080569
nanosecondsPerTerm is 4.303691133074935
nanosecondsPerTerm is 4.291190660143063
nanosecondsPerTerm is 4.319587475058001
14256.153775087 11750.23423323626 14295.55420217334 11767.90405166062
368/1264
[9.305307221738891, 9.305399636676359]
nanosecondsPerTerm is 4.298675487242821
nanosecondsPerTerm is 4.344104086512253
nanosecondsPerTerm is 4.312033998246978
nanosecondsPerTerm is 4.31023814797816
13280.24978668621 11402.41639637771 13311.82328873778 11417.29129044426
885/1264
[9.305399636676359, 9.305492051613825]
nanosecondsPerTerm is 4.309414121920249
nanosecondsPerTerm is 4.336397311136324
nanosecondsPerTerm is 4.301605579699415
nanosecondsPerTerm is 4.299881544849415
15475.36927197356 12522.5100686053 15528.06680659216 12545.44291408632
16/1264
[9.305307221738891, 9.305353429207624]
nanosecondsPerTerm is 4.297920188858519
nanosecondsPerTerm is 4.319138826770293
nanosecondsPerTerm is 4.29910352768294
nanosecondsPerTerm is 4.308101870874046
13431.17871452583 11442.46187523097 13447.27307877939 11449.94698485926
862/1264
[9.305353429207624, 9.305399636676359]
nanosecondsPerTerm is 4.297658961051204
nanosecondsPerTerm is 4.305678719129094
nanosecondsPerTerm is 4.304022250452658
nanosecondsPerTerm is 4.291100336305345
13295.96282166175 11409.8280570311 13311.82328873778 11417.29129044426
37/1264
[9.305307221738891, 9.305330325473257]
nanosecondsPerTerm is 4.293692634197196
nanosecondsPerTerm is 4.326726254495432
nanosecondsPerTerm is 4.300466449490956
nanosecondsPerTerm is 4.307074451974324
13727.24114769327 11911.72958341358 13736.72615604999 11917.04262803782
198/1264
[9.305330325473257, 9.305353429207624]
nanosecondsPerTerm is 4.31220586037972
nanosecondsPerTerm is 4.321258711746279
nanosecondsPerTerm is 4.290751388959643
nanosecondsPerTerm is 4.291586475949748
13439.20717839676 11446.19799424356 13447.27307877939 11449.94698485926
105/1264
D = 4.064453125
[9.308079669862908, 9.311033194393065]
nanosecondsPerTerm is 4.330934438887711
nanosecondsPerTerm is 4.335096961880318
nanosecondsPerTerm is 4.34884242219015
nanosecondsPerTerm is 4.346217202332325
32829.93909730456 252068.21339386 15249.39884024155 22528.88846423578
1168/1311
[9.311033194393065, 9.313986718923225]
nanosecondsPerTerm is 4.337500490719261
nanosecondsPerTerm is 4.336231534615716
nanosecondsPerTerm is 4.353291223986582
nanosecondsPerTerm is 4.343443161216389
14998.85105340236 20666.78003217111 12549.28840045897 12003.37282396651
205/1311
[9.308079669862908, 9.309556432127987]
nanosecondsPerTerm is 4.321733340711361
nanosecondsPerTerm is 4.331505652117506
nanosecondsPerTerm is 4.332863459027009
nanosecondsPerTerm is 4.326435955711568
11924.11864084244 25098.14056149522 11632.58332514402 17161.73944694303
15/1309
[9.309556432127987, 9.311033194393065]
nanosecondsPerTerm is 4.329908462676165
nanosecondsPerTerm is 4.373696600500369
nanosecondsPerTerm is 4.334689509079133
nanosecondsPerTerm is 4.32283188913597
19814.41009012023 46877.56588912912 15249.39884024155 22528.88846423578
76/1311
D = 4.064453125
[9.325778391210234, 9.328720726418467]
nanosecondsPerTerm is 4.359495301841209
nanosecondsPerTerm is 4.375746849455957
nanosecondsPerTerm is 4.357931370508033
nanosecondsPerTerm is 4.35910533192064
7041.449912378856 7281.869847849774 7213.366718749833 7734.343034811672
299/1311
[9.328720726418467, 9.331663061626703]
nanosecondsPerTerm is 4.372753489638503
nanosecondsPerTerm is 4.331964876834544
nanosecondsPerTerm is 4.346150434060807
nanosecondsPerTerm is 4.379145047452255
7896.04508678502 6927.569795757388 8432.928453070435 8282.585807119141
42/1312
D = 4.0390625
[9.343410188089393, 9.346341439352866]
nanosecondsPerTerm is 4.332117381571474
nanosecondsPerTerm is 4.318703143590083
nanosecondsPerTerm is 4.373856777269124
nanosecondsPerTerm is 4.341321816776489
25241.30964031412 127908.0412618701 300317.5877004735 31489.86529918631
860/1309
[9.346341439352866, 9.349272690616338]
nanosecondsPerTerm is 4.326498320293798
nanosecondsPerTerm is 4.325561714553562
nanosecondsPerTerm is 4.332562938790653
nanosecondsPerTerm is 4.331951238657506
230968.6033748441 46188.256585798 20626.55376551996 74696.47092366061
870/1309
[9.343410188089393, 9.34487581372113]
nanosecondsPerTerm is 4.318238680508522
nanosecondsPerTerm is 4.337132695858751
nanosecondsPerTerm is 4.339525547718617
nanosecondsPerTerm is 4.343831789065407
21194.37252453873 25101.8127661934 43530.15437127458 42927.22860681146
1225/1309
[9.34487581372113, 9.346341439352866]
nanosecondsPerTerm is 4.349422612458764
nanosecondsPerTerm is 4.383271705183767
nanosecondsPerTerm is 4.323744270948275
nanosecondsPerTerm is 4.314932554600256
40001.20645748064 49834.75543443532 300317.5877004735 31489.86529918631
270/1309
[9.343410188089393, 9.344143000905262]
nanosecondsPerTerm is 4.321480244486759
nanosecondsPerTerm is 4.343951888462454
nanosecondsPerTerm is 4.329531933172833
nanosecondsPerTerm is 4.332216614126551
21754.85223341591 25094.40374344943 28960.12384199791 30924.99101229579
1027/1309
[9.344143000905262, 9.34487581372113]
nanosecondsPerTerm is 4.327751796450475
nanosecondsPerTerm is 4.330638894341211
nanosecondsPerTerm is 4.315815134661912
nanosecondsPerTerm is 4.32649202030903
27818.42527816872 30956.29809567564 43530.15437127458 42927.22860681146
82/1309
[9.343410188089393, 9.343776594497328]
nanosecondsPerTerm is 4.326544079287097
nanosecondsPerTerm is 4.326759990929699
nanosecondsPerTerm is 4.396286511968704
nanosecondsPerTerm is 4.329225530475246
21709.15301966981 24332.64165289684 24666.8940754694 26384.08828820527
14/1309
[9.343776594497328, 9.344143000905262]
nanosecondsPerTerm is 4.324905267828675
nanosecondsPerTerm is 4.369835364668432
nanosecondsPerTerm is 4.314396210741664
nanosecondsPerTerm is 4.310746826363665
24719.16031221617 27567.73120546649 28960.12384199791 30924.99101229579
1041/1309
[9.343776594497328, 9.343959797701295]
nanosecondsPerTerm is 4.32877706258324
nanosecondsPerTerm is 4.322734687403276
nanosecondsPerTerm is 4.350902629328464
nanosecondsPerTerm is 4.322015881222452
24714.40156117244 27295.4921951278 26629.98240289348 28831.98480062651
7/1309
[9.343959797701295, 9.344143000905262]
nanosecondsPerTerm is 4.324350917306501
nanosecondsPerTerm is 4.318868852571786
nanosecondsPerTerm is 4.362832969433953
nanosecondsPerTerm is 4.312156056793413
26636.22594459316 29111.1001731106 28960.12384199791 30924.99101229579
1047/1309
[9.343959797701295, 9.344051399303279]
nanosecondsPerTerm is 4.334973375213369
nanosecondsPerTerm is 4.338366207932412
nanosecondsPerTerm is 4.348067944152893
nanosecondsPerTerm is 4.328477068544294
25321.99194838726 27321.3951634484 26368.27323640183 28082.60995606687
0/1309
[9.344051399303279, 9.344143000905262]
nanosecondsPerTerm is 4.322781195991012
nanosecondsPerTerm is 4.324610551036673
nanosecondsPerTerm is 4.313406633946941
nanosecondsPerTerm is 4.31257903026933
27739.98771831161 29980.28933119445 28960.12384199791 30924.99101229579
1044/1309
[9.344051399303279, 9.344097200104271]
nanosecondsPerTerm is 4.326459572223897
nanosecondsPerTerm is 4.354198324928885
nanosecondsPerTerm is 4.32062074758071
nanosecondsPerTerm is 4.317815416384701
26565.5455296857 28630.37098587384 27109.33424728243 29016.01951239223
6/1309
[9.344097200104271, 9.344143000905262]
nanosecondsPerTerm is 4.315118905113141
nanosecondsPerTerm is 4.359158352295912
nanosecondsPerTerm is 4.316079633006528
nanosecondsPerTerm is 4.325279199667498
28334.43343453541 30442.63988719507 28960.12384199791 30924.99101229579
1029/1309
[9.344097200104271, 9.344120100504767]
nanosecondsPerTerm is 4.313551291086123
nanosecondsPerTerm is 4.330323903125708
nanosecondsPerTerm is 4.31816806364357
nanosecondsPerTerm is 4.322934985746822
27240.90769700485 29022.65045372237 27520.1497867968 29221.40133165128
15/1309
[9.344120100504767, 9.344143000905262]
nanosecondsPerTerm is 4.373732206562231
nanosecondsPerTerm is 4.364441114621116
nanosecondsPerTerm is 4.315965096581184
nanosecondsPerTerm is 4.315453299173109
28643.2268083027 30681.24029212263 28960.12384199791 30924.99101229579
1013/1309
Likely eigenvalue [9.344120100504767, 9.344143000905262]
[9.346341439352866, 9.347807064984602]
nanosecondsPerTerm is 4.322482951674327
nanosecondsPerTerm is 4.338489624435271
nanosecondsPerTerm is 4.386776391669416
nanosecondsPerTerm is 4.335483452802732
295190.3618553834 170239.5547749903 40948.71951853152 80715.21485283009
81/1309
[9.347807064984602, 9.349272690616338]
nanosecondsPerTerm is 4.323111214651297
nanosecondsPerTerm is 4.32441324526272
nanosecondsPerTerm is 4.318436066902869
nanosecondsPerTerm is 4.314007722342417
52719.73704724047 48928.41329172042 20626.55376551996 74696.47092366061
101/1309
D = 4.064453125
[9.349272690616338, 9.352200270374862]
nanosecondsPerTerm is 4.315769629643945
nanosecondsPerTerm is 4.324336068727412
nanosecondsPerTerm is 4.319194529453646
nanosecondsPerTerm is 4.320209113297211
25248.76445672928 14656.56759343752 87152.96001735156 24031.40156059551
1223/1315
[9.352200270374862, 9.355127850133387]
nanosecondsPerTerm is 4.307788430908655
nanosecondsPerTerm is 4.30796138541543
nanosecondsPerTerm is 4.318219319052539
nanosecondsPerTerm is 4.348694826692661
11669.69687702431 14953.66368589329 13516.4242148808 13106.3657728182
111/1318
[9.349272690616338, 9.3507364804956]
nanosecondsPerTerm is 4.338433972128124
nanosecondsPerTerm is 4.333067378201517
nanosecondsPerTerm is 4.333987539484391
nanosecondsPerTerm is 4.329293455533737
33352.76684507476 26489.9542531169 23643.74599028331 46970.88301440414
58/1315
[9.3507364804956, 9.352200270374862]
nanosecondsPerTerm is 4.327917523195402
nanosecondsPerTerm is 4.334397296503679
nanosecondsPerTerm is 4.330129868503251
nanosecondsPerTerm is 4.346548604772344
94859.7563626183 41477.4098930018 55784.68409554719 87152.96001735156
1255/1315
[9.3507364804956, 9.351468375435232]
nanosecondsPerTerm is 4.344222053935726
nanosecondsPerTerm is 4.391686355666739
nanosecondsPerTerm is 4.334792575434117
nanosecondsPerTerm is 4.328559479092722
21551.35248734576 92429.65354737701 18825.49786087341 73237.30474943458
24/1315
[9.351468375435232, 9.352200270374862]
nanosecondsPerTerm is 4.327612674066858
nanosecondsPerTerm is 4.322465370212745
nanosecondsPerTerm is 4.319664687565161
nanosecondsPerTerm is 4.337284229311467
71302.69282904941 57403.57636786594 55784.68409554719 87152.96001735156
1298/1315
[9.351468375435232, 9.351834322905047]
nanosecondsPerTerm is 4.321507700307142
nanosecondsPerTerm is 4.33025949688764
nanosecondsPerTerm is 4.328876927310303
nanosecondsPerTerm is 4.325409502461718
20632.29342835457 60848.32316683851 19481.22024355841 54510.0425466201
1302/1315
[9.351834322905047, 9.352200270374862]
nanosecondsPerTerm is 4.325558385691056
nanosecondsPerTerm is 4.346718054005846
nanosecondsPerTerm is 4.317955822234834
nanosecondsPerTerm is 4.314103952782009
62745.26643607871 69646.85347812524 55784.68409554719 87152.96001735156
8/1315
[9.351468375435232, 9.35165134917014]
nanosecondsPerTerm is 4.313467378954885
nanosecondsPerTerm is 4.309290629459372
nanosecondsPerTerm is 4.362136874799958
nanosecondsPerTerm is 4.328643548219818
20536.08277049468 66583.65611403395 19956.5911992987 62662.09649405099
8/1315
[9.35165134917014, 9.351834322905047]
nanosecondsPerTerm is 4.322367588133909
nanosecondsPerTerm is 4.352457050931164
nanosecondsPerTerm is 4.310184380756114
nanosecondsPerTerm is 4.307060464226813
20034.57577691764 57530.48493084008 19481.22024355841 54510.0425466201
1293/1315
[9.35165134917014, 9.351742836037594]
nanosecondsPerTerm is 4.319479259745446
nanosecondsPerTerm is 4.322369375127732
nanosecondsPerTerm is 4.320416273095804
nanosecondsPerTerm is 4.340110079862936
17929.38322241864 61464.40144288102 17676.06374218973 59682.02068900634
1209/1315
[9.351742836037594, 9.351834322905047]
nanosecondsPerTerm is 4.31256371814503
nanosecondsPerTerm is 4.315667566300129
nanosecondsPerTerm is 4.36835338806176
nanosecondsPerTerm is 4.322363167334633
19752.59513475993 55984.99043127952 19481.22024355841 54510.0425466201
124/1315
[9.35165134917014, 9.351697092603867]
nanosecondsPerTerm is 4.303619793732339
nanosecondsPerTerm is 4.316118749407788
nanosecondsPerTerm is 4.354382962160072
nanosecondsPerTerm is 4.321899070844349
18258.30842181044 74850.72066447805 18128.25808629984 73772.03669639985
14/1315
[9.351697092603867, 9.351742836037594]
nanosecondsPerTerm is 4.330531706977895
nanosecondsPerTerm is 4.376123801025058
nanosecondsPerTerm is 4.302858125080504
nanosecondsPerTerm is 4.30722736833446
17801.4839659739 60562.15810969512 17676.06374218973 59682.02068900634
1199/1315
[9.351697092603867, 9.351719964320731]
nanosecondsPerTerm is 4.317802479346796
nanosecondsPerTerm is 4.322088590057754
nanosecondsPerTerm is 4.464890400563688
nanosecondsPerTerm is 4.32346660480678
17869.8226021243 60389.14567519125 17805.31406008202 59948.30626501236
20/1315
[9.351719964320731, 9.351742836037594]
nanosecondsPerTerm is 4.350133215954843
nanosecondsPerTerm is 4.318431038277539
nanosecondsPerTerm is 4.359292659054742
nanosecondsPerTerm is 4.319492102965221
17738.46755404824 60119.36431204802 17676.06374218973 59682.02068900634
1176/1315
Likely eigenvalue [9.351719964320731, 9.351742836037594]
D = 4.013671875
[9.355127850133387, 9.358051769862161]
nanosecondsPerTerm is 4.337539660923313
nanosecondsPerTerm is 4.325856232327727
nanosecondsPerTerm is 4.327460686541479
nanosecondsPerTerm is 4.333494619166024
10333.82475996283 25174.31528353899 10731.87666819172 15548.7308122533
71/1303
[9.358051769862161, 9.360975689590935]
nanosecondsPerTerm is 4.32692852824898
nanosecondsPerTerm is 4.323039221363867
nanosecondsPerTerm is 4.332128549051387
nanosecondsPerTerm is 4.333110041307615
19934.37739420872 45603.14183729832 14430.32002838982 22553.53926576967
31/1303
D = 3.912109375
[9.366816231824824, 9.369732865690974]
nanosecondsPerTerm is 4.307901864957117
nanosecondsPerTerm is 4.357690402950749
nanosecondsPerTerm is 4.310140775145046
nanosecondsPerTerm is 4.362451822969581
10257.05892970765 9187.985262048536 8336.243066487543 7853.781629694841
26/1280
[9.369732865690974, 9.372649499557124]
nanosecondsPerTerm is 4.308281836773742
nanosecondsPerTerm is 4.360660002950476
nanosecondsPerTerm is 4.404919996477404
nanosecondsPerTerm is 4.372464727962315
9154.785071349062 11390.53646215672 7747.558534536379 9066.499897050482
129/1280
D = 3.88671875
[9.372649499557124, 9.375562507477017]
nanosecondsPerTerm is 4.293059016765355
nanosecondsPerTerm is 4.33624534741948
nanosecondsPerTerm is 4.29946629774288
nanosecondsPerTerm is 4.289647502188191
15470.52870000534 21122.1506361115 11924.29298812612 15971.82500765175
142/1272
[9.375562507477017, 9.378475515396913]
nanosecondsPerTerm is 4.290451468365584
nanosecondsPerTerm is 4.294213069318461
nanosecondsPerTerm is 4.305971140336848
nanosecondsPerTerm is 4.298417583521332
15480.39770954034 15363.46739041871 11939.80894461202 12679.04726702463
113/1272
D = 3.962890625
[9.407497599713128, 9.41038908623521]
nanosecondsPerTerm is 4.325689905436
nanosecondsPerTerm is 4.331227732577262
nanosecondsPerTerm is 4.334443570262162
nanosecondsPerTerm is 4.339057464597598
18907.08271514357 13584.8689471432 28148.66336912754 16585.08052664586
28/1299
[9.41038908623521, 9.413280572757289]
nanosecondsPerTerm is 4.335150837408917
nanosecondsPerTerm is 4.330792702990572
nanosecondsPerTerm is 4.356978698566886
nanosecondsPerTerm is 4.338994050025423
26513.57245641184 13599.78665030492 64781.25778411073 18870.95235921418
54/1299
D = 3.9375
[9.413280572757289, 9.416168510914973]
nanosecondsPerTerm is 4.325213756972992
nanosecondsPerTerm is 4.331957656909163
nanosecondsPerTerm is 4.332520840320822
nanosecondsPerTerm is 4.356458763951497
318996.3207642199 12327.90972117224 37156.87426508967 13273.23646949276
78/1291
[9.416168510914973, 9.419056449072658]
nanosecondsPerTerm is 4.368453426435164
nanosecondsPerTerm is 4.325092684972917
nanosecondsPerTerm is 4.353079219610501
nanosecondsPerTerm is 4.399098203095368
11042.02649599144 10765.60836797757 11972.26761965293 12036.02075848479
72/1291
D = 3.9375
[9.424825250391587, 9.427706124365866]
nanosecondsPerTerm is 4.338002675885121
nanosecondsPerTerm is 4.345357426962787
nanosecondsPerTerm is 4.361872676587209
nanosecondsPerTerm is 4.34950035840994
7705.886581171406 8790.858586919898 8634.013491863972 9744.392333686066
148/1294
[9.427706124365866, 9.430586998340143]
nanosecondsPerTerm is 4.343798777327916
nanosecondsPerTerm is 4.336469398330152
nanosecondsPerTerm is 4.344310710427616
nanosecondsPerTerm is 4.343462431960662
9812.141889855628 84180.7116147732 11908.15709591589 521499.2302915728
42/1294
D = 3.9375
[9.436341714438816, 9.439215567271024]
nanosecondsPerTerm is 4.326003505814256
nanosecondsPerTerm is 4.323683636393553
nanosecondsPerTerm is 4.327805277634072
nanosecondsPerTerm is 4.338151022754169
18190.03628326577 23947.01605770625 22874.55060955053 27055.97698462463
1024/1295
[9.439215567271024, 9.442089420103233]
nanosecondsPerTerm is 4.326666116802231
nanosecondsPerTerm is 4.329595536595713
nanosecondsPerTerm is 4.35167999384015
nanosecondsPerTerm is 4.338734265426859
26759.86939605437 27502.35358513472 46982.82132884272 88712.12157480935
95/1295
[9.436341714438816, 9.437778640854919]
nanosecondsPerTerm is 4.325554350921153
nanosecondsPerTerm is 4.331825062070775
nanosecondsPerTerm is 4.328365778922612
nanosecondsPerTerm is 4.355729197836322
28803.03102739463 24102.22001198289 28332.41389577487 23952.51967019791
44/1295
[9.437778640854919, 9.439215567271024]
nanosecondsPerTerm is 4.327955640099886
nanosecondsPerTerm is 4.332340542770099
nanosecondsPerTerm is 4.33033175836782
nanosecondsPerTerm is 4.323535204691295
23823.13860294177 21561.79272538673 27055.97698462463 26447.05167988857
1202/1295
[9.437778640854919, 9.438497104062971]
nanosecondsPerTerm is 4.32816857285657
nanosecondsPerTerm is 4.329020396246841
nanosecondsPerTerm is 4.352850527819593
nanosecondsPerTerm is 4.324116673400746
23807.84659535775 21823.66695450547 25052.74364922937 23958.15055667354
1255/1295
[9.438497104062971, 9.439215567271024]
nanosecondsPerTerm is 4.323003978050822
nanosecondsPerTerm is 4.376350663145784
nanosecondsPerTerm is 4.319542806214187
nanosecondsPerTerm is 4.325061488010047
25240.724038904 23953.51501289315 27306.04082018089 26875.11885406045
28/1295
[9.437778640854919, 9.438137872458945]
nanosecondsPerTerm is 4.313427232942877
nanosecondsPerTerm is 4.365272701599377
nanosecondsPerTerm is 4.325041759742131
nanosecondsPerTerm is 4.326755231863947
28195.66422343147 23973.65697545658 28540.68939230558 24456.36321215228
7/1295
[9.438137872458945, 9.438497104062971]
nanosecondsPerTerm is 4.32366030925338
nanosecondsPerTerm is 4.326618769698141
nanosecondsPerTerm is 4.312203942467333
nanosecondsPerTerm is 4.309531383528202
24322.54019482846 22752.6569480779 25052.74364922937 23958.15055667354
1277/1295
[9.438137872458945, 9.438317488260958]
nanosecondsPerTerm is 4.320264204513807
nanosecondsPerTerm is 4.323675753214378
nanosecondsPerTerm is 4.326816171769327
nanosecondsPerTerm is 4.325678452901363
24486.91656031464 22752.80166620646 24802.57264604516 23296.60139431823
13/1295
[9.438317488260958, 9.438497104062971]
nanosecondsPerTerm is 4.330213336453393
nanosecondsPerTerm is 4.340992533850939
nanosecondsPerTerm is 4.312074334453688
nanosecondsPerTerm is 4.352515105263912
24660.05928727104 23318.62466681752 25052.74364922937 23958.15055667354
1273/1295
[9.438317488260958, 9.438407296161966]
nanosecondsPerTerm is 4.362279519659756
nanosecondsPerTerm is 4.317246525625525
nanosecondsPerTerm is 4.335678015720441
nanosecondsPerTerm is 4.327365448578106
24742.36301302109 22914.70786641844 24920.17447660632 23196.27796202873
1142/1295
[9.438407296161966, 9.438497104062971]
nanosecondsPerTerm is 4.326279544681524
nanosecondsPerTerm is 4.325145836335513
nanosecondsPerTerm is 4.314756677316338
nanosecondsPerTerm is 4.312365633295455
24849.41371864235 23628.86979556342 25052.74364922937 23958.15055667354
52/1295
[9.438317488260958, 9.438362392211463]
nanosecondsPerTerm is 4.306403180682834
nanosecondsPerTerm is 4.313931891163639
nanosecondsPerTerm is 4.333701840118668
nanosecondsPerTerm is 4.337089570305055
24729.82804828471 23316.40752015881 24819.43584091502 23468.20773573978
16/1295
[9.438362392211463, 9.438407296161966]
nanosecondsPerTerm is 4.320511738595529
nanosecondsPerTerm is 4.322265160182784
nanosecondsPerTerm is 4.319552767086796
nanosecondsPerTerm is 4.313873009506738
24829.55183038375 23053.27561541865 24920.17447660632 23196.27796202873
1092/1295
[9.438362392211463, 9.438384844186714]
nanosecondsPerTerm is 4.360076123731772
nanosecondsPerTerm is 4.321874505204892
nanosecondsPerTerm is 4.332166145636183
nanosecondsPerTerm is 4.325775827013232
24882.07303697549 23458.12853936145 24926.94772098921 23535.87402686162
55/1295
[9.438384844186714, 9.438407296161966]
nanosecondsPerTerm is 4.321009615582711
nanosecondsPerTerm is 4.352014314255785
nanosecondsPerTerm is 4.317434559311879
nanosecondsPerTerm is 4.32443381750435
24874.43267704511 23124.21745155307 24920.17447660632 23196.27796202873
872/1295
Likely eigenvalue [9.438384844186714, 9.438407296161966]
D = 3.9375
[9.442089420103233, 9.444959778374045]
nanosecondsPerTerm is 4.317915151820459
nanosecondsPerTerm is 4.317707042743283
nanosecondsPerTerm is 4.326419320685856
nanosecondsPerTerm is 4.357311209657255
89609.3928642712 396183.4225001736 106361.051254572 35804.7736751054
110/1296
[9.444959778374045, 9.447830136644855]
nanosecondsPerTerm is 4.318203968733072
nanosecondsPerTerm is 4.368194746328181
nanosecondsPerTerm is 4.322016971175493
nanosecondsPerTerm is 4.367067459741541
33906.70092223828 28469.2834715718 20585.53409489047 15961.74043009645
1241/1296
[9.444959778374045, 9.446394957509451]
nanosecondsPerTerm is 4.316031130082569
nanosecondsPerTerm is 4.317541200611568
nanosecondsPerTerm is 4.521454717161548
nanosecondsPerTerm is 4.331664072690343
57395.67488416797 33746.57855469886 39327.16008611799 24222.18692011381
53/1296
[9.446394957509451, 9.447830136644855]
nanosecondsPerTerm is 4.324244182713831
nanosecondsPerTerm is 4.324897012796951
nanosecondsPerTerm is 4.316713870174877
nanosecondsPerTerm is 4.317883006160282
23063.91150975787 17541.00310089044 19058.04923716536 14264.53422780142
1249/1296
[9.446394957509451, 9.447112547077154]
nanosecondsPerTerm is 4.320839746508912
nanosecondsPerTerm is 4.321241152335017
nanosecondsPerTerm is 4.322995906585738
nanosecondsPerTerm is 4.363378654243657
22889.17687865598 17397.96865483158 20568.84983015262 15545.4061283855
19/1296
[9.447112547077154, 9.447830136644855]
nanosecondsPerTerm is 4.319739787392537
nanosecondsPerTerm is 4.347189801691697
nanosecondsPerTerm is 4.31376163703996
nanosecondsPerTerm is 4.313703916596224
20687.1184346408 15667.11987017086 19058.04923716536 14264.53422780142
1268/1296
[9.447112547077154, 9.447471341861004]
nanosecondsPerTerm is 4.374908673938537
nanosecondsPerTerm is 4.324809938490601
nanosecondsPerTerm is 4.346163811622524
nanosecondsPerTerm is 4.368130776272253
21431.23892781104 16163.12376898444 20497.54546259265 15333.44182182086
1279/1296
[9.447471341861004, 9.447830136644855]
nanosecondsPerTerm is 4.327453791553509
nanosecondsPerTerm is 4.339463424094467
nanosecondsPerTerm is 4.314599839025985
nanosecondsPerTerm is 4.31368308507323
19794.50327784232 14916.42806803179 19058.04923716536 14264.53422780142
12/1296
[9.447112547077154, 9.447291944469079]
nanosecondsPerTerm is 4.332952862688956
nanosecondsPerTerm is 4.320885358874982
nanosecondsPerTerm is 4.331015101080325
nanosecondsPerTerm is 4.326791385655218
21324.31499695966 15901.40785163694 20840.95410241656 15483.13483246225
1248/1296
[9.447291944469079, 9.447471341861004]
nanosecondsPerTerm is 4.332173873327718
nanosecondsPerTerm is 4.325688284165116
nanosecondsPerTerm is 4.313666066793966
nanosecondsPerTerm is 4.346017097827053
20942.08086349193 15733.02930226624 20497.54546259265 15333.44182182086
37/1296
[9.447112547077154, 9.447202245773116]
nanosecondsPerTerm is 4.308695338785594
nanosecondsPerTerm is 4.313429023730281
nanosecondsPerTerm is 4.326786716935763
nanosecondsPerTerm is 4.33271227872836
21333.72361678887 16199.35690093488 21086.51067794876 15980.03008935742
19/1296
[9.447202245773116, 9.447291944469079]
nanosecondsPerTerm is 4.322679675626465
nanosecondsPerTerm is 4.322067980978027
nanosecondsPerTerm is 4.34786680794195
nanosecondsPerTerm is 4.362483445001509
21076.88125387296 15688.42548601278 20840.95410241656 15483.13483246225
1234/1296
[9.447202245773116, 9.447247095121098]
nanosecondsPerTerm is 4.369757832863845
nanosecondsPerTerm is 4.323148344905624
nanosecondsPerTerm is 4.348522899586929
nanosecondsPerTerm is 4.322676145988369
21487.46016590583 15462.45380835711 21364.82632523256 15366.53844415733
29/1296
[9.447247095121098, 9.447291944469079]
nanosecondsPerTerm is 4.328251497916058
nanosecondsPerTerm is 4.339443406311939
nanosecondsPerTerm is 4.317198403122542
nanosecondsPerTerm is 4.309816337713015
20957.51015280131 15584.83982139033 20840.95410241656 15483.13483246225
1173/1296
[9.447247095121098, 9.447269519795089]
nanosecondsPerTerm is 4.322381447898537
nanosecondsPerTerm is 4.376621112908546
nanosecondsPerTerm is 4.345164881723848
nanosecondsPerTerm is 4.329754634374638
21183.84021893181 15924.31073069127 21124.58349593204 15871.84351378607
982/1296
[9.447269519795089, 9.447291944469079]
nanosecondsPerTerm is 4.328518605894677
nanosecondsPerTerm is 4.378353022055678
nanosecondsPerTerm is 4.314769322219229
nanosecondsPerTerm is 4.311710794235915
20898.88397020759 15533.75480868496 20840.95410241656 15483.13483246225
145/1296
Likely eigenvalue [9.447247095121098, 9.447269519795089]
D = 3.8359375
[9.521832952878789, 9.524655477785378]
nanosecondsPerTerm is 4.352978755982904
nanosecondsPerTerm is 4.305757833875
nanosecondsPerTerm is 4.300036363296609
nanosecondsPerTerm is 4.316751271439653
523643.6571540442 286570.3012681352 53403.97793080382 64084.03510464806
1153/1280
[9.524655477785378, 9.527478002691968]
nanosecondsPerTerm is 4.309735265688145
nanosecondsPerTerm is 4.319836561018785
nanosecondsPerTerm is 4.359303747447415
nanosecondsPerTerm is 4.318066768663668
66458.42564707427 1127523.851134506 31015.47342382254 52965.34783564333
52/1280
[9.521832952878789, 9.523244215332085]
nanosecondsPerTerm is 4.310543600025938
nanosecondsPerTerm is 4.29647104777017
nanosecondsPerTerm is 4.408737158796475
nanosecondsPerTerm is 4.36124174146264
291843.0091665891 97311.64363162116 145001.9588194258 1852086.118984121
1243/1280
[9.523244215332085, 9.524655477785378]
nanosecondsPerTerm is 4.311101835779959
nanosecondsPerTerm is 4.343438889354842
nanosecondsPerTerm is 4.304405323599522
nanosecondsPerTerm is 4.298670803509101
164289.9213073184 130727.6053761384 64084.03510464806 421624.2979035098
34/1280
[9.521832952878789, 9.522538584105437]
nanosecondsPerTerm is 4.307228208552347
nanosecondsPerTerm is 4.304754899570794
nanosecondsPerTerm is 4.390878786708408
nanosecondsPerTerm is 4.321912537047313
271853.9827086161 95188.01312122479 625969.9860980227 177076.8104087792
1261/1280
[9.522538584105437, 9.523244215332085]
nanosecondsPerTerm is 4.312704368458275
nanosecondsPerTerm is 4.379402287245109
nanosecondsPerTerm is 4.310894922717223
nanosecondsPerTerm is 4.303039667880467
574527.4025568273 183915.7819819201 145001.9588194258 1852086.118984121
15/1280
[9.521832952878789, 9.522185768492113]
nanosecondsPerTerm is 4.309660943546575
nanosecondsPerTerm is 4.32543973908543
nanosecondsPerTerm is 4.318211950042706
nanosecondsPerTerm is 4.328118580453085
279433.5516650203 93591.3872193944 1068981.157960874 120926.8031280737
9/1279
[9.522185768492113, 9.522538584105437]
nanosecondsPerTerm is 4.378553041326731
nanosecondsPerTerm is 4.348199304385029
nanosecondsPerTerm is 4.332384804913604
nanosecondsPerTerm is 4.29632811056996
220533.7726647502 126984.2214980864 535272.7261245354 183867.0620089339
51/1280
D = 3.759765625
[9.549991583921011, 9.552797503312723]
nanosecondsPerTerm is 4.310166921965521
nanosecondsPerTerm is 4.315682802340469
nanosecondsPerTerm is 4.310780487839763
nanosecondsPerTerm is 4.317854174699581
8823.156925234434 9278.493947306131 8589.874562840943 8534.620237073334
134/1263
[9.552797503312723, 9.555603422704435]
nanosecondsPerTerm is 4.305691252209489
nanosecondsPerTerm is 4.310737746806101
nanosecondsPerTerm is 4.32505581276271
nanosecondsPerTerm is 4.318733091960368
8626.012701538339 8330.153443008398 7702.733425242777 8220.42435675828
1177/1263
[9.552797503312723, 9.554200463008579]
nanosecondsPerTerm is 4.314293940465657
nanosecondsPerTerm is 4.303636922079576
nanosecondsPerTerm is 4.391103036541491
nanosecondsPerTerm is 4.395219390090573
8614.015302811134 8172.279020868293 8055.443319441816 7965.733982869133
46/1263
[9.554200463008579, 9.555603422704435]
nanosecondsPerTerm is 4.313626702801649
nanosecondsPerTerm is 4.331897409669386
nanosecondsPerTerm is 4.306843790697655
nanosecondsPerTerm is 4.314754651058139
7996.300150894584 8175.005191789068 7702.733425242777 8220.42435675828
1221/1263
[9.554200463008579, 9.554901942856507]
nanosecondsPerTerm is 4.31816128583564
nanosecondsPerTerm is 4.324768804373061
nanosecondsPerTerm is 4.321823203761909
nanosecondsPerTerm is 4.325444108290784
8070.120627315404 8003.739589745012 7911.615949755664 7973.753634609028
25/1263
[9.554901942856507, 9.555603422704435]
nanosecondsPerTerm is 4.328991980680464
nanosecondsPerTerm is 4.358329499767936
nanosecondsPerTerm is 4.314726542976312
nanosecondsPerTerm is 4.312201065222971
7813.687982186694 8170.877071287153 7702.733425242777 8220.42435675828
1228/1263
[9.554901942856507, 9.55525268278047]
nanosecondsPerTerm is 4.316150706054541
nanosecondsPerTerm is 4.314357317770746
nanosecondsPerTerm is 4.325422294165001
nanosecondsPerTerm is 4.311102132813792
7777.491740836791 8086.042847329999 7715.775739937104 8092.904763603799
1232/1263
[9.55525268278047, 9.555603422704435]
nanosecondsPerTerm is 4.338952056658102
nanosecondsPerTerm is 4.309662000841041
nanosecondsPerTerm is 4.323576978996031
nanosecondsPerTerm is 4.30922305606289
8188.639144468162 9557.294082076325 8220.42435675828 9516.309608154703
56/1263
[9.554901942856507, 9.555077312818488]
nanosecondsPerTerm is 4.308145167832686
nanosecondsPerTerm is 4.307006853342988
nanosecondsPerTerm is 4.318511183734253
nanosecondsPerTerm is 4.319078988976023
7904.234840783215 8161.643862911949 7875.179963466602 8169.423747776388
173/1263
[9.555077312818488, 9.55525268278047]
nanosecondsPerTerm is 4.360400638218871
nanosecondsPerTerm is 4.322455102862296
nanosecondsPerTerm is 4.324750522736319
nanosecondsPerTerm is 4.294172354866857
7744.503973454147 8087.898576996384 7715.775739937104 8092.904763603799
1038/1263
[9.555077312818488, 9.55516499779948]
nanosecondsPerTerm is 4.314732722012823
nanosecondsPerTerm is 4.308899165230929
nanosecondsPerTerm is 4.318358488821131
nanosecondsPerTerm is 4.325868792466117
6968.755316670352 7864.826352490837 6962.561800105831 7863.964825420653
986/1263
[9.55516499779948, 9.55525268278047]
nanosecondsPerTerm is 4.306893820458179
nanosecondsPerTerm is 4.357695340617575
nanosecondsPerTerm is 4.301604952048701
nanosecondsPerTerm is 4.302172004053065
7729.616540226772 8090.00389090405 7715.775739937104 8092.904763603799
22/1263
[9.555077312818488, 9.555121155308985]
nanosecondsPerTerm is 4.301385131565473
nanosecondsPerTerm is 4.303528523133355
nanosecondsPerTerm is 4.38123861108096
nanosecondsPerTerm is 4.330402707710651
7764.217754447858 7983.757097311873 7756.467169484822 7984.291794543221
952/1263
[9.555121155308985, 9.55516499779948]
nanosecondsPerTerm is 4.319151290856197
nanosecondsPerTerm is 4.312197383683849
nanosecondsPerTerm is 4.296918802695336
nanosecondsPerTerm is 4.294580728872504
6965.536630614816 7864.298333567391 6962.561800105831 7863.964825420653
71/1263
[9.555077312818488, 9.555099234063736]
nanosecondsPerTerm is 4.29446153398723
nanosecondsPerTerm is 4.311176999808853
nanosecondsPerTerm is 4.316256649014445
nanosecondsPerTerm is 4.357604651231415
7853.922573389904 7965.435384841074 7850.701860811508 7965.587313847837
783/1263
[9.555099234063736, 9.555121155308985]
nanosecondsPerTerm is 4.311426866004175
nanosecondsPerTerm is 4.378541261445871
nanosecondsPerTerm is 4.301735424481401
nanosecondsPerTerm is 4.369537493519641
7760.309030335466 7983.999425497169 7756.467169484822 7984.291794543221
166/1263
Likely eigenvalue [9.555077312818488, 9.555099234063736]
D = 3.734375
[9.555603422704435, 9.558406050226747]
nanosecondsPerTerm is 4.324248694177012
nanosecondsPerTerm is 4.329014838678405
nanosecondsPerTerm is 4.381116399037687
nanosecondsPerTerm is 4.321664875746392
7865.415578266828 8279.562734305155 9822.529784066437 10665.81410206902
70/1253
[9.558406050226747, 9.561208677749061]
nanosecondsPerTerm is 4.318281360710605
nanosecondsPerTerm is 4.323949743693165
nanosecondsPerTerm is 4.327186412107462
nanosecondsPerTerm is 4.36381379814873
10412.48288445065 10605.05757578458 15581.43670021596 15141.67125584141
107/1253
D = 3.734375
[9.566807368330876, 9.5696034409833]
nanosecondsPerTerm is 4.339326722085792
nanosecondsPerTerm is 4.321240818884696
nanosecondsPerTerm is 4.339497382772997
nanosecondsPerTerm is 4.411012146259447
69619.41291269686 60998.04526467235 20886.8370121627 20740.62093161666
179/1255
[9.5696034409833, 9.572399513635723]
nanosecondsPerTerm is 4.324153249083756
nanosecondsPerTerm is 4.347651283482548
nanosecondsPerTerm is 4.351894707354889
nanosecondsPerTerm is 4.36324885777432
21119.3541976265 16436.03491907084 12936.59442172975 11771.1014510955
83/1255
D = 3.734375
[9.577985132759885, 9.580774688735271]
nanosecondsPerTerm is 4.323876939619075
nanosecondsPerTerm is 4.329324130716174
nanosecondsPerTerm is 4.317785570495552
nanosecondsPerTerm is 4.336623521453397
9507.78613387417 10496.88397974195 9349.918318952163 10222.81432180785
1165/1258
[9.580774688735271, 9.583564244710656]
nanosecondsPerTerm is 4.316534614621405
nanosecondsPerTerm is 4.447206110210656
nanosecondsPerTerm is 4.351474570817286
nanosecondsPerTerm is 4.335978628939178
10988.36045259924 12758.90634745336 11049.73124649486 10516.89338210639
67/1260
[9.577985132759885, 9.579379910747578]
nanosecondsPerTerm is 4.328769363821046
nanosecondsPerTerm is 4.322458134050171
nanosecondsPerTerm is 4.32038098693307
nanosecondsPerTerm is 4.329408672780309
9204.817061564712 10473.57664897165 9034.3952115964 10281.93882302922
321/1257
[9.579379910747578, 9.580774688735271]
nanosecondsPerTerm is 4.327735184216944
nanosecondsPerTerm is 4.329768873444799
nanosecondsPerTerm is 4.312891814900076
nanosecondsPerTerm is 4.376337789625612
10309.11919248714 11535.53516614367 10222.81432180785 11482.68705888953
803/1258
[9.579379910747578, 9.580077299741426]
nanosecondsPerTerm is 4.32832327207097
nanosecondsPerTerm is 4.327260530671077
nanosecondsPerTerm is 4.338242002433785
nanosecondsPerTerm is 4.324059910674133
10301.51171216614 11502.17787437528 10246.20010351803 11476.60492329631
812/1257
[9.580077299741426, 9.580774688735271]
nanosecondsPerTerm is 4.32081071936172
nanosecondsPerTerm is 4.326779350814562
nanosecondsPerTerm is 4.320729004938663
nanosecondsPerTerm is 4.322309125973188
10255.0023940511 11494.0304222583 10222.81432180785 11482.68705888953
128/1258
[9.579379910747578, 9.579728605244501]
nanosecondsPerTerm is 4.320752849385974
nanosecondsPerTerm is 4.318521936978946
nanosecondsPerTerm is 4.330083941985184
nanosecondsPerTerm is 4.322749421942991
9367.983179247456 9983.675919626578 9350.136603341456 9940.510395427083
320/1257
[9.579728605244501, 9.580077299741426]
nanosecondsPerTerm is 4.327338611997482
nanosecondsPerTerm is 4.341542752458569
nanosecondsPerTerm is 4.306715792348422
nanosecondsPerTerm is 4.344553904090911
10270.92839284763 11485.42345689141 10246.20010351803 11476.60492329631
310/1257
D = 3.734375
[9.594703022679681, 9.597482874476182]
nanosecondsPerTerm is 4.336661446102771
nanosecondsPerTerm is 4.307670483884354
nanosecondsPerTerm is 4.333085792759006
nanosecondsPerTerm is 4.317243463992695
21217.97745463923 31545.01360625857 22653.53384691297 36594.47802611434
23/1263
[9.597482874476182, 9.600262726272684]
nanosecondsPerTerm is 4.369287850850879
nanosecondsPerTerm is 4.389674834982979
nanosecondsPerTerm is 4.324894184998421
nanosecondsPerTerm is 4.368276095687218
51363.27285253834 70446.44106155052 72147.73349207925 125016.8263841648
33/1263
D = 3.734375
[9.605815997842912, 9.608589426902041]
nanosecondsPerTerm is 4.388503918237422
nanosecondsPerTerm is 4.374414319380321
nanosecondsPerTerm is 4.318490020393246
nanosecondsPerTerm is 4.38357308232588
60573.79002677974 24406.03250743142 42347.11456739229 22374.89588220761
20/1264
[9.608589426902041, 9.61136285596117]
nanosecondsPerTerm is 4.308637616215255
nanosecondsPerTerm is 4.324229632608197
nanosecondsPerTerm is 4.312422564425185
nanosecondsPerTerm is 4.345100522523059
18964.93332615026 20054.44955692077 17733.98478832444 19222.83883905212
99/1264
D = 3.962890625
[9.622437405697315, 9.625201269864041]
nanosecondsPerTerm is 4.440992760531761
nanosecondsPerTerm is 4.39085457812958
nanosecondsPerTerm is 4.334312907083067
nanosecondsPerTerm is 4.330204522839984
44179.51243846543 120001.5125738142 30509.15781225493 56065.16486413043
236/1326
[9.625201269864041, 9.627965134030767]
nanosecondsPerTerm is 4.319174627405689
nanosecondsPerTerm is 4.327786592215791
nanosecondsPerTerm is 4.331335741711438
nanosecondsPerTerm is 4.319838134133673
31882.30045604592 47693.42674509101 23214.17083121902 34440.09886703114
114/1328
D = 3.98828125
[9.627965134030767, 9.630725828187604]
nanosecondsPerTerm is 4.357545783727537
nanosecondsPerTerm is 4.355101688488737
nanosecondsPerTerm is 4.33573621182917
nanosecondsPerTerm is 4.333418466835767
45323.03063808591 27314.74913158214 51574.47283914051 26532.76776226079
628/1341
[9.630725828187604, 9.633486522344443]
nanosecondsPerTerm is 4.339421304724013
nanosecondsPerTerm is 4.366085375861442
nanosecondsPerTerm is 4.369358934921741
nanosecondsPerTerm is 4.338650234454712
31583.39885923063 25440.81280798465 38316.40523525773 31451.21286170169
232/1341
[9.627965134030767, 9.629345481109185]
nanosecondsPerTerm is 4.350205351905902
nanosecondsPerTerm is 4.327341005853532
nanosecondsPerTerm is 4.399581929806279
nanosecondsPerTerm is 4.385941706474902
39573.11671680148 27687.79653037451 36575.27074449673 26713.38761649312
871/1341
[9.629345481109185, 9.630725828187604]
nanosecondsPerTerm is 4.411847008989961
nanosecondsPerTerm is 4.373011936685297
nanosecondsPerTerm is 4.345836095224874
nanosecondsPerTerm is 4.418599775763325
46292.71790157116 26347.85693923372 51574.47283914051 26532.76776226079
84/1341
[9.627965134030767, 9.628655307569975]
nanosecondsPerTerm is 4.326205423829369
nanosecondsPerTerm is 4.347706498555951
nanosecondsPerTerm is 4.418576294100586
nanosecondsPerTerm is 4.332163965314053
43977.0773731484 39901.93379282797 53849.45821546175 38083.61585200918
1198/1341
[9.628655307569975, 9.629345481109185]
nanosecondsPerTerm is 4.380852487391052
nanosecondsPerTerm is 4.380106075517991
nanosecondsPerTerm is 4.380498566793244
nanosecondsPerTerm is 4.366255501573944
37631.56513927977 27067.32703764928 36575.27074449673 26713.38761649312
50/1341
[9.627965134030767, 9.628310220800371]
nanosecondsPerTerm is 4.33505189565272
nanosecondsPerTerm is 4.340235289547449
nanosecondsPerTerm is 4.376402085506236
nanosecondsPerTerm is 4.409944322409455
54410.89206937385 37305.60802232409 61714.20693931245 36393.55305631213
1141/1341
[9.628310220800371, 9.628655307569975]
nanosecondsPerTerm is 4.354779850025135
nanosecondsPerTerm is 4.364088033429707
nanosecondsPerTerm is 4.444775083473291
nanosecondsPerTerm is 4.395171518721992
48432.8727360901 38883.39970343341 53849.45821546175 38083.61585200918
102/1341
[9.627965134030767, 9.62813767741557]
nanosecondsPerTerm is 4.356424943362951
nanosecondsPerTerm is 4.352598435172809
nanosecondsPerTerm is 4.33418584579875
nanosecondsPerTerm is 4.356288671997969
43279.83723812202 51514.40396569367 45345.00363252703 51313.36350667135
230/1341
[9.62813767741557, 9.628310220800371]
nanosecondsPerTerm is 4.323613996477843
nanosecondsPerTerm is 4.332080389646301
nanosecondsPerTerm is 4.341136620681262
nanosecondsPerTerm is 4.340992571557016
57828.41842424471 36825.07229554905 61714.20693931245 36393.55305631213
1004/1341
[9.62813767741557, 9.628223949107969]
nanosecondsPerTerm is 4.370554321263089
nanosecondsPerTerm is 4.409695346016965
nanosecondsPerTerm is 4.338036922047636
nanosecondsPerTerm is 4.354710445487942
44436.79182206796 36749.81062966974 45508.37281230057 36526.64130323863
691/1341
[9.628223949107969, 9.628310220800371]
nanosecondsPerTerm is 4.32790512532968
nanosecondsPerTerm is 4.400886596861573
nanosecondsPerTerm is 4.355693318532823
nanosecondsPerTerm is 4.338743859480268
59707.220636153 36603.20443777409 61714.20693931245 36393.55305631213
256/1341
[9.62813767741557, 9.628180813261769]
nanosecondsPerTerm is 4.345290397909591
nanosecondsPerTerm is 4.396126551486518
nanosecondsPerTerm is 4.358951501335086
nanosecondsPerTerm is 4.37572047053721
45038.21071565414 56010.06488263972 45578.54276884568 55958.14580516036
193/1341
[9.628180813261769, 9.628223949107969]
nanosecondsPerTerm is 4.330680607745941
nanosecondsPerTerm is 4.369451425825225
nanosecondsPerTerm is 4.325041493875748
nanosecondsPerTerm is 4.317135012055922
44966.33505444958 36636.68673585841 45508.37281230057 36526.64130323863
461/1341
[9.628180813261769, 9.62820238118487]
nanosecondsPerTerm is 4.376821570257274
nanosecondsPerTerm is 4.396447723343172
nanosecondsPerTerm is 4.328146682035779
nanosecondsPerTerm is 4.40734522928136
58563.32380077968 55260.21865234039 59033.33550660992 55235.86019229887
168/1341
[9.62820238118487, 9.628223949107969]
nanosecondsPerTerm is 4.330238033535266
nanosecondsPerTerm is 4.380397118381454
nanosecondsPerTerm is 4.334314902957731
nanosecondsPerTerm is 4.357836134603829
45235.76648012147 36581.27945930308 45508.37281230057 36526.64130323863
202/1341
D = 3.962890625
[9.633486522344443, 9.636244055565381]
nanosecondsPerTerm is 4.332522745384754
nanosecondsPerTerm is 4.34592875639883
nanosecondsPerTerm is 4.403375002711586
nanosecondsPerTerm is 4.350094081395681
31148.21090508693 211146.2577122587 111965.4907861605 55218.09086665392
117/1329
[9.636244055565381, 9.639001588786318]
nanosecondsPerTerm is 4.339129794210576
nanosecondsPerTerm is 4.332541975253247
nanosecondsPerTerm is 4.391596763585191
nanosecondsPerTerm is 4.319980546857051
107064.8616160636 62294.42784167694 58496.13859565413 75446.20154898141
179/1330
D = 3.98828125
[9.639001588786318, 9.641755970103855]
nanosecondsPerTerm is 4.408973708983672
nanosecondsPerTerm is 4.410689548684855
nanosecondsPerTerm is 4.364448354370251
nanosecondsPerTerm is 4.372791508519139
112663.0599111774 7131660.478445916 139950.8571700589 222351.6801068931
1065/1343
[9.641755970103855, 9.644510351421394]
nanosecondsPerTerm is 4.346397162015975
nanosecondsPerTerm is 4.373540276812955
nanosecondsPerTerm is 4.388775858469852
nanosecondsPerTerm is 4.373234221097229
349093.5630894803 124991.2025319772 156685.6511771644 88783.74791013051
1212/1343
[9.639001588786318, 9.640378779445086]
nanosecondsPerTerm is 4.354763220473862
nanosecondsPerTerm is 4.396134039774973
nanosecondsPerTerm is 4.35034680827117
nanosecondsPerTerm is 4.413795288117243
112561.9891944407 4120209.725801287 133663.0035918878 553514.3355490762
208/1343
[9.640378779445086, 9.641755970103855]
nanosecondsPerTerm is 4.362021877866191
nanosecondsPerTerm is 4.4189651191275
nanosecondsPerTerm is 4.362765542121559
nanosecondsPerTerm is 4.361984516350662
43992.71377544081 3866595.847123995 36100.1988964782 892544.8019399525
130/1343
[9.641755970103855, 9.643133160762623]
nanosecondsPerTerm is 4.337821704023058
nanosecondsPerTerm is 4.380444349215262
nanosecondsPerTerm is 4.341546992298441
nanosecondsPerTerm is 4.337877455588002
554756.4793333397 90024.08488765996 2419087.665271976 64750.21447375409
60/1343
[9.643133160762623, 9.644510351421394]
nanosecondsPerTerm is 4.334012427105366
nanosecondsPerTerm is 4.362370784451525
nanosecondsPerTerm is 4.331400118118163
nanosecondsPerTerm is 4.426694809469047
528772.6962561908 91923.24720037686 156685.6511771644 88783.74791013051
1288/1343
[9.643133160762623, 9.643821756092009]
nanosecondsPerTerm is 4.35794560656412
nanosecondsPerTerm is 4.384526836724267
nanosecondsPerTerm is 4.342920039635553
nanosecondsPerTerm is 4.343877382233087
1106551.062145343 95708.39713906037 422949.2463184264 90920.66489882595
1307/1343
[9.643821756092009, 9.644510351421394]
nanosecondsPerTerm is 4.33479260846115
nanosecondsPerTerm is 4.414335389795553
nanosecondsPerTerm is 4.33771544905606
nanosecondsPerTerm is 4.403402836215312
834835.5979452181 86914.39826438054 156685.6511771644 88783.74791013051
25/1343
[9.643133160762623, 9.643477458427316]
nanosecondsPerTerm is 4.348437919862869
nanosecondsPerTerm is 4.357649103396821
nanosecondsPerTerm is 4.3287701180605
nanosecondsPerTerm is 4.330936298769495
1829671.326520294 94920.37497483596 1168583.249710987 91764.8010656971
1327/1343
[9.643477458427316, 9.643821756092009]
nanosecondsPerTerm is 4.342918844337269
nanosecondsPerTerm is 4.330706278289513
nanosecondsPerTerm is 4.37185624172001
nanosecondsPerTerm is 4.416711390443528
2128514.670484518 92441.55151400715 422949.2463184264 90920.66489882595
17/1343
[9.643133160762623, 9.64330530959497]
nanosecondsPerTerm is 4.324715107819224
nanosecondsPerTerm is 4.328474370275807
nanosecondsPerTerm is 4.333889610780552
nanosecondsPerTerm is 4.380772227404858
190346.4295709709 96492.83444516362 194560.5906582339 94669.10291490544
3/1343
[9.64330530959497, 9.643477458427316]
nanosecondsPerTerm is 4.383526157431497
nanosecondsPerTerm is 4.33084776815767
nanosecondsPerTerm is 4.322124739524009
nanosecondsPerTerm is 4.31586337523787
11032124.0045187 93131.32013045273 1168583.249710987 91764.8010656971
9/1343
D = 3.98828125
[9.865154322325539, 9.867783967006321]
nanosecondsPerTerm is 4.422496538379718
nanosecondsPerTerm is 4.332482792243259
nanosecondsPerTerm is 4.340940336493465
nanosecondsPerTerm is 4.370000123102289
7747.999781052009 5061.447246657458 8561.47341483657 5159.614691126601
71/1379
[9.867783967006321, 9.870413611687106]
nanosecondsPerTerm is 4.332880927055266
nanosecondsPerTerm is 4.34947164579728
nanosecondsPerTerm is 4.442893028914393
nanosecondsPerTerm is 4.332971744452256
8396.172389614467 4265.500686238049 9330.470142485448 4283.991271683778
70/1379
D = 3.88671875
[9.875667302359824, 9.878291355789873]
nanosecondsPerTerm is 4.360029273363707
nanosecondsPerTerm is 4.356701526891205
nanosecondsPerTerm is 4.360112578747784
nanosecondsPerTerm is 4.359966670225077
10293.62584797835 15812.28745872631 8703.058622890678 15568.81503369763
48/1347
[9.878291355789873, 9.880915409219924]
nanosecondsPerTerm is 4.360764811452648
nanosecondsPerTerm is 4.390728228536799
nanosecondsPerTerm is 4.420807502908909
nanosecondsPerTerm is 4.379527509147952
13975.04498140241 23561.94242175595 10827.41641103015 23450.87413101944
46/1347
D = 3.607421875
[9.880915409219924, 9.883536678150206]
nanosecondsPerTerm is 4.365652267384479
nanosecondsPerTerm is 4.317173829202445
nanosecondsPerTerm is 4.359355102541132
nanosecondsPerTerm is 4.322732445786211
54607.97612156135 21611.37776951927 1762503.708691154 76899.48222771123
462/1264
[9.883536678150206, 9.886157947080488]
nanosecondsPerTerm is 4.330892458790114
nanosecondsPerTerm is 4.40876977168692
nanosecondsPerTerm is 4.322823848636171
nanosecondsPerTerm is 4.41182641014576
110337.373089038 19034.89202186706 782943.6880217002 29807.32333833092
936/1264
[9.880915409219924, 9.882226043685066]
nanosecondsPerTerm is 4.315256917392867
nanosecondsPerTerm is 4.345721369787807
nanosecondsPerTerm is 4.321624071278892
nanosecondsPerTerm is 4.320630448893771
90646.57038008996 17139.79409319179 546458.4358896166 23374.03532806675
326/1264
[9.882226043685066, 9.883536678150206]
nanosecondsPerTerm is 4.332779556610975
nanosecondsPerTerm is 4.323932817377035
nanosecondsPerTerm is 4.409477583754575
nanosecondsPerTerm is 4.328806253693329
164877.0706672341 14822.28559061127 625279.5365042655 18449.19121015896
1017/1264
[9.882226043685066, 9.882881360917636]
nanosecondsPerTerm is 4.327060680606262
nanosecondsPerTerm is 4.326390675029514
nanosecondsPerTerm is 4.333334125593425
nanosecondsPerTerm is 4.387606310976624
442414.9789744942 22251.50592835747 375133.7373305069 27490.76535180103
853/1264
[9.882881360917636, 9.883536678150206]
nanosecondsPerTerm is 4.337696648865028
nanosecondsPerTerm is 4.397894048336745
nanosecondsPerTerm is 4.328988243671316
nanosecondsPerTerm is 4.364509902494919
427640.8235896725 16407.33692865245 625279.5365042655 18449.19121015896
1121/1264
[9.882226043685066, 9.882553702301351]
nanosecondsPerTerm is 4.312662878591941
nanosecondsPerTerm is 4.313903816299143
nanosecondsPerTerm is 4.33471077546362
nanosecondsPerTerm is 4.357719820076677
489633.01279027 22141.00399416334 2500003.420168811 24311.71847434304
1041/1264
[9.882553702301351, 9.882881360917636]
nanosecondsPerTerm is 4.325916753049983
nanosecondsPerTerm is 4.40610224391267
nanosecondsPerTerm is 4.312940707341599
nanosecondsPerTerm is 4.308164742609217
5623520.797327887 24579.69224998368 375133.7373305069 27490.76535180103
186/1264
[9.882226043685066, 9.882389872993208]
nanosecondsPerTerm is 4.316414747419895
nanosecondsPerTerm is 4.313963246812019
nanosecondsPerTerm is 4.319811353962795
nanosecondsPerTerm is 4.387563752789517
510709.9961360508 23188.41843352607 1345785.945734795 24303.89948965749
99/1264
[9.882389872993208, 9.882553702301351]
nanosecondsPerTerm is 4.316973734521986
nanosecondsPerTerm is 4.320321196477864
nanosecondsPerTerm is 4.314564804308008
nanosecondsPerTerm is 4.347534236127801
1208276.490571416 23173.55504769598 2500003.420168811 24311.71847434304
1136/1264
[9.882389872993208, 9.88247178764728]
nanosecondsPerTerm is 4.313762777492272
nanosecondsPerTerm is 4.399928375000772
nanosecondsPerTerm is 4.315914286056095
nanosecondsPerTerm is 4.333511600484941
92537.29404207286 22876.80155456423 97499.38657509188 23416.61805676944
5/1264
[9.88247178764728, 9.882553702301351]
nanosecondsPerTerm is 4.322162671274648
nanosecondsPerTerm is 4.311116598208579
nanosecondsPerTerm is 4.311422494372205
nanosecondsPerTerm is 4.467309071069795
4642701.187974382 23728.45628876792 2500003.420168811 24311.71847434304
1207/1264
[9.88247178764728, 9.882512744974315]
nanosecondsPerTerm is 4.312124795456574
nanosecondsPerTerm is 4.407737986720557
nanosecondsPerTerm is 4.385691196975737
nanosecondsPerTerm is 4.345866463207827
97116.07196883096 26160.25435737432 99797.93207347199 26520.20183350606
2/1264
[9.882512744974315, 9.882553702301351]
nanosecondsPerTerm is 4.351154424746412
nanosecondsPerTerm is 4.342428130816819
nanosecondsPerTerm is 4.311713338858636
nanosecondsPerTerm is 4.328053929759379
10879817.08610401 24016.4091956745 2500003.420168811 24311.71847434304
30/1264
[9.882881360917636, 9.883209019533922]
nanosecondsPerTerm is 4.310599723720203
nanosecondsPerTerm is 4.304489867246249
nanosecondsPerTerm is 4.320213128684541
nanosecondsPerTerm is 4.402832097342125
202586.2465858582 52236.30951716835 140006.3633137893 63365.33342367096
91/1264
[9.883209019533922, 9.883536678150206]
nanosecondsPerTerm is 4.385763057415861
nanosecondsPerTerm is 4.347548595074382
nanosecondsPerTerm is 4.324672506076353
nanosecondsPerTerm is 4.37212674667179
2536078.154660814 17359.82611779309 625279.5365042655 18449.19121015896
1189/1264
[9.883209019533922, 9.883372848842065]
nanosecondsPerTerm is 4.328527458747225
nanosecondsPerTerm is 4.323991240046805
nanosecondsPerTerm is 4.422120531269509
nanosecondsPerTerm is 4.313161992164448
133742.8384015085 17495.99325190371 116435.4091072217 18051.76073308546
21/1264
[9.883372848842065, 9.883536678150206]
nanosecondsPerTerm is 4.319696630024059
nanosecondsPerTerm is 4.312820548088912
nanosecondsPerTerm is 4.330311316667393
nanosecondsPerTerm is 4.327191867391313
1676415.210959949 17885.64680143572 625279.5365042655 18449.19121015896
39/1264
[9.883536678150206, 9.884847312615346]
nanosecondsPerTerm is 4.348796729244074
nanosecondsPerTerm is 4.421490771728985
nanosecondsPerTerm is 4.329574389639419
nanosecondsPerTerm is 4.310816187604004
4056861.775240235 47650.94619261676 115409.8555944885 90914.36577818567
379/1264
[9.884847312615346, 9.886157947080488]
nanosecondsPerTerm is 4.352294967163341
nanosecondsPerTerm is 4.389465407200537
nanosecondsPerTerm is 4.321909512056602
nanosecondsPerTerm is 4.31267506948577
230494.4879138035 22966.40549529883 782943.6880217002 29807.32333833092
1038/1264
[9.883536678150206, 9.884191995382775]
nanosecondsPerTerm is 4.326883742745309
nanosecondsPerTerm is 4.399395600502923
nanosecondsPerTerm is 4.310242194061924
nanosecondsPerTerm is 4.382514968184475
884217.6840265994 19248.99417741475 191077.9160317185 22162.32078067664
147/1264
[9.884191995382775, 9.884847312615346]
nanosecondsPerTerm is 4.319083202639235
nanosecondsPerTerm is 4.322909772785175
nanosecondsPerTerm is 4.299610350689685
nanosecondsPerTerm is 4.307908365474742
177515.834564745 62181.07256864809 318665.3886740037 90914.36577818567
47/1264
[9.884847312615346, 9.885502629847917]
nanosecondsPerTerm is 4.344008510907508
nanosecondsPerTerm is 4.337113298568608
nanosecondsPerTerm is 4.391124373217179
nanosecondsPerTerm is 4.317379435523642
288170.395636929 21377.70695594472 1298440.181137986 23834.5267230134
93/1264
[9.885502629847917, 9.886157947080488]
nanosecondsPerTerm is 4.318273950885373
nanosecondsPerTerm is 4.391357730807485
nanosecondsPerTerm is 4.343214872336017
nanosecondsPerTerm is 4.356088515574926
613074.4283213015 25850.14766353856 782943.6880217002 29807.32333833092
1128/1264
[9.885502629847917, 9.885830288464202]
nanosecondsPerTerm is 4.316853129074866
nanosecondsPerTerm is 4.389244787240092
nanosecondsPerTerm is 4.314085938341287
nanosecondsPerTerm is 4.322087469105941
1126832.778325603 23579.98415430615 1880407.908440874 25071.73033834987
1203/1264
[9.885830288464202, 9.886157947080488]
nanosecondsPerTerm is 4.385549717366522
nanosecondsPerTerm is 4.381748756303019
nanosecondsPerTerm is 4.321521397851261
nanosecondsPerTerm is 4.374282219557328
4985829.038394993 27660.2020448004 782943.6880217002 29807.32333833092
1196/1264
[9.885502629847917, 9.885666459156059]
nanosecondsPerTerm is 4.30362382788504
nanosecondsPerTerm is 4.396386539673463
nanosecondsPerTerm is 4.386384378399171
nanosecondsPerTerm is 4.307250339628692
201191.1582901673 23765.18934280475 172233.7983819053 24490.20139008997
28/1264
[9.885666459156059, 9.885830288464202]
nanosecondsPerTerm is 4.305041827882185
nanosecondsPerTerm is 4.357152739564413
nanosecondsPerTerm is 4.299972333640768
nanosecondsPerTerm is 4.2941069663226
5438378.263295154 24297.06716726272 1880407.908440874 25071.73033834987
1233/1264
[9.885666459156059, 9.885748373810131]
nanosecondsPerTerm is 4.314400930130404
nanosecondsPerTerm is 4.305334075743877
nanosecondsPerTerm is 4.314476824377071
nanosecondsPerTerm is 4.391696369848233
6684601.060976537 24911.6464572215 4844365.998402402 25316.10913690476
1245/1264
[9.885748373810131, 9.885830288464202]
nanosecondsPerTerm is 4.376518106154048
nanosecondsPerTerm is 4.30514205147784
nanosecondsPerTerm is 4.372955133322316
nanosecondsPerTerm is 4.370054225779331
5798100.905042439 24676.78022058894 1880407.908440874 25071.73033834987
14/1264
[9.885666459156059, 9.885707416483095]
nanosecondsPerTerm is 4.29636129705069
nanosecondsPerTerm is 4.29689351489055
nanosecondsPerTerm is 4.317370295470099
nanosecondsPerTerm is 4.313099911836883
158544.3563004802 211002.3985469058 153468.9590834258 227444.1903894162
5/1264
[9.885707416483095, 9.885748373810131]
nanosecondsPerTerm is 4.315590462655744
nanosecondsPerTerm is 4.383614014072753
nanosecondsPerTerm is 4.290331969927208
nanosecondsPerTerm is 4.285162251382407
35665025.41932969 25111.87960759643 4844365.998402402 25316.10913690476
13/1264
[9.885830288464202, 9.885994117772345]
nanosecondsPerTerm is 4.301598034503455
nanosecondsPerTerm is 4.369286570845297
nanosecondsPerTerm is 4.403671876870657
nanosecondsPerTerm is 4.400502751253099
2591152.716558416 226869.334116158 898223.9528965139 330893.2228551036
189/1264
[9.885994117772345, 9.886157947080488]
nanosecondsPerTerm is 4.314931151323132
nanosecondsPerTerm is 4.333754552366213
nanosecondsPerTerm is 4.322557319358005
nanosecondsPerTerm is 4.314625040452928
1877505.746902298 28686.01407005561 782943.6880217002 29807.32333833092
32/1264
D = 3.734375
[9.90185229385636, 9.904462498227966]
nanosecondsPerTerm is 4.373037197828054
nanosecondsPerTerm is 4.339776585339632
nanosecondsPerTerm is 4.357991367472748
nanosecondsPerTerm is 4.39686381362912
7928.879426936693 5990.83157381727 9650.487898314603 5775.156799365325
31/1301
[9.904462498227966, 9.907072702599573]
nanosecondsPerTerm is 4.36626000235559
nanosecondsPerTerm is 4.466571364465689
nanosecondsPerTerm is 4.34610927501502
nanosecondsPerTerm is 4.373362393401607
12531.60305931185 11121.27353176212 12061.99578303293 11129.62347330484
80/1302
D = 3.708984375
[9.9122876154743, 9.914892331198349]
nanosecondsPerTerm is 4.371928200245735
nanosecondsPerTerm is 4.387313846181952
nanosecondsPerTerm is 4.387610400171651
nanosecondsPerTerm is 4.352611412734927
746278.5807351503 6780.789827985206 69321.01139685957 8441.938681631527
106/1297
[9.914892331198349, 9.917497046922399]
nanosecondsPerTerm is 4.368162046504044
nanosecondsPerTerm is 4.346844567055776
nanosecondsPerTerm is 4.376918308013634
nanosecondsPerTerm is 4.350664858776511
110801.2201191849 29538.02925300998 55056.2746421251 29382.27225117612
66/1297
D = 3.810546875
[9.917497046922399, 9.920099029123751]
nanosecondsPerTerm is 4.352810443497677
nanosecondsPerTerm is 4.33915708523336
nanosecondsPerTerm is 4.442154463498588
nanosecondsPerTerm is 4.368429300631105
1419182.940534712 2555521.057323388 103256.6704570689 86679.78250263701
1261/1324
[9.920099029123751, 9.922701011325103]
nanosecondsPerTerm is 4.337925011996401
nanosecondsPerTerm is 4.380720778308377
nanosecondsPerTerm is 4.392317597281108
nanosecondsPerTerm is 4.341097267486174
33530.7293259232 42277.52121149166 27342.95597111929 30503.32627976264
265/1324
[9.917497046922399, 9.918798038023075]
nanosecondsPerTerm is 4.32602842617554
nanosecondsPerTerm is 4.318700908647011
nanosecondsPerTerm is 4.370886601705308
nanosecondsPerTerm is 4.323000858572114
1569830.058276465 2950077.997530471 182422.5861129014 104519.4513031248
71/1323
[9.918798038023075, 9.920099029123751]
nanosecondsPerTerm is 4.343465575228022
nanosecondsPerTerm is 4.320030833939383
nanosecondsPerTerm is 4.33611545184031
nanosecondsPerTerm is 4.372247300607141
118528.0413831121 334654.6942238086 73802.68438121314 150704.6276425908
1268/1324
[9.918798038023075, 9.919448533573412]
nanosecondsPerTerm is 4.322571909871942
nanosecondsPerTerm is 4.341442159304063
nanosecondsPerTerm is 4.384347212274747
nanosecondsPerTerm is 4.407606474126889
183053.2941601908 187697.5296878038 132258.6557077137 120191.3005230072
14/1323
[9.919448533573412, 9.920099029123751]
nanosecondsPerTerm is 4.409698467056309
nanosecondsPerTerm is 4.328898387229567
nanosecondsPerTerm is 4.341064094809241
nanosecondsPerTerm is 4.400832765246454
90162.97645034739 549521.0678056165 73802.68438121314 150704.6276425908
26/1324
D = 3.78515625
[9.922701011325103, 9.925300267164236]
nanosecondsPerTerm is 4.343320408444007
nanosecondsPerTerm is 4.334005164500407
nanosecondsPerTerm is 4.350532093618637
nanosecondsPerTerm is 4.338963333567314
11817.40527785851 11108.47490436424 10049.91164469412 9242.322449176849
115/1319
[9.925300267164236, 9.927899523003367]
nanosecondsPerTerm is 4.339742462454365
nanosecondsPerTerm is 4.340304814899455
nanosecondsPerTerm is 4.362645387083312
nanosecondsPerTerm is 4.323033285352113
10586.16449104294 48879.08211970102 9424.834288798247 20736.91154643004
110/1319
D = 3.607421875
[9.938280245171111, 9.940871364587675]
nanosecondsPerTerm is 4.380208713512065
nanosecondsPerTerm is 4.319899285714869
nanosecondsPerTerm is 4.332743198577637
nanosecondsPerTerm is 4.359141582232203
14921.08305002089 19847.86029775391 13027.13815594569 16571.42784228221
61/1272
[9.940871364587675, 9.94346248400424]
nanosecondsPerTerm is 4.307752638298066
nanosecondsPerTerm is 4.35822232950829
nanosecondsPerTerm is 4.325125482164445
nanosecondsPerTerm is 4.309149756406607
16453.48290497478 13765.36722641998 15299.48126434862 12540.59967906504
76/1272
D = 3.9375
[9.948639326800906, 9.951225057193376]
nanosecondsPerTerm is 4.356100435631444
nanosecondsPerTerm is 4.398261820756495
nanosecondsPerTerm is 4.358136780703595
nanosecondsPerTerm is 4.357665672157717
22046.45194281905 104640.125660686 22847.51953785581 73629.30209907384
74/1377
[9.951225057193376, 9.953810787585848]
nanosecondsPerTerm is 4.361295373650969
nanosecondsPerTerm is 4.360596316568255
nanosecondsPerTerm is 4.35913500746779
nanosecondsPerTerm is 4.359400088957899
22991.67651311397 71579.55639950545 28498.62721680414 72955.02464234298
1316/1377
[9.951225057193376, 9.952517922389612]
nanosecondsPerTerm is 4.35587971821973
nanosecondsPerTerm is 4.415361828155174
nanosecondsPerTerm is 4.366206115834348
nanosecondsPerTerm is 4.349981759385184
74444.68735102007 276470.573107516 71207.84615059514 626494.0188294954
45/1377
[9.952517922389612, 9.953810787585848]
nanosecondsPerTerm is 4.355313744119231
nanosecondsPerTerm is 4.361938447498288
nanosecondsPerTerm is 4.346946447288285
nanosecondsPerTerm is 4.351245201002501
69307.893010991 69784.69536378897 72955.02464234298 77794.99201962349
1157/1377
[9.952517922389612, 9.953164354987731]
nanosecondsPerTerm is 4.349232190879423
nanosecondsPerTerm is 4.331949351361803
nanosecondsPerTerm is 4.364866854415443
nanosecondsPerTerm is 4.330057760804551
68841.58109284901 36196.55039313351 69943.01629533018 37372.37243258976
55/1377
[9.953164354987731, 9.953810787585848]
nanosecondsPerTerm is 4.351680452475547
nanosecondsPerTerm is 4.346969611094186
nanosecondsPerTerm is 4.349721665890382
nanosecondsPerTerm is 4.32923693207755
70297.52367978297 73727.0137899985 72955.02464234298 77794.99201962349
1143/1377
[9.953164354987731, 9.953487571286789]
nanosecondsPerTerm is 4.359160598621147
nanosecondsPerTerm is 4.343228405044365
nanosecondsPerTerm is 4.401941456210786
nanosecondsPerTerm is 4.368317232497471
71058.5015632991 37577.9103832898 72106.82913485661 38254.36661464934
1229/1377
[9.953487571286789, 9.953810787585848]
nanosecondsPerTerm is 4.346168922245994
nanosecondsPerTerm is 4.332771281132937
nanosecondsPerTerm is 4.347286113845181
nanosecondsPerTerm is 4.349582780629161
71394.14305923005 75744.15791844725 72955.02464234298 77794.99201962349
16/1377
[9.953164354987731, 9.95332596313726]
nanosecondsPerTerm is 4.341417949534684
nanosecondsPerTerm is 4.390251337862658
nanosecondsPerTerm is 4.36236421247333
nanosecondsPerTerm is 4.346708124694075
70197.22698964753 72954.01214128075 70713.74989889057 74200.85765301071
1108/1377
[9.95332596313726, 9.953487571286789]
nanosecondsPerTerm is 4.347645550501722
nanosecondsPerTerm is 4.332580511942895
nanosecondsPerTerm is 4.334021612052796
nanosecondsPerTerm is 4.371291595074371
71527.75181006517 37908.57513220889 72106.82913485661 38254.36661464934
88/1377
[9.953164354987731, 9.953245159062496]
nanosecondsPerTerm is 4.343624118297065
nanosecondsPerTerm is 4.325295882765978
nanosecondsPerTerm is 4.373599063512613
nanosecondsPerTerm is 4.333247539158942
69992.60898405746 37871.65349483906 70239.26223909522 38033.62313678937
270/1377
[9.953245159062496, 9.95332596313726]
nanosecondsPerTerm is 4.347350277525427
nanosecondsPerTerm is 4.422347598721124
nanosecondsPerTerm is 4.344335633759637
nanosecondsPerTerm is 4.347895522331368
70442.40181575557 73575.47496342519 70713.74989889057 74200.85765301071
459/1377
[9.953245159062496, 9.953285561099879]
nanosecondsPerTerm is 4.345512951259692
nanosecondsPerTerm is 4.360280367685594
nanosecondsPerTerm is 4.450428490743367
nanosecondsPerTerm is 4.335930247542088
70405.54163614212 38126.39705719223 70538.5581855185 38207.51322484502
703/1377
[9.953285561099879, 9.95332596313726]
nanosecondsPerTerm is 4.409157596355836
nanosecondsPerTerm is 4.371480300336796
nanosecondsPerTerm is 4.370494428895561
nanosecondsPerTerm is 4.320789742535321
70574.75808597168 73887.66916763945 70713.74989889057 74200.85765301071
69/1377
[9.953245159062496, 9.953265360081186]
nanosecondsPerTerm is 4.333097450446035
nanosecondsPerTerm is 4.379448123483096
nanosecondsPerTerm is 4.350134798575803
nanosecondsPerTerm is 4.346772943896183
71127.59177335375 38075.87150857312 71186.74426733091 38116.39812681018
399/1377
[9.953265360081186, 9.953285561099879]
nanosecondsPerTerm is 4.348723441540003
nanosecondsPerTerm is 4.333829494485548
nanosecondsPerTerm is 4.336749090585273
nanosecondsPerTerm is 4.319785679348733
70471.22648701056 38166.85538529804 70538.5581855185 38207.51322484502
302/1377
D = 3.912109375
[9.953810787585848, 9.956393833955708]
nanosecondsPerTerm is 4.388563014107524
nanosecondsPerTerm is 4.339976043746212
nanosecondsPerTerm is 4.389851487457867
nanosecondsPerTerm is 4.361340617444508
14060.92907339892 32995.77042691813 21049.8750510601 208670.5021374538
290/1369
[9.956393833955708, 9.958976880325569]
nanosecondsPerTerm is 4.395390319692106
nanosecondsPerTerm is 4.41139269208921
nanosecondsPerTerm is 4.377267699143479
nanosecondsPerTerm is 4.342604152768732
20911.9988115313 102370.0267534568 39569.77069123523 40671.84266880897
1122/1369
[9.956393833955708, 9.957685357140639]
nanosecondsPerTerm is 4.371445588231713
nanosecondsPerTerm is 4.349139639798885
nanosecondsPerTerm is 4.374069495241704
nanosecondsPerTerm is 4.360214690953611
20633.59270390734 210641.8640041953 26951.13002787976 76403.44518783558
1290/1369
[9.957685357140639, 9.958976880325569]
nanosecondsPerTerm is 4.356226988818759
nanosecondsPerTerm is 4.339907536240027
nanosecondsPerTerm is 4.366058777902419
nanosecondsPerTerm is 4.344073470800232
27036.27552794835 113601.175700073 39569.77069123523 40671.84266880897
119/1369
[9.956393833955708, 9.957039595548174]
nanosecondsPerTerm is 4.384429238806649
nanosecondsPerTerm is 4.348533361506487
nanosecondsPerTerm is 4.369533823218491
nanosecondsPerTerm is 4.354616313138118
20647.02586574794 241275.7303115279 23321.68087746655 216345.0780218283
1318/1369
[9.957039595548174, 9.957685357140639]
nanosecondsPerTerm is 4.361204309190424
nanosecondsPerTerm is 4.379095481447124
nanosecondsPerTerm is 4.358216610580049
nanosecondsPerTerm is 4.418067906207358
23738.59845199273 84567.42669795842 27311.24566797558 60596.31713063681
26/1369
[9.956393833955708, 9.956716714751941]
nanosecondsPerTerm is 4.373599398483467
nanosecondsPerTerm is 4.356812967316785
nanosecondsPerTerm is 4.368400486331804
nanosecondsPerTerm is 4.345984602013166
20651.527237787 184510.6683241719 21894.33314949355 123912.4658978447
17/1369
[9.956716714751941, 9.957039595548174]
nanosecondsPerTerm is 4.400613348968179
nanosecondsPerTerm is 4.353139920277608
nanosecondsPerTerm is 4.354975137823943
nanosecondsPerTerm is 4.386572620567334
21887.00716903538 5018698.877032814 23321.68087746655 216345.0780218283
23/1369
D = 3.912109375
[9.958976880325569, 9.96155724962712]
nanosecondsPerTerm is 4.363473892373568
nanosecondsPerTerm is 4.34138681250392
nanosecondsPerTerm is 4.433943631058357
nanosecondsPerTerm is 4.38213645044777
37229.45344592029 35935.65712044735 275418.499958255 157171.9848597254
252/1369
[9.96155724962712, 9.964137618928671]
nanosecondsPerTerm is 4.372977906437241
nanosecondsPerTerm is 4.376474767304155
nanosecondsPerTerm is 4.413894988053674
nanosecondsPerTerm is 4.354293161883107
143371.5352728874 37543.19334479547 158691.3530998647 374184.0969999852
707/1369
[9.96155724962712, 9.962847434277895]
nanosecondsPerTerm is 4.372578937242076
nanosecondsPerTerm is 4.3768110803885
nanosecondsPerTerm is 4.364188878257769
nanosecondsPerTerm is 4.350204725716781
156734.6298788391 36707.67444128151 308314.0812170341 79456.00411014273
1323/1369
[9.962847434277895, 9.964137618928671]
nanosecondsPerTerm is 4.372093268098944
nanosecondsPerTerm is 4.371134397804108
nanosecondsPerTerm is 4.369000800359584
nanosecondsPerTerm is 4.400357139449379
3533474.999043274 67185.10034701241 197890.9931021702 9220175.215180255
266/1369
[9.96155724962712, 9.962202341952509]
nanosecondsPerTerm is 4.370773991348833
nanosecondsPerTerm is 4.407341163581165
nanosecondsPerTerm is 4.402143591845594
nanosecondsPerTerm is 4.351206205587174
147304.9685536874 735502.3793923415 634235.0859025833 351822.1973350993
953/1369
[9.962202341952509, 9.962847434277895]
nanosecondsPerTerm is 4.341034335239895
nanosecondsPerTerm is 4.37079704534655
nanosecondsPerTerm is 4.343056629243685
nanosecondsPerTerm is 4.339793530985488
33704.59108775182 117273.2037102283 46155.5510324795 989261.2088265209
124/1369
[9.96155724962712, 9.961879795789814]
nanosecondsPerTerm is 4.367948001051768
nanosecondsPerTerm is 4.4705014437379
nanosecondsPerTerm is 4.403327337886822
nanosecondsPerTerm is 4.34935223878001
148422.2638668706 85449.39440533517 248509.4295947156 125992.9602179845
36/1369
[9.961879795789814, 9.962202341952509]
nanosecondsPerTerm is 4.397934120944041
nanosecondsPerTerm is 4.420029265457724
nanosecondsPerTerm is 4.371278403558653
nanosecondsPerTerm is 4.385930789273867
617419.1803313588 100837.6731255273 1170495.476570453 165784.2083310451
1303/1369
[9.961879795789814, 9.962041068871162]
nanosecondsPerTerm is 4.360267225737366
nanosecondsPerTerm is 4.358494404257766
nanosecondsPerTerm is 4.373528476886664
nanosecondsPerTerm is 4.344855964732543
500595.4578716214 440806.2332682638 1311291.583125438 632375.5591429592
99/1369
[9.962041068871162, 9.962202341952509]
nanosecondsPerTerm is 4.368654267561031
nanosecondsPerTerm is 4.356453090619682
nanosecondsPerTerm is 4.401884194766234
nanosecondsPerTerm is 4.333241594370335
2825894.578521143 125577.4429954956 1170495.476570453 165784.2083310451
1335/1369
[9.962041068871162, 9.962121705411835]
nanosecondsPerTerm is 4.381391554008178
nanosecondsPerTerm is 4.396813326598229
nanosecondsPerTerm is 4.381346942422688
nanosecondsPerTerm is 4.33903184621324
3137880.629463844 113235.9459605372 3411205.530692958 127517.5211742593
1358/1369
[9.962121705411835, 9.962202341952509]
nanosecondsPerTerm is 4.363124166280522
nanosecondsPerTerm is 4.33829029582559
nanosecondsPerTerm is 4.355660154798695
nanosecondsPerTerm is 4.355741919092299
3878198.124017208 142967.2583687165 1170495.476570453 165784.2083310451
22/1369
[9.962041068871162, 9.962081387141499]
nanosecondsPerTerm is 4.353005121408761
nanosecondsPerTerm is 4.335676115722999
nanosecondsPerTerm is 4.464907389461718
nanosecondsPerTerm is 4.394354916166647
3302409.468098636 577601.6241737049 202996750.839979 507773.7939362027
1325/1369
[9.962081387141499, 9.962121705411835]
nanosecondsPerTerm is 4.359396411522657
nanosecondsPerTerm is 4.335948926066934
nanosecondsPerTerm is 4.365083272340959
nanosecondsPerTerm is 4.340992543409812
91615813.9274653 119964.1317163988 3411205.530692958 127517.5211742593
1364/1369
[9.962041068871162, 9.962061228006331]
nanosecondsPerTerm is 4.352897697058537
nanosecondsPerTerm is 4.328172634705632
nanosecondsPerTerm is 4.377430936674602
nanosecondsPerTerm is 4.402157841473906
1293019.903898658 101360.0801949523 1605135.722995864 103915.9476329348
1/1369
[9.962061228006331, 9.962081387141499]
nanosecondsPerTerm is 4.357131278273446
nanosecondsPerTerm is 4.35487010032204
nanosecondsPerTerm is 4.350947841090353
nanosecondsPerTerm is 4.378318099215193
6734688.816602648 540508.2068236563 202996750.839979 507773.7939362027
1350/1369
Likely eigenvalue [9.962061228006331, 9.962081387141499]
[9.962081387141499, 9.962101546276667]
nanosecondsPerTerm is 4.341904297177605
nanosecondsPerTerm is 4.372984436170268
nanosecondsPerTerm is 4.384579000531478
nanosecondsPerTerm is 4.356529840311188
632457616.1131253 1145385.280723692 6623379.174128 1002201.153955636
1322/1369
[9.962101546276667, 9.962121705411835]
nanosecondsPerTerm is 4.357387022175955
nanosecondsPerTerm is 4.363672935984418
nanosecondsPerTerm is 4.368201478371771
nanosecondsPerTerm is 4.3527982886402
7062750.991678421 123628.5135870681 3411205.530692958 127517.5211742593
1/1369
Likely eigenvalue [9.962081387141499, 9.962101546276667]
D = 3.912109375
[9.969293017246189, 9.971868053159053]
nanosecondsPerTerm is 4.392703127581137
nanosecondsPerTerm is 4.380971832057404
nanosecondsPerTerm is 4.356231532134587
nanosecondsPerTerm is 4.404056982516058
46636.97097151579 123953.502321313 346229.2898002574 209836.2898990941
1055/1370
[9.971868053159053, 9.974443089071915]
nanosecondsPerTerm is 4.346332390862234
nanosecondsPerTerm is 4.339183956487459
nanosecondsPerTerm is 4.380150785528031
nanosecondsPerTerm is 4.348620258981133
209276.6677217281 897641.7615674296 48195.27390306496 51338.01615885747
116/1372
[9.969293017246189, 9.970580535202622]
nanosecondsPerTerm is 4.354333436173844
nanosecondsPerTerm is 4.350521044850999
nanosecondsPerTerm is 4.347224286210976
nanosecondsPerTerm is 4.362334045025791
117300.205874528 127642.5448568447 89812.15984705153 621998.3537144815
554/1370
[9.970580535202622, 9.971868053159053]
nanosecondsPerTerm is 4.351259951614563
nanosecondsPerTerm is 4.360082233505417
nanosecondsPerTerm is 4.348955844204104
nanosecondsPerTerm is 4.407556210621736
88238.75081208172 542644.1018994855 346229.2898002574 209836.2898990941
1221/1370
[9.969293017246189, 9.969936776224404]
nanosecondsPerTerm is 4.346022903763961
nanosecondsPerTerm is 4.400857434967571
nanosecondsPerTerm is 4.406051931009629
nanosecondsPerTerm is 4.413578552564779
115761.4637549428 124406.2578216619 93212.89551950939 205843.647549486
426/1370
[9.969936776224404, 9.970580535202622]
nanosecondsPerTerm is 4.354532712714471
nanosecondsPerTerm is 4.407585769058472
nanosecondsPerTerm is 4.409074258509277
nanosecondsPerTerm is 4.340317040640398
94972.82927478563 216740.7307451345 89812.15984705153 621998.3537144815
147/1370
[9.969293017246189, 9.969614896735298]
nanosecondsPerTerm is 4.377755955167524
nanosecondsPerTerm is 4.353087308094754
nanosecondsPerTerm is 4.348242730142477
nanosecondsPerTerm is 4.382415861175819
50079.66259564193 72505.26084185133 56885.74890303085 86511.80541831373
55/1370
[9.969614896735298, 9.969936776224404]
nanosecondsPerTerm is 4.357179162852856
nanosecondsPerTerm is 4.34735211625833
nanosecondsPerTerm is 4.345649429267059
nanosecondsPerTerm is 4.352915312172073
107080.3463884382 155969.5307030157 93212.89551950939 205843.647549486
163/1370
[9.970580535202622, 9.971224294180837]
nanosecondsPerTerm is 4.344631980489909
nanosecondsPerTerm is 4.34316884860771
nanosecondsPerTerm is 4.406238534370901
nanosecondsPerTerm is 4.38656340984272
90485.6631872822 538591.3965438271 137935.2372709195 797909.7331918225
1270/1370
[9.971224294180837, 9.971868053159053]
nanosecondsPerTerm is 4.356735793248791
nanosecondsPerTerm is 4.381987816601418
nanosecondsPerTerm is 4.356569383958122
nanosecondsPerTerm is 4.3465159118818
144998.4089467878 786605.9527601475 346229.2898002574 209836.2898990941
69/1370
[9.970580535202622, 9.970902414691729]
nanosecondsPerTerm is 4.336841271210516
nanosecondsPerTerm is 4.430445515240842
nanosecondsPerTerm is 4.352758098309705
nanosecondsPerTerm is 4.360384582964583
87847.22672474149 539972.7573516394 109807.9385885427 3002967.910841894
37/1370
[9.970902414691729, 9.971224294180837]
nanosecondsPerTerm is 4.349900345783218
nanosecondsPerTerm is 4.346545659939411
nanosecondsPerTerm is 4.341165304651971
nanosecondsPerTerm is 4.345073178374459
109531.9236339068 2983979.164842949 137935.2372709195 797909.7331918225
1319/1370
[9.970902414691729, 9.971063354436282]
nanosecondsPerTerm is 4.354387226295371
nanosecondsPerTerm is 4.379924004784547
nanosecondsPerTerm is 4.367331293044294
nanosecondsPerTerm is 4.408965896731392
109885.1141842851 281302.7798618384 124919.6702048285 400296.9754898379
24/1370
[9.971063354436282, 9.971224294180837]
nanosecondsPerTerm is 4.395240681656006
nanosecondsPerTerm is 4.422137419640773
nanosecondsPerTerm is 4.344145676677834
nanosecondsPerTerm is 4.345787660990412
122642.6987473883 2230458.410949573 137935.2372709195 797909.7331918225
24/1370
D = 3.912109375
[9.974443089071915, 9.977015468607318]
nanosecondsPerTerm is 4.341857579081559
nanosecondsPerTerm is 4.350731652203511
nanosecondsPerTerm is 4.364359795935793
nanosecondsPerTerm is 4.355957200942924
54079.95211061759 51384.90884362783 34009.86073559055 24839.91599652298
303/1372
[9.977015468607318, 9.979587848142721]
nanosecondsPerTerm is 4.386940590012546
nanosecondsPerTerm is 4.40767796150026
nanosecondsPerTerm is 4.348524072686066
nanosecondsPerTerm is 4.349514061526973
24743.59041674935 1213925.112902325 16909.31760049398 66488.05242961428
1235/1372
[9.977015468607318, 9.97830165837502]
nanosecondsPerTerm is 4.35075311054091
nanosecondsPerTerm is 4.352357766412238
nanosecondsPerTerm is 4.348015792355516
nanosecondsPerTerm is 4.382215617093442
29440.39995669645 28448.18215554624 27226.81593212165 23744.9120016596
91/1372
[9.97830165837502, 9.979587848142721]
nanosecondsPerTerm is 4.345744080982071
nanosecondsPerTerm is 4.387817305453018
nanosecondsPerTerm is 4.375112900647249
nanosecondsPerTerm is 4.381337170270723
19893.92461951211 174329.2075233409 16909.31760049398 66488.05242961428
81/1372
memory leak= { -32993 -183921 0 0 2707948 -20450916 }
mode = fine
d = 67
symClass = C
D = 0
D = 9.65234
[1.43203125, 1.4328125]
nanosecondsPerTerm is 4.848319341505062
nanosecondsPerTerm is 4.845233212035039
nanosecondsPerTerm is 4.836525550643325
nanosecondsPerTerm is 4.863685514705541
11031.58583097298 10674.59276488045 12442.84767464546 11927.53690640337
1.43203125
1.4328125
nanosecondsPerTerm is 4.841578976299387
nanosecondsPerTerm is 4.845408749694091
1.432432441559164
5/1542, 1536/1542
nanosecondsPerTerm is 4.83744247464181
nanosecondsPerTerm is 4.833796728688055
1.432477803251743
0/1542, 1536/1542
nanosecondsPerTerm is 4.832540608187856
nanosecondsPerTerm is 4.835888511367944
1.432487622792252
1540/1542, 4/1542
nanosecondsPerTerm is 4.84306327675008
nanosecondsPerTerm is 4.834900794301088
1.432483390511156
5/1542, 1535/1542
nanosecondsPerTerm is 4.829082870204712
nanosecondsPerTerm is 4.834917255059343
1.432483398563483
596/1542, 939/1542
Sign changes no longer useful, stopping.
D = 10.109375
[2.276562500000001, 2.276953125000001]
nanosecondsPerTerm is 4.798127957977956
nanosecondsPerTerm is 4.782644512451103
nanosecondsPerTerm is 4.783835769065965
nanosecondsPerTerm is 4.770756217550129
11345.39247506895 10969.96411211718 11127.40818952334 10754.23035404103
2.276562500000001
2.276953125000001
nanosecondsPerTerm is 4.74629009517577
nanosecondsPerTerm is 4.759891869495617
2.276819240207748
1869/1873, 4/1873
nanosecondsPerTerm is 4.741399687393185
nanosecondsPerTerm is 4.758025429424198
2.276817769094847
1869/1873, 0/1873
nanosecondsPerTerm is 4.741300591984867
nanosecondsPerTerm is 4.736676862513051
2.276817736128775
3/1873, 1872/1873
nanosecondsPerTerm is 4.72709965798102
nanosecondsPerTerm is 4.752150724665078
2.276817752423744
937/1873, 935/1873
Sign changes no longer useful, stopping.
D = 10.3125
[2.574462244937459, 2.574758631432189]
nanosecondsPerTerm is 4.818615940675385
nanosecondsPerTerm is 4.79396654617512
nanosecondsPerTerm is 4.787158089929372
nanosecondsPerTerm is 4.78671879946817
8039.316333495326 904066.4665754656 8143.811341929457 3578697.156376763
2.574462244937459
2.574758631432189
nanosecondsPerTerm is 4.805720321749488
nanosecondsPerTerm is 4.775366378193009
2.574513336165147
0/2009, 3/2009
Sign changes no longer useful, stopping.
D = 10.4140625
[2.918771869745263, 2.919004484126688]
nanosecondsPerTerm is 4.793842344002097
nanosecondsPerTerm is 4.787107149246693
nanosecondsPerTerm is 4.781144389898808
nanosecondsPerTerm is 4.771414832156117
4851.647114196912 4804.3502475572 4837.37169374511 4788.683915172375
2.918771869745263
2.919004484126688
nanosecondsPerTerm is 4.767352257818049
nanosecondsPerTerm is 4.759718208681713
2.918813146609252
2126/2128, 2/2128
nanosecondsPerTerm is 4.760644167250333
nanosecondsPerTerm is 4.765012543441206
2.918812944735949
1980/2128, 146/2128
nanosecondsPerTerm is 4.760087500337086
nanosecondsPerTerm is 4.78862085266406
2.918812944297521
132/2128, 1848/2128
nanosecondsPerTerm is 4.776078454515157
nanosecondsPerTerm is 4.77448731078377
2.918812944520778
926/2128, 922/2128
Sign changes no longer useful, stopping.
D = 10.3125
[3.548752932993459, 3.548910597772457]
nanosecondsPerTerm is 4.840158414132108
nanosecondsPerTerm is 4.833501113899284
nanosecondsPerTerm is 4.752621324036453
nanosecondsPerTerm is 4.74674765277191
40420.98677636305 31473.18749106739 40955.64316729544 31778.96457157256
3.548752932993459
3.548910597772457
nanosecondsPerTerm is 4.728144469095711
nanosecondsPerTerm is 4.741921787984199
3.548842439710866
1/2242, 2239/2242
nanosecondsPerTerm is 4.747004599457438
nanosecondsPerTerm is 4.7323782952011
3.548842882398056
1/2242, 2240/2242
nanosecondsPerTerm is 4.727726665571959
nanosecondsPerTerm is 4.727756464905094
3.548842886780336
2240/2242, 2/2242
nanosecondsPerTerm is 4.745090162047553
nanosecondsPerTerm is 4.741791113029173
3.548842884600195
1139/2242, 1101/2242
Sign changes no longer useful, stopping.
D = 10.3125
[3.842477768866278, 3.842612071319967]
nanosecondsPerTerm is 4.693026249790705
nanosecondsPerTerm is 4.695861968806475
nanosecondsPerTerm is 4.677783529648672
nanosecondsPerTerm is 4.686910218220141
16694.00368134601 17589.96854949866 16849.23361922451 17750.06425920436
3.842477768866278
3.842612071319967
nanosecondsPerTerm is 4.676886803257339
nanosecondsPerTerm is 4.687509565189984
3.842499466823011
2/2310, 2306/2310
nanosecondsPerTerm is 4.675168169634532
nanosecondsPerTerm is 4.691782319189448
3.842499784653723
3/2310, 2303/2310
nanosecondsPerTerm is 4.680666648325888
nanosecondsPerTerm is 4.682631753136553
3.84249979398256
2299/2310, 8/2310
nanosecondsPerTerm is 4.678532568165594
nanosecondsPerTerm is 4.681967440938004
3.842499789387001
1150/2310, 1149/2310
Sign changes no longer useful, stopping.
D = 10.16015625
[4.141666134380881, 4.141782460493641]
nanosecondsPerTerm is 4.697159410595957
nanosecondsPerTerm is 4.665507195523775
nanosecondsPerTerm is 4.670698760822307
nanosecondsPerTerm is 4.665641370541951
3224.998505966365 3085.743278474092 3241.202622580769 3099.564359736842
4.141666134380881
4.141782460493641
Segmentation fault (core dumped)
