/mmfs1/data/mossea/Documents/bianchi-maass-forms/cmake-build-release
c111
Sat Jan 11 02:55:25 EST 2025
mode = coarse
d = 19
symClass = D
D = 0
leftEndpoint = -0.4
rightEndpoint = 25
Range already complete.
mode = medium
d = 19
symClass = D
D = 0
D = 6
[24.52881629468411, 24.53128891539278]
nanosecondsPerTerm is 4.340241531435828
nanosecondsPerTerm is 4.290375568603688
nanosecondsPerTerm is 4.354012941892276
nanosecondsPerTerm is 4.301389795834528
32763.41662258608 44714.1298912646 73240.43553311967 66389.91552992909
26/915
[24.53128891539278, 24.53376153610145]
nanosecondsPerTerm is 4.31720215326439
nanosecondsPerTerm is 4.304056046430428
nanosecondsPerTerm is 4.289422072598625
nanosecondsPerTerm is 4.282489668157528
263133.265539557 65449.20791595545 279079.4380354855 96038.263852009
78/915
D = 6
[24.53376153610145, 24.53623316040529]
nanosecondsPerTerm is 4.367038500396094
nanosecondsPerTerm is 4.296161932516418
nanosecondsPerTerm is 4.328890912205959
nanosecondsPerTerm is 4.315992656808613
769839.3113079597 38440.42873022 55848.52635855803 54449.97138121386
794/915
[24.53623316040529, 24.53870478470912]
nanosecondsPerTerm is 4.331059720396454
nanosecondsPerTerm is 4.285707065220588
nanosecondsPerTerm is 4.373136377537161
nanosecondsPerTerm is 4.280519318586226
54824.04969950777 53243.17551303199 39481.12769283703 59083.64888477819
219/915
[24.53376153610145, 24.53499734825337]
nanosecondsPerTerm is 4.272999414543759
nanosecondsPerTerm is 4.271435658521457
nanosecondsPerTerm is 4.299476004952866
nanosecondsPerTerm is 4.337110582237196
292281.4924381368 35357.25354655406 469075.7347270324 40738.83021527448
892/915
[24.53499734825337, 24.53623316040529]
nanosecondsPerTerm is 4.327549434613521
nanosecondsPerTerm is 4.312396809171829
nanosecondsPerTerm is 4.317504519622658
nanosecondsPerTerm is 4.282323476834917
84515.35668430172 40333.21698886094 50365.55443809506 47884.53004716145
55/915
[24.53376153610145, 24.53437944217741]
nanosecondsPerTerm is 4.315748307452564
nanosecondsPerTerm is 4.264806733367353
nanosecondsPerTerm is 4.323509440164969
nanosecondsPerTerm is 4.283050345639099
3200564.867941893 53966.04185329436 237533.6310466069 59995.4816766135
30/915
[24.53437944217741, 24.53499734825337]
nanosecondsPerTerm is 4.339609010665082
nanosecondsPerTerm is 4.284256346989758
nanosecondsPerTerm is 4.311056452958903
nanosecondsPerTerm is 4.269122649550476
144596.0975203052 37713.13609405771 85249.65160200809 40738.83021527448
892/915
[24.53437944217741, 24.53468839521539]
nanosecondsPerTerm is 4.338906957445911
nanosecondsPerTerm is 4.337001113359456
nanosecondsPerTerm is 4.377950426258661
nanosecondsPerTerm is 4.29086702597205
144944.0041207851 37795.8999175668 106778.0362751405 39237.73737354068
7/915
[24.53468839521539, 24.53499734825337]
nanosecondsPerTerm is 4.357389250923342
nanosecondsPerTerm is 4.307121848456077
nanosecondsPerTerm is 4.317065373066507
nanosecondsPerTerm is 4.320050757285432
106538.87094796 39144.83025541493 85249.65160200809 40738.83021527448
899/915
[24.53468839521539, 24.53484287173438]
nanosecondsPerTerm is 4.31969085047191
nanosecondsPerTerm is 4.289360032088129
nanosecondsPerTerm is 4.419509767943261
nanosecondsPerTerm is 4.315180353480566
106658.030911468 39191.10871156413 94670.22840881416 39970.8413074591
906/915
[24.53484287173438, 24.53499734825337]
nanosecondsPerTerm is 4.338166700870072
nanosecondsPerTerm is 4.339647577384635
nanosecondsPerTerm is 4.30881121412176
nanosecondsPerTerm is 4.269172402152302
94566.42181481973 39922.05481826942 85249.65160200809 40738.83021527448
8/915
[24.53468839521539, 24.53476563347488]
nanosecondsPerTerm is 4.318081229453324
nanosecondsPerTerm is 4.269880979127117
nanosecondsPerTerm is 4.333461158065889
nanosecondsPerTerm is 4.342322602927591
106717.715528761 39214.30647672217 100322.3599137897 39599.78517423131
5/915
[24.53476563347488, 24.53484287173438]
nanosecondsPerTerm is 4.341957621338042
nanosecondsPerTerm is 4.322639809654092
nanosecondsPerTerm is 4.316046784421883
nanosecondsPerTerm is 4.309782715265394
100266.8280330573 39575.95867037155 94670.22840881416 39970.8413074591
911/915
[24.53476563347488, 24.53480425260463]
nanosecondsPerTerm is 4.325897140113172
nanosecondsPerTerm is 4.38950974266435
nanosecondsPerTerm is 4.327696854938492
nanosecondsPerTerm is 4.336336598098478
100294.5859674687 39587.86701615105 97405.42681958551 39784.21963407939
912/915
[24.53480425260463, 24.53484287173438]
nanosecondsPerTerm is 4.358974361528038
nanosecondsPerTerm is 4.29174426575636
nanosecondsPerTerm is 4.318026527938072
nanosecondsPerTerm is 4.282034122629603
97378.58765495772 39772.15463272284 94670.22840881416 39970.8413074591
1/915
[24.53476563347488, 24.53478494303976]
nanosecondsPerTerm is 4.320177943944963
nanosecondsPerTerm is 4.316527766059911
nanosecondsPerTerm is 4.33616888615905
nanosecondsPerTerm is 4.340771603314691
100308.4709378558 39593.82486820973 98840.08386627403 39691.72794048176
912/915
[24.53478494303976, 24.53480425260463]
nanosecondsPerTerm is 4.357939489738618
nanosecondsPerTerm is 4.284969738118814
nanosecondsPerTerm is 4.34447392037726
nanosecondsPerTerm is 4.285405597631347
98826.43320997646 39685.7308961724 97405.42681958551 39784.21963407939
0/915
Likely eigenvalue [24.53476563347488, 24.53478494303976]
D = 6
[24.55352259372208, 24.55599024242251]
nanosecondsPerTerm is 4.278350947311084
nanosecondsPerTerm is 4.279399760033712
nanosecondsPerTerm is 4.286497983963524
nanosecondsPerTerm is 4.290820745434458
403252.6202220452 75536.96763317978 53793.26959074676 20429.03263743044
263/915
[24.55599024242251, 24.55845789112294]
nanosecondsPerTerm is 4.289319309461439
nanosecondsPerTerm is 4.284525870053884
nanosecondsPerTerm is 4.345323870065958
nanosecondsPerTerm is 4.284972212323411
23866.51502859905 56246.11283610684 27516.60599078571 32121.24105938149
818/915
[24.55599024242251, 24.55722406677273]
nanosecondsPerTerm is 4.273158291232544
nanosecondsPerTerm is 4.274312205093646
nanosecondsPerTerm is 4.336414200778598
nanosecondsPerTerm is 4.375305903166264
17569.09953614214 54992.8258474632 18956.64750827955 39783.22603340911
879/915
[24.55722406677273, 24.55845789112294]
nanosecondsPerTerm is 4.301710973939501
nanosecondsPerTerm is 4.278388754483558
nanosecondsPerTerm is 4.288848407952945
nanosecondsPerTerm is 4.262756097704948
23924.13359925527 134845.4375250816 20558.67289345848 73020.43830992574
68/915
[24.55599024242251, 24.55660715459762]
nanosecondsPerTerm is 4.273521554941908
nanosecondsPerTerm is 4.271331870747943
nanosecondsPerTerm is 4.32147611943105
nanosecondsPerTerm is 4.285537139762306
17632.49158705027 54386.62865329793 18272.72075105331 45582.00974601501
888/915
[24.55660715459762, 24.55722406677273]
nanosecondsPerTerm is 4.286086861605073
nanosecondsPerTerm is 4.340210906851627
nanosecondsPerTerm is 4.271169284197935
nanosecondsPerTerm is 4.268094466824323
46005.86371112595 18099.0387106282 39783.22603340911 16055.5306324103
16/915
[24.55599024242251, 24.55629869851006]
nanosecondsPerTerm is 4.275011669581629
nanosecondsPerTerm is 4.28085670221772
nanosecondsPerTerm is 4.290239434083749
nanosecondsPerTerm is 4.296494656819909
54088.71974998189 20411.15392419487 49300.24889051292 18781.69457796544
906/915
[24.55629869851006, 24.55660715459762]
nanosecondsPerTerm is 4.285422939084619
nanosecondsPerTerm is 4.296080169620857
nanosecondsPerTerm is 4.27345432192777
nanosecondsPerTerm is 4.284628314190805
17934.86352348063 49547.25604857137 18272.72075105331 45582.00974601501
9/915
[24.55599024242251, 24.55614447046629]
nanosecondsPerTerm is 4.283569401616541
nanosecondsPerTerm is 4.324934402324518
nanosecondsPerTerm is 4.300369068215939
nanosecondsPerTerm is 4.343480397510755
68134.89169952688 53940.60165899467 64401.27534583582 51435.3141079558
896/915
[24.55614447046629, 24.55629869851006]
nanosecondsPerTerm is 4.287715938781024
nanosecondsPerTerm is 4.302775749368466
nanosecondsPerTerm is 4.274452285352161
nanosecondsPerTerm is 4.335823658850931
17811.11307910917 51569.87197882566 17968.31997693894 49300.24889051292
8/915
[24.55599024242251, 24.5560673564444]
nanosecondsPerTerm is 4.276864063820126
nanosecondsPerTerm is 4.330888777339513
nanosecondsPerTerm is 4.324417431424821
nanosecondsPerTerm is 4.29983674489295
68065.80756865913 53867.18591070647 66162.23788391596 52584.61915408682
903/915
[24.5560673564444, 24.55614447046629]
nanosecondsPerTerm is 4.291728832664096
nanosecondsPerTerm is 4.298700252276467
nanosecondsPerTerm is 4.275025188588445
nanosecondsPerTerm is 4.277527534521758
66228.32810349071 52654.5507727472 64401.27534583582 51435.3141079558
8/915
[24.55599024242251, 24.55602879943346]
nanosecondsPerTerm is 4.301339212811035
nanosecondsPerTerm is 4.372815141727734
nanosecondsPerTerm is 4.304067850170796
nanosecondsPerTerm is 4.336211712730193
68030.68319187929 53829.85539477701 67069.49417793899 53180.81558151509
4/915
[24.55602879943346, 24.5560673564444]
nanosecondsPerTerm is 4.30153645883646
nanosecondsPerTerm is 4.316422871090712
nanosecondsPerTerm is 4.272301853353179
nanosecondsPerTerm is 4.294787395001622
67103.84708800401 53217.24379848455 66162.23788391596 52584.61915408682
909/915
[24.55602879943346, 24.55604807793893]
nanosecondsPerTerm is 4.299747547318179
nanosecondsPerTerm is 4.290649822116539
nanosecondsPerTerm is 4.299891803841451
nanosecondsPerTerm is 4.337940036499301
67086.98476525888 53199.36315883814 66613.85437315263 52881.14504662307
911/915
[24.55604807793893, 24.5560673564444]
nanosecondsPerTerm is 4.290423506104633
nanosecondsPerTerm is 4.337182160236947
nanosecondsPerTerm is 4.282289935759072
nanosecondsPerTerm is 4.306504321340736
66630.53131368621 52898.8106580099 66162.23788391596 52584.61915408682
4/915
Likely eigenvalue [24.55602879943346, 24.55604807793893]
D = 6
[24.57817927251571, 24.58064197412735]
nanosecondsPerTerm is 4.275707905655865
nanosecondsPerTerm is 4.359136854751328
nanosecondsPerTerm is 4.273119821003095
nanosecondsPerTerm is 4.273885247087335
76515.89599608538 13502.35951228404 487578.9954926589 23223.26046559625
51/917
[24.58064197412735, 24.58310467573899]
nanosecondsPerTerm is 4.29772544860073
nanosecondsPerTerm is 4.27490281968499
nanosecondsPerTerm is 4.287935340267907
nanosecondsPerTerm is 4.29147143612965
22790.61895255645 235134.0243391531 25919.36045609785 109381.9152511723
77/917
D = 6
[24.58310467573899, 24.58556639090563]
nanosecondsPerTerm is 4.325726721678848
nanosecondsPerTerm is 4.304189051486995
nanosecondsPerTerm is 4.311751258024802
nanosecondsPerTerm is 4.291073007158309
147929.1431253955 64298.53942237753 161011.8432501547 173518.7036558987
159/917
[24.58556639090563, 24.58802810607228]
nanosecondsPerTerm is 4.305034750379834
nanosecondsPerTerm is 4.288821529200911
nanosecondsPerTerm is 4.343459828269449
nanosecondsPerTerm is 4.277721027196326
154597.1895651966 62165.30737922368 294382.2798441623 43960.69444582919
770/917
[24.58556639090563, 24.58679724848896]
nanosecondsPerTerm is 4.29896473493447
nanosecondsPerTerm is 4.285986488116828
nanosecondsPerTerm is 4.315335006468478
nanosecondsPerTerm is 4.278027329011643
155493.2834306256 62414.24386781849 640297.3599798556 49250.25078025842
97/917
[24.58679724848896, 24.58802810607228]
nanosecondsPerTerm is 4.310302284385002
nanosecondsPerTerm is 4.280273804598609
nanosecondsPerTerm is 4.295381295989833
nanosecondsPerTerm is 4.307064488790152
127951.9753795051 49047.92660531068 565331.8208386534 43960.69444582919
53/917
D = 6
[24.60770213794688, 24.61015893566527]
nanosecondsPerTerm is 4.291625490326098
nanosecondsPerTerm is 4.329286961803203
nanosecondsPerTerm is 4.289296848553167
nanosecondsPerTerm is 4.295208459314956
10363.19909473204 9228.817887155605 10216.7083085184 9580.839878466511
29/919
[24.61015893566527, 24.61261573338366]
nanosecondsPerTerm is 4.356359179392015
nanosecondsPerTerm is 4.294941895132908
nanosecondsPerTerm is 4.345606392605669
nanosecondsPerTerm is 4.302138894490916
14143.44837410267 10133.10342992747 14794.29904237162 9955.375058490246
38/919
D = 6
[24.62734476096942, 24.62979764236706]
nanosecondsPerTerm is 4.296136592884933
nanosecondsPerTerm is 4.290498148257302
nanosecondsPerTerm is 4.347443593459643
nanosecondsPerTerm is 4.287259915803343
22653.09922395863 28976.80214966414 39195.25021056793 59241.16912099245
800/919
[24.62979764236706, 24.6322505237647]
nanosecondsPerTerm is 4.292120086069424
nanosecondsPerTerm is 4.345554879369796
nanosecondsPerTerm is 4.310028701295504
nanosecondsPerTerm is 4.336993823569141
16087.87858350181 64391.79028008446 16412.00388882365 48239.48143096631
164/922
[24.62734476096942, 24.62857120166824]
nanosecondsPerTerm is 4.293937394140304
nanosecondsPerTerm is 4.327524252538355
nanosecondsPerTerm is 4.31554271274833
nanosecondsPerTerm is 4.294092288946656
821279.0347117177 22529.66393897913 56497.93911773081 28627.02848956367
872/919
[24.62857120166824, 24.62979764236706]
nanosecondsPerTerm is 4.287957270796334
nanosecondsPerTerm is 4.301994933571623
nanosecondsPerTerm is 4.282065058714301
nanosecondsPerTerm is 4.369755065592977
28853.06151138016 37867.16211534203 39195.25021056793 59241.16912099245
75/919
[24.62734476096942, 24.62795798131883]
nanosecondsPerTerm is 4.286625057232191
nanosecondsPerTerm is 4.286569877776995
nanosecondsPerTerm is 4.307463513664779
nanosecondsPerTerm is 4.29366681776605
851793.0007194469 22467.78817352666 105129.6411723127 25138.73960383835
898/919
[24.62795798131883, 24.62857120166824]
nanosecondsPerTerm is 4.308667716018264
nanosecondsPerTerm is 4.301747112782683
nanosecondsPerTerm is 4.284383809727376
nanosecondsPerTerm is 4.285324699538417
104627.4452068755 25220.80424895844 56497.93911773081 28627.02848956367
25/919
[24.62734476096942, 24.62765137114413]
nanosecondsPerTerm is 4.29220239845445
nanosecondsPerTerm is 4.290046974373555
nanosecondsPerTerm is 4.301752168940694
nanosecondsPerTerm is 4.320844167408126
867788.810075025 22436.82154965265 187130.4898568076 23691.92752570012
907/919
[24.62765137114413, 24.62795798131883]
nanosecondsPerTerm is 4.302761944443057
nanosecondsPerTerm is 4.314658924094682
nanosecondsPerTerm is 4.287041528856026
nanosecondsPerTerm is 4.280822367760355
186360.7764989572 23727.4230152039 105129.6411723127 25138.73960383835
9/919
[24.62734476096942, 24.62749806605677]
nanosecondsPerTerm is 4.294483931931753
nanosecondsPerTerm is 4.281696608647577
nanosecondsPerTerm is 4.334820500040411
nanosecondsPerTerm is 4.33471122738083
875960.5560244345 22421.36813456643 308380.2686595771 23030.30787747278
914/919
[24.62749806605677, 24.62765137114413]
nanosecondsPerTerm is 4.330633133887032
nanosecondsPerTerm is 4.291807742010362
nanosecondsPerTerm is 4.324879665247533
nanosecondsPerTerm is 4.278836284369988
307352.0804259662 23046.83402100002 187130.4898568076 23691.92752570012
7/919
[24.62734476096942, 24.6274214135131]
nanosecondsPerTerm is 4.283789155194929
nanosecondsPerTerm is 4.271690409594605
nanosecondsPerTerm is 4.313149548139243
nanosecondsPerTerm is 4.333849198591283
880108.5948720834 22413.60278669799 457014.422766436 22713.58790772547
916/919
[24.6274214135131, 24.62749806605677]
nanosecondsPerTerm is 4.345091435333949
nanosecondsPerTerm is 4.335882817765104
nanosecondsPerTerm is 4.289420338194318
nanosecondsPerTerm is 4.316899506266775
455888.544927078 22721.61601875547 308380.2686595771 23030.30787747278
1/919
[24.62734476096942, 24.62738308724126]
nanosecondsPerTerm is 4.286767891932717
nanosecondsPerTerm is 4.270134249538446
nanosecondsPerTerm is 4.336118618448388
nanosecondsPerTerm is 4.343138953064924
882175.4294820833 22409.75659947241 602470.2244406237 22558.64898212282
2/919
[24.62738308724126, 24.6274214135131]
nanosecondsPerTerm is 4.308965648127701
nanosecondsPerTerm is 4.30048506870303
nanosecondsPerTerm is 4.331432882461121
nanosecondsPerTerm is 4.282249542176689
601503.4933605058 22562.55943124052 457014.422766436 22713.58790772547
918/919
[24.62738308724126, 24.62740225037718]
nanosecondsPerTerm is 4.311786600294268
nanosecondsPerTerm is 4.299332165036088
nanosecondsPerTerm is 4.302837316687497
nanosecondsPerTerm is 4.300651033692202
601986.5491416468 22560.60424127997 519735.485674102 22635.84092593297
918/919
[24.62740225037718, 24.6274214135131]
nanosecondsPerTerm is 4.304399182832234
nanosecondsPerTerm is 4.343666458491604
nanosecondsPerTerm is 4.292101465243125
nanosecondsPerTerm is 4.276256349268948
519374.9782072388 22637.81247855924 457014.422766436 22713.58790772547
0/919
Likely eigenvalue [24.62738308724126, 24.62740225037718]
D = 6
[24.63715433327298, 24.63960526235521]
nanosecondsPerTerm is 4.292422275714908
nanosecondsPerTerm is 4.285392087881852
nanosecondsPerTerm is 4.288352582091846
nanosecondsPerTerm is 4.28185747001277
22226.76044764852 40213.35085982264 19307.00785586996 53935.20368620894
81/923
[24.63960526235521, 24.64205619143744]
nanosecondsPerTerm is 4.294589269049217
nanosecondsPerTerm is 4.29467438267508
nanosecondsPerTerm is 4.29322191834394
nanosecondsPerTerm is 4.344882453485489
19964.14600375675 31409.8877286735 22322.77696723511 14337.54227187715
126/923
D = 6
[24.64695610019812, 24.64940508084506]
nanosecondsPerTerm is 4.315455181857891
nanosecondsPerTerm is 4.273993508893793
nanosecondsPerTerm is 4.297138608317403
nanosecondsPerTerm is 4.286302197883827
20810.31021428839 12090.51686661201 28745.12923106054 10908.21503452808
757/924
[24.64940508084506, 24.65185406149199]
nanosecondsPerTerm is 4.435501513670649
nanosecondsPerTerm is 4.32693861032447
nanosecondsPerTerm is 4.342660940351724
nanosecondsPerTerm is 4.288126476628277
14878.51704802231 31261.72275576118 15483.55820291516 99140.59874835428
39/924
[24.64695610019812, 24.64818059052159]
nanosecondsPerTerm is 4.274570647576156
nanosecondsPerTerm is 4.333396631929558
nanosecondsPerTerm is 4.310086004082949
nanosecondsPerTerm is 4.285995882957773
20849.83846132627 11966.02231213687 23766.03804289831 11337.24663762315
94/924
[24.64818059052159, 24.64940508084506]
nanosecondsPerTerm is 4.32729618262858
nanosecondsPerTerm is 4.324617134730164
nanosecondsPerTerm is 4.278009313680013
nanosecondsPerTerm is 4.271341669196669
23676.05778436903 16336.72461409724 28745.12923106054 11962.20458675902
876/924
[24.64818059052159, 24.64879283568332]
nanosecondsPerTerm is 4.288768413287461
nanosecondsPerTerm is 4.284994892707547
nanosecondsPerTerm is 4.304428927321664
nanosecondsPerTerm is 4.290188827659013
23720.62417804059 16171.11300132711 25893.3308994057 13695.96758723421
896/924
[24.64879283568332, 24.64940508084506]
nanosecondsPerTerm is 4.325073910382748
nanosecondsPerTerm is 4.400590951918113
nanosecondsPerTerm is 4.288964310529084
nanosecondsPerTerm is 4.306611422445222
25827.94609852417 13813.85101119002 28745.12923106054 11962.20458675902
20/924
[24.64818059052159, 24.64848671310246]
nanosecondsPerTerm is 4.292970372056815
nanosecondsPerTerm is 4.271217935526766
nanosecondsPerTerm is 4.302537062483232
nanosecondsPerTerm is 4.34445762406108
23743.22443875726 16089.64288659756 24755.43790605204 14763.9212776987
17/924
[24.64848671310246, 24.64879283568332]
nanosecondsPerTerm is 4.340084615827941
nanosecondsPerTerm is 4.358118671465883
nanosecondsPerTerm is 4.282810522982545
nanosecondsPerTerm is 4.275584312350709
24728.08237348948 14832.3114060238 25893.3308994057 13695.96758723421
913/924
[24.64848671310246, 24.64863977439289]
nanosecondsPerTerm is 4.360951972171102
nanosecondsPerTerm is 4.348712182805609
nanosecondsPerTerm is 4.304720542138419
nanosecondsPerTerm is 4.364998341793966
24741.69620249751 14798.11208522184 25304.07749103476 14210.25492779518
919/924
[24.64863977439289, 24.64879283568332]
nanosecondsPerTerm is 4.315997668139709
nanosecondsPerTerm is 4.296922839651966
nanosecondsPerTerm is 4.291227662068828
nanosecondsPerTerm is 4.266899693838139
25289.09736847915 14241.73489415777 25893.3308994057 13695.96758723421
6/924
[24.64848671310246, 24.64856324374767]
nanosecondsPerTerm is 4.28314513341145
nanosecondsPerTerm is 4.318018173718601
nanosecondsPerTerm is 4.303118877465562
nanosecondsPerTerm is 4.32768345766624
24748.5591874781 14780.99516871717 25024.92151566219 14481.87767848048
923/924
[24.64856324374767, 24.64863977439289]
nanosecondsPerTerm is 4.292504688255845
nanosecondsPerTerm is 4.280391712268715
nanosecondsPerTerm is 4.305822964229695
nanosecondsPerTerm is 4.267322461179712
25017.72281117027 14498.29501661802 25304.07749103476 14210.25492779518
3/924
[24.64848671310246, 24.64852497842507]
nanosecondsPerTerm is 4.283541471850131
nanosecondsPerTerm is 4.269833601943056
nanosecondsPerTerm is 4.359495761493413
nanosecondsPerTerm is 4.287387672080516
24752.02936765218 14772.37146486306 24889.03148414106 14621.48117170502
923/924
[24.64852497842507, 24.64856324374767]
nanosecondsPerTerm is 4.347515419578072
nanosecondsPerTerm is 4.359742022562689
nanosecondsPerTerm is 4.284274858669858
nanosecondsPerTerm is 4.271766850926388
24885.47748810046 14629.92616084879 25024.92151566219 14481.87767848048
0/924
[24.64848671310246, 24.64850584576376]
nanosecondsPerTerm is 4.275889979021551
nanosecondsPerTerm is 4.325350656161989
nanosecondsPerTerm is 4.369647202028817
nanosecondsPerTerm is 4.287551495229729
24753.73315349881 14768.14505592307 24821.94236354413 14692.36153617896
922/924
[24.64850584576376, 24.64852497842507]
nanosecondsPerTerm is 4.304762124596901
nanosecondsPerTerm is 4.292764601167605
nanosecondsPerTerm is 4.300872868630823
nanosecondsPerTerm is 4.272332794144089
24820.21812982012 14696.54384150313 24889.03148414106 14621.48117170502
1/924
Likely eigenvalue [24.64848671310246, 24.64850584576376]
D = 6
[24.66653627989641, 24.66898137526389]
nanosecondsPerTerm is 4.279365699649528
nanosecondsPerTerm is 4.29530987837486
nanosecondsPerTerm is 4.285398131194548
nanosecondsPerTerm is 4.307298142478979
176389.9265175119 20766.59439247714 34374.40990924832 29037.48009453391
867/924
[24.66898137526389, 24.67142647063137]
nanosecondsPerTerm is 4.279846841199972
nanosecondsPerTerm is 4.281848651839773
nanosecondsPerTerm is 4.405750594167652
nanosecondsPerTerm is 4.294651870839945
37951.01212399946 27981.82069008549 18746.0304238188 67966.20875450573
129/924
[24.66653627989641, 24.66775882758015]
nanosecondsPerTerm is 4.28207490303738
nanosecondsPerTerm is 4.323607453727875
nanosecondsPerTerm is 4.307643335515576
nanosecondsPerTerm is 4.308544218570789
426150.0790256292 14448.48693685464 493056.2603964918 12999.83560186053
904/924
[24.66775882758015, 24.66898137526389]
nanosecondsPerTerm is 4.387918467661318
nanosecondsPerTerm is 4.376965552138896
nanosecondsPerTerm is 4.288841119915053
nanosecondsPerTerm is 4.328280001630173
8634.280706152842 78342.32009843117 9711.507483322348 34374.40990924832
31/924
[24.66653627989641, 24.66714755373828]
nanosecondsPerTerm is 4.275910477764029
nanosecondsPerTerm is 4.271096503117576
nanosecondsPerTerm is 4.349934843651702
nanosecondsPerTerm is 4.290404342545311
445437.2392733082 14362.88796579463 93787939.83089945 13569.93240605952
916/924
[24.66714755373828, 24.66775882758015]
nanosecondsPerTerm is 4.294819155187974
nanosecondsPerTerm is 4.298946155776813
nanosecondsPerTerm is 4.28130402338037
nanosecondsPerTerm is 4.301535919148024
12341982.62725301 13637.68693019724 493056.2603964918 12999.83560186053
911/924
[24.66653627989641, 24.66684191681735]
nanosecondsPerTerm is 4.268463933292829
nanosecondsPerTerm is 4.323698111374082
nanosecondsPerTerm is 4.290276555908482
nanosecondsPerTerm is 4.3841632409742
455720.5874808718 14320.81887289717 951965.9142529875 13905.13459640084
6/924
[24.66684191681735, 24.66714755373828]
nanosecondsPerTerm is 4.294019376614256
nanosecondsPerTerm is 4.293750837152399
nanosecondsPerTerm is 4.27227834139464
nanosecondsPerTerm is 4.275089561620851
910170.5346716661 13942.53767817957 93787939.83089945 13569.93240605952
922/924
[24.66684191681735, 24.66699473527781]
nanosecondsPerTerm is 4.291683899229001
nanosecondsPerTerm is 4.334791783985911
nanosecondsPerTerm is 4.306348243721079
nanosecondsPerTerm is 4.423197239682829
930656.343744928 13923.74618473101 1939139.107528683 13732.92069858926
0/924
[24.66699473527781, 24.66714755373828]
nanosecondsPerTerm is 4.295279710721944
nanosecondsPerTerm is 4.278531717628361
nanosecondsPerTerm is 4.284161188739205
nanosecondsPerTerm is 4.267254065722426
1854444.434750924 13750.65254845809 93787939.83089945 13569.93240605952
922/924
[24.66699473527781, 24.66707114450805]
nanosecondsPerTerm is 4.277569300573793
nanosecondsPerTerm is 4.28710782915788
nanosecondsPerTerm is 4.341859576119032
nanosecondsPerTerm is 4.331784447692663
1895854.240062937 13741.77496184222 3976739.121929124 13650.31613655515
1/924
[24.66707114450805, 24.66714755373828]
nanosecondsPerTerm is 4.302105873916289
nanosecondsPerTerm is 4.344514053161098
nanosecondsPerTerm is 4.279685903340874
nanosecondsPerTerm is 4.296001276400536
3801133.912369672 13658.94102969815 93787939.83089945 13569.93240605952
923/924
[24.66707114450805, 24.66710934912317]
nanosecondsPerTerm is 4.287334964041574
nanosecondsPerTerm is 4.283759025328223
nanosecondsPerTerm is 4.296933350715639
nanosecondsPerTerm is 4.295587732906072
3886123.879181865 13654.66699036734 8320166.855547253 13609.89124638927
0/924
[24.66710934912317, 24.66714755373828]
nanosecondsPerTerm is 4.288786867636923
nanosecondsPerTerm is 4.282352513497019
nanosecondsPerTerm is 4.279486498908666
nanosecondsPerTerm is 4.324952216094839
7942612.698170001 13614.1041475579 93787939.83089945 13569.93240605952
923/924
[24.66710934912317, 24.66712845143072]
nanosecondsPerTerm is 4.28591012520407
nanosecondsPerTerm is 4.281859483161311
nanosecondsPerTerm is 4.283189063465618
nanosecondsPerTerm is 4.332841148361529
8127016.464921079 13611.99701365144 18282497.42956546 13589.84375830946
0/924
[24.66712845143072, 24.66714755373828]
nanosecondsPerTerm is 4.287501840883275
nanosecondsPerTerm is 4.325926039518411
nanosecondsPerTerm is 4.316655555126531
nanosecondsPerTerm is 4.334313209583512
17378077.4524988 13591.93578188255 93787939.83089945 13569.93240605952
923/924
Likely eigenvalue [24.66712845143072, 24.66714755373828]
[24.66714755373828, 24.66745319065922]
nanosecondsPerTerm is 4.275448719864905
nanosecondsPerTerm is 4.331009780635078
nanosecondsPerTerm is 4.277315268316797
nanosecondsPerTerm is 4.273160674904179
28409948.90256834 13603.672923761 963885.1433167917 13269.40576878586
917/924
[24.66745319065922, 24.66775882758015]
nanosecondsPerTerm is 4.327543232546524
nanosecondsPerTerm is 4.30520241181041
nanosecondsPerTerm is 4.334589901309947
nanosecondsPerTerm is 4.29206368201979
5959.989433109023 1005712.405596568 6008.496924449486 493056.2603964918
3/924
[24.66714755373828, 24.66730037219875]
nanosecondsPerTerm is 4.27412157470155
nanosecondsPerTerm is 4.271128013188569
nanosecondsPerTerm is 4.27831801475968
nanosecondsPerTerm is 4.274414339572494
81572656.12546213 13586.75849120059 1892266.359237075 13415.58233443873
922/924
[24.66730037219875, 24.66745319065922]
nanosecondsPerTerm is 4.274744596564981
nanosecondsPerTerm is 4.287888463242373
nanosecondsPerTerm is 4.26808071904423
nanosecondsPerTerm is 4.322857532250917
1975538.191650753 13431.55269340177 963885.1433167917 13269.40576878586
5/924
[24.66714755373828, 24.66722396296851]
nanosecondsPerTerm is 4.293888315801645
nanosecondsPerTerm is 4.274746955527702
nanosecondsPerTerm is 4.265918061576849
nanosecondsPerTerm is 4.292358044850953
1256276711.586617 13578.33443651881 3694818.388561332 13491.70757074776
923/924
[24.66722396296851, 24.66730037219875]
nanosecondsPerTerm is 4.27360129734919
nanosecondsPerTerm is 4.278302656119489
nanosecondsPerTerm is 4.259750580710253
nanosecondsPerTerm is 4.269834246899049
3855770.765962315 13499.89298586226 1892266.359237075 13415.58233443873
1/924
[24.66714755373828, 24.6671857583534]
nanosecondsPerTerm is 4.274558260075573
nanosecondsPerTerm is 4.274565195971818
nanosecondsPerTerm is 4.277607046609719
nanosecondsPerTerm is 4.276404662031807
204960749.6156414 13574.17083608489 7098710.984300303 13530.593482286
0/924
[24.6671857583534, 24.66722396296851]
nanosecondsPerTerm is 4.277434906158631
nanosecondsPerTerm is 4.285792010240243
nanosecondsPerTerm is 4.262026824047955
nanosecondsPerTerm is 4.350963333331312
7394455.224177971 13534.6976614244 3694818.388561332 13491.70757074776
0/924
D = 6
[24.67631472353836, 24.67875788203719]
nanosecondsPerTerm is 4.281058318355155
nanosecondsPerTerm is 4.324610483790035
nanosecondsPerTerm is 4.293639782006661
nanosecondsPerTerm is 4.304342339391892
41214.8491210516 96933.3818179495 30302.53731819708 42682.93378302521
627/924
[24.67875788203719, 24.68120104053601]
nanosecondsPerTerm is 4.304111424987299
nanosecondsPerTerm is 4.281346901548358
nanosecondsPerTerm is 4.291511089978732
nanosecondsPerTerm is 4.298904950553647
6497.685959631076 30106.81611145328 5446.946244248439 25599.75739873341
31/924
[24.67631472353836, 24.67753630278777]
nanosecondsPerTerm is 4.279666898006561
nanosecondsPerTerm is 4.305588297878666
nanosecondsPerTerm is 4.342919038688276
nanosecondsPerTerm is 4.290022383341213
5700.050110147426 114910.0451817211 5355.514345630603 111267.6976913582
901/924
[24.67753630278777, 24.67875788203719]
nanosecondsPerTerm is 4.282379308864146
nanosecondsPerTerm is 4.283185775958748
nanosecondsPerTerm is 4.273197990637728
nanosecondsPerTerm is 4.325977869379432
12762.55901534062 132861.8104593032 16914.06342482107 42682.93378302521
20/924
[24.67631472353836, 24.67692551316307]
nanosecondsPerTerm is 4.289367568978112
nanosecondsPerTerm is 4.318198401943927
nanosecondsPerTerm is 4.37130214274469
nanosecondsPerTerm is 4.331319842106758
5878.402713823708 6202.26268307295 5637.334634618592 6198.510636714569
6/924
[24.67692551316307, 24.67753630278777]
nanosecondsPerTerm is 4.341606832540547
nanosecondsPerTerm is 4.290769218134526
nanosecondsPerTerm is 4.275701590404318
nanosecondsPerTerm is 4.313204382892014
37598.65976375838 2615731.585068659 34656.45604628578 111267.6976913582
72/924
D = 6
[24.7494072752539, 24.75183602852422]
nanosecondsPerTerm is 4.301471534146252
nanosecondsPerTerm is 4.292200613487958
nanosecondsPerTerm is 4.349662150396151
nanosecondsPerTerm is 4.370809653916274
23498.18104015908 10560.77350956263 11584.51828622095 18541.76542328933
20/925
[24.75183602852422, 24.75426478179453]
nanosecondsPerTerm is 4.296254500847188
nanosecondsPerTerm is 4.28066584468934
nanosecondsPerTerm is 4.284021181788403
nanosecondsPerTerm is 4.325757743910541
50310.58588813795 3792.252326373067 38140.70966977393 4220.559278326333
345/925
[24.75183602852422, 24.75305040515937]
nanosecondsPerTerm is 4.29020911019439
nanosecondsPerTerm is 4.329574664281103
nanosecondsPerTerm is 4.283033568512141
nanosecondsPerTerm is 4.283280912086441
54190.8256211679 3798.113298590914 205520.8648510138 3986.507510217808
480/925
[24.75305040515937, 24.75426478179453]
nanosecondsPerTerm is 4.29082609897504
nanosecondsPerTerm is 4.292666136720869
nanosecondsPerTerm is 4.28696079377154
nanosecondsPerTerm is 4.307379306281986
291029.3003046566 10408.31771685497 38140.70966977393 11617.37473633414
207/925
[24.75183602852422, 24.75244321684179]
nanosecondsPerTerm is 4.277992174060556
nanosecondsPerTerm is 4.294172251580836
nanosecondsPerTerm is 4.320082160841586
nanosecondsPerTerm is 4.349672380218698
16868.23816687729 13054.08675108174 14261.82783398254 14971.11941069728
5/925
[24.75244321684179, 24.75305040515937]
nanosecondsPerTerm is 4.300150324882184
nanosecondsPerTerm is 4.288155833724414
nanosecondsPerTerm is 4.29584969533449
nanosecondsPerTerm is 4.274995840216659
148250.3002675454 3885.803405581725 205520.8648510138 3986.507510217808
742/925
[24.75244321684179, 24.75274681100058]
nanosecondsPerTerm is 4.298528055028674
nanosecondsPerTerm is 4.294859414442283
nanosecondsPerTerm is 4.314332913860531
nanosecondsPerTerm is 4.295559870591639
156555.9858135978 3887.672474704795 1763990.151371828 3936.509539165605
102/925
[24.75274681100058, 24.75305040515937]
nanosecondsPerTerm is 4.345930190850735
nanosecondsPerTerm is 4.391749597663993
nanosecondsPerTerm is 4.287442173646717
nanosecondsPerTerm is 4.272468725027657
1081265.797953453 3934.43837164865 205520.8648510138 3986.507510217808
843/925
[24.75274681100058, 24.75289860807998]
nanosecondsPerTerm is 4.291671797691
nanosecondsPerTerm is 4.296607823096115
nanosecondsPerTerm is 4.334934940911322
nanosecondsPerTerm is 4.34337489745726
1339915.263458444 3935.469767507039 464473.0467750335 3961.115284277194
878/925
[24.75289860807998, 24.75305040515937]
nanosecondsPerTerm is 4.322701418294741
nanosecondsPerTerm is 4.361357219804874
nanosecondsPerTerm is 4.275261732782726
nanosecondsPerTerm is 4.297810759946207
506456.8973215748 3960.031479820423 205520.8648510138 3986.507510217808
33/925
[24.75274681100058, 24.75282270954028]
nanosecondsPerTerm is 4.306432877523841
nanosecondsPerTerm is 4.279527157442668
nanosecondsPerTerm is 4.309688354637001
nanosecondsPerTerm is 4.29322780663721
1521973.300108786 3935.986726056621 1260112.260650213 3948.713538235978
900/925
[24.75282270954028, 24.75289860807998]
nanosecondsPerTerm is 4.319507172664979
nanosecondsPerTerm is 4.353042676002791
nanosecondsPerTerm is 4.274877892795661
nanosecondsPerTerm is 4.269265320383419
1419816.676826485 3948.183550500477 464473.0467750335 3961.115284277194
22/925
[24.75274681100058, 24.75278476027043]
nanosecondsPerTerm is 4.28729361123192
nanosecondsPerTerm is 4.284556456154962
nanosecondsPerTerm is 4.29271093010078
nanosecondsPerTerm is 4.284077265534956
1634066.764608053 3936.248025371742 8804327.909055866 3942.587637892264
908/925
[24.75278476027043, 24.75282270954028]
nanosecondsPerTerm is 4.289785703023132
nanosecondsPerTerm is 4.385125942960154
nanosecondsPerTerm is 4.280769503184277
nanosecondsPerTerm is 4.29749344842885
14596162.38660339 3942.323058876161 1260112.260650213 3948.713538235978
8/925
[24.75274681100058, 24.75276578563551]
nanosecondsPerTerm is 4.32442525838799
nanosecondsPerTerm is 4.311018604729868
nanosecondsPerTerm is 4.296873463071984
nanosecondsPerTerm is 4.331335307974658
1695301.889976016 3936.376249800725 4404690.166625618 3939.540111948648
8/925
[24.75276578563551, 24.75278476027043]
nanosecondsPerTerm is 4.302970667762077
nanosecondsPerTerm is 4.284962890367055
nanosecondsPerTerm is 4.287264651310016
nanosecondsPerTerm is 4.276082871354908
4013890.442871836 3939.411084416928 8804327.909055866 3942.587637892264
915/925
Likely eigenvalue [24.75276578563551, 24.75278476027043]
D = 6
[24.78821407460733, 24.7906352314649]
nanosecondsPerTerm is 4.311533183309253
nanosecondsPerTerm is 4.322317423454047
nanosecondsPerTerm is 4.295634575619948
nanosecondsPerTerm is 4.296840073778412
22938.30831475711 8014.108010487686 27167.6159300978 9256.522966464972
493/928
[24.7906352314649, 24.79305638832247]
nanosecondsPerTerm is 4.423213285849056
nanosecondsPerTerm is 4.349079451172009
nanosecondsPerTerm is 4.309437213601208
nanosecondsPerTerm is 4.334370195071992
9087.709285781593 5119.575608652797 10937.37514761967 5440.011334941478
53/928
[24.78821407460733, 24.78942465303611]
nanosecondsPerTerm is 4.305763269660313
nanosecondsPerTerm is 4.29864487715134
nanosecondsPerTerm is 4.372039473364347
nanosecondsPerTerm is 4.364521572744605
28607.24601570013 9721.781365833263 29915.04043682206 10572.43534982508
95/928
[24.78942465303611, 24.7906352314649]
nanosecondsPerTerm is 4.312050106029782
nanosecondsPerTerm is 4.330463619907621
nanosecondsPerTerm is 4.341519580982653
nanosecondsPerTerm is 4.308936917657201
25001.08077066029 8571.714392549777 27167.6159300978 9256.522966464972
148/928
D = 6
[24.80273534532032, 24.80515366880486]
nanosecondsPerTerm is 4.341004736091229
nanosecondsPerTerm is 4.290781665021068
nanosecondsPerTerm is 4.323402539201641
nanosecondsPerTerm is 4.31636537890402
4971.369982427244 3680.403233849207 5381.077218270609 3944.248440003926
894/928
[24.80515366880486, 24.80757199228939]
nanosecondsPerTerm is 4.331081760023665
nanosecondsPerTerm is 4.369076626146541
nanosecondsPerTerm is 4.356359977887663
nanosecondsPerTerm is 4.300919116082967
5343.480735960338 6837.232801067515 6097.50927534472 7316.79970524855
38/928
[24.80273534532032, 24.80394450706259]
nanosecondsPerTerm is 4.29654030192506
nanosecondsPerTerm is 4.292579904830227
nanosecondsPerTerm is 4.330229658100031
nanosecondsPerTerm is 4.363456751313082
4982.420448946807 3673.235818434155 5161.181262082907 3795.865641498228
15/928
[24.80394450706259, 24.80515366880486]
nanosecondsPerTerm is 4.301836238031299
nanosecondsPerTerm is 4.386423566671031
nanosecondsPerTerm is 4.356662538442739
nanosecondsPerTerm is 4.306860656160572
5146.766668098393 3803.848255569559 5381.077218270609 3944.248440003926
910/928
[24.80394450706259, 24.80454908793372]
nanosecondsPerTerm is 4.305673972272667
nanosecondsPerTerm is 4.360408394218076
nanosecondsPerTerm is 4.305836191655148
nanosecondsPerTerm is 4.301963645822793
5153.916877584397 3799.848251913399 5263.08315091652 3867.821065753409
12/928
[24.80454908793372, 24.80515366880486]
nanosecondsPerTerm is 4.308332251892269
nanosecondsPerTerm is 4.31360613042538
nanosecondsPerTerm is 4.307671718629662
nanosecondsPerTerm is 4.289731189427954
5254.772596792889 3872.070080987104 5381.077218270609 3944.248440003926
923/928
[24.80454908793372, 24.80485137836929]
nanosecondsPerTerm is 4.361452756359599
nanosecondsPerTerm is 4.357111254258455
nanosecondsPerTerm is 4.313420545513042
nanosecondsPerTerm is 4.301135090738885
5258.917599765978 3869.940090608842 5319.860723633061 3905.489130612939
4/928
[24.80485137836929, 24.80515366880486]
nanosecondsPerTerm is 4.307613892549003
nanosecondsPerTerm is 4.414945368971288
nanosecondsPerTerm is 4.301462898688674
nanosecondsPerTerm is 4.332600541544926
5315.376840790319 3907.687524137643 5381.077218270609 3944.248440003926
927/928
[24.80485137836929, 24.80500252358707]
nanosecondsPerTerm is 4.305103845985152
nanosecondsPerTerm is 4.3047074633201
nanosecondsPerTerm is 4.310644341610111
nanosecondsPerTerm is 4.340712427908166
5317.614645621536 3906.587580844569 5349.884017418995 3924.735450475546
0/928
[24.80500252358707, 24.80515366880486]
nanosecondsPerTerm is 4.297789616816968
nanosecondsPerTerm is 4.302580985977968
nanosecondsPerTerm is 4.299601800557843
nanosecondsPerTerm is 4.352676899127617
5347.554874451106 3925.853282117163 5381.077218270609 3944.248440003926
927/928
[24.80500252358707, 24.80507809619596]
nanosecondsPerTerm is 4.344834221171492
nanosecondsPerTerm is 4.341561131382049
nanosecondsPerTerm is 4.321036797017329
nanosecondsPerTerm is 4.322770650781008
5348.712724448208 3925.296888060666 5365.324882398279 3934.461671654956
927/928
[24.80507809619596, 24.80515366880486]
nanosecondsPerTerm is 4.308505120551768
nanosecondsPerTerm is 4.351969937699036
nanosecondsPerTerm is 4.364913913196721
nanosecondsPerTerm is 4.308676459875133
5364.143449116744 3935.022615881271 5381.077218270609 3944.248440003926
0/928
[24.80500252358707, 24.80504030989152]
nanosecondsPerTerm is 4.324688237051518
nanosecondsPerTerm is 4.332920505130766
nanosecondsPerTerm is 4.315567101358767
nanosecondsPerTerm is 4.341452814804407
5349.298099872719 3925.016121461343 5357.567455899638 3929.590261424849
920/928
[24.80504030989152, 24.80507809619596]
nanosecondsPerTerm is 4.30299301977599
nanosecondsPerTerm is 4.347198665982373
nanosecondsPerTerm is 4.309000808715213
nanosecondsPerTerm is 4.386574192569856
5356.976157040038 3929.872171896352 5365.324882398279 3934.461671654956
7/928
[24.80500252358707, 24.80502141673929]
nanosecondsPerTerm is 4.343779035739522
nanosecondsPerTerm is 4.306988638597826
nanosecondsPerTerm is 4.317553563994138
nanosecondsPerTerm is 4.309899672346898
5349.585334694613 3924.878483486878 5353.710861967061 3927.163490887319
0/928
[24.80502141673929, 24.80504030989152]
nanosecondsPerTerm is 4.292636923385435
nanosecondsPerTerm is 4.344490296484238
nanosecondsPerTerm is 4.347065891582481
nanosecondsPerTerm is 4.332831458797782
5353.422178521518 3927.3014087267 5357.567455899638 3929.590261424849
920/928
Likely eigenvalue [24.80502141673929, 24.80504030989152]
D = 6
[24.8413758371426, 24.84378664531607]
nanosecondsPerTerm is 4.355373444822971
nanosecondsPerTerm is 4.36104569354015
nanosecondsPerTerm is 4.358361464806548
nanosecondsPerTerm is 4.367848318045196
62448.77065336025 116219.2861779735 42081.39874481588 17076.43286305706
334/931
[24.84378664531607, 24.84619745348954]
nanosecondsPerTerm is 4.318935197628603
nanosecondsPerTerm is 4.332453324392944
nanosecondsPerTerm is 4.31356728203022
nanosecondsPerTerm is 4.313409624106763
38450.61748504565 17052.04216889405 18244.39772569824 32058.08090740961
115/931
[24.8413758371426, 24.84258124122934]
nanosecondsPerTerm is 4.315203739580692
nanosecondsPerTerm is 4.311274689446593
nanosecondsPerTerm is 4.322526327606426
nanosecondsPerTerm is 4.37166300410446
56551.58741184354 65412.90259106865 424257.9876768853 524368.3682630616
921/931
[24.84258124122934, 24.84378664531607]
nanosecondsPerTerm is 4.375397696845643
nanosecondsPerTerm is 4.377620082350187
nanosecondsPerTerm is 4.381505444913398
nanosecondsPerTerm is 4.362624611457924
307927.4998444769 115668.9278326274 42081.39874481588 39510.72673971211
709/931
[24.8413758371426, 24.84197853918597]
nanosecondsPerTerm is 4.327426377650042
nanosecondsPerTerm is 4.321285678741336
nanosecondsPerTerm is 4.343540767871975
nanosecondsPerTerm is 4.324950564509058
56470.07460480821 64758.39344021682 126015.1992706037 100676.0574240163
83/931
[24.84197853918597, 24.84258124122934]
nanosecondsPerTerm is 4.432452625424705
nanosecondsPerTerm is 4.345981275853539
nanosecondsPerTerm is 4.329220685949184
nanosecondsPerTerm is 4.311909897063563
144031.6179573838 27050.5666297653 312592.0644938194 20330.62822154906
844/931
[24.84197853918597, 24.84227989020765]
nanosecondsPerTerm is 4.348441859894742
nanosecondsPerTerm is 4.374440078955364
nanosecondsPerTerm is 4.327432151039373
nanosecondsPerTerm is 4.361421901951415
143688.6852761426 27031.38357672094 511433.8821758191 23178.28623908763
47/931
[24.84227989020765, 24.84258124122934]
nanosecondsPerTerm is 4.362983393528811
nanosecondsPerTerm is 4.311727299174367
nanosecondsPerTerm is 4.348070337094059
nanosecondsPerTerm is 4.315295228634393
515017.4951640292 254137.1636073584 312592.0644938194 120020.6608183738
831/931
[24.84227989020765, 24.84243056571849]
nanosecondsPerTerm is 4.341779895067818
nanosecondsPerTerm is 4.367234326630546
nanosecondsPerTerm is 4.339503741269069
nanosecondsPerTerm is 4.323269695353376
513216.3689536789 256610.4865415287 1638352.160081319 163755.4974158517
874/931
[24.84243056571849, 24.84258124122934]
nanosecondsPerTerm is 4.32675256937498
nanosecondsPerTerm is 4.368338041591993
nanosecondsPerTerm is 4.325923892108934
nanosecondsPerTerm is 4.327295028888498
1621543.615941561 162728.1911633181 312592.0644938194 120020.6608183738
43/931
[24.84227989020765, 24.84235522796307]
nanosecondsPerTerm is 4.366850564905041
nanosecondsPerTerm is 4.363036374203925
nanosecondsPerTerm is 4.352242380375954
nanosecondsPerTerm is 4.327039749542572
512318.4670668853 257871.5624164323 1479361.502966276 200580.0723551408
33/931
[24.84235522796307, 24.84243056571849]
nanosecondsPerTerm is 4.386589754409218
nanosecondsPerTerm is 4.345038815440806
nanosecondsPerTerm is 4.333726973081369
nanosecondsPerTerm is 4.342410864335329
1486583.042956964 199809.9658909338 1638352.160081319 163755.4974158517
907/931
[24.84235522796307, 24.84239289684078]
nanosecondsPerTerm is 4.340212729807114
nanosecondsPerTerm is 4.32600860332742
nanosecondsPerTerm is 4.335063924074295
nanosecondsPerTerm is 4.322995811653416
1482962.039536615 200194.2711036705 29768050.73346263 180284.0908536341
14/931
[24.84239289684078, 24.84243056571849]
nanosecondsPerTerm is 4.344543584430839
nanosecondsPerTerm is 4.324226392237711
nanosecondsPerTerm is 4.332089357236728
nanosecondsPerTerm is 4.36847821897145
31269825.42819956 179971.0957189078 1638352.160081319 163755.4974158517
921/931
[24.84239289684078, 24.84241173127964]
nanosecondsPerTerm is 4.331173392333481
nanosecondsPerTerm is 4.379608718076991
nanosecondsPerTerm is 4.323862545089797
nanosecondsPerTerm is 4.390044917094465
30514894.04656016 180124.4178234722 3469634.132026094 171614.8426271001
926/931
[24.84241173127964, 24.84243056571849]
nanosecondsPerTerm is 4.327037580552016
nanosecondsPerTerm is 4.359046143007884
nanosecondsPerTerm is 4.319725382017921
nanosecondsPerTerm is 4.331671604453811
3460216.2341445 171475.3774609404 1638352.160081319 163755.4974158517
5/931
Likely eigenvalue [24.84239289684078, 24.84241173127964]
[24.84258124122934, 24.84318394327271]
nanosecondsPerTerm is 4.404047949288239
nanosecondsPerTerm is 4.37272138306981
nanosecondsPerTerm is 4.342967470185214
nanosecondsPerTerm is 4.359847378714633
310253.2925510925 117803.8069766589 73474.54373167714 58804.40550670364
145/931
[24.84318394327271, 24.84378664531607]
nanosecondsPerTerm is 4.377753043164079
nanosecondsPerTerm is 4.315359976854673
nanosecondsPerTerm is 4.353358173818922
nanosecondsPerTerm is 4.324794819868769
73349.51928827639 58235.59346870907 42081.39874481588 39510.72673971211
852/931
[24.84318394327271, 24.84348529429439]
nanosecondsPerTerm is 4.327892412925598
nanosecondsPerTerm is 4.321577192623011
nanosecondsPerTerm is 4.332071247588572
nanosecondsPerTerm is 4.369087548839549
73411.88592941477 58518.20017009899 53345.63438530183 47160.51716081595
52/931
[24.84348529429439, 24.84378664531607]
nanosecondsPerTerm is 4.347402497895042
nanosecondsPerTerm is 4.384709725953211
nanosecondsPerTerm is 4.342092918061605
nanosecondsPerTerm is 4.374389097619322
53310.30704805045 46971.8364372627 42081.39874481588 39510.72673971211
904/931
[24.84348529429439, 24.84363596980523]
nanosecondsPerTerm is 4.322610432493899
nanosecondsPerTerm is 4.326545472101734
nanosecondsPerTerm is 4.354059341200854
nanosecondsPerTerm is 4.310288858268641
53327.95220725673 47065.97480088418 47008.8318784864 42976.49267783314
912/931
[24.84363596980523, 24.84378664531607]
nanosecondsPerTerm is 4.368131299523573
nanosecondsPerTerm is 4.304695762203475
nanosecondsPerTerm is 4.348617236853426
nanosecondsPerTerm is 4.341080657547121
46994.39843153745 42896.97931835331 42081.39874481588 39510.72673971211
8/931
[24.84348529429439, 24.84356063204981]
nanosecondsPerTerm is 4.352103121713989
nanosecondsPerTerm is 4.299417275353716
nanosecondsPerTerm is 4.336429775680405
nanosecondsPerTerm is 4.366222741257199
53336.83177226487 47113.42585753815 49967.01825866954 44965.72123748399
9/931
[24.84356063204981, 24.84363596980523]
nanosecondsPerTerm is 4.332441281066066
nanosecondsPerTerm is 4.380769748472268
nanosecondsPerTerm is 4.367252481850415
nanosecondsPerTerm is 4.295335894874273
49959.03024543541 44922.21632772859 47008.8318784864 42976.49267783314
921/931
[24.84356063204981, 24.84359830092752]
nanosecondsPerTerm is 4.328289478523774
nanosecondsPerTerm is 4.333178700508454
nanosecondsPerTerm is 4.39381888961416
nanosecondsPerTerm is 4.367380035253033
49963.02308081869 44943.95749293918 48440.29101883199 43947.20303738551
920/931
[24.84359830092752, 24.84363596980523]
nanosecondsPerTerm is 4.402389678605655
nanosecondsPerTerm is 4.380263299152928
nanosecondsPerTerm is 4.365681421372009
nanosecondsPerTerm is 4.352141918941721
48436.48793758893 43926.34888278129 47008.8318784864 42976.49267783314
1/931
[24.84356063204981, 24.84357946648866]
nanosecondsPerTerm is 4.318548483399344
nanosecondsPerTerm is 4.309282233008426
nanosecondsPerTerm is 4.326354359114731
nanosecondsPerTerm is 4.316421859289924
49964.98159871815 44954.62529735777 49191.14117140287 44450.06208436631
4/931
[24.84357946648866, 24.84359830092752]
nanosecondsPerTerm is 4.334472714109419
nanosecondsPerTerm is 4.329083601002959
nanosecondsPerTerm is 4.322298765419672
nanosecondsPerTerm is 4.310773642282542
49189.23037681934 44439.61569298927 48440.29101883199 43947.20303738551
924/931
Likely eigenvalue [24.84357946648866, 24.84359830092752]
D = 6
[24.86065108602756, 24.86305815838424]
nanosecondsPerTerm is 4.529427174537476
nanosecondsPerTerm is 4.361627542501331
nanosecondsPerTerm is 4.333509992553925
nanosecondsPerTerm is 4.328167825409208
43304.66347156338 363757.5353393395 146036.8988487181 15041.20555110916
138/931
[24.86305815838424, 24.86546523074092]
nanosecondsPerTerm is 4.378027991041128
nanosecondsPerTerm is 4.365417978762424
nanosecondsPerTerm is 4.328626192164477
nanosecondsPerTerm is 4.382932381126606
14987.37389276932 619484.201744851 8838.868474366938 532605.9721541926
50/931
D = 6
[24.87027751206508, 24.87268272193361]
nanosecondsPerTerm is 4.327803709377521
nanosecondsPerTerm is 4.336595253261642
nanosecondsPerTerm is 4.396199249031536
nanosecondsPerTerm is 4.383634293774432
8340.431630561656 206036.5055734872 9080.212741730757 72669.22169650764
66/931
[24.87268272193361, 24.87508793180215]
nanosecondsPerTerm is 4.396975313104915
nanosecondsPerTerm is 4.386444043238205
nanosecondsPerTerm is 4.381637303840113
nanosecondsPerTerm is 4.380815322067383
9110.070866359387 72864.93813193319 10340.05562974809 55108.08893872156
71/931
D = 6
[24.87989649175141, 24.8822998427304]
nanosecondsPerTerm is 4.330071741946451
nanosecondsPerTerm is 4.394730650861366
nanosecondsPerTerm is 4.48498036207233
nanosecondsPerTerm is 4.380598242488195
25763.70646385151 401502.3494817817 45689.91817159152 50528.3852583514
542/931
[24.8822998427304, 24.88470319370938]
nanosecondsPerTerm is 4.339565182221366
nanosecondsPerTerm is 4.422261150544146
nanosecondsPerTerm is 4.387163733946071
nanosecondsPerTerm is 4.392254795873749
46932.14226382848 69644.76374181175 296193.1875483245 33086.35062759498
21/931
[24.87989649175141, 24.8810981672409]
nanosecondsPerTerm is 4.333342266586158
nanosecondsPerTerm is 4.326195732395155
nanosecondsPerTerm is 4.339569979903058
nanosecondsPerTerm is 4.32482267932374
25562.33738713627 291779.9216810236 32487.36264144171 88018.70117592174
760/931
[24.8810981672409, 24.8822998427304]
nanosecondsPerTerm is 4.333990069275527
nanosecondsPerTerm is 4.339536875804118
nanosecondsPerTerm is 4.325309168628004
nanosecondsPerTerm is 4.45774521684449
42635.89283197068 32804.49750625509 29078.28146208137 45689.91817159152
44/931
[24.87989649175141, 24.88049732949616]
nanosecondsPerTerm is 4.362994248253194
nanosecondsPerTerm is 4.332663605397022
nanosecondsPerTerm is 4.323545087141128
nanosecondsPerTerm is 4.317996942123005
25463.00337667609 256597.2857073043 28461.94142226296 130307.8327120468
856/931
[24.88049732949616, 24.8810981672409]
nanosecondsPerTerm is 4.353040463941764
nanosecondsPerTerm is 4.350180194041825
nanosecondsPerTerm is 4.31072839583809
nanosecondsPerTerm is 4.353982139569654
28584.52736613033 139091.3849033594 32487.36264144171 88018.70117592174
94/931
[24.87989649175141, 24.88019691062378]
nanosecondsPerTerm is 4.382589138260716
nanosecondsPerTerm is 4.377157517410916
nanosecondsPerTerm is 4.321811814119493
nanosecondsPerTerm is 4.320703790010644
25413.75930440368 242008.7263237788 26818.56649681153 167455.9725011112
894/931
[24.88019691062378, 24.88049732949616]
nanosecondsPerTerm is 4.312651757943214
nanosecondsPerTerm is 4.320618894252699
nanosecondsPerTerm is 4.31073893959149
nanosecondsPerTerm is 4.299500091050431
26873.07291156643 174426.4242173676 28461.94142226296 130307.8327120468
36/931
[24.87989649175141, 24.8800467011876]
nanosecondsPerTerm is 4.329685515232797
nanosecondsPerTerm is 4.389207318561245
nanosecondsPerTerm is 4.30675141685634
nanosecondsPerTerm is 4.328568177395764
25389.28697119859 235329.9736017803 26070.13225608594 193918.992260855
911/931
[24.8800467011876, 24.88019691062378]
nanosecondsPerTerm is 4.307607126161239
nanosecondsPerTerm is 4.368179038349832
nanosecondsPerTerm is 4.311841298417136
nanosecondsPerTerm is 4.293892671150576
26095.8571406581 198468.3519161689 26818.56649681153 167455.9725011112
16/931
[24.87989649175141, 24.8799715964695]
nanosecondsPerTerm is 4.323160943932212
nanosecondsPerTerm is 4.346187417070426
nanosecondsPerTerm is 4.339935252484701
nanosecondsPerTerm is 4.30390158077291
25377.0131975821 232109.9376042557 25712.2809141961 210132.1569177486
923/931
[24.8799715964695, 24.8800467011876]
nanosecondsPerTerm is 4.324285905973866
nanosecondsPerTerm is 4.331582713622613
nanosecondsPerTerm is 4.300829400460918
nanosecondsPerTerm is 4.289454380097481
25724.8622831726 212778.5096601984 26070.13225608594 193918.992260855
11/931
[24.87989649175141, 24.87993404411046]
nanosecondsPerTerm is 4.377734825633741
nanosecondsPerTerm is 4.446317509938981
nanosecondsPerTerm is 4.359838353052134
nanosecondsPerTerm is 4.304442158262678
25370.88191597692 230532.5318658459 25537.25508040038 219187.4502829845
3/931
[24.87993404411046, 24.8799715964695]
nanosecondsPerTerm is 4.310868445082481
nanosecondsPerTerm is 4.352493867552316
nanosecondsPerTerm is 4.32517675858296
nanosecondsPerTerm is 4.285093707257818
25543.46240129572 220615.8202564442 25712.2809141961 210132.1569177486
926/931
[24.87993404411046, 24.87995282028998]
nanosecondsPerTerm is 4.4268587152735
nanosecondsPerTerm is 4.353234682849719
nanosecondsPerTerm is 4.305738058550978
nanosecondsPerTerm is 4.308491964728617
25540.29768913603 219885.3929897323 25624.38796260165 214560.0093666982
929/931
[24.87995282028998, 24.8799715964695]
nanosecondsPerTerm is 4.29917640000865
nanosecondsPerTerm is 4.419604472847157
nanosecondsPerTerm is 4.351924825274192
nanosecondsPerTerm is 4.286473043772187
25627.57234903924 215256.1254230287 25712.2809141961 210132.1569177486
3/931
Likely eigenvalue [24.87993404411046, 24.87995282028998]
D = 6
[24.89431103082371, 24.89671160019148]
nanosecondsPerTerm is 4.391812752763624
nanosecondsPerTerm is 4.348153273952991
nanosecondsPerTerm is 4.374024117985877
nanosecondsPerTerm is 4.32345086118715
10327.51885225052 7640.954414692777 8701.244228847536 6807.059940913152
38/931
[24.89671160019148, 24.89911216955925]
nanosecondsPerTerm is 4.359229328517032
nanosecondsPerTerm is 4.344770084294743
nanosecondsPerTerm is 4.385052969783116
nanosecondsPerTerm is 4.335905046959077
8123.910854415607 6349.365691988683 7117.200309766808 5778.369957177109
47/931
D = 6
[24.89911216955925, 24.90151181351057]
nanosecondsPerTerm is 4.331114494747839
nanosecondsPerTerm is 4.319723355937302
nanosecondsPerTerm is 4.382744925744138
nanosecondsPerTerm is 4.326384750241403
4015.937254917056 5824.270132916612 3935.962715495806 5335.406777703171
14/931
[24.90151181351057, 24.90391145746188]
nanosecondsPerTerm is 4.357933454293732
nanosecondsPerTerm is 4.328677844885843
nanosecondsPerTerm is 4.331953744825795
nanosecondsPerTerm is 4.362752391650754
3922.572374788107 5311.552870467671 3900.902016659254 4908.14876548042
9/931
D = 6
[24.94702205434811, 24.94941249293374]
nanosecondsPerTerm is 4.36639703130825
nanosecondsPerTerm is 4.311511351133364
nanosecondsPerTerm is 4.369828962880733
nanosecondsPerTerm is 4.364066626990012
20401.03998973201 41171.96429590383 22504.01234345107 25007.22840102922
95/936
[24.94941249293374, 24.95180293151937]
nanosecondsPerTerm is 4.372751946799937
nanosecondsPerTerm is 4.319377357007951
nanosecondsPerTerm is 4.311221523193131
nanosecondsPerTerm is 4.336072247816793
2705.651037848906 25412.79075558922 2777.926637511211 17279.74575016167
62/936
D = 6
[24.95658197731742, 24.95897058540625]
nanosecondsPerTerm is 4.311761983233385
nanosecondsPerTerm is 4.324075364752897
nanosecondsPerTerm is 4.370119769108182
nanosecondsPerTerm is 4.314006128544905
58552.17274215333 13457.08753572629 316405.4890561791 10575.60009313731
33/936
[24.95897058540625, 24.96135919349507]
nanosecondsPerTerm is 4.314737246085357
nanosecondsPerTerm is 4.30903510042491
nanosecondsPerTerm is 4.321372490520649
nanosecondsPerTerm is 4.312205356554853
14653.8441314612 4463.217921091893 11408.97698646235 4343.192881907724
76/936
D = 6
[24.97567988179359, 24.97806483937892]
nanosecondsPerTerm is 4.323634550349389
nanosecondsPerTerm is 4.361699826116213
nanosecondsPerTerm is 4.332906214485589
nanosecondsPerTerm is 4.330280084974884
4059.801162293724 2719.758044717288 4490.495229888124 3106.049042789808
44/938
[24.97806483937892, 24.98044979696425]
nanosecondsPerTerm is 4.386194791752355
nanosecondsPerTerm is 4.369604030662704
nanosecondsPerTerm is 4.323321083737055
nanosecondsPerTerm is 4.460285122714562
4113.9759086465 2806.179795274744 4600.268702257568 3238.702571687179
39/938
D = 6
[24.98044979696425, 24.98283384410136]
nanosecondsPerTerm is 4.310970532082302
nanosecondsPerTerm is 4.34863608147505
nanosecondsPerTerm is 4.304106992484749
nanosecondsPerTerm is 4.30455035886394
4021.547214055392 2924.474449225424 4739.744407437113 3409.177332247425
58/938
[24.98283384410136, 24.98521789123847]
nanosecondsPerTerm is 4.320100857396012
nanosecondsPerTerm is 4.307397417343365
nanosecondsPerTerm is 4.314494847798795
nanosecondsPerTerm is 4.320771507327009
3744.4253139759 2875.277164949335 4484.720167525656 3309.969598815652
83/938
D = 6
[24.98521789123847, 24.98760102879577]
nanosecondsPerTerm is 4.360258111750732
nanosecondsPerTerm is 4.356437632910485
nanosecondsPerTerm is 4.308129042766558
nanosecondsPerTerm is 4.314405040795505
3573.916317236962 3105.663927612025 4314.356806202562 3454.3612597205
102/938
[24.98760102879577, 24.98998416635306]
nanosecondsPerTerm is 4.373342298211336
nanosecondsPerTerm is 4.309590045510173
nanosecondsPerTerm is 4.313124192832988
nanosecondsPerTerm is 4.325897449317789
4287.337344131774 3450.522159335903 5351.621005746046 4010.526259947428
836/938
[24.98760102879577, 24.98879259757441]
nanosecondsPerTerm is 4.310925390070157
nanosecondsPerTerm is 4.30695042922178
nanosecondsPerTerm is 4.30205190326352
nanosecondsPerTerm is 4.312500225850228
4300.807078197702 3452.375613443645 4782.806474950817 3702.467383639645
893/938
[24.98879259757441, 24.98998416635306]
nanosecondsPerTerm is 4.305510742308596
nanosecondsPerTerm is 4.341693798144238
nanosecondsPerTerm is 4.300418461270921
nanosecondsPerTerm is 4.311121688960148
4766.923618978514 3698.496252113778 5351.621005746046 4010.526259947428
56/938
[24.98760102879577, 24.98819681318509]
nanosecondsPerTerm is 4.358795532350971
nanosecondsPerTerm is 4.367658115045297
nanosecondsPerTerm is 4.310272723152712
nanosecondsPerTerm is 4.306008249441149
4307.56677554645 3453.351172244766 4537.636171273186 3571.591392864689
23/938
[24.98819681318509, 24.98879259757441]
nanosecondsPerTerm is 4.322730640721624
nanosecondsPerTerm is 4.31472507260332
nanosecondsPerTerm is 4.298360477820842
nanosecondsPerTerm is 4.323373679501419
4530.301458082534 3570.097997169368 4782.806474950817 3702.467383639645
918/938
[24.98819681318509, 24.98849470537975]
nanosecondsPerTerm is 4.359324847967393
nanosecondsPerTerm is 4.349028693271762
nanosecondsPerTerm is 4.355479405781621
nanosecondsPerTerm is 4.347648184544155
4533.961479941821 3570.839577354429 4657.302059652002 3635.248185411519
930/938
[24.98849470537975, 24.98879259757441]
nanosecondsPerTerm is 4.294884872504883
nanosecondsPerTerm is 4.364563521550876
nanosecondsPerTerm is 4.289079177846788
nanosecondsPerTerm is 4.351911637747281
4653.488177787616 3634.373203097281 4782.806474950817 3702.467383639645
12/938
[24.98819681318509, 24.98834575928242]
nanosecondsPerTerm is 4.293808373557402
nanosecondsPerTerm is 4.299239560157083
nanosecondsPerTerm is 4.295037551780562
nanosecondsPerTerm is 4.284489912969051
4535.802662722948 3571.215362753148 4596.76875737501 3602.985650439746
3/938
[24.98834575928242, 24.98849470537975]
nanosecondsPerTerm is 4.295018673956997
nanosecondsPerTerm is 4.344242894836831
nanosecondsPerTerm is 4.278549645486492
nanosecondsPerTerm is 4.331979544865572
4594.88936592651 3602.576528303916 4657.302059652002 3635.248185411519
933/938
[24.98834575928242, 24.98842023233109]
nanosecondsPerTerm is 4.340867122103953
nanosecondsPerTerm is 4.348187967041316
nanosecondsPerTerm is 4.323206527272888
nanosecondsPerTerm is 4.310716155998336
4595.833515454201 3602.781832908875 4626.860992229592 3619.008004387495
1/938
[24.98842023233109, 24.98849470537975]
nanosecondsPerTerm is 4.297565667235654
nanosecondsPerTerm is 4.292325607804426
nanosecondsPerTerm is 4.323570083742967
nanosecondsPerTerm is 4.307513102849059
4625.907072515014 3618.794255604793 4657.302059652002 3635.248185411519
934/938
[24.98842023233109, 24.98845746885542]
nanosecondsPerTerm is 4.367915637659267
nanosecondsPerTerm is 4.299362282513827
nanosecondsPerTerm is 4.291497057591578
nanosecondsPerTerm is 4.340850069620469
4626.388665494273 3618.902111346947 4642.041100425873 3627.101530549118
2/938
[24.98845746885542, 24.98849470537975]
nanosecondsPerTerm is 4.288854261766041
nanosecondsPerTerm is 4.337487321595638
nanosecondsPerTerm is 4.328220302861729
nanosecondsPerTerm is 4.314507801066727
4641.557018918686 3626.991534109193 4657.302059652002 3635.248185411519
934/938
[24.98845746885542, 24.98847608711758]
nanosecondsPerTerm is 4.287551142122478
nanosecondsPerTerm is 4.28607586718177
nanosecondsPerTerm is 4.340265947229891
nanosecondsPerTerm is 4.279898805117281
4641.799048223666 3627.046515273821 4649.660257867122 3631.167935293217
0/938
[24.98847608711758, 24.98849470537975]
nanosecondsPerTerm is 4.285835831569941
nanosecondsPerTerm is 4.289011091802667
nanosecondsPerTerm is 4.282506609756738
nanosecondsPerTerm is 4.283353885869874
4649.417603648474 3631.112417818912 4657.302059652002 3635.248185411519
934/938
Likely eigenvalue [24.98847608711758, 24.98849470537975]
D = 6
[24.98998416635306, 24.99236639519761]
nanosecondsPerTerm is 4.360069478203917
nanosecondsPerTerm is 4.356917195462458
nanosecondsPerTerm is 4.359453617865277
nanosecondsPerTerm is 4.360373642168082
5314.30585889758 3998.323137890832 6934.665602853992 4867.655734305115
89/938
[24.99236639519761, 24.99474862404217]
nanosecondsPerTerm is 4.303052581644356
nanosecondsPerTerm is 4.311053394021521
nanosecondsPerTerm is 4.312993918623375
nanosecondsPerTerm is 4.312800807409275
4844.214382976525 4552.108801112955 6238.07908432505 5191.846253448611
128/938
D = 6
[24.99474862404217, 24.99712994503975]
nanosecondsPerTerm is 4.316850133345049
nanosecondsPerTerm is 4.358908585424178
nanosecondsPerTerm is 4.307373731328959
nanosecondsPerTerm is 4.329368636198456
5518.912531879394 5444.866834070829 7292.104498367345 6245.70406266483
144/938
[24.99712994503975, 24.99951126603732]
nanosecondsPerTerm is 4.312260508553836
nanosecondsPerTerm is 4.311054102996812
nanosecondsPerTerm is 4.315040315662857
nanosecondsPerTerm is 4.31514643859303
7241.119248517916 6255.16366205045 10657.68713043972 7718.405271847057
162/938
memory leak= { -26989 -84710 0 0 2282508 -13616180 }
mode = fine
d = 19
symClass = D
D = 0
D = 16
[11.04547104717679, 11.04556624902246]
nanosecondsPerTerm is 4.681855699575381
nanosecondsPerTerm is 4.675686596060741
nanosecondsPerTerm is 4.650861483357035
nanosecondsPerTerm is 4.649913244618259
7954.833613350813 7626.776046395817 7969.957629724588 7636.494019923742
11.04547104717679
11.04556624902246
Segmentation fault (core dumped)
