/mmfs1/data/mossea/Documents/bianchi-maass-forms/cmake-build-release
c100
Tue Feb  4 13:50:40 EST 2025
mode = coarse
d = 19
symClass = D
D = 0
leftEndpoint = -0.4
rightEndpoint = 25
Range already complete.
mode = medium
d = 19
symClass = D
D = 0
Range already complete.
mode = fine
d = 19
symClass = D
D = 0
D = 16
[12.18739097531327, 12.18746914385852]
2051.714681656417 2083.609145174491 2049.691115827595 2081.236509077151
12.18739097531327
12.18746914385852
ZERO SIGN CHANGES DETECTED. CONDUCT FURTHER INVESTIGATION
[12.18739097531327, 12.18746914385852]
!!!!!!!!!!!!!!!!!!!!!!!!!!!!!!!!!!!!!!!!!!!!!!!!!!!!!!!!!!!!!!!!!
D = 16
[12.18746914385852, 12.18754731240377]
2049.742669564708 2081.328089291954 2047.735974606876 2078.972912312155
12.18746914385852
12.18754731240377
12.18751000050676
1/1291, 1/1291
Sign changes no longer useful, stopping.
D = 16
[12.19262826784483, 12.19270643639007]
1996.159250003801 2040.757533893832 1994.593218556752 2038.81469115142
12.19262826784483
12.19270643639007
12.19268028442978
0/1292, 1/1292
Sign changes no longer useful, stopping.
D = 16
[12.647603709209, 12.64767648327517]
19678.08755579587 23131.17730680274 19544.35599180213 22909.92492578199
12.647603709209
12.64767648327517
12.64761007957014
1319/1321, 13/1321
12.64761005044949
1319/1321, 0/1321
12.64761005042175
0/1321, 1319/1321
12.64761005043561
636/1321, 685/1321
Sign changes no longer useful, stopping.
D = 16
[13.11045846076753, 13.11052614170764]
21673.61355917829 31787.18970786774 21653.85116312436 31484.09590304173
13.11045846076753
13.11052614170764
13.11048814497843
1347/1348, 1/1348
13.11048796651007
1347/1348, 0/1348
13.11048796483115
0/1348, 1347/1348
13.11048796566661
835/1348, 512/1348
Sign changes no longer useful, stopping.
D = 16
[13.13085458363024, 13.13092208620538]
26576.6510797626 31762.68425368595 26578.05142773156 31733.2210186124
13.13085458363024
13.13092208620538
13.13089445380194
1347/1348, 2/1348
13.1308943008868
1347/1348, 0/1348
13.13089429919637
0/1348, 1347/1348
13.13089430003687
1311/1348, 36/1348
13.13089430003683
39/1348, 1282/1348
13.13089430003684
112/1348, 1197/1348
13.13089430003686
60/1348, 1211/1348
13.13089430003687
1165/1348, 59/1348
Reached final precision, stopping.
D = 16
[13.27977643280911, 13.2798423813401]
42702.43826964652 3548.557512704775 43434.60638653234 3557.612380588196
13.27977643280911
13.2798423813401
13.27979014452727
1/1363, 1362/1363
13.27979030358416
0/1363, 1362/1363
13.27979030727606
1362/1363, 0/1363
13.27979030545185
1170/1363, 192/1363
13.27979030545185
78/1363, 1094/1363
Reached final precision, stopping.
D = 16
[13.39012770523907, 13.3901925052397]
75021.5912989323 8779.735332272272 73562.84171681106 8766.531734160348
13.39012770523907
13.3901925052397
13.39012892745287
1365/1366, 5/1366
13.3901289064739
1362/1366, 3/1366
13.39012890645999
2/1366, 1360/1366
13.39012890646693
554/1366, 806/1366
Sign changes no longer useful, stopping.
D = 16
[13.62779057708914, 13.62785322300342]
79680.75135771881 23463.90692547537 82433.62328631163 23929.94237950441
13.62779057708914
13.62785322300342
13.62781045444729
1375/1383, 16/1383
13.62781044073593
1375/1383, 0/1383
13.62781044072145
7/1383, 1382/1383
13.62781044072869
797/1383, 585/1383
Sign changes no longer useful, stopping.
D = 16
[13.87134781053197, 13.8714082021918]
67992.10918662536 14388.81954120948 67958.83122077242 14362.6598151557
13.87134781053197
13.8714082021918
13.87135773275087
1400/1402, 2/1402
13.87135772786043
1399/1402, 3/1402
13.87135772785951
1/1402, 1398/1402
13.87135772785997
258/1402, 1144/1402
13.87135772785997
1052/1402, 96/1402
Reached final precision, stopping.
D = 16
[14.05257477717261, 14.05263360586634]
4501.60935734342 4222.782310060995 4517.296590284994 4221.754163152243
14.05257477717261
14.05263360586634
14.05262333109422
0/1411, 1410/1411
14.05262337105914
0/1411, 1410/1411
14.05262337112516
1410/1411, 0/1411
14.05262337109218
1020/1411, 390/1411
14.05262337109217
184/1411, 914/1411
Reached final precision, stopping.
D = 16
[14.29974409130268, 14.29980098582311]
30933.87121695892 8104.2896409545 30585.04624944674 8106.985128683545
14.29974409130268
14.29980098582311
14.29977593631913
1427/1430, 1/1430
14.29977586400183
1427/1430, 0/1430
14.29977586358201
2/1430, 1429/1430
14.29977586379131
707/1430, 722/1430
Sign changes no longer useful, stopping.
D = 16
[14.3640347550583, 14.36409107713842]
19065.56969527249 61797.52645647306 19057.10825856778 61688.91771920389
14.3640347550583
14.36409107713842
ZERO SIGN CHANGES DETECTED. CONDUCT FURTHER INVESTIGATION
[14.3640347550583, 14.36409107713842]
!!!!!!!!!!!!!!!!!!!!!!!!!!!!!!!!!!!!!!!!!!!!!!!!!!!!!!!!!!!!!!!!!
D = 16
[14.38462698498528, 14.38468319429771]
63428.37735641019 89230.75607268942 63017.34969564463 88798.49165762424
14.38462698498528
14.38468319429771
ZERO SIGN CHANGES DETECTED. CONDUCT FURTHER INVESTIGATION
[14.38462698498528, 14.38468319429771]
!!!!!!!!!!!!!!!!!!!!!!!!!!!!!!!!!!!!!!!!!!!!!!!!!!!!!!!!!!!!!!!!!
D = 16
[14.41008729225449, 14.41014327771534]
20690.84353257952 26233.47979803424 20654.09664801688 26072.50213390692
14.41008729225449
14.41014327771534
14.41009173699434
1432/1433, 1/1433
14.41009172534033
1431/1433, 1/1433
14.4100917253351
1/1433, 1430/1433
14.41009172533771
301/1433, 1129/1433
14.41009172533772
778/1433, 351/1433
Reached final precision, stopping.
D = 16
[14.42440468380024, 14.42446055816831]
28535.44756261678 46961.69570036119 28635.20646898356 47080.52261135438
14.42440468380024
14.42446055816831
14.4244585739126
2/1436, 1435/1436
14.42445858491363
1/1436, 1434/1436
14.42445858491818
1434/1436, 0/1436
14.42445858491591
1025/1436, 409/1436
14.42445858491591
121/1436, 910/1436
Reached final precision, stopping.
D = 16
[14.68096038829332, 14.68101435292455]
13373.39876310907 8406.535348977475 13303.15227205132 8406.775761691826
14.68096038829332
14.68101435292455
14.68099660729104
1453/1455, 1/1455
14.68099657523689
1453/1455, 0/1455
14.68099657512075
1/1455, 1454/1455
14.68099657517871
928/1455, 526/1455
Sign changes no longer useful, stopping.
D = 16
[14.83515790717058, 14.83521068614542]
83198.40672186496 8507.79235393853 81404.5304004315 8526.603306263753
14.83515790717058
14.83521068614542
14.8351939531947
1455/1463, 2/1463
14.83519375631805
1455/1463, 0/1463
14.83519375166816
7/1463, 1462/1463
14.83519375396517
1118/1463, 344/1463
14.83519375396517
494/1463, 624/1463
Sign changes no longer useful, stopping.
D = 16
[15.01934693654676, 15.01939846644944]
3589.659099445799 4317.259828610628 3581.871875977492 4306.768109283642
15.01934693654676
15.01939846644944
15.01937273513762
0/1472, 1471/1472
15.0193727383332
13/1472, 1458/1472
15.01937273833401
1442/1472, 16/1472
15.0193727383336
1164/1472, 291/1472
15.01937273833359
193/1472, 1046/1472
15.0193727383336
848/1472, 373/1472
Reached final precision, stopping.
D = 16
[15.1174954621399, 15.11754636801363]
11078.38799013274 6293.503687767025 11017.32134449525 6305.388542771476
15.1174954621399
15.11754636801363
15.11754229849927
1479/1480, 0/1480
15.11754228976057
1479/1480, 0/1480
15.11754228972302
0/1480, 1479/1480
15.11754228974176
573/1480, 906/1480
Sign changes no longer useful, stopping.
D = 16
[15.26992372578635, 15.26997360458378]
16702.78743174342 7656.467585574284 16648.95409931719 7691.707626887725
15.26992372578635
15.26997360458378
15.26992520980313
1496/1497, 1/1497
15.26992520577976
1496/1497, 0/1497
15.26992520577909
4/1497, 1492/1497
15.26992520577943
1028/1497, 466/1497
Sign changes no longer useful, stopping.
D = 16
[15.44889517369835, 15.44894391752024]
33893.42324441478 41217.62717702978 33836.5819779921 41068.09336892862
15.44889517369835
15.44894391752024
15.44893361988354
1504/1508, 0/1508
15.44893353454049
1504/1508, 0/1508
15.44893353312649
3/1508, 1507/1508
15.44893353382757
153/1508, 1353/1508
15.4489335338276
862/1508, 676/1508
Sign changes no longer useful, stopping.
D = 16
[15.53828935476234, 15.53833747841533]
7112.429137044331 8583.059868364084 7102.283607331696 8564.049441728388
15.53828935476234
15.53833747841533
15.53829226955297
0/1514, 1513/1514
15.53829227114467
4/1514, 1509/1514
15.53829227114639
1503/1514, 10/1514
15.53829227114553
719/1514, 796/1514
Sign changes no longer useful, stopping.
D = 16
[15.60702935638215, 15.60707710232088]
32550.16692675307 15078.16734961966 33470.40582770928 15139.12618077238
15.60702935638215
15.60707710232088
15.60706164861605
1/1516, 1/1516
Sign changes no longer useful, stopping.
D = 16
[15.63456723944765, 15.63461476228859]
17249.61569054052 29817.20865415577 17036.80920493981 30274.30800597289
15.63456723944765
15.63461476228859
15.63458953211408
4/1518, 1515/1518
15.63458971435667
0/1518, 1515/1518
15.63458971734148
1517/1518, 2/1518
15.63458971586149
98/1518, 1419/1518
15.63458971586149
1110/1518, 308/1518
Reached final precision, stopping.
D = 16
[15.7492386443017, 15.74928551318753]
5580.639205128988 13302.88028380955 5582.680136284463 13272.38679142686
15.7492386443017
15.74928551318753
15.74926144447434
1525/1526, 0/1526
15.74926143446428
1525/1526, 0/1526
15.74926143445597
0/1526, 1525/1526
15.74926143446013
470/1526, 1055/1526
Sign changes no longer useful, stopping.
D = 16
[15.79256640396206, 15.79261298934789]
10652.62614631557 12212.41917479252 10685.55850823193 12221.51466093842
15.79256640396206
15.79261298934789
15.79260765371317
3/1528, 1526/1528
15.79260766030044
2/1528, 1524/1528
15.79260766030256
1524/1528, 0/1528
15.7926076603015
1091/1528, 433/1528
15.7926076603015
211/1528, 892/1528
Reached final precision, stopping.
D = 16
[15.89468014523153, 15.89472617626205]
192211.4297221102 45972.74907691865 191679.4958005826 44849.41819377435
15.89468014523153
15.89472617626205
15.89469904213157
0/1537, 1/1537
Sign changes no longer useful, stopping.
D = 16
[15.93854725271594, 15.93859301269248]
9402.034769348755 8807.919835266053 9420.951388024832 8812.276012286758
15.93854725271594
15.93859301269248
15.93857259149013
1/1538, 1/1538
Sign changes no longer useful, stopping.
D = 16
[15.95203536739025, 15.95208106022494]
4416.032620474746 20700.08792105241 4410.660324458331 20875.08996821812
15.95203536739025
15.95208106022494
ZERO SIGN CHANGES DETECTED. CONDUCT FURTHER INVESTIGATION
[15.95203536739025, 15.95208106022494]
!!!!!!!!!!!!!!!!!!!!!!!!!!!!!!!!!!!!!!!!!!!!!!!!!!!!!!!!!!!!!!!!!
D = 16
[15.99622537464621, 15.99627080135667]
14243.64450870868 8119.187224635355 14189.41961333906 8142.581641626727
15.99622537464621
15.99627080135667
15.99624589951895
1546/1547, 5/1547
15.99624589902617
1496/1547, 50/1547
15.99624589902615
99/1547, 1403/1547
15.99624589902616
910/1547, 657/1547
Sign changes no longer useful, stopping.
D = 16
[16.12252363375604, 16.12256834816882]
8058.641474516557 41328.75131633037 8060.322984234164 41421.21926839734
16.12252363375604
16.12256834816882
16.12255642424736
0/1551, 1550/1551
16.12255643290657
1/1551, 1549/1551
16.12255643291114
1548/1551, 1/1551
16.12255643290885
521/1551, 1027/1551
Sign changes no longer useful, stopping.
D = 16
[16.17107966224545, 16.17112412449375]
15920.63141591784 40339.20524495067 15900.60266547192 40527.25648987799
16.17107966224545
16.17112412449375
16.17111727732586
1/1554, 1553/1554
16.17111728801289
0/1554, 1553/1554
16.17111728801896
1552/1554, 1/1554
16.17111728801592
489/1554, 1065/1554
Sign changes no longer useful, stopping.
D = 16
[16.36748376650372, 16.36752713653019]
9132.513075130908 7416.963622263962 9125.21402858844 7431.238143085708
16.36748376650372
16.36752713653019
16.36749774998242
0/1568, 1564/1568
16.36749775658398
0/1568, 1564/1568
16.36749775659014
1565/1568, 3/1568
16.36749775658706
1023/1568, 542/1568
Sign changes no longer useful, stopping.
D = 16
[16.59929040207107, 16.59933257917909]
54473.67871623232 16123.49324524909 52565.52228344358 16376.35551583048
16.59929040207107
16.59933257917909
16.5992912655497
1583/1584, 0/1584
16.59929124527651
1583/1584, 0/1584
16.5992912452562
0/1584, 1583/1584
16.59929124526635
1521/1584, 62/1584
16.59929124526635
1523/1584, 6/1584
16.59929124526635
26/1584, 1521/1584
Reached final precision, stopping.
D = 16
[16.72565631805584, 16.72569784940869]
41597.49060774468 80845.38882136608 43299.69423250935 81396.55250130635
16.72565631805584
16.72569784940869
16.72567937985412
1/1596, 1/1596
Sign changes no longer useful, stopping.
D = 16
[16.72665307052422, 16.72669460187707]
115497.9218770876 91697.67794320446 131034.4241571946 92378.48162032061
16.72665307052422
16.72669460187707
16.72665779661114
1593/1596, 15/1596
16.72665767029214
1593/1596, 0/1596
16.72665766954943
2/1596, 1595/1596
16.72665766991966
535/1596, 1060/1596
Sign changes no longer useful, stopping.
D = 16
[16.72835585599105, 16.7283973873439]
30469.23486038431 14416.8190055532 29417.5809178938 14562.68433605693
16.72835585599105
16.7283973873439
16.72839293677612
2/1596, 2/1596
Sign changes no longer useful, stopping.
D = 16
[16.73275817939307, 16.73279971074592]
9621.125736925434 43808.91734507067 9500.310541145665 45956.1743726542
16.73275817939307
16.73279971074592
16.73277450273771
6/1596, 7/1596
Sign changes no longer useful, stopping.
D = 16
[16.73744900878268, 16.73749048743357]
7503.743084828716 493753.8328571976 7426.489668003523 1192499.299763309
16.73744900878268
16.73749048743357
16.73746422861351
4/1596, 6/1596
Sign changes no longer useful, stopping.
D = 16
[16.74221905363484, 16.74226053228573]
6760.929852727102 20611.73584061136 6696.861531576325 20522.76698468539
16.74221905363484
16.74226053228573
16.7422427918141
1/1596, 0/1596
Sign changes no longer useful, stopping.
D = 16
[17.0113007575881, 17.01134092219176]
40842.12580515903 22656.20021241047 40835.53172530362 22898.50161226194
17.0113007575881
17.01134092219176
17.01132460117334
2/1614, 1610/1614
17.011324700413
0/1614, 1610/1614
17.0113247012399
1613/1614, 3/1614
17.01132470082819
547/1614, 1066/1614
Sign changes no longer useful, stopping.
D = 16
[17.033927050389, 17.03396711818617]
238737.2835079219 4458.615391154363 222985.1640014752 4458.684091163899
17.033927050389
17.03396711818617
17.03394218709128
1615/1616, 1/1616
17.03394157749117
1615/1616, 0/1616
17.03394154770199
0/1616, 1615/1616
17.03394156220785
1615/1616, 0/1616
17.03394156220747
21/1616, 1594/1616
17.03394156220748
1575/1616, 19/1616
Reached final precision, stopping.
D = 16
[17.07995785785348, 17.0799976861651]
5903.612305932579 10196.01529404966 5901.417760959475 10179.70346781824
17.07995785785348
17.0799976861651
17.07999030393483
1619/1621, 0/1621
17.07999030075987
1619/1621, 2/1621
17.07999030075714
2/1621, 1617/1621
17.0799903007585
585/1621, 1032/1621
Sign changes no longer useful, stopping.
D = 16
[17.12019020735905, 17.12022984663991]
32846.13283388184 353743.5575191032 33166.61499628444 349535.8059123575
17.12019020735905
17.12022984663991
17.12020752260354
1615/1621, 1/1621
17.12020736155781
1616/1621, 1/1621
17.12020735925208
4/1621, 1620/1621
17.12020736039655
1326/1621, 294/1621
17.12020736039655
81/1621, 1245/1621
Reached final precision, stopping.
D = 16
[17.16023409234672, 17.16027359131832]
26883.55459373205 27055.09896511451 26885.09769161548 27441.16067135444
17.16023409234672
17.16027359131832
17.1602698087673
1/1623, 1622/1623
17.16026985896196
0/1623, 1622/1623
17.16026985910321
1622/1623, 0/1623
17.16026985903268
141/1623, 1481/1623
17.16026985903268
0/1623, 1481/1623
17.16026985903269
1441/1623, 62/1623
Reached final precision, stopping.
D = 16
[17.36129268420067, 17.36133123464289]
63392.65389085747 90659.99538888976 63428.10400874257 93299.25525404846
17.36129268420067
17.36133123464289
17.36132496374259
3/1639, 1638/1639
17.36132507428307
0/1639, 1638/1639
17.36132507504793
1638/1639, 0/1639
17.36132507466685
787/1639, 851/1639
Sign changes no longer useful, stopping.
D = 16
[17.50939802866868, 17.50943593554219]
93086.8563487738 92020.30208913525 93189.01003956355 91731.69887980638
17.50939802866868
17.50943593554219
17.50941287855865
1/1649, 1646/1649
17.50941290038014
0/1649, 1646/1649
17.50941290044445
1648/1649, 2/1649
17.50941290041234
739/1649, 909/1649
Sign changes no longer useful, stopping.
D = 16
[17.54387352040985, 17.54391130176959]
42110.15529005558 31236.3456520232 42208.42017388956 31252.29374923927
17.54387352040985
17.54391130176959
17.54390019460883
1/1652, 1650/1652
17.54390022037684
0/1652, 1650/1652
17.54390022042717
1651/1652, 1/1652
17.54390022040203
340/1652, 1311/1652
17.54390022040203
0/1652, 1311/1652
17.54390022040203
1152/1652, 161/1652
Reached final precision, stopping.
D = 16
[17.58671228942059, 17.58674986388144]
63723.78510366526 4791.272021823955 64028.05133327107 4793.029133702
17.58671228942059
17.58674986388144
17.5867191797171
0/1654, 1653/1654
17.5867191968024
0/1654, 1653/1654
17.5867191968872
1653/1654, 0/1654
17.58671919684491
107/1654, 1545/1654
17.58671919684491
1194/1654, 363/1654
Reached final precision, stopping.
D = 16
[17.67835581899777, 17.67839302807978]
4651.457755393945 12455.29160806762 4642.783942795492 12448.78427912898
17.67835581899777
17.67839302807978
17.67838686141999
1657/1658, 0/1658
17.67838683507789
1657/1658, 0/1658
17.67838683485276
0/1658, 1657/1658
17.67838683496484
1190/1658, 467/1658
17.67838683496484
1190/1658, 0/1658
17.67838683496484
139/1658, 1051/1658
Reached final precision, stopping.
D = 16
[17.72865164248358, 17.72868861286427]
44469.81900751912 66230.68805417512 44376.12251762977 66058.55379443188
17.72865164248358
17.72868861286427
ZERO SIGN CHANGES DETECTED. CONDUCT FURTHER INVESTIGATION
[17.72865164248358, 17.72868861286427]
!!!!!!!!!!!!!!!!!!!!!!!!!!!!!!!!!!!!!!!!!!!!!!!!!!!!!!!!!!!!!!!!!
D = 16
[17.83614474460821, 17.83618128714893]
8432.032136500598 13104.77254779494 8457.051664034583 13113.78262254253
17.83614474460821
17.83618128714893
17.83616211999104
0/1668, 1666/1668
17.83616215351002
0/1668, 1666/1668
17.83616215363965
1667/1668, 1/1668
17.83616215357496
947/1668, 720/1668
Sign changes no longer useful, stopping.
D = 16
[17.9607926181443, 17.96082867069909]
23552.93040003779 9035.041967592899 23668.01192676265 9046.55809319837
17.9607926181443
17.96082867069909
17.96082796624349
0/1678, 1677/1678
17.96082796847405
22/1678, 1655/1678
17.96082796847433
1629/1678, 26/1678
17.96082796847419
609/1678, 1020/1678
Sign changes no longer useful, stopping.
D = 16
[17.99776160748709, 17.99779751255606]
7858.134067419627 67849.90982286519 7829.427064991926 68669.05361265193
17.99776160748709
17.99779751255606
17.99779564453664
5/1678, 1677/1678
17.99779564616964
225/1678, 1452/1678
17.99779564616981
1263/1678, 189/1678
17.99779564616972
659/1678, 604/1678
Sign changes no longer useful, stopping.
D = 16
[18.11347230344436, 18.11350773941333]
47580.37788281504 6215.735514537549 48142.98187652464 6207.921420070598
18.11347230344436
18.11350773941333
18.11349525667318
0/1690, 1689/1690
18.11349532665925
0/1690, 1689/1690
18.11349532708709
1689/1690, 0/1690
18.11349532687383
1115/1690, 574/1690
Sign changes no longer useful, stopping.
D = 16
[18.2380048325762, 18.2380397801446]
56348.39210607533 4885.973367442959 56520.08443251024 4873.595900895005
18.2380048325762
18.2380397801446
ZERO SIGN CHANGES DETECTED. CONDUCT FURTHER INVESTIGATION
[18.2380048325762, 18.2380397801446]
!!!!!!!!!!!!!!!!!!!!!!!!!!!!!!!!!!!!!!!!!!!!!!!!!!!!!!!!!!!!!!!!!
D = 16
[18.31827813948358, 18.31831278184307]
7668.306526742394 7314.152471257945 7675.758452627897 7317.222650115489
18.31827813948358
18.31831278184307
18.31828901968339
1/1707, 0/1707
Sign changes no longer useful, stopping.
D = 16
[18.32468530089539, 18.324719909753]
8374.559584378378 8100.676696828203 8384.112456185037 8105.538971331025
18.32468530089539
18.324719909753
18.32469334534063
2/1707, 3/1707
Sign changes no longer useful, stopping.
D = 16
[18.46161638523753, 18.46165050110069]
18160.84134701657 285084.5722914438 18153.90592497415 294025.5108756513
18.46161638523753
18.46165050110069
18.46163424563945
0/1715, 1714/1715
18.46163449672833
0/1715, 1714/1715
18.46163450378754
1714/1715, 0/1715
18.46163450030905
167/1715, 1547/1715
18.46163450030905
1173/1715, 374/1715
Reached final precision, stopping.
D = 16
[18.69218970973497, 18.69222298089177]
287369.3142481484 609191.8131041043 284154.636529383 592622.7345076505
18.69218970973497
18.69222298089177
18.6922057054338
1731/1733, 1/1733
18.69220531070132
1731/1733, 0/1733
18.692205292848
1/1733, 1732/1733
18.69220530156293
1728/1733, 4/1733
18.69220530156281
148/1733, 1580/1733
18.69220530156282
148/1733, 1432/1733
18.69220530156282
1136/1733, 296/1733
Reached final precision, stopping.
D = 16
[18.69531719847445, 18.69535046963125]
189215.3393113669 236027.0848621017 188434.5288656719 244311.8236542908
18.69531719847445
18.69535046963125
18.6953423531222
4/1734, 1733/1734
18.69534253210241
0/1734, 1733/1734
18.69534253464652
1733/1734, 0/1734
18.69534253338378
371/1734, 1362/1734
18.69534253338378
716/1734, 645/1734
Sign changes no longer useful, stopping.
D = 16
[18.94517128046919, 18.94520367198617]
83142.16821402188 7949.649454012809 84792.51832593794 7946.758157722394
18.94517128046919
18.94520367198617
18.94518381305232
1/1750, 1/1750
Sign changes no longer useful, stopping.
D = 16
[18.95789185807138, 18.957924192999]
54820.27755292936 11045.53880267914 54422.01078922269 11052.74148558572
18.95789185807138
18.957924192999
18.9579195748302
1/1750, 0/1750
Sign changes no longer useful, stopping.
D = 16
[19.00618968335564, 19.00622187788462]
30862.4360977596 24035.40953917453 30629.53352157995 23893.7473019398
19.00618968335564
19.00622187788462
19.0062151135543
1749/1754, 1/1754
19.00621499229051
1749/1754, 0/1754
19.00621498795014
4/1754, 1753/1754
19.00621499008059
1309/1754, 444/1754
19.00621499008059
1089/1754, 220/1754
19.00621499008057
310/1754, 779/1754
Sign changes no longer useful, stopping.
D = 16
[19.0221056802892, 19.02213781908415]
10563.07258997352 14783.02646168779 10562.76873366497 14740.97636159834
19.0221056802892
19.02213781908415
19.02211926502522
1/1754, 1/1754
Sign changes no longer useful, stopping.
D = 16
[19.06243573597487, 19.06246773648372]
142378.673146504 1031136.147892608 138736.3582962493 934365.568256953
19.06243573597487
19.06246773648372
19.06245681512902
1752/1757, 0/1757
19.06245595909266
1752/1757, 0/1757
19.06245582633471
4/1757, 1756/1757
19.06245588689757
1756/1757, 0/1757
19.06245588688047
895/1757, 861/1757
Sign changes no longer useful, stopping.
D = 16
[19.24083970394453, 19.24087111321967]
8331.514981468765 27066.46053373591 8342.589554217917 27160.581152087
19.24083970394453
19.24087111321967
19.24085959693606
0/1770, 1768/1770
19.24085960408053
3/1770, 1767/1770
19.24085960408566
1766/1770, 1/1770
19.2408596040831
854/1770, 912/1770
Sign changes no longer useful, stopping.
D = 16
[19.4563386799232, 19.45636939971509]
31973.05015696092 12499.1916440435 31873.40207440284 12435.30019197956
19.4563386799232
19.45636939971509
19.45636921367648
1784/1785, 0/1785
19.45636921299567
1784/1785, 0/1785
19.45636921299068
0/1785, 1784/1785
19.45636921299317
409/1785, 1375/1785
19.45636921299317
1189/1785, 190/1785
Reached final precision, stopping.
D = 16
[19.53954105252005, 19.53957150209278]
30925.62280154206 38498.89067530297 31152.90414633599 38417.85129479515
19.53954105252005
19.53957150209278
19.5395689406101
1784/1789, 0/1789
19.53956893233576
1784/1789, 0/1789
19.53956893228263
4/1789, 1788/1789
19.53956893230911
1343/1789, 445/1789
19.5395689323091
737/1789, 682/1789
Sign changes no longer useful, stopping.
D = 16
[19.58947067780796, 19.58950098247349]
81262.98270114305 345194.2978966074 83107.71525705011 339681.4627426001
19.58947067780796
19.58950098247349
19.58947738549172
1794/1795, 1/1795
19.58947733326777
1794/1795, 0/1795
19.58947733303165
0/1795, 1794/1795
19.58947733314944
1523/1795, 271/1795
19.58947733314944
1494/1795, 29/1795
19.58947733314943
533/1795, 961/1795
Reached final precision, stopping.
D = 16
[19.59122705327795, 19.59125733395958]
221332.8385354626 108515.1358659456 221312.7476854378 107984.2512631954
19.59122705327795
19.59125733395958
19.59123132410973
1/1795, 1792/1795
19.59123141486285
0/1795, 1792/1795
19.59123141871012
1794/1795, 2/1795
19.59123141682828
951/1795, 843/1795
Sign changes no longer useful, stopping.
D = 16
[19.59152986009422, 19.59156014077585]
222952.59140928 103570.8960439793 223334.2048172923 103093.0586717333
19.59152986009422
19.59156014077585
19.59155362861105
0/1795, 2/1795
Sign changes no longer useful, stopping.
D = 16
[19.69381795577408, 19.69384792892435]
36087.01108299317 7911.811147864066 36420.54914611478 7901.891186944361
19.69381795577408
19.69384792892435
19.69382345180444
2/1802, 1795/1802
19.6938234869864
0/1802, 1795/1802
19.69382348743676
1801/1802, 6/1802
19.69382348721303
1223/1802, 578/1802
Sign changes no longer useful, stopping.
D = 16
[19.70014028377992, 19.70017023359646]
21596.21252028492 30625.45992926693 21694.56825760095 30847.38199705468
19.70014028377992
19.70017023359646
ZERO SIGN CHANGES DETECTED. CONDUCT FURTHER INVESTIGATION
[19.70014028377992, 19.70017023359646]
!!!!!!!!!!!!!!!!!!!!!!!!!!!!!!!!!!!!!!!!!!!!!!!!!!!!!!!!!!!!!!!!!
D = 16
[19.70295556653486, 19.7029855163514]
14778.18001952943 116865.912176865 14670.89693201683 120950.5951099092
19.70295556653486
19.7029855163514
19.70295620067817
1/1803, 2/1803
Sign changes no longer useful, stopping.
D = 16
[19.8460985720962, 19.84612808703253]
9461.652684626813 18423.19756104512 9479.423107684897 18323.74982358293
19.8460985720962
19.84612808703253
19.84611206368413
1814/1815, 0/1815
19.84611205770349
1814/1815, 0/1815
19.846112057699
0/1815, 1814/1815
19.84611205770125
877/1815, 937/1815
Sign changes no longer useful, stopping.
D = 16
[19.88953771743027, 19.88956709828797]
9514.824930902741 14868.89179684193 9514.805217727862 14933.0906387441
19.88953771743027
19.88956709828797
19.88955196276097
0/1819, 1817/1819
19.88955196440771
3/1819, 1814/1819
19.88955196440809
1812/1819, 2/1819
19.8895519644079
639/1819, 1171/1819
Sign changes no longer useful, stopping.
D = 16
[19.95283894361186, 19.95286814804599]
16754.8435401941 18165.98315570431 16819.92680707504 18258.55941725382
19.95283894361186
19.95286814804599
19.9528578241128
1/1823, 1822/1823
19.95285785856829
0/1823, 1822/1823
19.95285785869414
1822/1823, 0/1823
19.95285785863133
883/1823, 939/1823
Sign changes no longer useful, stopping.
D = 16
[20.13916922610759, 20.1391978958555]
111031.4330219435 29373.82715858181 111600.2123696783 29477.07085803134
20.13916922610759
20.1391978958555
20.13917248839171
0/1841, 1839/1841
20.13917249781424
0/1841, 1839/1841
20.13917249786869
1840/1841, 1/1841
20.13917249784154
1195/1841, 645/1841
Sign changes no longer useful, stopping.
D = 16
[20.23495985628524, 20.23498825751815]
15770530.34524892 240558.7054975894 8575334.125552161 239753.9415266775
20.23495985628524
20.23498825751815
20.23498452448656
1842/1844, 0/1844
20.23498304144441
1842/1844, 0/1844
20.23498189330338
1/1844, 1843/1844
20.23498206867939
1843/1844, 0/1844
20.23498206566509
1843/1844, 0/1844
20.23498206564642
0/1844, 1843/1844
20.23498206565572
1753/1844, 90/1844
20.23498206565572
1753/1844, 0/1844
20.23498206565572
1753/1844, 0/1844
20.23498206565572
1753/1844, 0/1844
20.23498206565572
7/1844, 1746/1844
Reached final precision, stopping.
D = 16
[20.23748579162893, 20.2375141724666]
66185.4780795556 135845.5064154104 67143.45483516484 133957.786638422
20.23748579162893
20.2375141724666
20.23750570497647
1/1844, 0/1844
Sign changes no longer useful, stopping.
D = 16
[20.29480121933476, 20.29482943831847]
25206.330842867 93597.45073862537 24954.83614400082 93383.32119882622
20.29480121933476
20.29482943831847
20.2948069874362
1847/1848, 3/1848
20.29480698383848
1847/1848, 0/1848
20.29480698383735
1/1848, 1846/1848
20.29480698383792
1737/1848, 109/1848
20.29480698383792
1737/1848, 0/1848
20.29480698383791
88/1848, 1649/1848
Reached final precision, stopping.
D = 16
[20.31915740037498, 20.31918555925613]
14827.3760761469 27456.86863002291 14869.15715614131 27385.60507686098
20.31915740037498
20.31918555925613
20.31918212259251
1844/1849, 1/1849
20.31918212039115
1846/1849, 6/1849
20.31918212038831
9/1849, 1837/1849
20.31918212038973
761/1849, 1076/1849
Sign changes no longer useful, stopping.
D = 16
[20.38810358715455, 20.38813154798267]
21320.03252156068 44300.28739922884 21316.94796222732 43894.94014375247
20.38810358715455
20.38813154798267
20.38811931984409
4/1853, 4/1853
Sign changes no longer useful, stopping.
D = 16
[20.46197403584569, 20.46200180206689]
9319.885919113234 52728.99191467293 9343.843430440947 53215.66229609351
20.46197403584569
20.46200180206689
20.46199821505311
2/1862, 1860/1862
20.46199823741505
1/1862, 1861/1862
20.4619982374564
1860/1862, 1/1862
20.46199823743575
808/1862, 1052/1862
Sign changes no longer useful, stopping.
D = 16
[20.55668517140455, 20.55671268963302]
19227.52764904037 11357.55403585672 19224.50658048753 11412.4856649844
20.55668517140455
20.55671268963302
20.55669751245977
0/1868, 1865/1868
20.55669751964891
1/1868, 1864/1868
20.55669751965725
1865/1868, 1/1868
20.55669751965308
874/1868, 993/1868
Sign changes no longer useful, stopping.
D = 16
[20.66183774488418, 20.66186498374474]
32401.96721546845 12085.61515874641 32758.26495671488 12128.35680215189
20.66183774488418
20.66186498374474
20.66184212014962
0/1875, 1873/1875
20.66184217798389
0/1875, 1873/1875
20.66184217951175
1874/1875, 1/1875
20.66184217875808
730/1875, 1144/1875
Sign changes no longer useful, stopping.
D = 16
[20.67481812080814, 20.67484532295349]
66117.24304028715 23409.42382800789 66105.90987480957 23259.54018050371
20.67481812080814
20.67484532295349
20.67484483320571
1/1875, 0/1875
Sign changes no longer useful, stopping.
D = 16
[20.6758246001862, 20.67585180233156]
64816.10420027498 273512.1924953533 64772.98940235529 249824.20721009
20.6758246001862
20.67585180233156
20.675846347939
2/1875, 1/1875
Sign changes no longer useful, stopping.
D = 16
[20.73580162019146, 20.73582865863683]
16312.47540420482 27322.86982947593 16288.07714255642 27281.44037140169
20.73580162019146
20.73582865863683
20.73581240755447
0/1879, 1877/1879
20.73581240787421
127/1879, 1752/1879
20.73581240787423
1672/1879, 80/1879
20.73581240787422
327/1879, 1387/1879
Reached final precision, stopping.
D = 16
[20.78817381681073, 20.78820071179588]
31171.60042525527 14779.37113751757 31020.81987169046 14727.92764488812
20.78817381681073
20.78820071179588
20.78818814126294
1879/1882, 0/1882
20.7881880902022
1879/1882, 0/1882
20.78818808978831
2/1882, 1881/1882
20.78818808999441
625/1882, 1256/1882
Sign changes no longer useful, stopping.
D = 16
[20.96913862668779, 20.96916506826309]
75858.82703885592 35568.75676966779 77348.55870684459 35650.25299885617
20.96913862668779
20.96916506826309
20.96913922462096
0/1894, 1881/1894
20.96913923371934
0/1894, 1881/1894
20.96913923399624
1893/1894, 12/1894
20.96913923385993
942/1894, 951/1894
Sign changes no longer useful, stopping.
D = 16
[21.00379445117702, 21.00382080773339]
25718.47751811706 164402.5895572501 25746.68423340569 164321.4381991254
21.00379445117702
21.00382080773339
21.00381341262453
1/1896, 0/1896
Sign changes no longer useful, stopping.
D = 16
[21.06650621666323, 21.06653240521348]
17796.06158440049 123579.7519318395 17761.69113459779 125965.1911134439
21.06650621666323
21.06653240521348
21.06652675458092
0/1900, 1899/1900
21.06652684858677
0/1900, 1899/1900
21.06652684944682
1899/1900, 0/1900
21.06652684901881
1735/1900, 164/1900
21.0665268490188
142/1900, 1597/1900
Reached final precision, stopping.
D = 16
[21.11391541180205, 21.11394148432995]
13533.99795017653 24001.74549728334 13545.37208014885 24009.56773065616
21.11391541180205
21.11394148432995
21.11392236834359
1904/1905, 0/1905
21.11392236392596
1900/1905, 4/1905
21.11392236392391
2/1905, 1898/1905
21.11392236392494
887/1905, 1011/1905
Sign changes no longer useful, stopping.
D = 16
[21.12066707657449, 21.1206931326325]
2553044.175754871 38346.35862432706 77475705.43712981 38460.69464252528
21.12066707657449
21.1206931326325
21.12066735781321
0/1905, 1904/1905
21.12066762692302
0/1905, 1904/1905
21.12066813678071
0/1905, 1904/1905
21.12066905291599
0/1905, 1904/1905
21.12067053620186
0/1905, 1904/1905
21.12067247711654
0/1905, 1904/1905
21.12067391174886
1904/1905, 0/1905
21.12067357112524
0/1905, 1904/1905
21.1206735885035
0/1905, 1904/1905
21.120673589055
1904/1905, 0/1905
21.12067358878394
1/1905, 1903/1905
21.12067358878394
1901/1905, 2/1905
Reached final precision, stopping.
D = 16
[21.28563752143194, 21.28566317402088]
10337.26519541859 31917.09491200564 10331.36991983824 32073.75907798919
21.28563752143194
21.28566317402088
21.28564393164962
0/1920, 1919/1920
21.28564393893377
0/1920, 1919/1920
21.28564393895029
1919/1920, 0/1920
21.28564393894203
854/1920, 1065/1920
Sign changes no longer useful, stopping.
D = 16
[21.28792060184742, 21.28794625443636]
9664.238851549633 49272.37891879748 9660.801820139863 49615.55696572764
21.28792060184742
21.28794625443636
ZERO SIGN CHANGES DETECTED. CONDUCT FURTHER INVESTIGATION
[21.28792060184742, 21.28794625443636]
!!!!!!!!!!!!!!!!!!!!!!!!!!!!!!!!!!!!!!!!!!!!!!!!!!!!!!!!!!!!!!!!!
D = 16
[21.28994715637351, 21.28997280896245]
9544.23871878582 6783.890603173753 9545.145893739731 6786.595260865912
21.28994715637351
21.28997280896245
21.28996211000253
1/1920, 1/1920
Sign changes no longer useful, stopping.
D = 16
[21.32149747803921, 21.3215230517961]
10732.87203268063 5870.2139203145 10781.02126729771 5878.916285265656
21.32149747803921
21.3215230517961
21.32151938597074
1/1925, 1924/1925
21.32151939860714
0/1925, 1924/1925
21.32151939862171
1924/1925, 0/1925
21.32151939861442
864/1925, 1059/1925
Sign changes no longer useful, stopping.
D = 16
[21.35537691945822, 21.35540241498593]
17023.66354363811 75390.29371746701 17072.08462857022 75140.43049233628
21.35537691945822
21.35540241498593
21.35538312462115
1924/1925, 0/1925
21.35538310923927
1924/1925, 0/1925
21.35538310921477
0/1925, 1924/1925
21.35538310922701
1410/1925, 514/1925
21.35538310922701
617/1925, 794/1925
Sign changes no longer useful, stopping.
D = 16
[21.3884630525124, 21.38848847040643]
14857.76238704709 27390.39121057656 14856.18147607945 27515.79158000706
21.3884630525124
21.38848847040643
21.38848739809325
1/1930, 1/1930
Sign changes no longer useful, stopping.
D = 16
[21.40217652708074, 21.40220189867741]
39267.99546009448 37043.35654412321 39488.94929816844 37183.67092882819
21.40217652708074
21.40220189867741
21.40218866461488
0/1931, 1927/1931
21.40218869527557
0/1931, 1927/1931
21.40218869543075
1930/1931, 3/1931
21.40218869535336
884/1931, 1045/1931
Sign changes no longer useful, stopping.
D = 16
[21.41526399400798, 21.41528933485665]
55705.01822962176 14656.27950374534 55651.62159418727 14611.46934667024
21.41526399400798
21.41528933485665
21.41528187874017
1/1931, 0/1931
Sign changes no longer useful, stopping.
D = 16
[21.44237695518002, 21.44240223481118]
105531.9652524494 27842.54078485732 104446.9340870788 27910.54783540946
21.44237695518002
21.44240223481118
ZERO SIGN CHANGES DETECTED. CONDUCT FURTHER INVESTIGATION
[21.44237695518002, 21.44240223481118]
!!!!!!!!!!!!!!!!!!!!!!!!!!!!!!!!!!!!!!!!!!!!!!!!!!!!!!!!!!!!!!!!!
D = 16
[21.4509951291332, 21.45102039351769]
40239.10699738533 35245.45680125651 40130.00246430161 35148.67299772838
21.4509951291332
21.45102039351769
21.45101723504828
2/1935, 1934/1935
21.45101723555858
391/1935, 1543/1935
21.45101723555861
1263/1935, 280/1935
21.45101723555859
431/1935, 840/1935
Sign changes no longer useful, stopping.
D = 16
[21.46962340587022, 21.46964862465227]
74353.20046315268 25848.98185051417 73954.46113436234 25949.25250232392
21.46962340587022
21.46964862465227
ZERO SIGN CHANGES DETECTED. CONDUCT FURTHER INVESTIGATION
[21.46962340587022, 21.46964862465227]
!!!!!!!!!!!!!!!!!!!!!!!!!!!!!!!!!!!!!!!!!!!!!!!!!!!!!!!!!!!!!!!!!
D = 16
[21.48386311028695, 21.48388829878148]
160486.3893872523 15574.26657217271 158701.9143161206 15662.70059849807
21.48386311028695
21.48388829878148
21.48387967949704
8/1937, 7/1937
Sign changes no longer useful, stopping.
D = 16
[21.55342867446574, 21.55345369798992]
27080.02655711458 60717.12550230928 27093.82845383349 60780.48188198489
21.55342867446574
21.55345369798992
21.55344968874603
1/1943, 1941/1943
21.55344969572445
0/1943, 1941/1943
21.55344969572909
1941/1943, 0/1943
21.55344969572677
149/1943, 1792/1943
21.55344969572677
1452/1943, 350/1943
Reached final precision, stopping.
D = 16
[21.57767471037126, 21.57769967457307]
13599.86584392722 78610.99585619981 13575.38140245421 76929.06949151198
21.57767471037126
21.57769967457307
21.57768639758038
0/1947, 1/1947
Sign changes no longer useful, stopping.
D = 16
[21.64185039831402, 21.64187521573546]
21102.12252732749 33575.1988751938 21114.94663523167 33362.52743797081
21.64185039831402
21.64187521573546
21.64186037182587
2/1950, 1/1950
Sign changes no longer useful, stopping.
D = 16
[21.64497739341571, 21.64500221083715]
21754.58745363979 26973.37106828958 21776.25085093928 26872.1666639608
21.64497739341571
21.64500221083715
21.64498091999423
1/1950, 0/1950
Sign changes no longer useful, stopping.
D = 16
[21.71871716931349, 21.71874181341716]
26595.60743990395 9785.237478004541 26557.79350361277 9782.614689633154
21.71871716931349
21.71874181341716
21.71873538745957
1951/1953, 0/1953
21.71873538227545
1951/1953, 2/1953
21.71873538226709
1/1953, 1950/1953
21.71873538227127
946/1953, 1004/1953
Sign changes no longer useful, stopping.
D = 16
[21.87035336524394, 21.87037767161407]
44129.51984679648 330237.9469902558 43780.18410666131 329546.9844355636
21.87035336524394
21.87037767161407
21.87037029258289
1963/1965, 1/1965
21.87037026146844
1962/1965, 1/1965
21.87037026120577
1/1965, 1963/1965
21.87037026133655
586/1965, 1377/1965
21.87037026133655
866/1965, 511/1965
Sign changes no longer useful, stopping.
D = 16
[21.91532060402954, 21.9153448140572]
64930.82322102282 26641.73960894297 65541.48055472228 26780.34187079656
21.91532060402954
21.9153448140572
21.9153348088901
0/1968, 1967/1968
21.91533486661606
0/1968, 1967/1968
21.91533486708536
1967/1968, 0/1968
21.91533486685167
250/1968, 1716/1968
21.91533486685168
398/1968, 1511/1968
21.91533486685168
1491/1968, 34/1968
Reached final precision, stopping.
D = 16
[21.96545405371537, 21.96547814126655]
48308.34793127719 37015.67409744128 49058.0295215172 36711.63349146859
21.96545405371537
21.96547814126655
21.96547746345646
0/1970, 1969/1970
21.96547746918234
0/1970, 1969/1970
21.96547746918517
1969/1970, 0/1970
21.96547746918376
1459/1970, 510/1970
21.96547746918375
399/1970, 1059/1970
Reached final precision, stopping.
D = 16
[21.96701974454192, 21.9670438320931]
80210.9294810164 23709.19601655311 77963.8728433044 23566.65200209196
21.96701974454192
21.9670438320931
21.96703885827576
1/1970, 1/1970
Sign changes no longer useful, stopping.
D = 16
[21.97982837777608, 21.97985243832013]
12984.53943134628 19462.38500406164 12986.27982097357 19474.00150573481
21.97982837777608
21.97985243832013
ZERO SIGN CHANGES DETECTED. CONDUCT FURTHER INVESTIGATION
[21.97982837777608, 21.97985243832013]
!!!!!!!!!!!!!!!!!!!!!!!!!!!!!!!!!!!!!!!!!!!!!!!!!!!!!!!!!!!!!!!!!
D = 16
[21.98317279339873, 21.98319685394278]
18009.54406781973 14530.02671738326 18020.8347326597 14542.79978644598
21.98317279339873
21.98319685394278
21.98319141406868
1/1972, 1971/1972
21.98319141715349
7/1972, 1964/1972
21.98319141715452
1950/1972, 14/1972
21.98319141715401
1091/1972, 859/1972
Sign changes no longer useful, stopping.
D = 16
[21.98425524837682, 21.98427929544566]
23192.68731149233 38383.68298025666 23186.39779580493 38417.25665759845
21.98425524837682
21.98427929544566
21.9842582075141
1/1972, 1/1972
Sign changes no longer useful, stopping.
D = 16
[21.98745350853313, 21.98747755560198]
19601.3271351514 30312.7210031785 19642.96167051571 30316.69521676286
21.98745350853313
21.98747755560198
21.98745976614365
1/1972, 1/1972
Sign changes no longer useful, stopping.
D = 16
[22.01718193215489, 22.01720591212965]
20512.07879325491 33872.97668285786 20440.59004764446 34279.90258990428
22.01718193215489
22.01720591212965
22.01719024875069
1/1976, 1974/1976
22.01719027541577
0/1976, 1974/1976
22.01719027558748
1975/1976, 1/1976
22.0171902755019
585/1976, 1390/1976
22.0171902755019
0/1976, 1390/1976
22.01719027550191
1179/1976, 211/1976
Reached final precision, stopping.
D = 16
[22.07356036628833, 22.0735842266647]
7184.162182574596 124709.9135168614 7183.874776765798 127007.6581569638
22.07356036628833
22.0735842266647
22.07356480373818
0/1979, 1976/1979
22.07356485864761
0/1979, 1976/1979
22.07356486000679
1978/1979, 2/1979
22.07356485933574
1894/1979, 84/1979
22.07356485933574
56/1979, 1840/1979
Reached final precision, stopping.
D = 16
[22.11442589347164, 22.11444966185187]
10343.28706325483 20708.25482566975 10360.1388611504 20668.63552718096
22.11442589347164
22.11444966185187
22.11444813468386
1981/1984, 0/1984
22.11444813040136
1981/1984, 0/1984
22.11444813037734
2/1984, 1983/1984
22.11444813038932
1415/1984, 568/1984
22.11444813038931
541/1984, 888/1984
Sign changes no longer useful, stopping.
D = 16
[22.14203661933718, 22.14206033554489]
109935.8837828402 438196.0659637528 109501.0014567439 439427.8356223268
22.14203661933718
22.14206033554489
22.14204993810814
0/1987, 1986/1987
22.14204994963256
0/1987, 1986/1987
22.14204994965285
1986/1987, 0/1987
22.14204994964272
69/1987, 1917/1987
22.14204994964272
1659/1987, 258/1987
Reached final precision, stopping.
D = 16
[22.41445576626534, 22.4144789023907]
12524.79879362793 29175.67644652179 12517.93362257577 29053.15848960361
22.41445576626534
22.4144789023907
22.41447460256649
2003/2004, 0/2004
22.41447458321632
2003/2004, 0/2004
22.41447458304216
0/2004, 2003/2004
22.41447458312885
265/2004, 1738/2004
22.41447458312885
1543/2004, 196/2004
Reached final precision, stopping.
D = 16
[22.5060788461915, 22.50610180071747]
26490.40607127798 22260.08153219044 26593.73230494475 22288.0460032458
22.5060788461915
22.50610180071747
22.50609351230334
1/2009, 2008/2009
22.50609351916981
4/2009, 2004/2009
22.50609351917624
1997/2009, 7/2009
22.50609351917303
1162/2009, 835/2009
Sign changes no longer useful, stopping.
D = 16
[22.52029894295385, 22.52032186158611]
21686.94696704132 22324.36298539135 21773.88138189161 22388.28773259563
22.52029894295385
22.52032186158611
22.52030659520619
1/2009, 2008/2009
22.52030660476981
0/2009, 2008/2009
22.52030660479396
2008/2009, 0/2009
22.5203066047819
441/2009, 1567/2009
22.52030660478191
550/2009, 1103/2009
22.52030660478193
111/2009, 1064/2009
22.52030660478198
1031/2009, 37/2009
22.52030660478194
801/2009, 243/2009
Sign changes no longer useful, stopping.
D = 16
[22.52983034928774, 22.52985325598658]
70341.48045965483 22144.6975379636 70140.82716250735 22047.70642446876
22.52983034928774
22.52985325598658
22.52984048163586
2007/2009, 0/2009
slurmstepd: error: *** JOB 3306560 ON c100 CANCELLED AT 2025-02-08T13:50:58 DUE TO TIME LIMIT ***
