/mmfs1/data/mossea/Documents/bianchi-maass-forms/cmake-build-release
c128
Sun Feb  9 00:57:32 EST 2025
mode = coarse
d = 19
symClass = D
D = 0
leftEndpoint = -0.4
rightEndpoint = 25
Range already complete.
mode = medium
d = 19
symClass = D
D = 0
Range already complete.
mode = fine
d = 19
symClass = D
D = 0
D = 16
[22.52983034928774, 22.52985325598658]
70341.48045965483 22144.6975379636 70140.82716250735 22047.70642446876
22.52983034928774
22.52985325598658
22.52984048163586
2007/2009, 0/2009
22.52984045995948
2007/2009, 0/2009
22.52984045988585
1/2009, 2008/2009
22.52984045992261
789/2009, 1219/2009
Sign changes no longer useful, stopping.
D = 16
[22.75862530263806, 22.75864774439309]
141990.2655840716 147277.2631318956 141784.6134116439 142600.1601882341
22.75862530263806
22.75864774439309
22.75862819997505
1/2032, 1/2032
Sign changes no longer useful, stopping.
D = 16
[22.78980193589905, 22.78982432118379]
67454.26437253994 23194.73109257343 67388.91087283967 23218.62824494483
22.78980193589905
22.78982432118379
22.78980990073516
0/2037, 2034/2037
22.78980990441669
13/2037, 2025/2037
22.78980990442009
1999/2037, 26/2037
22.78980990441838
968/2037, 1031/2037
Sign changes no longer useful, stopping.
D = 16
[22.90989881242223, 22.90992096435553]
22055.3129995764 122029.9252165766 22154.58037833948 122129.2086010679
22.90989881242223
22.90992096435553
22.90990113702661
1/2044, 2041/2044
22.90990114222591
0/2044, 2041/2044
22.90990114224921
2043/2044, 2/2044
22.90990114223758
1514/2044, 529/2044
22.90990114223757
215/2044, 1311/2044
Reached final precision, stopping.
D = 16
[22.92404279050173, 22.9240649095937]
23644.73959394522 51148.9953091191 23541.87010497437 51188.27663127919
22.92404279050173
22.9240649095937
22.92405668333215
2/2046, 2/2046
Sign changes no longer useful, stopping.
D = 16
[22.96273365503204, 22.96275569796532]
47618.79156453063 61361.60581888152 47514.20112046409 61544.55775457187
22.96273365503204
22.96275569796532
22.96274665995313
2/2049, 1/2049
Sign changes no longer useful, stopping.
D = 16
[23.05620488501863, 23.05622675630966]
105490.5883538921 540356.9221390323 109565.9372415557 543549.0770918751
23.05620488501863
23.05622675630966
23.05620646954239
0/2058, 2056/2058
23.05620650680966
0/2058, 2056/2058
23.05620650856416
2057/2058, 1/2058
23.05620650770809
73/2058, 1984/2058
23.0562065077081
166/2058, 1854/2058
23.0562065077081
0/2058, 1854/2058
23.0562065077081
1841/2058, 17/2058
Reached final precision, stopping.
D = 16
[23.08250404762685, 23.08252586596181]
38626.24425835202 36224.98571542115 38504.12556609394 36225.76718902554
23.08250404762685
23.08252586596181
23.08251150009697
2056/2058, 0/2058
23.08251149351169
2055/2058, 3/2058
23.08251149350562
3/2058, 2052/2058
23.08251149350865
1062/2058, 990/2058
Sign changes no longer useful, stopping.
D = 16
[23.15402109469629, 23.15404277683257]
396350.5852819272 54165.53063427083 390121.8623669176 53623.36067572767
23.15402109469629
23.15404277683257
23.15404103401528
23/2064, 2060/2064
23.15404112026815
0/2064, 2060/2064
23.15404112097012
2063/2064, 3/2064
23.15404112062065
120/2064, 1943/2064
23.15404112062068
1265/2064, 677/2064
Sign changes no longer useful, stopping.
D = 16
[23.17009936540125, 23.17012101640803]
42129.68485638567 649605.8239287984 41949.33068531622 679657.4470475352
23.17009936540125
23.17012101640803
ZERO SIGN CHANGES DETECTED. CONDUCT FURTHER INVESTIGATION
[23.17009936540125, 23.17012101640803]
!!!!!!!!!!!!!!!!!!!!!!!!!!!!!!!!!!!!!!!!!!!!!!!!!!!!!!!!!!!!!!!!!
D = 16
[23.18237043604829, 23.18239206636404]
21785.09667918757 33338.72982315595 21676.7473769746 33203.557929043
23.18237043604829
23.18239206636404
23.1823845211279
2061/2064, 0/2064
23.18238449056346
2061/2064, 0/2064
23.18238449031595
2/2064, 2063/2064
23.1823844904392
659/2064, 1404/2064
Sign changes no longer useful, stopping.
D = 16
[23.21039169888346, 23.21041327768719]
21853.79868256523 98215.31799055653 21851.22524481946 98260.02685411424
23.21039169888346
23.21041327768719
23.21039744508607
0/2064, 2062/2064
23.21039746971115
0/2064, 2062/2064
23.21039746992221
2063/2064, 1/2064
23.21039746981714
1423/2064, 640/2064
Sign changes no longer useful, stopping.
D = 16
[23.44151992967056, 23.44154108756253]
4679.446361711286 7888.322966590993 4680.012028978697 7883.995938947711
23.44151992967056
23.44154108756253
23.4415401328584
0/2087, 2086/2087
23.44154013287715
790/2087, 1293/2087
Sign changes no longer useful, stopping.
D = 16
[23.52785320208761, 23.5278742049611]
15074.37219159523 8911.707434310178 15102.377695396 8902.283353822171
23.52785320208761
23.5278742049611
23.52786229089092
2092/2093, 0/2093
23.52786228715815
2089/2093, 3/2093
23.52786228715582
1/2093, 2088/2093
23.52786228715699
1073/2093, 1014/2093
Sign changes no longer useful, stopping.
D = 16
[23.57848070052393, 23.57850160794229]
6955.862383362576 5775.929649771317 6958.358666083075 5776.469835955786
23.57848070052393
23.57850160794229
23.57849266962731
0/2094, 2093/2094
23.57849267445235
0/2094, 2093/2094
23.57849267445624
2091/2094, 2/2094
23.5784926744543
1276/2094, 815/2094
Sign changes no longer useful, stopping.
D = 16
[23.64882132758008, 23.64884211251433]
48679.99150740204 20858.1850776528 49071.07496796278 21042.81862795645
23.64882132758008
23.64884211251433
23.6488244208543
1/2098, 2096/2098
23.64882443120346
0/2098, 2096/2098
23.64882443127281
2097/2098, 1/2098
23.64882443123825
1609/2098, 488/2098
23.64882443123825
137/2098, 1504/2098
Reached final precision, stopping.
D = 16
[23.66352873624105, 23.66354949316379]
7999.623014653737 18649.53216326798 7999.900387115897 18587.27229845298
23.66352873624105
23.66354949316379
23.66353900795704
2/2098, 1/2098
Sign changes no longer useful, stopping.
D = 16
[23.67925446606263, 23.67927519506804]
7134.824278119238 57765.87748435098 7135.554503802206 57633.10746617373
23.67925446606263
23.67927519506804
ZERO SIGN CHANGES DETECTED. CONDUCT FURTHER INVESTIGATION
[23.67925446606263, 23.67927519506804]
!!!!!!!!!!!!!!!!!!!!!!!!!!!!!!!!!!!!!!!!!!!!!!!!!!!!!!!!!!!!!!!!!
D = 16
[23.8269421705936, 23.82696264348844]
23335.77599540693 5110.434535803754 23345.64961959139 5106.044573721997
23.8269421705936
23.82696264348844
23.82694458101667
2110/2111, 0/2111
23.82694458035445
1975/2111, 134/2111
23.8269445803544
141/2111, 1834/2111
23.82694458035443
1110/2111, 724/2111
Sign changes no longer useful, stopping.
D = 16
[23.91915812738235, 23.91917844859499]
8308.375148713267 108748.4356051817 8310.983835173556 107765.3926790537
23.91915812738235
23.91917844859499
23.91916548151378
2109/2116, 10/2116
23.91916546801098
2110/2116, 1/2116
23.91916546798155
6/2116, 2114/2116
23.91916546799625
1187/2116, 927/2116
Sign changes no longer useful, stopping.
D = 16
[23.95887612319547, 23.95889637399471]
557045.8959736039 55645.99130800222 574256.9293594426 56082.17906416911
23.95887612319547
23.95889637399471
23.95888348119185
2/2120, 2118/2120
23.95888362867391
0/2120, 2118/2120
23.95888363458394
2119/2120, 1/2120
23.95888363169004
87/2120, 2032/2120
23.95888363169005
123/2120, 2055/2120
23.95888363169006
2035/2120, 62/2120
Reached final precision, stopping.
D = 16
[23.96432251085411, 23.96434275289451]
2945495.925896119 114061.6666334642 1617987.866833713 113070.3650893972
23.96432251085411
23.96434275289451
23.96432980328525
2114/2122, 13/2122
23.96432773571052
2117/2122, 3/2122
23.96432710944179
4/2122, 2121/2122
23.96432734156083
2121/2122, 0/2122
23.96432733855294
2121/2122, 0/2122
23.96432733850703
0/2122, 2121/2122
23.96432733852981
2055/2122, 66/2122
23.9643273385298
114/2122, 1941/2122
Reached final precision, stopping.
D = 16
[23.98396165686211, 23.98398186396166]
270233.505645233 166090.3545198824 275600.7761155492 167627.9574474622
23.98396165686211
23.98398186396166
23.98396998032148
0/2122, 2117/2122
23.98397003002621
0/2122, 2117/2122
23.98397003062081
2121/2122, 4/2122
23.98397003032531
1779/2122, 342/2122
23.9839700303253
284/2122, 1511/2122
Reached final precision, stopping.
D = 16
[23.98515387573514, 23.98517408283468]
1049687.354589718 379258.4115020313 969896.123435437 437669.9650413586
23.98515387573514
23.98517408283468
23.98516663009359
12/2122, 2116/2122
23.98516701711478
0/2122, 2116/2122
23.985167042199
2121/2122, 5/2122
23.9851670301009
0/2122, 2121/2122
23.9851670301016
225/2122, 1896/2122
23.9851670301016
1643/2122, 253/2122
Reached final precision, stopping.
D = 16
[24.02102835838169, 24.02104850469599]
31377.27910234356 105145.211818785 31364.62340274385 104371.2448081181
24.02102835838169
24.02104850469599
24.02103542008337
2123/2125, 1/2125
24.02103538864465
2123/2125, 0/2125
24.02103538849358
1/2125, 2124/2125
24.02103538856893
835/2125, 1289/2125
Sign changes no longer useful, stopping.
D = 16
[24.19329403810188, 24.19331389554861]
31282.79748727752 19386.59927001957 31405.35763610343 19366.43904707146
24.19329403810188
24.19331389554861
24.19330589338411
0/2137, 2136/2137
24.19330590668303
0/2137, 2136/2137
24.19330590671294
2136/2137, 0/2137
24.193305906698
1280/2137, 855/2137
Sign changes no longer useful, stopping.
D = 16
[24.19917131692307, 24.19919116602998]
156342.1679812962 26756.66739286204 149675.124527489 26836.93697494308
24.19917131692307
24.19919116602998
ZERO SIGN CHANGES DETECTED. CONDUCT FURTHER INVESTIGATION
[24.19917131692307, 24.19919116602998]
!!!!!!!!!!!!!!!!!!!!!!!!!!!!!!!!!!!!!!!!!!!!!!!!!!!!!!!!!!!!!!!!!
D = 16
[24.1999851303063, 24.20000497941321]
54617.82154819134 30857.01630004495 53759.25667595954 30980.53993526502
24.1999851303063
24.20000497941321
24.19999322619941
2135/2137, 1/2137
24.19999318026688
2135/2137, 0/2137
24.19999317990605
1/2137, 2136/2137
24.19999318008575
726/2137, 1410/2137
Sign changes no longer useful, stopping.
D = 16
[24.28145240362311, 24.28147212047324]
33357.65542329235 67449.89017569459 33396.24934628609 67252.66458034501
24.28145240362311
24.28147212047324
24.28146797353675
2150/2151, 0/2151
24.28146797188692
2127/2151, 23/2151
24.28146797188559
19/2151, 2108/2151
24.28146797188625
1158/2151, 950/2151
Sign changes no longer useful, stopping.
D = 16
[24.3460112707186, 24.3460308817189]
27620.34541062629 15005.08374046028 27590.82481357358 15001.03095648241
24.3460112707186
24.3460308817189
24.34601664987957
2153/2154, 0/2154
24.34601664935938
1939/2154, 213/2154
24.34601664935934
242/2154, 1703/2154
24.34601664935936
769/2154, 940/2154
Sign changes no longer useful, stopping.
D = 16
[24.44109341304879, 24.44111287187228]
13664.65596067564 37702.87628347083 13706.49752685551 37878.10715743043
24.44109341304879
24.44111287187228
24.44110688063107
1/2159, 0/2159
Sign changes no longer useful, stopping.
D = 16
[24.44167717775368, 24.44169663657718]
15052.22006709699 44453.33261017279 15115.07694798836 44772.8862386051
24.44167717775368
24.44169663657718
24.44168222230623
0/2159, 2158/2159
24.44168225445691
0/2159, 2158/2159
24.44168225486677
2158/2159, 0/2159
24.44168225466316
650/2159, 1508/2159
Sign changes no longer useful, stopping.
D = 16
[24.46972486268573, 24.46974427406393]
23980.29589994402 28899.83635074797 23933.40109059153 28854.77326385239
24.46972486268573
24.46974427406393
24.46974000413169
2/2161, 2159/2161
24.46974000458021
112/2161, 2047/2161
24.46974000458023
1939/2161, 108/2161
Reached final precision, stopping.
D = 16
[24.53476563347488, 24.53478494303976]
128146.0928618853 27004.89152758203 128082.2042636851 27189.54740126675
24.53476563347488
24.53478494303976
24.53477815202018
4/2167, 2165/2167
24.53477817747807
1/2167, 2164/2167
24.53477817758192
2165/2167, 1/2167
24.5347781775301
1109/2167, 1056/2167
Sign changes no longer useful, stopping.
D = 16
[24.55602879943346, 24.55604807793893]
20885.88278925925 108464.4485260209 20832.82316755379 108774.5866541834
24.55602879943346
24.55604807793893
24.55603713481801
2167/2169, 1/2169
24.55603712307099
2168/2169, 1/2169
24.55603712304575
2/2169, 2166/2169
24.55603712305836
1223/2169, 943/2169
Sign changes no longer useful, stopping.
D = 16
[24.62738308724126, 24.62740225037718]
26078.54603870654 163636.581625049 26198.09956235044 168659.3579823466
24.62738308724126
24.62740225037718
24.62740137613778
2/2176, 2175/2176
24.6274013985219
0/2176, 2175/2176
24.62740139857691
2175/2176, 0/2176
24.62740139854944
1290/2176, 885/2176
Sign changes no longer useful, stopping.
D = 16
[24.64848671310246, 24.64850584576376]
15267.32849299944 21605.50305860063 15262.94910593476 21621.34402265511
24.64848671310246
24.64850584576376
24.64850161767388
1/2177, 2175/2177
24.64850162200114
2/2177, 2175/2177
24.64850162200366
2172/2177, 3/2177
24.6485016220024
943/2177, 1229/2177
Sign changes no longer useful, stopping.
D = 16
[24.66712845143072, 24.66714755373828]
135764.5134365955 287783.3051905528 134398.3639039169 284551.2614471666
24.66712845143072
24.66714755373828
24.667129645722
1/2178, 0/2178
Sign changes no longer useful, stopping.
D = 16
[24.75276578563551, 24.75278476027043]
17553.23329119627 14470.63099881334 17539.95234828566 14443.20887142977
24.75276578563551
24.75278476027043
ZERO SIGN CHANGES DETECTED. CONDUCT FURTHER INVESTIGATION
[24.75276578563551, 24.75278476027043]
!!!!!!!!!!!!!!!!!!!!!!!!!!!!!!!!!!!!!!!!!!!!!!!!!!!!!!!!!!!!!!!!!
D = 16
[24.80502141673929, 24.80504030989152]
148209.7143045751 10628.53605501522 145829.6529061677 10633.93982370499
24.80502141673929
24.80504030989152
24.80503928580417
1/2191, 2190/2191
24.8050392872498
37/2191, 2153/2191
24.80503928725004
2117/2191, 36/2191
24.80503928724992
755/2191, 1362/2191
Sign changes no longer useful, stopping.
D = 16
[24.84239289684078, 24.84241173127964]
102447.7749569275 80547.59752400592 102003.1764428916 80140.20345991831
24.84239289684078
24.84241173127964
24.842408369441
2/2195, 1/2195
Sign changes no longer useful, stopping.
D = 16
[24.84357946648866, 24.84359830092752]
83686.34252968167 69219.7162165457 83405.0303644572 69143.58264046012
24.84357946648866
24.84359830092752
24.84359685276255
0/2195, 2194/2195
24.84359686339243
1/2195, 2193/2195
24.84359686340544
2193/2195, 0/2195
24.84359686339894
962/2195, 1231/2195
Sign changes no longer useful, stopping.
D = 16
[24.87993404411046, 24.87995282028998]
83151.20776667495 118019.7757223509 83285.47534041552 118221.0743929782
24.87993404411046
24.87995282028998
24.87993560496259
0/2197, 2196/2197
24.87993560885538
0/2197, 2196/2197
24.87993560887481
2196/2197, 0/2197
24.87993560886511
1908/2197, 288/2197
24.8799356088651
393/2197, 1515/2197
Reached final precision, stopping.
D = 16
[24.98847608711758, 24.98849470537975]
15496.89024009206 20483.16468611991 15509.2207114544 20528.65048282045
24.98847608711758
24.98849470537975
24.98849396372744
2200/2205, 0/2205
24.98849396088953
2201/2205, 1/2205
24.9884939608678
4/2205, 2203/2205
24.98849396087862
937/2205, 1266/2205
Sign changes no longer useful, stopping.
memory leak= { -48439 -291494 0 0 -1493011 -23972853 }
