/mmfs1/data/mossea/Documents/bianchi-maass-forms/cmake-build-release
c111
Tue Feb 11 22:41:00 EST 2025
24.55603712305836 is modular for symClass D
20.73581240787422 is modular for symClass D
16.36749775658706 is modular for symClass D
21.98745976614365 is NOT modular for symClass D
21.44237695518002 is NOT modular for symClass D
22.01719027550191 is modular for symClass D
20.96913923385993 is modular for symClass D
17.67838683496484 is modular for symClass D
20.13917249784154 is modular for symClass D
13.62781044072869 is modular for symClass D
22.75862819997505 is NOT modular for symClass D
21.45101723555859 is modular for symClass D
14.41009172533772 is modular for symClass D
21.91533486685168 is modular for symClass D
17.16026985903269 is modular for symClass D
10.30834670698963 is modular for symClass D
23.64882443123825 is modular for symClass D
24.5347781775301 is modular for symClass D
17.83616215357496 is modular for symClass D
16.7422427918141 is NOT modular for symClass D
15.7926076603015 is modular for symClass D
16.59929124526635 is modular for symClass D
16.17111728801592 is modular for symClass D
21.35538310922701 is modular for symClass D
11.86949080563855 is modular for symClass D
13.39012890646693 is modular for symClass D
21.38848739809325 is NOT modular for symClass D
11.14535892073414 is modular for symClass D
24.19999318008575 is modular for symClass D
14.05262337109217 is modular for symClass D
19.59123141682828 is modular for symClass D
24.44110688063107 is NOT modular for symClass D
20.66184217875808 is modular for symClass D
21.28996211000253 is NOT modular for symClass D
21.64186037182587 is NOT modular for symClass D
15.63458971586149 is modular for symClass D
23.91916546799625 is modular for symClass D
9.595890527024096 is modular for symClass D
15.99624589902616 is modular for symClass D
12.18751000050676 is NOT modular for symClass D
17.96082796847419 is modular for symClass D
22.52030660478194 is modular for symClass D
19.5395689323091 is modular for symClass D
10.56374967068566 is modular for symClass D
20.67484483320571 is NOT modular for symClass D
24.6485016220024 is modular for symClass D
24.62740139854944 is modular for symClass D
24.28146797188625 is modular for symClass D
18.2380048325762 is NOT modular for symClass D
19.2408596040831 is modular for symClass D
22.96274665995313 is NOT modular for symClass D
24.19917131692307 is NOT modular for symClass D
19.70295620067817 is NOT modular for symClass D
21.98319141715401 is modular for symClass D
15.93857259149013 is NOT modular for symClass D
23.66353900795704 is NOT modular for symClass D
19.69382348721303 is modular for symClass D
24.193305906698 is modular for symClass D
23.67925446606263 is NOT modular for symClass D
13.11048796566661 is modular for symClass D
23.08251149350865 is modular for symClass D
21.97982837777608 is NOT modular for symClass D
24.46974000458023 is modular for symClass D
24.02103538856893 is modular for symClass D
21.87037026133655 is modular for symClass D
20.23498206565572 is modular for symClass D
15.4489335338276 is modular for symClass D
18.69534253338378 is modular for symClass D
16.73277450273771 is NOT modular for symClass D
14.83519375396517 is modular for symClass D
23.0562065077081 is modular for symClass D
18.11349532687383 is modular for symClass D
23.1823844904392 is modular for symClass D
10.5269968301733 is modular for symClass D
15.89469904213157 is NOT modular for symClass D
17.36132507466685 is modular for symClass D
23.21039746981714 is modular for symClass D
20.55669751965308 is modular for symClass D
14.3640347550583 is NOT modular for symClass D
22.50609351917303 is modular for symClass D
15.74926143446013 is modular for symClass D
15.11754228974176 is modular for symClass D
19.70014028377992 is NOT modular for symClass D
19.06245588688047 is modular for symClass D
21.48387967949704 is NOT modular for symClass D
17.99779564616972 is modular for symClass D
18.31828901968339 is NOT modular for symClass D
23.95888363169006 is modular for symClass D
24.80503928724992 is modular for symClass D
19.59155362861105 is NOT modular for symClass D
15.26992520577943 is modular for symClass D
24.98849396087862 is modular for symClass D
17.50941290041234 is modular for symClass D
22.52984045992261 is modular for symClass D
18.69220530156282 is modular for symClass D
22.07356485933574 is modular for symClass D
21.00381341262453 is NOT modular for symClass D
23.9839700303253 is modular for symClass D
19.45636921299317 is modular for symClass D
17.0799903007585 is modular for symClass D
24.44168225466316 is modular for symClass D
19.00621499008057 is modular for symClass D
6.463133658510118 is modular for symClass D
23.9851670301016 is modular for symClass D
11.04036961807967 is modular for symClass D
5.779712657768769 is modular for symClass D
20.23750570497647 is NOT modular for symClass D
16.72839293677612 is NOT modular for symClass D
14.42445858491591 is modular for symClass D
13.87135772785997 is modular for symClass D
3.770910610764859 is modular for symClass D
20.675846347939 is NOT modular for symClass D
9.601230005177584 is NOT modular for symClass D
21.28564393894203 is modular for symClass D
19.8895519644079 is modular for symClass D
16.73746422861351 is NOT modular for symClass D
12.19268028442978 is NOT modular for symClass D
18.46163450030905 is modular for symClass D
22.90990114223757 is modular for symClass D
12.10025713752637 is modular for symClass D
21.46962340587022 is NOT modular for symClass D
24.667129645722 is NOT modular for symClass D
17.12020736039655 is modular for symClass D
20.31918212038973 is modular for symClass D
17.01132470082819 is modular for symClass D
21.9842582075141 is NOT modular for symClass D
21.40218869535336 is modular for symClass D
21.55344969572677 is modular for symClass D
14.68099657517871 is modular for symClass D
19.58947733314943 is modular for symClass D
24.34601664935936 is modular for symClass D
24.842408369441 is NOT modular for symClass D
13.13089430003687 is modular for symClass D
12.06999652115603 is modular for symClass D
17.72865164248358 is NOT modular for symClass D
21.41528187874017 is NOT modular for symClass D
20.46199823743575 is modular for symClass D
4.062090922339122 is modular for symClass D
24.84359686339894 is modular for symClass D
18.32469334534063 is NOT modular for symClass D
21.96703885827576 is NOT modular for symClass D
20.78818808999441 is modular for symClass D
11.6516508409753 is NOT modular for symClass D
12.18739097531327 is NOT modular for symClass D
7.129906857868889 is modular for symClass D
17.58671919684491 is modular for symClass D
21.71873538227127 is modular for symClass D
23.82694458035443 is modular for symClass D
23.15404112062068 is modular for symClass D
22.78980990441838 is modular for symClass D
21.64498091999423 is NOT modular for symClass D
12.64761005043561 is modular for symClass D
11.04560366099795 is NOT modular for symClass D
20.29480698383791 is modular for symClass D
21.12067358878394 is modular for symClass D
22.41447458312885 is modular for symClass D
22.92405668333215 is NOT modular for symClass D
22.11444813038931 is modular for symClass D
23.5784926744543 is modular for symClass D
21.0665268490188 is modular for symClass D
6.020736376796339 is modular for symClass D
14.29977586379131 is modular for symClass D
8.514049681588256 is modular for symClass D
21.28792060184742 is NOT modular for symClass D
14.38462698498528 is NOT modular for symClass D
16.72567937985412 is NOT modular for symClass D
7.606288297057565 is modular for symClass D
21.96547746918375 is modular for symClass D
6.613948952164217 is modular for symClass D
21.32151939861442 is modular for symClass D
16.72665766991966 is modular for symClass D
11.31599314417971 is modular for symClass D
24.75276578563551 is NOT modular for symClass D
21.57768639758038 is NOT modular for symClass D
11.47911440972592 is modular for symClass D
12.18652582122059 is modular for symClass D
18.9579195748302 is NOT modular for symClass D
13.27979030545185 is modular for symClass D
17.54390022040203 is modular for symClass D
19.02211926502522 is NOT modular for symClass D
21.11392236392494 is modular for symClass D
23.9643273385298 is modular for symClass D
15.53829227114553 is modular for symClass D
22.14204994964272 is modular for symClass D
19.84611205770125 is modular for symClass D
19.95285785863133 is modular for symClass D
23.52786228715699 is modular for symClass D
23.17009936540125 is NOT modular for symClass D
11.76328377719356 is modular for symClass D
18.94518381305232 is NOT modular for symClass D
17.03394156220748 is modular for symClass D
20.38811931984409 is NOT modular for symClass D
15.60706164861605 is NOT modular for symClass D
24.8799356088651 is modular for symClass D
15.95203536739025 is NOT modular for symClass D
16.12255643290885 is modular for symClass D
23.44154013287715 is modular for symClass D
15.0193727383336 is modular for symClass D
Going to test these spectral parameters for modularity in the corresponding symmetry class of reflection-odd forms
24.55603712305836
20.73581240787422
16.36749775658706
22.01719027550191
20.96913923385993
17.67838683496484
20.13917249784154
13.62781044072869
21.45101723555859
14.41009172533772
21.91533486685168
17.16026985903269
10.30834670698963
23.64882443123825
24.5347781775301
17.83616215357496
15.7926076603015
16.59929124526635
16.17111728801592
21.35538310922701
11.86949080563855
13.39012890646693
11.14535892073414
24.19999318008575
14.05262337109217
19.59123141682828
20.66184217875808
15.63458971586149
23.91916546799625
9.595890527024096
15.99624589902616
17.96082796847419
22.52030660478194
19.5395689323091
10.56374967068566
24.6485016220024
24.62740139854944
24.28146797188625
19.2408596040831
21.98319141715401
19.69382348721303
24.193305906698
13.11048796566661
23.08251149350865
24.46974000458023
24.02103538856893
21.87037026133655
20.23498206565572
15.4489335338276
18.69534253338378
14.83519375396517
23.0562065077081
18.11349532687383
23.1823844904392
10.5269968301733
17.36132507466685
23.21039746981714
20.55669751965308
22.50609351917303
15.74926143446013
15.11754228974176
19.06245588688047
17.99779564616972
23.95888363169006
24.80503928724992
15.26992520577943
24.98849396087862
17.50941290041234
22.52984045992261
18.69220530156282
22.07356485933574
23.9839700303253
19.45636921299317
17.0799903007585
24.44168225466316
19.00621499008057
6.463133658510118
23.9851670301016
11.04036961807967
5.779712657768769
14.42445858491591
13.87135772785997
3.770910610764859
21.28564393894203
19.8895519644079
18.46163450030905
22.90990114223757
12.10025713752637
17.12020736039655
20.31918212038973
17.01132470082819
21.40218869535336
21.55344969572677
14.68099657517871
19.58947733314943
24.34601664935936
13.13089430003687
12.06999652115603
20.46199823743575
4.062090922339122
24.84359686339894
20.78818808999441
7.129906857868889
17.58671919684491
21.71873538227127
23.82694458035443
23.15404112062068
22.78980990441838
12.64761005043561
20.29480698383791
21.12067358878394
22.41447458312885
22.11444813038931
23.5784926744543
21.0665268490188
6.020736376796339
14.29977586379131
8.514049681588256
7.606288297057565
21.96547746918375
6.613948952164217
21.32151939861442
16.72665766991966
11.31599314417971
11.47911440972592
12.18652582122059
13.27979030545185
17.54390022040203
21.11392236392494
23.9643273385298
15.53829227114553
22.14204994964272
19.84611205770125
19.95285785863133
23.52786228715699
11.76328377719356
17.03394156220748
24.8799356088651
16.12255643290885
23.44154013287715
15.0193727383336
maxDiff is 1.684785644329168e-11
24.55603712305836 is modular for symClass G
maxDiff is 6.694200749279844e-12
20.73581240787422 is modular for symClass G
maxDiff is 21.9739056011027
16.36749775658706 is NOT modular for symClass G
maxDiff is 1.24287247160737e-11
22.01719027550191 is modular for symClass G
maxDiff is 2.058717640807117e-10
20.96913923385993 is modular for symClass G
maxDiff is 1.762212598066526e-11
17.67838683496484 is modular for symClass G
warning coeffavg is 19.49096414987118
maxDiff is 162.2860806356447
20.13917249784154 is NOT modular for symClass G
maxDiff is 19.64740217362895
13.62781044072869 is NOT modular for symClass G
maxDiff is 65.8429333136782
21.45101723555859 is NOT modular for symClass G
maxDiff is 1.091309271136478
14.41009172533772 is NOT modular for symClass G
maxDiff is 27.74944330390296
21.91533486685168 is NOT modular for symClass G
maxDiff is 8.030592032413365
17.16026985903269 is NOT modular for symClass G
maxDiff is 40.53458553201531
10.30834670698963 is NOT modular for symClass G
maxDiff is 8.304746807019258
23.64882443123825 is NOT modular for symClass G
maxDiff is 7.928983492321713
24.5347781775301 is NOT modular for symClass G
maxDiff is 2.499778162246002e-12
17.83616215357496 is modular for symClass G
warning coeffavg is 17.04353233165397
maxDiff is 119.0281821919912
15.7926076603015 is NOT modular for symClass G
maxDiff is 1.464606214085507e-12
16.59929124526635 is modular for symClass G
maxDiff is 17.00899632241024
16.17111728801592 is NOT modular for symClass G
maxDiff is 2.834243950644577e-11
21.35538310922701 is modular for symClass G
maxDiff is 8.175682353339653e-13
11.86949080563855 is modular for symClass G
maxDiff is 64.87058171060841
13.39012890646693 is NOT modular for symClass G
maxDiff is 23.61456559506808
11.14535892073414 is NOT modular for symClass G
maxDiff is 3.076872090446159e-12
24.19999318008575 is modular for symClass G
maxDiff is 3.590794328545144e-12
14.05262337109217 is modular for symClass G
maxDiff is 8.156681013068139
19.59123141682828 is NOT modular for symClass G
maxDiff is 14.61964326123543
20.66184217875808 is NOT modular for symClass G
maxDiff is 1.19954046695625e-12
15.63458971586149 is modular for symClass G
maxDiff is 18.64328662469451
23.91916546799625 is NOT modular for symClass G
maxDiff is 7.155738180630992
9.595890527024096 is NOT modular for symClass G
maxDiff is 1.022130297068102e-12
15.99624589902616 is modular for symClass G
maxDiff is 3.273825655014662e-12
17.96082796847419 is modular for symClass G
maxDiff is 15.90595488428349
22.52030660478194 is NOT modular for symClass G
maxDiff is 6.90059120955766e-12
19.5395689323091 is modular for symClass G
maxDiff is 9.070522111187529e-13
10.56374967068566 is modular for symClass G
maxDiff is 1.924393977503769e-11
24.6485016220024 is modular for symClass G
maxDiff is 14.6445251474041
24.62740139854944 is NOT modular for symClass G
maxDiff is 20.16392478658453
24.28146797188625 is NOT modular for symClass G
maxDiff is 4.699796107843213e-12
19.2408596040831 is modular for symClass G
maxDiff is 3.350297816950842e-11
21.98319141715401 is modular for symClass G
maxDiff is 36.85965789054446
19.69382348721303 is NOT modular for symClass G
maxDiff is 2.681137509805188
24.193305906698 is NOT modular for symClass G
maxDiff is 1.871294230681997e-10
13.11048796566661 is modular for symClass G
warning coeffavg is 11.08383089385857
maxDiff is 1.432027829650906e-10
23.08251149350865 is modular for symClass G
maxDiff is 1.128142024242607e-11
24.46974000458023 is modular for symClass G
maxDiff is 4.975114463376173
24.02103538856893 is NOT modular for symClass G
maxDiff is 13.01154322851523
21.87037026133655 is NOT modular for symClass G
maxDiff is 3.281874771943194e-12
20.23498206565572 is modular for symClass G
maxDiff is 20.36074715080614
15.4489335338276 is NOT modular for symClass G
maxDiff is 0.6860569181608362
18.69534253338378 is NOT modular for symClass G
maxDiff is 25.3774485683633
14.83519375396517 is NOT modular for symClass G
maxDiff is 1.719779820759095
23.0562065077081 is NOT modular for symClass G
maxDiff is 12.00499101616468
18.11349532687383 is NOT modular for symClass G
maxDiff is 5.143108161576038e-12
23.1823844904392 is modular for symClass G
maxDiff is 47.8973010252456
10.5269968301733 is NOT modular for symClass G
maxDiff is 19.22937216294384
17.36132507466685 is NOT modular for symClass G
maxDiff is 1.257105530783065e-11
23.21039746981714 is modular for symClass G
maxDiff is 117.4331447900407
20.55669751965308 is NOT modular for symClass G
maxDiff is 4.114885515660305e-12
22.50609351917303 is modular for symClass G
maxDiff is 6.009415187691047e-12
15.74926143446013 is modular for symClass G
warning coeffavg is 15.85695652474267
maxDiff is 393.8338579322681
15.11754228974176 is NOT modular for symClass G
maxDiff is 21.84809704618568
19.06245588688047 is NOT modular for symClass G
maxDiff is 4.100719763755478e-11
17.99779564616972 is modular for symClass G
maxDiff is 1.92720506220212e-10
23.95888363169006 is modular for symClass G
maxDiff is 1.798405868669306e-11
24.80503928724992 is modular for symClass G
maxDiff is 8.391953798536633e-12
15.26992520577943 is modular for symClass G
maxDiff is 11.96490914211353
24.98849396087862 is NOT modular for symClass G
maxDiff is 2.913091989853456e-11
17.50941290041234 is modular for symClass G
maxDiff is 6.710854094649221e-11
22.52984045992261 is modular for symClass G
maxDiff is 4.144351528623247e-12
18.69220530156282 is modular for symClass G
maxDiff is 1.156319484607593e-11
22.07356485933574 is modular for symClass G
maxDiff is 2.344791028008331e-11
23.9839700303253 is modular for symClass G
maxDiff is 4.213282500664661e-12
19.45636921299317 is modular for symClass G
maxDiff is 3.622560954787386
17.0799903007585 is NOT modular for symClass G
maxDiff is 1.971496299546516e-10
24.44168225466316 is modular for symClass G
maxDiff is 8.319567257331073e-12
19.00621499008057 is modular for symClass G
maxDiff is 2.372269047867803e-13
6.463133658510118 is modular for symClass G
maxDiff is 4.523048602322888e-12
23.9851670301016 is modular for symClass G
maxDiff is 1.851407915864911e-12
11.04036961807967 is modular for symClass G
maxDiff is 5.457619069592353
5.779712657768769 is NOT modular for symClass G
maxDiff is 8.641976023682219e-13
14.42445858491591 is modular for symClass G
warning coeffavg is 72.34819645679369
maxDiff is 1337.412048739281
13.87135772785997 is NOT modular for symClass G
maxDiff is 1.886773859062528
3.770910610764859 is NOT modular for symClass G
maxDiff is 19.67007729333508
21.28564393894203 is NOT modular for symClass G
maxDiff is 2.420647016165844e-12
19.8895519644079 is modular for symClass G
maxDiff is 20.38231960712882
18.46163450030905 is NOT modular for symClass G
maxDiff is 21.46038284039184
22.90990114223757 is NOT modular for symClass G
maxDiff is 67.17141637223408
12.10025713752637 is NOT modular for symClass G
maxDiff is 10.21584293044151
17.12020736039655 is NOT modular for symClass G
maxDiff is 13.64042070321469
20.31918212038973 is NOT modular for symClass G
maxDiff is 3.144151605738443e-12
17.01132470082819 is modular for symClass G
maxDiff is 9.889866703360894e-12
21.40218869535336 is modular for symClass G
maxDiff is 2.814082300517384e-12
21.55344969572677 is modular for symClass G
maxDiff is 1.550315431586569e-12
14.68099657517871 is modular for symClass G
maxDiff is 18.94793264994769
19.58947733314943 is NOT modular for symClass G
maxDiff is 18.38151456863965
24.34601664935936 is NOT modular for symClass G
maxDiff is 3.665956427312267e-12
13.13089430003687 is modular for symClass G
warning coeffavg is 18.03025054137689
maxDiff is 215.5256372582265
12.06999652115603 is NOT modular for symClass G
warning coeffavg is 11.03605084960406
maxDiff is 5.281464154904825e-11
20.46199823743575 is modular for symClass G
maxDiff is 2.006369833847821
4.062090922339122 is NOT modular for symClass G
maxDiff is 4.404587805595384e-12
24.84359686339894 is modular for symClass G
maxDiff is 67.42171814851332
20.78818808999441 is NOT modular for symClass G
maxDiff is 4.831982114910948
7.129906857868889 is NOT modular for symClass G
maxDiff is 23.88701533348918
17.58671919684491 is NOT modular for symClass G
maxDiff is 43.82314436763603
21.71873538227127 is NOT modular for symClass G
maxDiff is 5.250300194603597e-12
23.82694458035443 is modular for symClass G
maxDiff is 3.723243935382925e-12
23.15404112062068 is modular for symClass G
maxDiff is 4.217537430406537e-11
22.78980990441838 is modular for symClass G
maxDiff is 1.793620807433172e-12
12.64761005043561 is modular for symClass G
maxDiff is 4.294342659250105e-12
20.29480698383791 is modular for symClass G
maxDiff is 5.724754004177157e-12
21.12067358878394 is modular for symClass G
maxDiff is 94.23348995616858
22.41447458312885 is NOT modular for symClass G
maxDiff is 4.313882584483508e-12
22.11444813038931 is modular for symClass G
maxDiff is 4.484412841065932e-12
23.5784926744543 is modular for symClass G
maxDiff is 1.000532989792191e-11
21.0665268490188 is modular for symClass G
maxDiff is 9.795917143107465
6.020736376796339 is NOT modular for symClass G
maxDiff is 1.589006703994755e-12
14.29977586379131 is modular for symClass G
maxDiff is 4.412738926954157
8.514049681588256 is NOT modular for symClass G
maxDiff is 24.65684235256684
7.606288297057565 is NOT modular for symClass G
maxDiff is 6.350867587639461
21.96547746918375 is NOT modular for symClass G
maxDiff is 2.714123772323253
6.613948952164217 is NOT modular for symClass G
maxDiff is 75.4821124064287
21.32151939861442 is NOT modular for symClass G
maxDiff is 1.112212544285285e-10
16.72665766991966 is modular for symClass G
maxDiff is 4.341323307788247e-13
11.31599314417971 is modular for symClass G
maxDiff is 33.42004942810377
11.47911440972592 is NOT modular for symClass G
maxDiff is 123.7291609785442
12.18652582122059 is NOT modular for symClass G
maxDiff is 7.594480599948383e-13
13.27979030545185 is modular for symClass G
maxDiff is 9.657194191938363
17.54390022040203 is NOT modular for symClass G
maxDiff is 5.169331629417684e-11
21.11392236392494 is modular for symClass G
maxDiff is 6.902178410226531
23.9643273385298 is NOT modular for symClass G
maxDiff is 5.879075004600054e-12
15.53829227114553 is modular for symClass G
maxDiff is 5.568434602309935e-12
22.14204994964272 is modular for symClass G
maxDiff is 7.179146166436112e-12
19.84611205770125 is modular for symClass G
maxDiff is 15.8898388587725
19.95285785863133 is NOT modular for symClass G
maxDiff is 26.8194772158128
23.52786228715699 is NOT modular for symClass G
maxDiff is 7.180163975269162
11.76328377719356 is NOT modular for symClass G
maxDiff is 4.727884750366229e-12
17.03394156220748 is modular for symClass G
maxDiff is 1.044986319698182e-11
24.8799356088651 is modular for symClass G
maxDiff is 7.533779156077003e-12
16.12255643290885 is modular for symClass G
maxDiff is 63.66474181398944
23.44154013287715 is NOT modular for symClass G
maxDiff is 13.70619292929224
15.0193727383336 is NOT modular for symClass G
memory leak= { 226481 -525348 0 0 11245262 61480514 }
17.20935974940152 is NOT modular for symClass C
21.23857954186762 is modular for symClass C
23.67530473058593 is modular for symClass C
17.71177126285001 is modular for symClass C
10.02518769922103 is modular for symClass C
20.4042737284436 is NOT modular for symClass C
15.71655210475077 is NOT modular for symClass C
21.55491921335864 is modular for symClass C
16.32396225079474 is modular for symClass C
22.77919606852967 is NOT modular for symClass C
16.15625179280058 is modular for symClass C
20.64656492759671 is modular for symClass C
20.37406857523064 is modular for symClass C
12.36333080301018 is modular for symClass C
23.42653467674515 is modular for symClass C
23.44933972830091 is NOT modular for symClass C
18.7456983246171 is modular for symClass C
19.10409609944075 is modular for symClass C
17.90377253103032 is modular for symClass C
11.41473128820399 is modular for symClass C
20.86938110446761 is modular for symClass C
17.46406106010635 is NOT modular for symClass C
21.9073380687032 is modular for symClass C
8.960639604792187 is modular for symClass C
22.85507987825062 is modular for symClass C
18.48220702454429 is modular for symClass C
21.57336340904056 is modular for symClass C
17.28134012180227 is NOT modular for symClass C
22.13717693724128 is NOT modular for symClass C
17.10542198500369 is NOT modular for symClass C
20.69418592821279 is NOT modular for symClass C
18.74231548094191 is NOT modular for symClass C
15.06012889669297 is modular for symClass C
21.84328748476719 is modular for symClass C
20.30581143574959 is modular for symClass C
9.921517837782103 is modular for symClass C
14.41478203521055 is modular for symClass C
16.49858007624159 is modular for symClass C
20.73732072192578 is modular for symClass C
10.77027948203376 is modular for symClass C
21.2169101646665 is NOT modular for symClass C
14.9687060609957 is modular for symClass C
21.95950875982892 is modular for symClass C
9.555153348184987 is modular for symClass C
20.22682673382058 is modular for symClass C
15.89622153789269 is NOT modular for symClass C
16.26047551957529 is modular for symClass C
16.95219737349948 is NOT modular for symClass C
7.873371037733481 is modular for symClass C
12.62940085910969 is modular for symClass C
22.46147815535798 is modular for symClass C
12.08243467568031 is modular for symClass C
15.40337910587636 is modular for symClass C
13.536341712329 is modular for symClass C
20.43131682100453 is modular for symClass C
5.264231157920875 is modular for symClass C
23.37444864020946 is modular for symClass C
24.62833458569262 is modular for symClass C
18.20118391688942 is modular for symClass C
17.20543296351645 is NOT modular for symClass C
18.26340587428892 is NOT modular for symClass C
17.2837348621387 is modular for symClass C
22.33066126928907 is modular for symClass C
16.06878948334849 is modular for symClass C
5.838260676307743 is modular for symClass C
23.69657396923082 is modular for symClass C
23.98094734412599 is modular for symClass C
16.60398223589079 is modular for symClass C
7.977137725489022 is modular for symClass C
9.033367493047884 is modular for symClass C
15.05994825913973 is NOT modular for symClass C
21.28237839132361 is NOT modular for symClass C
23.68419617942348 is NOT modular for symClass C
14.92779417001887 is modular for symClass C
19.26042645327273 is modular for symClass C
8.835829268389102 is modular for symClass C
17.17022653854918 is modular for symClass C
7.104376159432525 is modular for symClass C
22.21761417860377 is modular for symClass C
24.7752586821815 is modular for symClass C
22.51027067247481 is modular for symClass C
18.63010595056625 is modular for symClass C
17.19329141395259 is NOT modular for symClass C
24.13975778294379 is modular for symClass C
16.14313394554836 is modular for symClass C
15.03414413095462 is modular for symClass C
11.59739101656688 is modular for symClass C
19.39865233355369 is modular for symClass C
21.2743062804208 is NOT modular for symClass C
20.37931043994435 is modular for symClass C
23.1526334729607 is modular for symClass C
15.68257565507617 is NOT modular for symClass C
23.08193713989629 is modular for symClass C
18.09474232255288 is modular for symClass C
20.88248569359863 is modular for symClass C
18.1548677634448 is modular for symClass C
20.93364255258689 is modular for symClass C
12.1880312081253 is modular for symClass C
3.330496260606198 is modular for symClass C
22.58312498347099 is NOT modular for symClass C
24.7315370366164 is modular for symClass C
13.48055430347985 is modular for symClass C
21.4724871461485 is modular for symClass C
17.53780672497153 is modular for symClass C
22.5867394308197 is NOT modular for symClass C
24.18856423729764 is NOT modular for symClass C
17.21156554423115 is NOT modular for symClass C
17.31401330979286 is modular for symClass C
21.68937721344037 is modular for symClass C
15.09427374038096 is modular for symClass C
16.14873300700542 is NOT modular for symClass C
15.90587380795549 is NOT modular for symClass C
18.56400734520961 is modular for symClass C
22.5814009834327 is NOT modular for symClass C
13.15283993440404 is modular for symClass C
20.69419758585285 is NOT modular for symClass C
21.20674876669604 is NOT modular for symClass C
20.08371249932653 is modular for symClass C
23.85050741505455 is NOT modular for symClass C
20.4975831173426 is modular for symClass C
21.19876653191441 is NOT modular for symClass C
22.44910099948589 is modular for symClass C
21.42949142108858 is modular for symClass C
23.85048697810402 is NOT modular for symClass C
21.00554051228549 is modular for symClass C
20.10744138580578 is NOT modular for symClass C
7.337822696861286 is modular for symClass C
10.71883586885431 is modular for symClass C
22.12936328391862 is modular for symClass C
24.37274721798256 is modular for symClass C
24.77933986741805 is NOT modular for symClass C
20.11469039164724 is modular for symClass C
3.823379924533276 is modular for symClass C
21.07861994964612 is NOT modular for symClass C
20.40626766335716 is NOT modular for symClass C
10.2028729596168 is modular for symClass C
12.16352714029218 is NOT modular for symClass C
21.27888860281606 is modular for symClass C
20.43256311112263 is NOT modular for symClass C
14.15494300826669 is modular for symClass C
16.45193421161756 is modular for symClass C
21.25921690627317 is modular for symClass C
17.77837656720851 is modular for symClass C
13.90283186549754 is modular for symClass C
12.77727648717218 is modular for symClass C
18.98712910771629 is modular for symClass C
19.71282399757746 is modular for symClass C
15.89426586595683 is NOT modular for symClass C
23.50068219107836 is modular for symClass C
24.1575014289672 is NOT modular for symClass C
24.79948967934271 is modular for symClass C
15.05989699900817 is NOT modular for symClass C
11.70924177598257 is modular for symClass C
23.06333173006448 is modular for symClass C
17.21409513519439 is NOT modular for symClass C
22.08352423657864 is modular for symClass C
22.58276307343979 is modular for symClass C
23.09380043827712 is NOT modular for symClass C
23.15261175583808 is modular for symClass C
23.53930759022702 is modular for symClass C
18.73669461521933 is modular for symClass C
22.12355454223282 is NOT modular for symClass C
18.32240981859426 is modular for symClass C
13.34575991504278 is modular for symClass C
20.40246811913298 is NOT modular for symClass C
24.47564348022819 is modular for symClass C
6.302242845675714 is modular for symClass C
9.792765267804921 is modular for symClass C
24.48307477081559 is NOT modular for symClass C
6.053771542277755 is modular for symClass C
21.28425218659286 is NOT modular for symClass C
11.44577392913305 is modular for symClass C
24.16568826130466 is NOT modular for symClass C
18.77817217012715 is modular for symClass C
21.29938213906917 is modular for symClass C
16.95869737940776 is NOT modular for symClass C
22.57576583919925 is modular for symClass C
22.71958435809681 is modular for symClass C
13.81096806450012 is modular for symClass C
14.44190836107019 is modular for symClass C
12.70037199365083 is modular for symClass C
24.94793626866965 is modular for symClass C
16.52504327826453 is modular for symClass C
13.23757546954411 is modular for symClass C
24.54208890403352 is modular for symClass C
14.58804337563001 is modular for symClass C
20.98665064538316 is modular for symClass C
slurmstepd: error: *** JOB 3313436 ON c111 CANCELLED AT 2025-02-13T22:41:16 DUE TO TIME LIMIT ***
