/mmfs1/data/mossea/Documents/bianchi-maass-forms/cmake-build-release
c124
Fri Feb 14 13:33:33 EST 2025
21.98745976614365 is NOT modular for symClass D
21.44237695518002 is NOT modular for symClass D
22.75862819997505 is NOT modular for symClass D
16.7422427918141 is NOT modular for symClass D
21.38848739809325 is NOT modular for symClass D
24.44110688063107 is NOT modular for symClass D
21.28996211000253 is NOT modular for symClass D
21.64186037182587 is NOT modular for symClass D
12.18751000050676 is NOT modular for symClass D
20.67484483320571 is NOT modular for symClass D
18.2380048325762 is NOT modular for symClass D
22.96274665995313 is NOT modular for symClass D
24.19917131692307 is NOT modular for symClass D
19.70295620067817 is NOT modular for symClass D
15.93857259149013 is NOT modular for symClass D
23.66353900795704 is NOT modular for symClass D
23.67925446606263 is NOT modular for symClass D
21.97982837777608 is NOT modular for symClass D
16.73277450273771 is NOT modular for symClass D
15.89469904213157 is NOT modular for symClass D
14.3640347550583 is NOT modular for symClass D
19.70014028377992 is NOT modular for symClass D
21.48387967949704 is NOT modular for symClass D
18.31828901968339 is NOT modular for symClass D
19.59155362861105 is NOT modular for symClass D
21.00381341262453 is NOT modular for symClass D
20.23750570497647 is NOT modular for symClass D
16.72839293677612 is NOT modular for symClass D
20.675846347939 is NOT modular for symClass D
9.601230005177584 is NOT modular for symClass D
16.73746422861351 is NOT modular for symClass D
12.19268028442978 is NOT modular for symClass D
21.46962340587022 is NOT modular for symClass D
24.667129645722 is NOT modular for symClass D
21.9842582075141 is NOT modular for symClass D
24.842408369441 is NOT modular for symClass D
17.72865164248358 is NOT modular for symClass D
21.41528187874017 is NOT modular for symClass D
18.32469334534063 is NOT modular for symClass D
21.96703885827576 is NOT modular for symClass D
11.6516508409753 is NOT modular for symClass D
12.18739097531327 is NOT modular for symClass D
21.64498091999423 is NOT modular for symClass D
11.04560366099795 is NOT modular for symClass D
22.92405668333215 is NOT modular for symClass D
21.28792060184742 is NOT modular for symClass D
14.38462698498528 is NOT modular for symClass D
16.72567937985412 is NOT modular for symClass D
24.75276578563551 is NOT modular for symClass D
21.57768639758038 is NOT modular for symClass D
18.9579195748302 is NOT modular for symClass D
19.02211926502522 is NOT modular for symClass D
23.17009936540125 is NOT modular for symClass D
18.94518381305232 is NOT modular for symClass D
20.38811931984409 is NOT modular for symClass D
15.60706164861605 is NOT modular for symClass D
15.95203536739025 is NOT modular for symClass D
Going to test these spectral parameters for modularity in the corresponding symmetry class of reflection-odd forms
24.55603712305836
20.73581240787422
16.36749775658706
22.01719027550191
20.96913923385993
17.67838683496484
20.13917249784154
13.62781044072869
21.45101723555859
14.41009172533772
21.91533486685168
17.16026985903269
10.30834670698963
23.64882443123825
24.5347781775301
17.83616215357496
15.7926076603015
16.59929124526635
16.17111728801592
21.35538310922701
11.86949080563855
13.39012890646693
11.14535892073414
24.19999318008575
14.05262337109217
19.59123141682828
20.66184217875808
15.63458971586149
23.91916546799625
9.595890527024096
15.99624589902616
17.96082796847419
22.52030660478194
19.5395689323091
10.56374967068566
24.6485016220024
24.62740139854944
24.28146797188625
19.2408596040831
21.98319141715401
19.69382348721303
24.193305906698
13.11048796566661
23.08251149350865
24.46974000458023
24.02103538856893
21.87037026133655
20.23498206565572
15.4489335338276
18.69534253338378
14.83519375396517
23.0562065077081
18.11349532687383
23.1823844904392
10.5269968301733
17.36132507466685
23.21039746981714
20.55669751965308
22.50609351917303
15.74926143446013
15.11754228974176
19.06245588688047
17.99779564616972
23.95888363169006
24.80503928724992
15.26992520577943
24.98849396087862
17.50941290041234
22.52984045992261
18.69220530156282
22.07356485933574
23.9839700303253
19.45636921299317
17.0799903007585
24.44168225466316
19.00621499008057
6.463133658510118
23.9851670301016
11.04036961807967
5.779712657768769
14.42445858491591
13.87135772785997
3.770910610764859
21.28564393894203
19.8895519644079
18.46163450030905
22.90990114223757
12.10025713752637
17.12020736039655
20.31918212038973
17.01132470082819
21.40218869535336
21.55344969572677
14.68099657517871
19.58947733314943
24.34601664935936
13.13089430003687
12.06999652115603
20.46199823743575
4.062090922339122
24.84359686339894
20.78818808999441
7.129906857868889
17.58671919684491
21.71873538227127
23.82694458035443
23.15404112062068
22.78980990441838
12.64761005043561
20.29480698383791
21.12067358878394
22.41447458312885
22.11444813038931
23.5784926744543
21.0665268490188
6.020736376796339
14.29977586379131
8.514049681588256
7.606288297057565
21.96547746918375
6.613948952164217
21.32151939861442
16.72665766991966
11.31599314417971
11.47911440972592
12.18652582122059
13.27979030545185
17.54390022040203
21.11392236392494
23.9643273385298
15.53829227114553
22.14204994964272
19.84611205770125
19.95285785863133
23.52786228715699
11.76328377719356
17.03394156220748
24.8799356088651
16.12255643290885
23.44154013287715
15.0193727383336
maxDiff is 7.976730387326825e-12
24.55603712305836 is modular for symClass G
maxDiff is 6.211031688962976e-12
20.73581240787422 is modular for symClass G
maxDiff is 22.21075004205402
16.36749775658706 is NOT modular for symClass G
maxDiff is 1.048139353088118e-11
22.01719027550191 is modular for symClass G
maxDiff is 2.27098340133125e-10
20.96913923385993 is modular for symClass G
maxDiff is 1.359978796244832e-11
17.67838683496484 is modular for symClass G
warning coeffavg is 19.49096414987118
maxDiff is 159.5942975248786
20.13917249784154 is NOT modular for symClass G
maxDiff is 22.2430645645388
13.62781044072869 is NOT modular for symClass G
maxDiff is 42.85178858826576
21.45101723555859 is NOT modular for symClass G
maxDiff is 1.473082750490672
14.41009172533772 is NOT modular for symClass G
maxDiff is 31.35091378372483
21.91533486685168 is NOT modular for symClass G
maxDiff is 6.559958934386848
17.16026985903269 is NOT modular for symClass G
maxDiff is 35.40118679268478
10.30834670698963 is NOT modular for symClass G
maxDiff is 9.439277839374613
23.64882443123825 is NOT modular for symClass G
maxDiff is 9.005372542239321
24.5347781775301 is NOT modular for symClass G
maxDiff is 1.41886502547095e-12
17.83616215357496 is modular for symClass G
warning coeffavg is 17.04353233165397
maxDiff is 97.69264319150756
15.7926076603015 is NOT modular for symClass G
maxDiff is 1.533440041612266e-12
16.59929124526635 is modular for symClass G
maxDiff is 19.42980080351199
16.17111728801592 is NOT modular for symClass G
maxDiff is 2.26627605570684e-11
21.35538310922701 is modular for symClass G
maxDiff is 4.004435671944861e-13
11.86949080563855 is modular for symClass G
maxDiff is 58.98639963632873
13.39012890646693 is NOT modular for symClass G
maxDiff is 23.74794479541258
11.14535892073414 is NOT modular for symClass G
maxDiff is 6.504838334642216e-12
24.19999318008575 is modular for symClass G
maxDiff is 2.820146893789399e-12
14.05262337109217 is modular for symClass G
maxDiff is 8.14410951499498
19.59123141682828 is NOT modular for symClass G
maxDiff is 16.78125035849992
20.66184217875808 is NOT modular for symClass G
maxDiff is 1.176392316892816e-12
15.63458971586149 is modular for symClass G
maxDiff is 22.68760067508077
23.91916546799625 is NOT modular for symClass G
maxDiff is 5.346915302561435
9.595890527024096 is NOT modular for symClass G
maxDiff is 1.384115044800183e-12
15.99624589902616 is modular for symClass G
maxDiff is 2.685407451963329e-12
17.96082796847419 is modular for symClass G
maxDiff is 16.14873664648228
22.52030660478194 is NOT modular for symClass G
maxDiff is 7.863043549605209e-12
19.5395689323091 is modular for symClass G
maxDiff is 3.560068906338643e-13
10.56374967068566 is modular for symClass G
maxDiff is 2.441469248992689e-11
24.6485016220024 is modular for symClass G
maxDiff is 12.8226402633711
24.62740139854944 is NOT modular for symClass G
maxDiff is 28.83510396605962
24.28146797188625 is NOT modular for symClass G
maxDiff is 3.985256569194462e-12
19.2408596040831 is modular for symClass G
maxDiff is 8.574829735152889e-11
21.98319141715401 is modular for symClass G
maxDiff is 32.31470115312216
19.69382348721303 is NOT modular for symClass G
maxDiff is 3.504468379908126
24.193305906698 is NOT modular for symClass G
maxDiff is 1.295834550774089e-10
13.11048796566661 is modular for symClass G
warning coeffavg is 11.08383089385857
maxDiff is 1.64742885999658e-10
23.08251149350865 is modular for symClass G
maxDiff is 5.926592550054011e-12
24.46974000458023 is modular for symClass G
maxDiff is 3.928272345649141
24.02103538856893 is NOT modular for symClass G
maxDiff is 12.36855142979368
21.87037026133655 is NOT modular for symClass G
maxDiff is 7.407630064903969e-12
20.23498206565572 is modular for symClass G
maxDiff is 27.66027354160764
15.4489335338276 is NOT modular for symClass G
maxDiff is 0.6865359609251376
18.69534253338378 is NOT modular for symClass G
maxDiff is 21.37489102511092
14.83519375396517 is NOT modular for symClass G
maxDiff is 1.578397141774478
23.0562065077081 is NOT modular for symClass G
maxDiff is 16.24156491064566
18.11349532687383 is NOT modular for symClass G
maxDiff is 4.419131727217973e-12
23.1823844904392 is modular for symClass G
maxDiff is 48.52740374096402
10.5269968301733 is NOT modular for symClass G
maxDiff is 22.7386783934132
17.36132507466685 is NOT modular for symClass G
maxDiff is 9.902301201236696e-12
23.21039746981714 is modular for symClass G
maxDiff is 103.4076332772512
20.55669751965308 is NOT modular for symClass G
maxDiff is 8.251066496711701e-12
22.50609351917303 is modular for symClass G
maxDiff is 3.698374939631321e-12
15.74926143446013 is modular for symClass G
warning coeffavg is 15.85695652474267
maxDiff is 268.9951446156995
15.11754228974176 is NOT modular for symClass G
maxDiff is 19.01947189534922
19.06245588688047 is NOT modular for symClass G
maxDiff is 5.595890417708915e-11
17.99779564616972 is modular for symClass G
maxDiff is 1.711825126093913e-10
23.95888363169006 is modular for symClass G
maxDiff is 1.888533773808376e-11
24.80503928724992 is modular for symClass G
maxDiff is 6.548983577658873e-12
15.26992520577943 is modular for symClass G
maxDiff is 17.52163284419199
24.98849396087862 is NOT modular for symClass G
maxDiff is 1.985056563569287e-11
17.50941290041234 is modular for symClass G
maxDiff is 5.856878870780236e-11
22.52984045992261 is modular for symClass G
maxDiff is 6.384337503106963e-12
18.69220530156282 is modular for symClass G
maxDiff is 9.756750962708338e-12
22.07356485933574 is modular for symClass G
maxDiff is 2.152655831366701e-11
23.9839700303253 is modular for symClass G
maxDiff is 3.919087276926803e-12
19.45636921299317 is modular for symClass G
maxDiff is 3.829797296479577
17.0799903007585 is NOT modular for symClass G
maxDiff is 2.850273350674115e-10
24.44168225466316 is modular for symClass G
maxDiff is 8.2430728909344e-12
19.00621499008057 is modular for symClass G
maxDiff is 2.784439345759893e-13
6.463133658510118 is modular for symClass G
maxDiff is 6.509903727192068e-12
23.9851670301016 is modular for symClass G
maxDiff is 1.612932010175427e-12
11.04036961807967 is modular for symClass G
maxDiff is 5.374995473498761
5.779712657768769 is NOT modular for symClass G
maxDiff is 1.00466857055892e-12
14.42445858491591 is modular for symClass G
warning coeffavg is 72.34819645678515
maxDiff is 1275.294683504276
13.87135772785997 is NOT modular for symClass G
maxDiff is 1.630834194049836
3.770910610764859 is NOT modular for symClass G
maxDiff is 21.09179177965103
21.28564393894203 is NOT modular for symClass G
maxDiff is 4.838268674589585e-12
19.8895519644079 is modular for symClass G
maxDiff is 18.76586241176006
18.46163450030905 is NOT modular for symClass G
maxDiff is 19.63001708797311
22.90990114223757 is NOT modular for symClass G
maxDiff is 69.80998953512518
12.10025713752637 is NOT modular for symClass G
maxDiff is 8.264942230708787
17.12020736039655 is NOT modular for symClass G
maxDiff is 9.204366259054789
20.31918212038973 is NOT modular for symClass G
maxDiff is 1.830507967426342e-12
17.01132470082819 is modular for symClass G
maxDiff is 2.067213067391549e-11
21.40218869535336 is modular for symClass G
maxDiff is 3.614920862649029e-12
21.55344969572677 is modular for symClass G
maxDiff is 1.73971947958762e-12
14.68099657517871 is modular for symClass G
maxDiff is 21.63404084634823
19.58947733314943 is NOT modular for symClass G
maxDiff is 25.13484227951201
24.34601664935936 is NOT modular for symClass G
maxDiff is 3.416822380586382e-12
13.13089430003687 is modular for symClass G
warning coeffavg is 18.03025054137689
maxDiff is 215.9238786917139
12.06999652115603 is NOT modular for symClass G
warning coeffavg is 11.03605084960967
maxDiff is 3.693312322639031e-11
20.46199823743575 is modular for symClass G
maxDiff is 2.514394076446956
4.062090922339122 is NOT modular for symClass G
maxDiff is 1.685895867353793e-11
24.84359686339894 is modular for symClass G
maxDiff is 60.92399560962865
20.78818808999441 is NOT modular for symClass G
maxDiff is 4.545845741800098
7.129906857868889 is NOT modular for symClass G
maxDiff is 27.52793365043457
17.58671919684491 is NOT modular for symClass G
maxDiff is 44.88058968779783
21.71873538227127 is NOT modular for symClass G
maxDiff is 2.97850633046437e-12
23.82694458035443 is modular for symClass G
maxDiff is 5.651923373761747e-12
23.15404112062068 is modular for symClass G
maxDiff is 3.500000289591298e-11
22.78980990441838 is modular for symClass G
maxDiff is 1.043110042786566e-12
12.64761005043561 is modular for symClass G
maxDiff is 3.695710404372221e-12
20.29480698383791 is modular for symClass G
maxDiff is 6.586228090688095e-12
21.12067358878394 is modular for symClass G
maxDiff is 80.35221293360733
22.41447458312885 is NOT modular for symClass G
maxDiff is 6.654232720393338e-12
22.11444813038931 is modular for symClass G
maxDiff is 1.229283341785958e-11
23.5784926744543 is modular for symClass G
maxDiff is 1.234645718994898e-11
21.0665268490188 is modular for symClass G
maxDiff is 7.974147813175004
6.020736376796339 is NOT modular for symClass G
maxDiff is 2.24922858116372e-12
14.29977586379131 is modular for symClass G
maxDiff is 4.252389853688666
8.514049681588256 is NOT modular for symClass G
maxDiff is 25.12595529850932
7.606288297057565 is NOT modular for symClass G
maxDiff is 6.656928795882967
21.96547746918375 is NOT modular for symClass G
maxDiff is 2.635346788177083
6.613948952164217 is NOT modular for symClass G
maxDiff is 89.46580660679686
21.32151939861442 is NOT modular for symClass G
maxDiff is 1.1257927923225e-10
16.72665766991966 is modular for symClass G
maxDiff is 3.169131623792509e-13
11.31599314417971 is modular for symClass G
maxDiff is 30.4856080786573
11.47911440972592 is NOT modular for symClass G
maxDiff is 131.7282362004421
12.18652582122059 is NOT modular for symClass G
maxDiff is 6.685763054292693e-13
13.27979030545185 is modular for symClass G
maxDiff is 11.04446061147449
17.54390022040203 is NOT modular for symClass G
maxDiff is 5.086731036385572e-11
21.11392236392494 is modular for symClass G
maxDiff is 5.801325592502628
23.9643273385298 is NOT modular for symClass G
maxDiff is 6.937117547067828e-12
15.53829227114553 is modular for symClass G
maxDiff is 5.042022355183917e-12
22.14204994964272 is modular for symClass G
maxDiff is 5.025091454058384e-12
19.84611205770125 is modular for symClass G
maxDiff is 19.76164908714619
19.95285785863133 is NOT modular for symClass G
maxDiff is 24.44576742834713
23.52786228715699 is NOT modular for symClass G
maxDiff is 6.865490477045705
11.76328377719356 is NOT modular for symClass G
maxDiff is 4.193534408614141e-12
17.03394156220748 is modular for symClass G
maxDiff is 8.143041796415673e-12
24.8799356088651 is modular for symClass G
maxDiff is 4.50239845406486e-12
16.12255643290885 is modular for symClass G
maxDiff is 62.19094785517318
23.44154013287715 is NOT modular for symClass G
maxDiff is 9.247814343152687
15.0193727383336 is NOT modular for symClass G
memory leak= { 141830 101706 0 0 3406761 33669905 }
17.20935974940152 is NOT modular for symClass C
20.4042737284436 is NOT modular for symClass C
15.71655210475077 is NOT modular for symClass C
22.77919606852967 is NOT modular for symClass C
23.44933972830091 is NOT modular for symClass C
17.46406106010635 is NOT modular for symClass C
17.28134012180227 is NOT modular for symClass C
22.13717693724128 is NOT modular for symClass C
17.10542198500369 is NOT modular for symClass C
20.69418592821279 is NOT modular for symClass C
18.74231548094191 is NOT modular for symClass C
21.2169101646665 is NOT modular for symClass C
15.89622153789269 is NOT modular for symClass C
16.95219737349948 is NOT modular for symClass C
17.20543296351645 is NOT modular for symClass C
18.26340587428892 is NOT modular for symClass C
15.05994825913973 is NOT modular for symClass C
21.28237839132361 is NOT modular for symClass C
23.68419617942348 is NOT modular for symClass C
17.19329141395259 is NOT modular for symClass C
21.2743062804208 is NOT modular for symClass C
15.68257565507617 is NOT modular for symClass C
22.58312498347099 is NOT modular for symClass C
22.5867394308197 is NOT modular for symClass C
24.18856423729764 is NOT modular for symClass C
17.21156554423115 is NOT modular for symClass C
16.14873300700542 is NOT modular for symClass C
15.90587380795549 is NOT modular for symClass C
22.5814009834327 is NOT modular for symClass C
20.69419758585285 is NOT modular for symClass C
21.20674876669604 is NOT modular for symClass C
23.85050741505455 is NOT modular for symClass C
21.19876653191441 is NOT modular for symClass C
23.85048697810402 is NOT modular for symClass C
20.10744138580578 is NOT modular for symClass C
24.77933986741805 is NOT modular for symClass C
21.07861994964612 is NOT modular for symClass C
20.40626766335716 is NOT modular for symClass C
12.16352714029218 is NOT modular for symClass C
20.43256311112263 is NOT modular for symClass C
15.89426586595683 is NOT modular for symClass C
24.1575014289672 is NOT modular for symClass C
15.05989699900817 is NOT modular for symClass C
17.21409513519439 is NOT modular for symClass C
23.09380043827712 is NOT modular for symClass C
22.12355454223282 is NOT modular for symClass C
20.40246811913298 is NOT modular for symClass C
24.48307477081559 is NOT modular for symClass C
21.28425218659286 is NOT modular for symClass C
24.16568826130466 is NOT modular for symClass C
16.95869737940776 is NOT modular for symClass C
12.20862067382963 is NOT modular for symClass C
13.00221682840062 is modular for symClass C
10.71318102070802 is NOT modular for symClass C
19.65635735262696 is modular for symClass C
15.91402775458166 is NOT modular for symClass C
17.71574489083496 is NOT modular for symClass C
14.65421386608808 is NOT modular for symClass C
23.54038374673058 is NOT modular for symClass C
19.19205812549844 is modular for symClass C
12.14938249374905 is modular for symClass C
17.27514606150105 is modular for symClass C
20.80672129123511 is modular for symClass C
21.09611830431588 is modular for symClass C
22.14049556714392 is NOT modular for symClass C
22.83379578056981 is NOT modular for symClass C
Going to test these spectral parameters for modularity in the corresponding symmetry class of reflection-odd forms
21.23857954186762
23.67530473058593
17.71177126285001
10.02518769922103
21.55491921335864
16.32396225079474
16.15625179280058
20.64656492759671
20.37406857523064
12.36333080301018
23.42653467674515
18.7456983246171
19.10409609944075
17.90377253103032
11.41473128820399
20.86938110446761
21.9073380687032
8.960639604792187
22.85507987825062
18.48220702454429
21.57336340904056
15.06012889669297
21.84328748476719
20.30581143574959
9.921517837782103
14.41478203521055
16.49858007624159
20.73732072192578
10.77027948203376
14.9687060609957
21.95950875982892
9.555153348184987
20.22682673382058
16.26047551957529
7.873371037733481
12.62940085910969
22.46147815535798
12.08243467568031
15.40337910587636
13.536341712329
20.43131682100453
5.264231157920875
23.37444864020946
24.62833458569262
18.20118391688942
17.2837348621387
22.33066126928907
16.06878948334849
5.838260676307743
23.69657396923082
23.98094734412599
16.60398223589079
7.977137725489022
9.033367493047884
14.92779417001887
19.26042645327273
8.835829268389102
17.17022653854918
7.104376159432525
22.21761417860377
24.7752586821815
22.51027067247481
18.63010595056625
24.13975778294379
16.14313394554836
15.03414413095462
11.59739101656688
19.39865233355369
20.37931043994435
23.1526334729607
23.08193713989629
18.09474232255288
20.88248569359863
18.1548677634448
20.93364255258689
12.1880312081253
3.330496260606198
24.7315370366164
13.48055430347985
21.4724871461485
17.53780672497153
17.31401330979286
21.68937721344037
15.09427374038096
18.56400734520961
13.15283993440404
20.08371249932653
20.4975831173426
22.44910099948589
21.42949142108858
21.00554051228549
7.337822696861286
10.71883586885431
22.12936328391862
24.37274721798256
20.11469039164724
3.823379924533276
10.2028729596168
21.27888860281606
14.15494300826669
16.45193421161756
21.25921690627317
17.77837656720851
13.90283186549754
12.77727648717218
18.98712910771629
19.71282399757746
23.50068219107836
24.79948967934271
11.70924177598257
23.06333173006448
22.08352423657864
22.58276307343979
23.15261175583808
23.53930759022702
18.73669461521933
18.32240981859426
13.34575991504278
24.47564348022819
6.302242845675714
9.792765267804921
6.053771542277755
11.44577392913305
18.77817217012715
21.29938213906917
22.57576583919925
22.71958435809681
13.81096806450012
14.44190836107019
12.70037199365083
24.94793626866965
16.52504327826453
13.23757546954411
24.54208890403352
14.58804337563001
20.98665064538316
13.00221682840062
19.65635735262696
19.19205812549844
12.14938249374905
17.27514606150105
20.80672129123511
21.09611830431588
maxDiff is 5.446551946567559
21.23857954186762 is NOT modular for symClass H
maxDiff is 1.515618741620983e-10
23.67530473058593 is modular for symClass H
maxDiff is 1.6849854844736e-12
17.71177126285001 is modular for symClass H
maxDiff is 7.2394176688759
10.02518769922103 is NOT modular for symClass H
maxDiff is 6.59827747995223e-12
21.55491921335864 is modular for symClass H
maxDiff is 9.642349335112096
16.32396225079474 is NOT modular for symClass H
maxDiff is 8.51096970677645e-13
16.15625179280058 is modular for symClass H
maxDiff is 48.24283923286072
20.64656492759671 is NOT modular for symClass H
maxDiff is 6.908155768301247
20.37406857523064 is NOT modular for symClass H
maxDiff is 8.801848139228241e-13
12.36333080301018 is modular for symClass H
maxDiff is 7.119638212316204e-12
23.42653467674515 is modular for symClass H
warning coeffavg is 18.13476271835144
maxDiff is 347.8832177014331
18.7456983246171 is NOT modular for symClass H
maxDiff is 3.187394792547593e-12
19.10409609944075 is modular for symClass H
maxDiff is 11.78003280254386
17.90377253103032 is NOT modular for symClass H
maxDiff is 3.304380954450987
11.41473128820399 is NOT modular for symClass H
maxDiff is 1.790762677034152e-11
20.86938110446761 is modular for symClass H
maxDiff is 5.073275133327115e-12
21.9073380687032 is modular for symClass H
maxDiff is 4.329427886923154
8.960639604792187 is NOT modular for symClass H
maxDiff is 9.582811786587261
22.85507987825062 is NOT modular for symClass H
maxDiff is 3.456790409472887e-12
18.48220702454429 is modular for symClass H
maxDiff is 8.120018546442509e-12
21.57336340904056 is modular for symClass H
maxDiff is 9.636735853746359e-13
15.06012889669297 is modular for symClass H
maxDiff is 7.65550796101685
21.84328748476719 is NOT modular for symClass H
maxDiff is 1.364242052659392e-12
20.30581143574959 is modular for symClass H
maxDiff is 7.750466934908218e-13
9.921517837782103 is modular for symClass H
maxDiff is 2.961172769097171
14.41478203521055 is NOT modular for symClass H
maxDiff is 29.71832936606177
16.49858007624159 is NOT modular for symClass H
maxDiff is 31.28138276876933
20.73732072192578 is NOT modular for symClass H
maxDiff is 20.06445173784835
10.77027948203376 is NOT modular for symClass H
maxDiff is 4.960632564947874
14.9687060609957 is NOT modular for symClass H
maxDiff is 5.553335569175033e-12
21.95950875982892 is modular for symClass H
maxDiff is 10.98237581505352
9.555153348184987 is NOT modular for symClass H
maxDiff is 4.68380889628861e-12
20.22682673382058 is modular for symClass H
maxDiff is 2.18058904266627e-12
16.26047551957529 is modular for symClass H
maxDiff is 3.792879763799184
7.873371037733481 is NOT modular for symClass H
maxDiff is 9.954724544680715e-12
12.62940085910969 is modular for symClass H
maxDiff is 5.209842174402134
22.46147815535798 is NOT modular for symClass H
maxDiff is 6.616755754418335e-13
12.08243467568031 is modular for symClass H
maxDiff is 7.820872208447158
15.40337910587636 is NOT modular for symClass H
maxDiff is 53.18533810154872
13.536341712329 is NOT modular for symClass H
maxDiff is 5.633893351841834e-11
20.43131682100453 is modular for symClass H
maxDiff is 6.168648630706716
5.264231157920875 is NOT modular for symClass H
maxDiff is 3.477351739888945e-11
23.37444864020946 is modular for symClass H
maxDiff is 1.070232791278158e-11
24.62833458569262 is modular for symClass H
maxDiff is 3.04822833641083e-12
18.20118391688942 is modular for symClass H
maxDiff is 4.643396778192255e-12
17.2837348621387 is modular for symClass H
maxDiff is 6.23856521997368e-11
22.33066126928907 is modular for symClass H
maxDiff is 1.63291602461868e-12
16.06878948334849 is modular for symClass H
maxDiff is 1.142082324931245
5.838260676307743 is NOT modular for symClass H
maxDiff is 1.749622668967277e-11
23.69657396923082 is modular for symClass H
maxDiff is 27.61345920745841
23.98094734412599 is NOT modular for symClass H
maxDiff is 1.657340931160434e-12
16.60398223589079 is modular for symClass H
maxDiff is 1.038394054715588e-12
7.977137725489022 is modular for symClass H
maxDiff is 2.986812186467347e-13
9.033367493047884 is modular for symClass H
maxDiff is 3.06982734342541
14.92779417001887 is NOT modular for symClass H
warning coeffavg is 19.26794601453612
maxDiff is 204.452510159636
19.26042645327273 is NOT modular for symClass H
maxDiff is 7.986339527141752
8.835829268389102 is NOT modular for symClass H
maxDiff is 108.0677430058661
17.17022653854918 is NOT modular for symClass H
maxDiff is 7.261051761742429
7.104376159432525 is NOT modular for symClass H
maxDiff is 4.044616879855809
22.21761417860377 is NOT modular for symClass H
maxDiff is 1.472244548494928e-11
24.7752586821815 is modular for symClass H
maxDiff is 5.254907620155791e-12
22.51027067247481 is modular for symClass H
maxDiff is 9.068135131684585e-12
18.63010595056625 is modular for symClass H
maxDiff is 17.51324789615429
24.13975778294379 is NOT modular for symClass H
maxDiff is 1.089504523924374
16.14313394554836 is NOT modular for symClass H
maxDiff is 1.83399634379644
15.03414413095462 is NOT modular for symClass H
maxDiff is 4.466286281784582e-12
11.59739101656688 is modular for symClass H
maxDiff is 3.678835014397919e-12
19.39865233355369 is modular for symClass H
maxDiff is 1.1651835052362e-10
20.37931043994435 is modular for symClass H
maxDiff is 2.714273250603583e-11
23.1526334729607 is modular for symClass H
maxDiff is 1.029711038658121e-11
23.08193713989629 is modular for symClass H
warning coeffavg is 14.15405807248806
maxDiff is 96.79301859224475
18.09474232255288 is NOT modular for symClass H
maxDiff is 3.612221632920409e-11
20.88248569359863 is modular for symClass H
maxDiff is 83.17617217463265
18.1548677634448 is NOT modular for symClass H
maxDiff is 6.416200903913705e-12
20.93364255258689 is modular for symClass H
warning coeffavg is 10.40714320387927
maxDiff is 89.52906406824563
12.1880312081253 is NOT modular for symClass H
maxDiff is 1.004937004996548
3.330496260606198 is NOT modular for symClass H
maxDiff is 49.96244288320474
24.7315370366164 is NOT modular for symClass H
maxDiff is 20.5857922203297
13.48055430347985 is NOT modular for symClass H
maxDiff is 22.70188423469789
21.4724871461485 is NOT modular for symClass H
maxDiff is 32.69551190814617
17.53780672497153 is NOT modular for symClass H
maxDiff is 5.285321680346611
17.31401330979286 is NOT modular for symClass H
maxDiff is 1.450217723686364e-11
21.68937721344037 is modular for symClass H
maxDiff is 4.943905666370028
15.09427374038096 is NOT modular for symClass H
maxDiff is 4.552802579382842e-12
18.56400734520961 is modular for symClass H
maxDiff is 23.1100446131743
13.15283993440404 is NOT modular for symClass H
maxDiff is 4.003242182193389e-12
20.08371249932653 is modular for symClass H
maxDiff is 9.114165881745162
20.4975831173426 is NOT modular for symClass H
maxDiff is 21.65129260726163
22.44910099948589 is NOT modular for symClass H
maxDiff is 3.178346474896898e-12
21.42949142108858 is modular for symClass H
maxDiff is 11.57588151754954
21.00554051228549 is NOT modular for symClass H
maxDiff is 9.471757492655954
7.337822696861286 is NOT modular for symClass H
maxDiff is 13.80062239663284
10.71883586885431 is NOT modular for symClass H
maxDiff is 5.56724670756938
22.12936328391862 is NOT modular for symClass H
maxDiff is 4.798828001639777e-12
24.37274721798256 is modular for symClass H
maxDiff is 4.432010314303625e-12
20.11469039164724 is modular for symClass H
maxDiff is 1.162304665324381
3.823379924533276 is NOT modular for symClass H
maxDiff is 36.11392440843679
10.2028729596168 is NOT modular for symClass H
maxDiff is 57.69169910370051
21.27888860281606 is NOT modular for symClass H
maxDiff is 1.584288256140098e-12
14.15494300826669 is modular for symClass H
maxDiff is 1.820321671175407e-12
16.45193421161756 is modular for symClass H
maxDiff is 5.869971175798128e-12
21.25921690627317 is modular for symClass H
maxDiff is 2.050137837272814e-11
17.77837656720851 is modular for symClass H
maxDiff is 24.50398767578564
13.90283186549754 is NOT modular for symClass H
maxDiff is 5.595468753778524
12.77727648717218 is NOT modular for symClass H
maxDiff is 6.542766328720973e-12
18.98712910771629 is modular for symClass H
maxDiff is 16.95556992927431
19.71282399757746 is NOT modular for symClass H
maxDiff is 9.226157190042256
23.50068219107836 is NOT modular for symClass H
maxDiff is 9.338863016239429e-12
24.79948967934271 is modular for symClass H
maxDiff is 32.30898686402114
11.70924177598257 is NOT modular for symClass H
maxDiff is 6.993029666784288
23.06333173006448 is NOT modular for symClass H
maxDiff is 9.596545780254928e-12
22.08352423657864 is modular for symClass H
maxDiff is 7.518985434273873e-12
22.58276307343979 is modular for symClass H
maxDiff is 0.1313108904656879
23.15261175583808 is NOT modular for symClass H
maxDiff is 3.61666252501891e-12
23.53930759022702 is modular for symClass H
maxDiff is 18.3155785852123
18.73669461521933 is NOT modular for symClass H
maxDiff is 2.465583293087548e-12
18.32240981859426 is modular for symClass H
maxDiff is 9.327238237565437
13.34575991504278 is NOT modular for symClass H
maxDiff is 2.03649180852139e-11
24.47564348022819 is modular for symClass H
maxDiff is 1.373294120856018
6.302242845675714 is NOT modular for symClass H
maxDiff is 2.010169808386308e-12
9.792765267804921 is modular for symClass H
maxDiff is 1.67240799868776
6.053771542277755 is NOT modular for symClass H
maxDiff is 35.42260759737835
11.44577392913305 is NOT modular for symClass H
maxDiff is 92.80484907086647
18.77817217012715 is NOT modular for symClass H
maxDiff is 4.402700426453521e-12
21.29938213906917 is modular for symClass H
maxDiff is 11.98442166917772
22.57576583919925 is NOT modular for symClass H
maxDiff is 3.892886013545649e-12
22.71958435809681 is modular for symClass H
maxDiff is 2.957634137601417e-12
13.81096806450012 is modular for symClass H
maxDiff is 2.255085007618618e-12
14.44190836107019 is modular for symClass H
maxDiff is 2.028465931860372
12.70037199365083 is NOT modular for symClass H
maxDiff is 5.476508135870972e-12
24.94793626866965 is modular for symClass H
maxDiff is 1.750710687531409e-12
16.52504327826453 is modular for symClass H
maxDiff is 2.216893335571513e-12
13.23757546954411 is modular for symClass H
maxDiff is 7.363887277733738e-12
24.54208890403352 is modular for symClass H
maxDiff is 57.82656647699184
14.58804337563001 is NOT modular for symClass H
maxDiff is 18.47828645722113
20.98665064538316 is NOT modular for symClass H
maxDiff is 14.18472908498797
13.00221682840062 is NOT modular for symClass H
maxDiff is 10.05270462128452
19.65635735262696 is NOT modular for symClass H
maxDiff is 7.548704437495172
19.19205812549844 is NOT modular for symClass H
maxDiff is 9.871890433617581
12.14938249374905 is NOT modular for symClass H
maxDiff is 2.914779528850886e-12
17.27514606150105 is modular for symClass H
maxDiff is 4.386602192596456e-12
20.80672129123511 is modular for symClass H
maxDiff is 31.75434437159392
21.09611830431588 is NOT modular for symClass H
memory leak= { 141216 -287210 0 0 2987477 35828467 }
